ก๊าซที่ห่อหุ้มโลกนับเป็นบรรยากาศของโลก ก๊าซที่ห่อหุ้มดวงอาทิตย์ อยู่ในระดับที่เราอาจสำรวจได้ โดยอุปกรณ์ก็เรียกได้ว่าเป็นบรรยากาศของดวงอาทิตย์ เพื่อความเข้าใจในขั้นต้น เราอาจแบ่งบรรยากาศของดวงอาทิตย์ออกได้
โฟโตสเฟียร์ (Photosphere) เป็นก๊าซห่อหุ้มดวงอาทิตย์นับตั้งแต่ระดับพื้นผิว ลึก ลงไปภายในดวงอาทิตย์จนถึงความลึกประมาณ ๒๕๐ กิโลเมตร
โครโมสเฟียร์ (Chromosphere) เป็นบรรยากาศของดวงอาทิตย์ในระดับเหนือโฟโตสเฟียร์ขึ้นมา
คอโรนา (Corona) เป็นสิ่งห่อหุ้มดวงอาทิตย์ อยู่ในระดับสูงจากลำก๊าซร้อนของโครโมสเฟียร์ขึ้นไป คอโรนานี้แผ่กระจายออกจากดวงอาทิตย์ ตรวจสอบได้ไกลถึงกว่าเจ็ดล้าน กิโลเมตรจากดวงอาทิตย์
======================
ก๊าซ NCMN
ที่ PREL
ห่อหุ้ม VSTA
โลก NCMN
นับ VACT
เป็น VSTA
บรรยากาศ NCMN
ของ RPRE
โลก NCMN
  NSBS
ก๊าซ NCMN
ที่ PREL
ห่อหุ้ม VSTA
ดวงอาทิตย์ NPRP
  NSBS
อยู่ XVAE
ใน RPRE
ระดับ NCMN
ที่ PREL
เรา PPRS
อาจ XVMM
สำรวจ VACT
ได้ XVAE
  NSBS
โดย JSBR
อุปกรณ์ NCMN
ก็ JSBR
เรียก VACT
ได้ XVAE
ว่า JSBR
เป็น VSTA
บรรยากาศ NCMN
ของ RPRE
ดวงอาทิตย์ NPRP
  NSBS
เพื่อ JSBR
ความเข้าใจ NCMN
ในขั้นต้น NPRP
  NSBS
เรา PPRS
อาจ XVMM
แบ่ง VACT
บรรยากาศ NCMN
ของ RPRE
ดวงอาทิตย์ NPRP
ออก XVAE
ได้ XVAE
--------

โฟ NCMN
โต VATT
สเฟียร์ NCMN
  NSBS
( PUNC
Photosphere NCMN
) PUNC
  NSBS
เป็น VSTA
ก๊าซ NCMN
ห่อหุ้ม VSTA
ดวงอาทิตย์ NPRP
นับตั้งแต่ JSBR
ระดับ NCMN
พื้นผิว NCMN
  NSBS
ลึก VATT
  NSBS
ลง XVAE
ไป XVAE
ภายใน RPRE
ดวงอาทิตย์ NPRP
จนถึง RPRE
ความลึก FIXN
ประมาณ DIBQ
  NSBS
๒๕๐ NCMN
  NSBS
กิโลเมตร CMTR
--------

โค NCMN
ร NCMN
โม NCMN
สเฟียร์ NCMN
  NSBS
( PUNC
Chromosphere NCMN
) PUNC
  NSBS
เป็น VSTA
บรรยากาศ NCMN
ของ RPRE
ดวงอาทิตย์ NPRP
ใน RPRE
ระดับ NCMN
เหนือ RPRE
โฟ NCMN
โต VATT
สเฟียร์ NCMN
ขึ้น XVAE
มา XVAE
--------

คอ NCMN
โร NCMN
นา NCMN
  NSBS
( PUNC
Corona NCMN
) PUNC
  NSBS
เป็น VSTA
สิ่ง NCMN
ห่อหุ้ม VSTA
ดวงอาทิตย์ NPRP
  NSBS
อยู่ XVAE
ใน RPRE
ระดับสูง NCMN
จาก RPRE
ลำ NCMN
ก๊าซ NCMN
ร้อน VATT
ของ RPRE
โค NCMN
ร NCMN
โม NCMN
สเฟียร์ NCMN
ขึ้นไป DIAQ
  NSBS
คอ NCMN
โร NCMN
นา NCMN
นี้ DDAC
แผ่ VACT
กระจาย VACT
ออกจาก VACT
ดวงอาทิตย์ NPRP
  NSBS
ตรวจสอบ VACT
ได้ XVAE
ไกล ADVN
ถึง RPRE
กว่า JCMP
เจ็ด NCMN
ล้าน DCNM
  NSBS
กิโลเมตร CMTR
จาก RPRE
ดวงอาทิตย์ NPRP
--------

