ดังได้กล่าวแล้วว่า  ________ เป็นก้อนก๊าซ ดังนั้น การกล่าวถึง "พื้นผิว" จึงดูไม่มีความ หมายอย่างใด
( ดวงอาทิตย์ )

ดังได้กล่าวแล้วว่า ดวงอาทิตย์เป็น ________ ก๊าซ ดังนั้น การกล่าวถึง "พื้นผิว" จึงดูไม่มีความ หมายอย่างใด
( ก้อน )

ดังได้กล่าวแล้วว่า ดวงอาทิตย์เป็นก้อน ________  ดังนั้น การกล่าวถึง "พื้นผิว" จึงดูไม่มีความ หมายอย่างใด
( ก๊าซ )

ดังได้กล่าวแล้วว่า ดวงอาทิตย์เป็นก้อนก๊าซ ดังนั้น  ________ ล่าวถึง "พื้นผิว" จึงดูไม่มีความ หมายอย่างใด
( การก )

ดังได้กล่าวแล้วว่า ดวงอาทิตย์เป็นก้อนก๊าซ ดังนั้น การก ________ วถึง "พื้นผิว" จึงดูไม่มีความ หมายอย่างใด
( ล่า )

ดังได้กล่าวแล้วว่า ดวงอาทิตย์เป็นก้อนก๊าซ ดังนั้น การกล่าวถึง " ________ " จึงดูไม่มีความ หมายอย่างใด
( พื้นผิว )

ดังได้กล่าวแล้วว่า ดวงอาทิตย์เป็นก้อนก๊าซ ดังนั้น การกล่าวถึง "พื้นผิว" จึงดูไม่มีความ  ________ อย่างใด
( หมาย )

ตาม ________  ถ้าเรามองดูขอบดวงอาทิตย์ ก็น่าจะได้เห็นขอบของมันเลือนลาง ไม่ชัดเจน แต่ความจริง ถ้าเราส่องดูดวงอาทิตย์ โดยกล้องโทรทรรศน์ ซึ่งมีอุปกรณ์กรองแสงและความร้อนจัด
( สามัญสำนึก )

ตามสามัญสำนึก ถ้าเรามองดู ________ ดวงอาทิตย์ ก็น่าจะได้เห็นขอบของมันเลือนลาง ไม่ชัดเจน แต่ความจริง ถ้าเราส่องดูดวงอาทิตย์ โดยกล้องโทรทรรศน์ ซึ่งมีอุปกรณ์กรองแสงและความร้อนจัด
( ขอบ )

ตามสามัญสำนึก ถ้าเรามองดูขอบ ________  ก็น่าจะได้เห็นขอบของมันเลือนลาง ไม่ชัดเจน แต่ความจริง ถ้าเราส่องดูดวงอาทิตย์ โดยกล้องโทรทรรศน์ ซึ่งมีอุปกรณ์กรองแสงและความร้อนจัด
( ดวงอาทิตย์ )

ตามสามัญสำนึก ถ้าเรามองดูขอบดวงอาทิตย์ ก็น่าจะได้เห็น ________ ของมันเลือนลาง ไม่ชัดเจน แต่ความจริง ถ้าเราส่องดูดวงอาทิตย์ โดยกล้องโทรทรรศน์ ซึ่งมีอุปกรณ์กรองแสงและความร้อนจัด
( ขอบ )

ตามสามัญสำนึก ถ้าเรามองดูขอบดวงอาทิตย์ ก็น่าจะได้เห็นขอบของมันเลือนลาง ไม่ชัดเจน แต่ความจริง ถ้าเราส่อง ________ อาทิตย์ โดยกล้องโทรทรรศน์ ซึ่งมีอุปกรณ์กรองแสงและความร้อนจัด
( ดูดวง )

ตามสามัญสำนึก ถ้าเรามองดูขอบดวงอาทิตย์ ก็น่าจะได้เห็นขอบของมันเลือนลาง ไม่ชัดเจน แต่ความจริง ถ้าเราส่องดูดวง ________  โดยกล้องโทรทรรศน์ ซึ่งมีอุปกรณ์กรองแสงและความร้อนจัด
( อาทิตย์ )

ตามสามัญสำนึก ถ้าเรามองดูขอบดวงอาทิตย์ ก็น่าจะได้เห็นขอบของมันเลือนลาง ไม่ชัดเจน แต่ความจริง ถ้าเราส่องดูดวงอาทิตย์ โดย ________  ซึ่งมีอุปกรณ์กรองแสงและความร้อนจัด
( กล้องโทรทรรศน์ )

ตามสามัญสำนึก ถ้าเรามองดูขอบดวงอาทิตย์ ก็น่าจะได้เห็นขอบของมันเลือนลาง ไม่ชัดเจน แต่ความจริง ถ้าเราส่องดูดวงอาทิตย์ โดยกล้องโทรทรรศน์ ซึ่งมี ________ กรองแสงและความร้อนจัด
( อุปกรณ์ )

ตามสามัญสำนึก ถ้าเรามองดูขอบดวงอาทิตย์ ก็น่าจะได้เห็นขอบของมันเลือนลาง ไม่ชัดเจน แต่ความจริง ถ้าเราส่องดูดวงอาทิตย์ โดยกล้องโทรทรรศน์ ซึ่งมีอุปกรณ์กรอง ________ และความร้อนจัด
( แสง )

ป้องกัน ________ แก่ดวงตา จะเห็นว่า ขอบของดวงอาทิตย์นับว่า คมพอใช้ ข้อนี้อาจทำให้เกิดความสนเท่ห์ว่า เหตุใดก้อนก๊าซนี้ จึงมีขอบคมชัดเจน
( อันตราย )

ป้องกันอันตรายแก่ ________  จะเห็นว่า ขอบของดวงอาทิตย์นับว่า คมพอใช้ ข้อนี้อาจทำให้เกิดความสนเท่ห์ว่า เหตุใดก้อนก๊าซนี้ จึงมีขอบคมชัดเจน
( ดวงตา )

ป้องกันอันตรายแก่ดวงตา จะเห็นว่า  ________ ของดวงอาทิตย์นับว่า คมพอใช้ ข้อนี้อาจทำให้เกิดความสนเท่ห์ว่า เหตุใดก้อนก๊าซนี้ จึงมีขอบคมชัดเจน
( ขอบ )

ป้องกันอันตรายแก่ดวงตา จะเห็นว่า ขอบของ ________ นับว่า คมพอใช้ ข้อนี้อาจทำให้เกิดความสนเท่ห์ว่า เหตุใดก้อนก๊าซนี้ จึงมีขอบคมชัดเจน
( ดวงอาทิตย์ )

ป้องกันอันตรายแก่ดวงตา จะเห็นว่า ขอบของดวงอาทิตย์นับว่า  ________ พอใช้ ข้อนี้อาจทำให้เกิดความสนเท่ห์ว่า เหตุใดก้อนก๊าซนี้ จึงมีขอบคมชัดเจน
( คม )

ป้องกันอันตรายแก่ดวงตา จะเห็นว่า ขอบของดวงอาทิตย์นับว่า คมพอใช้ ข้อนี้อาจทำให้เกิดความสนเท่ห์ว่า เหตุใด ________ ก๊าซนี้ จึงมีขอบคมชัดเจน
( ก้อน )

ป้องกันอันตรายแก่ดวงตา จะเห็นว่า ขอบของดวงอาทิตย์นับว่า คมพอใช้ ข้อนี้อาจทำให้เกิดความสนเท่ห์ว่า เหตุใดก้อน ________ นี้ จึงมีขอบคมชัดเจน
( ก๊าซ )

ป้องกันอันตรายแก่ดวงตา จะเห็นว่า ขอบของดวงอาทิตย์นับว่า คมพอใช้ ข้อนี้อาจทำให้เกิดความสนเท่ห์ว่า เหตุใดก้อนก๊าซนี้ จึงมี ________ คมชัดเจน
( ขอบ )

เมื่อนัก ________  ได้นำหลักเกณฑ์ทางฟิสิกส์เกี่ยวกับการทับถมกันหนาแน่นของก๊าซ และเกี่ยวกับการแผ่รังสีของก๊าซร้อนมาใช้คำนวณทดสอบดูแล้ว
( ดาราศาสตร์ )

เมื่อนักดาราศาสตร์ ได้นำหลักเกณฑ์ทาง ________ เกี่ยวกับการทับถมกันหนาแน่นของก๊าซ และเกี่ยวกับการแผ่รังสีของก๊าซร้อนมาใช้คำนวณทดสอบดูแล้ว
( ฟิสิกส์ )

เมื่อนักดาราศาสตร์ ได้นำหลักเกณฑ์ทางฟิสิกส์เกี่ยวกับการทับถมกันหนาแน่นของ ________  และเกี่ยวกับการแผ่รังสีของก๊าซร้อนมาใช้คำนวณทดสอบดูแล้ว
( ก๊าซ )

เมื่อนักดาราศาสตร์ ได้นำหลักเกณฑ์ทางฟิสิกส์เกี่ยวกับการทับถมกันหนาแน่นของก๊าซ และเกี่ยวกับ ________ ของก๊าซร้อนมาใช้คำนวณทดสอบดูแล้ว
( การแผ่รังสี )

เมื่อนักดาราศาสตร์ ได้นำหลักเกณฑ์ทางฟิสิกส์เกี่ยวกับการทับถมกันหนาแน่นของก๊าซ และเกี่ยวกับการแผ่รังสีของ ________ ร้อนมาใช้คำนวณทดสอบดูแล้ว
( ก๊าซ )

พบว่า ที่ ________ ของก้อนก๊าซ (คือดวงอาทิตย์) นี้ ความเข้มของ รังสีที่แผ่กระจายออกมาจะเพิ่มขึ้นอย่างรวดเร็ว
( ขอบ )

พบว่า ที่ขอบของ ________ ก๊าซ (คือดวงอาทิตย์) นี้ ความเข้มของ รังสีที่แผ่กระจายออกมาจะเพิ่มขึ้นอย่างรวดเร็ว
( ก้อน )

พบว่า ที่ขอบของก้อน ________  (คือดวงอาทิตย์) นี้ ความเข้มของ รังสีที่แผ่กระจายออกมาจะเพิ่มขึ้นอย่างรวดเร็ว
( ก๊าซ )

พบว่า ที่ขอบของก้อนก๊าซ (คือ ________ ) นี้ ความเข้มของ รังสีที่แผ่กระจายออกมาจะเพิ่มขึ้นอย่างรวดเร็ว
( ดวงอาทิตย์ )

พบว่า ที่ขอบของก้อนก๊าซ (คือดวงอาทิตย์) นี้ ความเข้มของ  ________ ที่แผ่กระจายออกมาจะเพิ่มขึ้นอย่างรวดเร็ว
( รังสี )

ใน ________ ระยะทางสั้นๆ ตามแนวเส้นรัศมีเข้าสู่ศูนย์ กลางของดวงอาทิตย์ระยะนี้สั้นมาก เมื่อเทียบกับรัศมีของดวงอาทิตย์เอง จนกระทั่งอุปกรณ์สามัญ ที่เราใช้สำรวจก็ส่องเห็นเป็นขอบสว่างซึ่งค่อนข้างคมได้
( ช่วง )

ในช่วง ________ สั้นๆ ตามแนวเส้นรัศมีเข้าสู่ศูนย์ กลางของดวงอาทิตย์ระยะนี้สั้นมาก เมื่อเทียบกับรัศมีของดวงอาทิตย์เอง จนกระทั่งอุปกรณ์สามัญ ที่เราใช้สำรวจก็ส่องเห็นเป็นขอบสว่างซึ่งค่อนข้างคมได้
( ระยะทาง )

ในช่วงระยะทางสั้นๆ ตาม ________ เส้นรัศมีเข้าสู่ศูนย์ กลางของดวงอาทิตย์ระยะนี้สั้นมาก เมื่อเทียบกับรัศมีของดวงอาทิตย์เอง จนกระทั่งอุปกรณ์สามัญ ที่เราใช้สำรวจก็ส่องเห็นเป็นขอบสว่างซึ่งค่อนข้างคมได้
( แนว )

ในช่วงระยะทางสั้นๆ ตามแนว ________ เข้าสู่ศูนย์ กลางของดวงอาทิตย์ระยะนี้สั้นมาก เมื่อเทียบกับรัศมีของดวงอาทิตย์เอง จนกระทั่งอุปกรณ์สามัญ ที่เราใช้สำรวจก็ส่องเห็นเป็นขอบสว่างซึ่งค่อนข้างคมได้
( เส้นรัศมี )

ในช่วงระยะทางสั้นๆ ตามแนวเส้นรัศมีเข้าสู่ ________  กลางของดวงอาทิตย์ระยะนี้สั้นมาก เมื่อเทียบกับรัศมีของดวงอาทิตย์เอง จนกระทั่งอุปกรณ์สามัญ ที่เราใช้สำรวจก็ส่องเห็นเป็นขอบสว่างซึ่งค่อนข้างคมได้
( ศูนย์ )

ในช่วงระยะทางสั้นๆ ตามแนวเส้นรัศมีเข้าสู่ศูนย์ กลางของ ________ ระยะนี้สั้นมาก เมื่อเทียบกับรัศมีของดวงอาทิตย์เอง จนกระทั่งอุปกรณ์สามัญ ที่เราใช้สำรวจก็ส่องเห็นเป็นขอบสว่างซึ่งค่อนข้างคมได้
( ดวงอาทิตย์ )

ในช่วงระยะทางสั้นๆ ตามแนวเส้นรัศมีเข้าสู่ศูนย์ กลางของดวงอาทิตย์ระยะนี้สั้นมาก เมื่อเทียบกับ ________ ของดวงอาทิตย์เอง จนกระทั่งอุปกรณ์สามัญ ที่เราใช้สำรวจก็ส่องเห็นเป็นขอบสว่างซึ่งค่อนข้างคมได้
( รัศมี )

ในช่วงระยะทางสั้นๆ ตามแนวเส้นรัศมีเข้าสู่ศูนย์ กลางของดวงอาทิตย์ระยะนี้สั้นมาก เมื่อเทียบกับรัศมีของ ________ เอง จนกระทั่งอุปกรณ์สามัญ ที่เราใช้สำรวจก็ส่องเห็นเป็นขอบสว่างซึ่งค่อนข้างคมได้
( ดวงอาทิตย์ )

ในช่วงระยะทางสั้นๆ ตามแนวเส้นรัศมีเข้าสู่ศูนย์ กลางของดวงอาทิตย์ระยะนี้สั้นมาก เมื่อเทียบกับรัศมีของดวงอาทิตย์เอง จนกระทั่ง ________ สามัญ ที่เราใช้สำรวจก็ส่องเห็นเป็นขอบสว่างซึ่งค่อนข้างคมได้
( อุปกรณ์ )

ในช่วงระยะทางสั้นๆ ตามแนวเส้นรัศมีเข้าสู่ศูนย์ กลางของดวงอาทิตย์ระยะนี้สั้นมาก เมื่อเทียบกับรัศมีของดวงอาทิตย์เอง จนกระทั่งอุปกรณ์ ________  ที่เราใช้สำรวจก็ส่องเห็นเป็นขอบสว่างซึ่งค่อนข้างคมได้
( สามัญ )

ในช่วงระยะทางสั้นๆ ตามแนวเส้นรัศมีเข้าสู่ศูนย์ กลางของดวงอาทิตย์ระยะนี้สั้นมาก เมื่อเทียบกับรัศมีของดวงอาทิตย์เอง จนกระทั่งอุปกรณ์สามัญ ที่เราใช้สำรวจก็ส่องเห็นเป็น ________ สว่างซึ่งค่อนข้างคมได้
( ขอบ )

เราอาจพิจารณา ________ ของดวงอาทิตย์ ที่สำรวจได้ในแสงสว่างธรรมดานี้ให้ละเอียดถี่ถ้วนขึ้น
( ขอบ )

เราอาจพิจารณาขอบของ ________  ที่สำรวจได้ในแสงสว่างธรรมดานี้ให้ละเอียดถี่ถ้วนขึ้น
( ดวงอาทิตย์ )

เราอาจพิจารณาขอบของดวงอาทิตย์ ที่สำรวจได้ใน ________ ธรรมดานี้ให้ละเอียดถี่ถ้วนขึ้น
( แสงสว่าง )

อีกเล็กน้อย ถ้าเรามองตาม ________ ที่ผ่านขอบดวงอาทิตย์เหนือขอบดวงเล็กน้อย
( แนว )

อีกเล็กน้อย ถ้าเรามองตามแนวที่ผ่าน ________ ดวงอาทิตย์เหนือขอบดวงเล็กน้อย
( ขอบ )

อีกเล็กน้อย ถ้าเรามองตามแนวที่ผ่านขอบ ________ เหนือขอบดวงเล็กน้อย
( ดวงอาทิตย์ )

อีกเล็กน้อย ถ้าเรามองตามแนวที่ผ่านขอบดวงอาทิตย์เหนือ ________ ดวงเล็กน้อย
( ขอบ )

เราอาจจะมองเห็น ของ ________ ไกลจากดวงอาทิตย์ออกไปได้ เพราะว่าก๊าซของดวงอาทิตย์ยังไม่ทึบบังเสียหมด ต่อเมื่อ เราค่อยเลื่อนแนวเล็งนั้น ใกล้ขอบดวงอาทิตย์มากเข้า ก๊าซของดวงอาทิตย์จะบังแนวเล็งยิ่งขึ้น
( ที่อยู่ )

เราอาจจะมองเห็น ของที่อยู่ไกลจาก ________ ออกไปได้ เพราะว่าก๊าซของดวงอาทิตย์ยังไม่ทึบบังเสียหมด ต่อเมื่อ เราค่อยเลื่อนแนวเล็งนั้น ใกล้ขอบดวงอาทิตย์มากเข้า ก๊าซของดวงอาทิตย์จะบังแนวเล็งยิ่งขึ้น
( ดวงอาทิตย์ )

เราอาจจะมองเห็น ของที่อยู่ไกลจากดวงอาทิตย์ออกไปได้ เพราะว่า ________ ของดวงอาทิตย์ยังไม่ทึบบังเสียหมด ต่อเมื่อ เราค่อยเลื่อนแนวเล็งนั้น ใกล้ขอบดวงอาทิตย์มากเข้า ก๊าซของดวงอาทิตย์จะบังแนวเล็งยิ่งขึ้น
( ก๊าซ )

เราอาจจะมองเห็น ของที่อยู่ไกลจากดวงอาทิตย์ออกไปได้ เพราะว่าก๊าซของ ________ ยังไม่ทึบบังเสียหมด ต่อเมื่อ เราค่อยเลื่อนแนวเล็งนั้น ใกล้ขอบดวงอาทิตย์มากเข้า ก๊าซของดวงอาทิตย์จะบังแนวเล็งยิ่งขึ้น
( ดวงอาทิตย์ )

เราอาจจะมองเห็น ของที่อยู่ไกลจากดวงอาทิตย์ออกไปได้ เพราะว่าก๊าซของดวงอาทิตย์ยังไม่ทึบบังเสียหมด ต่อเมื่อ เราค่อยเลื่อน ________ เล็งนั้น ใกล้ขอบดวงอาทิตย์มากเข้า ก๊าซของดวงอาทิตย์จะบังแนวเล็งยิ่งขึ้น
( แนว )

เราอาจจะมองเห็น ของที่อยู่ไกลจากดวงอาทิตย์ออกไปได้ เพราะว่าก๊าซของดวงอาทิตย์ยังไม่ทึบบังเสียหมด ต่อเมื่อ เราค่อยเลื่อนแนว ________ นั้น ใกล้ขอบดวงอาทิตย์มากเข้า ก๊าซของดวงอาทิตย์จะบังแนวเล็งยิ่งขึ้น
( เล็ง )

เราอาจจะมองเห็น ของที่อยู่ไกลจากดวงอาทิตย์ออกไปได้ เพราะว่าก๊าซของดวงอาทิตย์ยังไม่ทึบบังเสียหมด ต่อเมื่อ เราค่อยเลื่อนแนวเล็งนั้น ใกล้ ________ ดวงอาทิตย์มากเข้า ก๊าซของดวงอาทิตย์จะบังแนวเล็งยิ่งขึ้น
( ขอบ )

เราอาจจะมองเห็น ของที่อยู่ไกลจากดวงอาทิตย์ออกไปได้ เพราะว่าก๊าซของดวงอาทิตย์ยังไม่ทึบบังเสียหมด ต่อเมื่อ เราค่อยเลื่อนแนวเล็งนั้น ใกล้ขอบ ________ มากเข้า ก๊าซของดวงอาทิตย์จะบังแนวเล็งยิ่งขึ้น
( ดวงอาทิตย์ )

เราอาจจะมองเห็น ของที่อยู่ไกลจากดวงอาทิตย์ออกไปได้ เพราะว่าก๊าซของดวงอาทิตย์ยังไม่ทึบบังเสียหมด ต่อเมื่อ เราค่อยเลื่อนแนวเล็งนั้น ใกล้ขอบดวงอาทิตย์มากเข้า  ________ ของดวงอาทิตย์จะบังแนวเล็งยิ่งขึ้น
( ก๊าซ )

เราอาจจะมองเห็น ของที่อยู่ไกลจากดวงอาทิตย์ออกไปได้ เพราะว่าก๊าซของดวงอาทิตย์ยังไม่ทึบบังเสียหมด ต่อเมื่อ เราค่อยเลื่อนแนวเล็งนั้น ใกล้ขอบดวงอาทิตย์มากเข้า ก๊าซของ ________ จะบังแนวเล็งยิ่งขึ้น
( ดวงอาทิตย์ )

เราอาจจะมองเห็น ของที่อยู่ไกลจากดวงอาทิตย์ออกไปได้ เพราะว่าก๊าซของดวงอาทิตย์ยังไม่ทึบบังเสียหมด ต่อเมื่อ เราค่อยเลื่อนแนวเล็งนั้น ใกล้ขอบดวงอาทิตย์มากเข้า ก๊าซของดวงอาทิตย์จะบัง ________ เล็งยิ่งขึ้น
( แนว )

เราอาจจะมองเห็น ของที่อยู่ไกลจากดวงอาทิตย์ออกไปได้ เพราะว่าก๊าซของดวงอาทิตย์ยังไม่ทึบบังเสียหมด ต่อเมื่อ เราค่อยเลื่อนแนวเล็งนั้น ใกล้ขอบดวงอาทิตย์มากเข้า ก๊าซของดวงอาทิตย์จะบังแนว ________ ยิ่งขึ้น
( เล็ง )

ใน ที่สุดเมื่อเลื่อนเข้า ________ ดวงอาทิตย์ถึงระดับหนึ่ง แสงสว่างจากวัตถุที่อยู่ข้างหลังดวงอาทิตย์ จะผ่าน มาไม่ได้เลย เพราะก๊าซของดวงอาทิตย์ทึบบังหมดพอดี
( ชิด )

ใน ที่สุดเมื่อเลื่อนเข้าชิด ________ ถึงระดับหนึ่ง แสงสว่างจากวัตถุที่อยู่ข้างหลังดวงอาทิตย์ จะผ่าน มาไม่ได้เลย เพราะก๊าซของดวงอาทิตย์ทึบบังหมดพอดี
( ดวงอาทิตย์ )

ใน ที่สุดเมื่อเลื่อนเข้าชิดดวงอาทิตย์ถึง ________ หนึ่ง แสงสว่างจากวัตถุที่อยู่ข้างหลังดวงอาทิตย์ จะผ่าน มาไม่ได้เลย เพราะก๊าซของดวงอาทิตย์ทึบบังหมดพอดี
( ระดับ )

ใน ที่สุดเมื่อเลื่อนเข้าชิดดวงอาทิตย์ถึงระดับหนึ่ง  ________ จากวัตถุที่อยู่ข้างหลังดวงอาทิตย์ จะผ่าน มาไม่ได้เลย เพราะก๊าซของดวงอาทิตย์ทึบบังหมดพอดี
( แสงสว่าง )

ใน ที่สุดเมื่อเลื่อนเข้าชิดดวงอาทิตย์ถึงระดับหนึ่ง แสงสว่างจาก ________ ที่อยู่ข้างหลังดวงอาทิตย์ จะผ่าน มาไม่ได้เลย เพราะก๊าซของดวงอาทิตย์ทึบบังหมดพอดี
( วัตถุ )

ใน ที่สุดเมื่อเลื่อนเข้าชิดดวงอาทิตย์ถึงระดับหนึ่ง แสงสว่างจากวัตถุ ________ ข้างหลังดวงอาทิตย์ จะผ่าน มาไม่ได้เลย เพราะก๊าซของดวงอาทิตย์ทึบบังหมดพอดี
( ที่อยู่ )

ใน ที่สุดเมื่อเลื่อนเข้าชิดดวงอาทิตย์ถึงระดับหนึ่ง แสงสว่างจากวัตถุที่อยู่ข้างหลัง ________  จะผ่าน มาไม่ได้เลย เพราะก๊าซของดวงอาทิตย์ทึบบังหมดพอดี
( ดวงอาทิตย์ )

ใน ที่สุดเมื่อเลื่อนเข้าชิดดวงอาทิตย์ถึงระดับหนึ่ง แสงสว่างจากวัตถุที่อยู่ข้างหลังดวงอาทิตย์ จะผ่าน มาไม่ได้เลย เพราะ ________ ของดวงอาทิตย์ทึบบังหมดพอดี
( ก๊าซ )

ใน ที่สุดเมื่อเลื่อนเข้าชิดดวงอาทิตย์ถึงระดับหนึ่ง แสงสว่างจากวัตถุที่อยู่ข้างหลังดวงอาทิตย์ จะผ่าน มาไม่ได้เลย เพราะก๊าซของ ________ ทึบบังหมดพอดี
( ดวงอาทิตย์ )

ในกรณีนี้ ________ ที่มาเข้าตาหรืออุปกรณ์ ของเรา มาจากก๊าซในบรรยากาศของดวงอาทิตย์ทั้งหมด ที่ระดับนี้เอง
( แสงสว่าง )

ในกรณีนี้แสงสว่าง ________ เข้าตาหรืออุปกรณ์ ของเรา มาจากก๊าซในบรรยากาศของดวงอาทิตย์ทั้งหมด ที่ระดับนี้เอง
( ที่มา )

ในกรณีนี้แสงสว่างที่มา ________ หรืออุปกรณ์ ของเรา มาจากก๊าซในบรรยากาศของดวงอาทิตย์ทั้งหมด ที่ระดับนี้เอง
( เข้าตา )

ในกรณีนี้แสงสว่างที่มาเข้าตาหรือ ________  ของเรา มาจากก๊าซในบรรยากาศของดวงอาทิตย์ทั้งหมด ที่ระดับนี้เอง
( อุปกรณ์ )

ในกรณีนี้แสงสว่างที่มาเข้าตาหรืออุปกรณ์ ของเรา มาจาก ________ ในบรรยากาศของดวงอาทิตย์ทั้งหมด ที่ระดับนี้เอง
( ก๊าซ )

ในกรณีนี้แสงสว่างที่มาเข้าตาหรืออุปกรณ์ ของเรา มาจากก๊าซใน ________ ของดวงอาทิตย์ทั้งหมด ที่ระดับนี้เอง
( บรรยากาศ )

ในกรณีนี้แสงสว่างที่มาเข้าตาหรืออุปกรณ์ ของเรา มาจากก๊าซในบรรยากาศของ ________ ทั้งหมด ที่ระดับนี้เอง
( ดวงอาทิตย์ )

ในกรณีนี้แสงสว่างที่มาเข้าตาหรืออุปกรณ์ ของเรา มาจากก๊าซในบรรยากาศของดวงอาทิตย์ทั้งหมด ที่ ________ นี้เอง
( ระดับ )

เราเห็น ________ คมของดวง อาทิตย์
( ขอบ )

เราเห็นขอบคมของ ________  อาทิตย์
( ดวง )

เราเห็นขอบคมของดวง  ________ 
( อาทิตย์ )

 ________ ดาราศาสตร์ได้กำหนดใช้ระดับนี้เป็นระดับ "พื้นผิว" ของดวงอาทิตย์ เพื่อความสะดวก ในการกล่าวถึงสภาพของก๊าซ ในระดับต่างๆ ที่สูงขึ้นมา หรือที่ลึกลงไปภายในดวงอาทิตย์
( นัก )

นัก ________ ได้กำหนดใช้ระดับนี้เป็นระดับ "พื้นผิว" ของดวงอาทิตย์ เพื่อความสะดวก ในการกล่าวถึงสภาพของก๊าซ ในระดับต่างๆ ที่สูงขึ้นมา หรือที่ลึกลงไปภายในดวงอาทิตย์
( ดาราศาสตร์ )

นักดาราศาสตร์ได้กำหนดใช้ ________ นี้เป็นระดับ "พื้นผิว" ของดวงอาทิตย์ เพื่อความสะดวก ในการกล่าวถึงสภาพของก๊าซ ในระดับต่างๆ ที่สูงขึ้นมา หรือที่ลึกลงไปภายในดวงอาทิตย์
( ระดับ )

นักดาราศาสตร์ได้กำหนดใช้ระดับนี้เป็น ________  "พื้นผิว" ของดวงอาทิตย์ เพื่อความสะดวก ในการกล่าวถึงสภาพของก๊าซ ในระดับต่างๆ ที่สูงขึ้นมา หรือที่ลึกลงไปภายในดวงอาทิตย์
( ระดับ )

นักดาราศาสตร์ได้กำหนดใช้ระดับนี้เป็นระดับ " ________ " ของดวงอาทิตย์ เพื่อความสะดวก ในการกล่าวถึงสภาพของก๊าซ ในระดับต่างๆ ที่สูงขึ้นมา หรือที่ลึกลงไปภายในดวงอาทิตย์
( พื้นผิว )

นักดาราศาสตร์ได้กำหนดใช้ระดับนี้เป็นระดับ "พื้นผิว" ของ ________  เพื่อความสะดวก ในการกล่าวถึงสภาพของก๊าซ ในระดับต่างๆ ที่สูงขึ้นมา หรือที่ลึกลงไปภายในดวงอาทิตย์
( ดวงอาทิตย์ )

นักดาราศาสตร์ได้กำหนดใช้ระดับนี้เป็นระดับ "พื้นผิว" ของดวงอาทิตย์ เพื่อ ________  ในการกล่าวถึงสภาพของก๊าซ ในระดับต่างๆ ที่สูงขึ้นมา หรือที่ลึกลงไปภายในดวงอาทิตย์
( ความสะดวก )

นักดาราศาสตร์ได้กำหนดใช้ระดับนี้เป็นระดับ "พื้นผิว" ของดวงอาทิตย์ เพื่อความสะดวก ใน ________ ล่าวถึงสภาพของก๊าซ ในระดับต่างๆ ที่สูงขึ้นมา หรือที่ลึกลงไปภายในดวงอาทิตย์
( การก )

นักดาราศาสตร์ได้กำหนดใช้ระดับนี้เป็นระดับ "พื้นผิว" ของดวงอาทิตย์ เพื่อความสะดวก ในการก ________ วถึงสภาพของก๊าซ ในระดับต่างๆ ที่สูงขึ้นมา หรือที่ลึกลงไปภายในดวงอาทิตย์
( ล่า )

นักดาราศาสตร์ได้กำหนดใช้ระดับนี้เป็นระดับ "พื้นผิว" ของดวงอาทิตย์ เพื่อความสะดวก ในการกล่าวถึง ________ ของก๊าซ ในระดับต่างๆ ที่สูงขึ้นมา หรือที่ลึกลงไปภายในดวงอาทิตย์
( สภาพ )

นักดาราศาสตร์ได้กำหนดใช้ระดับนี้เป็นระดับ "พื้นผิว" ของดวงอาทิตย์ เพื่อความสะดวก ในการกล่าวถึงสภาพของ ________  ในระดับต่างๆ ที่สูงขึ้นมา หรือที่ลึกลงไปภายในดวงอาทิตย์
( ก๊าซ )

นักดาราศาสตร์ได้กำหนดใช้ระดับนี้เป็นระดับ "พื้นผิว" ของดวงอาทิตย์ เพื่อความสะดวก ในการกล่าวถึงสภาพของก๊าซ ใน ________ ต่างๆ ที่สูงขึ้นมา หรือที่ลึกลงไปภายในดวงอาทิตย์
( ระดับ )

นักดาราศาสตร์ได้กำหนดใช้ระดับนี้เป็นระดับ "พื้นผิว" ของดวงอาทิตย์ เพื่อความสะดวก ในการกล่าวถึงสภาพของก๊าซ ในระดับต่างๆ ที่สูงขึ้นมา หรือที่ลึกลงไปภายใน ________ 
( ดวงอาทิตย์ )

 ________ ในหน้านี้แสดงการเห็นขอบคมของดวงอาทิตย์ และระดับลึกลงไปในบรรยากาศ ของดวงอาทิตย์
( แผนภาพ )

แผนภาพใน ________ นี้แสดงการเห็นขอบคมของดวงอาทิตย์ และระดับลึกลงไปในบรรยากาศ ของดวงอาทิตย์
( หน้า )

แผนภาพในหน้านี้แสดงการเห็น ________ คมของดวงอาทิตย์ และระดับลึกลงไปในบรรยากาศ ของดวงอาทิตย์
( ขอบ )

แผนภาพในหน้านี้แสดงการเห็นขอบคมของ ________  และระดับลึกลงไปในบรรยากาศ ของดวงอาทิตย์
( ดวงอาทิตย์ )

แผนภาพในหน้านี้แสดงการเห็นขอบคมของดวงอาทิตย์ และ ________ ลึกลงไปในบรรยากาศ ของดวงอาทิตย์
( ระดับ )

แผนภาพในหน้านี้แสดงการเห็นขอบคมของดวงอาทิตย์ และระดับลึกลงไปใน ________  ของดวงอาทิตย์
( บรรยากาศ )

แผนภาพในหน้านี้แสดงการเห็นขอบคมของดวงอาทิตย์ และระดับลึกลงไปในบรรยากาศ ของ ________ 
( ดวงอาทิตย์ )

อาจมองเห็นลงไปได้ตาม ________ ต่างๆ บนตัวดวง ตามหลักความสัมพันธ์ของ ความลึกและความทึบต่อรังสีของก๊าซในบรรยากาศของดวงอาทิตย์
( ตำแหน่ง )

อาจมองเห็นลงไปได้ตามตำแหน่งต่างๆ บน ________ ดวง ตามหลักความสัมพันธ์ของ ความลึกและความทึบต่อรังสีของก๊าซในบรรยากาศของดวงอาทิตย์
( ตัว )

อาจมองเห็นลงไปได้ตามตำแหน่งต่างๆ บนตัวดวง ตาม ________ ความสัมพันธ์ของ ความลึกและความทึบต่อรังสีของก๊าซในบรรยากาศของดวงอาทิตย์
( หลัก )

อาจมองเห็นลงไปได้ตามตำแหน่งต่างๆ บนตัวดวง ตามหลัก ________ ของ ความลึกและความทึบต่อรังสีของก๊าซในบรรยากาศของดวงอาทิตย์
( ความสัมพันธ์ )

อาจมองเห็นลงไปได้ตามตำแหน่งต่างๆ บนตัวดวง ตามหลักความสัมพันธ์ของ ความลึกและความทึบต่อ ________ ของก๊าซในบรรยากาศของดวงอาทิตย์
( รังสี )

อาจมองเห็นลงไปได้ตามตำแหน่งต่างๆ บนตัวดวง ตามหลักความสัมพันธ์ของ ความลึกและความทึบต่อรังสีของ ________ ในบรรยากาศของดวงอาทิตย์
( ก๊าซ )

อาจมองเห็นลงไปได้ตามตำแหน่งต่างๆ บนตัวดวง ตามหลักความสัมพันธ์ของ ความลึกและความทึบต่อรังสีของก๊าซใน ________ ของดวงอาทิตย์
( บรรยากาศ )

อาจมองเห็นลงไปได้ตามตำแหน่งต่างๆ บนตัวดวง ตามหลักความสัมพันธ์ของ ความลึกและความทึบต่อรังสีของก๊าซในบรรยากาศของ ________ 
( ดวงอาทิตย์ )

