ดังได้กล่าวแล้วว่า  ________ เป็นก้อนก๊าซ ดังนั้น การกล่าวถึง "พื้นผิว" จึงดูไม่มีความ หมายอย่างใด
ดวงอาทิตย์
3.05859168638
ดังได้กล่าวแล้วว่า ดวงอาทิตย์เป็น ________ ก๊าซ ดังนั้น การกล่าวถึง "พื้นผิว" จึงดูไม่มีความ หมายอย่างใด
ก้อน
2.80714329603
ดังได้กล่าวแล้วว่า ดวงอาทิตย์เป็นก้อน ________  ดังนั้น การกล่าวถึง "พื้นผิว" จึงดูไม่มีความ หมายอย่างใด
ก๊าซ
2.87129792802
ดังได้กล่าวแล้วว่า ดวงอาทิตย์เป็นก้อนก๊าซ ดังนั้น  ________ ล่าวถึง "พื้นผิว" จึงดูไม่มีความ หมายอย่างใด
การก
2.62217335444
ดังได้กล่าวแล้วว่า ดวงอาทิตย์เป็นก้อนก๊าซ ดังนั้น การก ________ วถึง "พื้นผิว" จึงดูไม่มีความ หมายอย่างใด
ล่า
2.89350239143
ดังได้กล่าวแล้วว่า ดวงอาทิตย์เป็นก้อนก๊าซ ดังนั้น การกล่าวถึง " ________ " จึงดูไม่มีความ หมายอย่างใด
พื้นผิว
2.20565800069
ดังได้กล่าวแล้วว่า ดวงอาทิตย์เป็นก้อนก๊าซ ดังนั้น การกล่าวถึง "พื้นผิว" จึงดูไม่มีความ  ________ อย่างใด
หมาย
2.45632833729
ตาม ________  ถ้าเรามองดูขอบดวงอาทิตย์ ก็น่าจะได้เห็นขอบของมันเลือนลาง ไม่ชัดเจน แต่ความจริง ถ้าเราส่องดูดวงอาทิตย์ โดยกล้องโทรทรรศน์ ซึ่งมีอุปกรณ์กรองแสงและความร้อนจัด
สามัญสำนึก
0.737654705591
ตามสามัญสำนึก ถ้าเรามองดู ________ ดวงอาทิตย์ ก็น่าจะได้เห็นขอบของมันเลือนลาง ไม่ชัดเจน แต่ความจริง ถ้าเราส่องดูดวงอาทิตย์ โดยกล้องโทรทรรศน์ ซึ่งมีอุปกรณ์กรองแสงและความร้อนจัด
ขอบ
1.34228193043
ตามสามัญสำนึก ถ้าเรามองดูขอบ ________  ก็น่าจะได้เห็นขอบของมันเลือนลาง ไม่ชัดเจน แต่ความจริง ถ้าเราส่องดูดวงอาทิตย์ โดยกล้องโทรทรรศน์ ซึ่งมีอุปกรณ์กรองแสงและความร้อนจัด
ดวงอาทิตย์
1.78031974314
ตามสามัญสำนึก ถ้าเรามองดูขอบดวงอาทิตย์ ก็น่าจะได้เห็น ________ ของมันเลือนลาง ไม่ชัดเจน แต่ความจริง ถ้าเราส่องดูดวงอาทิตย์ โดยกล้องโทรทรรศน์ ซึ่งมีอุปกรณ์กรองแสงและความร้อนจัด
ขอบ
1.42172479983
ตามสามัญสำนึก ถ้าเรามองดูขอบดวงอาทิตย์ ก็น่าจะได้เห็นขอบของมันเลือนลาง ไม่ชัดเจน แต่ความจริง ถ้าเราส่อง ________ อาทิตย์ โดยกล้องโทรทรรศน์ ซึ่งมีอุปกรณ์กรองแสงและความร้อนจัด
ดูดวง
1.02496305571
ตามสามัญสำนึก ถ้าเรามองดูขอบดวงอาทิตย์ ก็น่าจะได้เห็นขอบของมันเลือนลาง ไม่ชัดเจน แต่ความจริง ถ้าเราส่องดูดวง ________  โดยกล้องโทรทรรศน์ ซึ่งมีอุปกรณ์กรองแสงและความร้อนจัด
อาทิตย์
1.13738537223
ตามสามัญสำนึก ถ้าเรามองดูขอบดวงอาทิตย์ ก็น่าจะได้เห็นขอบของมันเลือนลาง ไม่ชัดเจน แต่ความจริง ถ้าเราส่องดูดวงอาทิตย์ โดย ________  ซึ่งมีอุปกรณ์กรองแสงและความร้อนจัด
กล้องโทรทรรศน์
1.14015804157
ตามสามัญสำนึก ถ้าเรามองดูขอบดวงอาทิตย์ ก็น่าจะได้เห็นขอบของมันเลือนลาง ไม่ชัดเจน แต่ความจริง ถ้าเราส่องดูดวงอาทิตย์ โดยกล้องโทรทรรศน์ ซึ่งมี ________ กรองแสงและความร้อนจัด
อุปกรณ์
1.79611066779
ตามสามัญสำนึก ถ้าเรามองดูขอบดวงอาทิตย์ ก็น่าจะได้เห็นขอบของมันเลือนลาง ไม่ชัดเจน แต่ความจริง ถ้าเราส่องดูดวงอาทิตย์ โดยกล้องโทรทรรศน์ ซึ่งมีอุปกรณ์กรอง ________ และความร้อนจัด
แสง
0.621481426493
ป้องกัน ________ แก่ดวงตา จะเห็นว่า ขอบของดวงอาทิตย์นับว่า คมพอใช้ ข้อนี้อาจทำให้เกิดความสนเท่ห์ว่า เหตุใดก้อนก๊าซนี้ จึงมีขอบคมชัดเจน
อันตราย
2.10446735709
ป้องกันอันตรายแก่ ________  จะเห็นว่า ขอบของดวงอาทิตย์นับว่า คมพอใช้ ข้อนี้อาจทำให้เกิดความสนเท่ห์ว่า เหตุใดก้อนก๊าซนี้ จึงมีขอบคมชัดเจน
ดวงตา
1.73771613756
ป้องกันอันตรายแก่ดวงตา จะเห็นว่า  ________ ของดวงอาทิตย์นับว่า คมพอใช้ ข้อนี้อาจทำให้เกิดความสนเท่ห์ว่า เหตุใดก้อนก๊าซนี้ จึงมีขอบคมชัดเจน
ขอบ
2.05213547048
ป้องกันอันตรายแก่ดวงตา จะเห็นว่า ขอบของ ________ นับว่า คมพอใช้ ข้อนี้อาจทำให้เกิดความสนเท่ห์ว่า เหตุใดก้อนก๊าซนี้ จึงมีขอบคมชัดเจน
ดวงอาทิตย์
2.54834072122
ป้องกันอันตรายแก่ดวงตา จะเห็นว่า ขอบของดวงอาทิตย์นับว่า  ________ พอใช้ ข้อนี้อาจทำให้เกิดความสนเท่ห์ว่า เหตุใดก้อนก๊าซนี้ จึงมีขอบคมชัดเจน
คม
1.37498696049
ป้องกันอันตรายแก่ดวงตา จะเห็นว่า ขอบของดวงอาทิตย์นับว่า คมพอใช้ ข้อนี้อาจทำให้เกิดความสนเท่ห์ว่า เหตุใด ________ ก๊าซนี้ จึงมีขอบคมชัดเจน
ก้อน
1.90646130595
ป้องกันอันตรายแก่ดวงตา จะเห็นว่า ขอบของดวงอาทิตย์นับว่า คมพอใช้ ข้อนี้อาจทำให้เกิดความสนเท่ห์ว่า เหตุใดก้อน ________ นี้ จึงมีขอบคมชัดเจน
ก๊าซ
2.35371160366
ป้องกันอันตรายแก่ดวงตา จะเห็นว่า ขอบของดวงอาทิตย์นับว่า คมพอใช้ ข้อนี้อาจทำให้เกิดความสนเท่ห์ว่า เหตุใดก้อนก๊าซนี้ จึงมี ________ คมชัดเจน
ขอบ
1.56547214407
เมื่อนัก ________  ได้นำหลักเกณฑ์ทางฟิสิกส์เกี่ยวกับการทับถมกันหนาแน่นของก๊าซ และเกี่ยวกับการแผ่รังสีของก๊าซร้อนมาใช้คำนวณทดสอบดูแล้ว
ดาราศาสตร์
2.19443874579
เมื่อนักดาราศาสตร์ ได้นำหลักเกณฑ์ทาง ________ เกี่ยวกับการทับถมกันหนาแน่นของก๊าซ และเกี่ยวกับการแผ่รังสีของก๊าซร้อนมาใช้คำนวณทดสอบดูแล้ว
ฟิสิกส์
2.06318325378
เมื่อนักดาราศาสตร์ ได้นำหลักเกณฑ์ทางฟิสิกส์เกี่ยวกับการทับถมกันหนาแน่นของ ________  และเกี่ยวกับการแผ่รังสีของก๊าซร้อนมาใช้คำนวณทดสอบดูแล้ว
ก๊าซ
2.16561815438
เมื่อนักดาราศาสตร์ ได้นำหลักเกณฑ์ทางฟิสิกส์เกี่ยวกับการทับถมกันหนาแน่นของก๊าซ และเกี่ยวกับ ________ ของก๊าซร้อนมาใช้คำนวณทดสอบดูแล้ว
การแผ่รังสี
2.0582232963
เมื่อนักดาราศาสตร์ ได้นำหลักเกณฑ์ทางฟิสิกส์เกี่ยวกับการทับถมกันหนาแน่นของก๊าซ และเกี่ยวกับการแผ่รังสีของ ________ ร้อนมาใช้คำนวณทดสอบดูแล้ว
ก๊าซ
1.55391099688
พบว่า ที่ ________ ของก้อนก๊าซ (คือดวงอาทิตย์) นี้ ความเข้มของ รังสีที่แผ่กระจายออกมาจะเพิ่มขึ้นอย่างรวดเร็ว
ขอบ
3.62007866473
พบว่า ที่ขอบของ ________ ก๊าซ (คือดวงอาทิตย์) นี้ ความเข้มของ รังสีที่แผ่กระจายออกมาจะเพิ่มขึ้นอย่างรวดเร็ว
ก้อน
1.91649823617
พบว่า ที่ขอบของก้อน ________  (คือดวงอาทิตย์) นี้ ความเข้มของ รังสีที่แผ่กระจายออกมาจะเพิ่มขึ้นอย่างรวดเร็ว
ก๊าซ
2.06563426512
พบว่า ที่ขอบของก้อนก๊าซ (คือ ________ ) นี้ ความเข้มของ รังสีที่แผ่กระจายออกมาจะเพิ่มขึ้นอย่างรวดเร็ว
ดวงอาทิตย์
2.3852812788
พบว่า ที่ขอบของก้อนก๊าซ (คือดวงอาทิตย์) นี้ ความเข้มของ  ________ ที่แผ่กระจายออกมาจะเพิ่มขึ้นอย่างรวดเร็ว
รังสี
1.44507384104
ใน ________ ระยะทางสั้นๆ ตามแนวเส้นรัศมีเข้าสู่ศูนย์ กลางของดวงอาทิตย์ระยะนี้สั้นมาก เมื่อเทียบกับรัศมีของดวงอาทิตย์เอง จนกระทั่งอุปกรณ์สามัญ ที่เราใช้สำรวจก็ส่องเห็นเป็นขอบสว่างซึ่งค่อนข้างคมได้
ช่วง
0.0921169944719
ในช่วง ________ สั้นๆ ตามแนวเส้นรัศมีเข้าสู่ศูนย์ กลางของดวงอาทิตย์ระยะนี้สั้นมาก เมื่อเทียบกับรัศมีของดวงอาทิตย์เอง จนกระทั่งอุปกรณ์สามัญ ที่เราใช้สำรวจก็ส่องเห็นเป็นขอบสว่างซึ่งค่อนข้างคมได้
ระยะทาง
-0.550174996343
ในช่วงระยะทางสั้นๆ ตาม ________ เส้นรัศมีเข้าสู่ศูนย์ กลางของดวงอาทิตย์ระยะนี้สั้นมาก เมื่อเทียบกับรัศมีของดวงอาทิตย์เอง จนกระทั่งอุปกรณ์สามัญ ที่เราใช้สำรวจก็ส่องเห็นเป็นขอบสว่างซึ่งค่อนข้างคมได้
แนว
0.0970769519487
ในช่วงระยะทางสั้นๆ ตามแนว ________ เข้าสู่ศูนย์ กลางของดวงอาทิตย์ระยะนี้สั้นมาก เมื่อเทียบกับรัศมีของดวงอาทิตย์เอง จนกระทั่งอุปกรณ์สามัญ ที่เราใช้สำรวจก็ส่องเห็นเป็นขอบสว่างซึ่งค่อนข้างคมได้
เส้นรัศมี
0.30613909139
ในช่วงระยะทางสั้นๆ ตามแนวเส้นรัศมีเข้าสู่ ________  กลางของดวงอาทิตย์ระยะนี้สั้นมาก เมื่อเทียบกับรัศมีของดวงอาทิตย์เอง จนกระทั่งอุปกรณ์สามัญ ที่เราใช้สำรวจก็ส่องเห็นเป็นขอบสว่างซึ่งค่อนข้างคมได้
ศูนย์
0.0798324460139
ในช่วงระยะทางสั้นๆ ตามแนวเส้นรัศมีเข้าสู่ศูนย์ กลางของ ________ ระยะนี้สั้นมาก เมื่อเทียบกับรัศมีของดวงอาทิตย์เอง จนกระทั่งอุปกรณ์สามัญ ที่เราใช้สำรวจก็ส่องเห็นเป็นขอบสว่างซึ่งค่อนข้างคมได้
ดวงอาทิตย์
1.31340176547
ในช่วงระยะทางสั้นๆ ตามแนวเส้นรัศมีเข้าสู่ศูนย์ กลางของดวงอาทิตย์ระยะนี้สั้นมาก เมื่อเทียบกับ ________ ของดวงอาทิตย์เอง จนกระทั่งอุปกรณ์สามัญ ที่เราใช้สำรวจก็ส่องเห็นเป็นขอบสว่างซึ่งค่อนข้างคมได้
รัศมี
0.324439376247
ในช่วงระยะทางสั้นๆ ตามแนวเส้นรัศมีเข้าสู่ศูนย์ กลางของดวงอาทิตย์ระยะนี้สั้นมาก เมื่อเทียบกับรัศมีของ ________ เอง จนกระทั่งอุปกรณ์สามัญ ที่เราใช้สำรวจก็ส่องเห็นเป็นขอบสว่างซึ่งค่อนข้างคมได้
ดวงอาทิตย์
1.26503803573
ในช่วงระยะทางสั้นๆ ตามแนวเส้นรัศมีเข้าสู่ศูนย์ กลางของดวงอาทิตย์ระยะนี้สั้นมาก เมื่อเทียบกับรัศมีของดวงอาทิตย์เอง จนกระทั่ง ________ สามัญ ที่เราใช้สำรวจก็ส่องเห็นเป็นขอบสว่างซึ่งค่อนข้างคมได้
อุปกรณ์
0.492140351709
ในช่วงระยะทางสั้นๆ ตามแนวเส้นรัศมีเข้าสู่ศูนย์ กลางของดวงอาทิตย์ระยะนี้สั้นมาก เมื่อเทียบกับรัศมีของดวงอาทิตย์เอง จนกระทั่งอุปกรณ์ ________  ที่เราใช้สำรวจก็ส่องเห็นเป็นขอบสว่างซึ่งค่อนข้างคมได้
สามัญ
0.0739320548495
ในช่วงระยะทางสั้นๆ ตามแนวเส้นรัศมีเข้าสู่ศูนย์ กลางของดวงอาทิตย์ระยะนี้สั้นมาก เมื่อเทียบกับรัศมีของดวงอาทิตย์เอง จนกระทั่งอุปกรณ์สามัญ ที่เราใช้สำรวจก็ส่องเห็นเป็น ________ สว่างซึ่งค่อนข้างคมได้
ขอบ
-0.0899315687383
เราอาจพิจารณา ________ ของดวงอาทิตย์ ที่สำรวจได้ในแสงสว่างธรรมดานี้ให้ละเอียดถี่ถ้วนขึ้น
ขอบ
2.4511683435
เราอาจพิจารณาขอบของ ________  ที่สำรวจได้ในแสงสว่างธรรมดานี้ให้ละเอียดถี่ถ้วนขึ้น
ดวงอาทิตย์
2.78842070059
เราอาจพิจารณาขอบของดวงอาทิตย์ ที่สำรวจได้ใน ________ ธรรมดานี้ให้ละเอียดถี่ถ้วนขึ้น
แสงสว่าง
1.285549168
อีกเล็กน้อย ถ้าเรามองตาม ________ ที่ผ่านขอบดวงอาทิตย์เหนือขอบดวงเล็กน้อย
แนว
1.78241430785
อีกเล็กน้อย ถ้าเรามองตามแนวที่ผ่าน ________ ดวงอาทิตย์เหนือขอบดวงเล็กน้อย
ขอบ
2.27204675713
อีกเล็กน้อย ถ้าเรามองตามแนวที่ผ่านขอบ ________ เหนือขอบดวงเล็กน้อย
ดวงอาทิตย์
2.95717147882
อีกเล็กน้อย ถ้าเรามองตามแนวที่ผ่านขอบดวงอาทิตย์เหนือ ________ ดวงเล็กน้อย
ขอบ
2.05798160786
เราอาจจะมองเห็น ของ ________ ไกลจากดวงอาทิตย์ออกไปได้ เพราะว่าก๊าซของดวงอาทิตย์ยังไม่ทึบบังเสียหมด ต่อเมื่อ เราค่อยเลื่อนแนวเล็งนั้น ใกล้ขอบดวงอาทิตย์มากเข้า ก๊าซของดวงอาทิตย์จะบังแนวเล็งยิ่งขึ้น
ที่อยู่
0.679064699799
เราอาจจะมองเห็น ของที่อยู่ไกลจาก ________ ออกไปได้ เพราะว่าก๊าซของดวงอาทิตย์ยังไม่ทึบบังเสียหมด ต่อเมื่อ เราค่อยเลื่อนแนวเล็งนั้น ใกล้ขอบดวงอาทิตย์มากเข้า ก๊าซของดวงอาทิตย์จะบังแนวเล็งยิ่งขึ้น
ดวงอาทิตย์
2.38471057523
เราอาจจะมองเห็น ของที่อยู่ไกลจากดวงอาทิตย์ออกไปได้ เพราะว่า ________ ของดวงอาทิตย์ยังไม่ทึบบังเสียหมด ต่อเมื่อ เราค่อยเลื่อนแนวเล็งนั้น ใกล้ขอบดวงอาทิตย์มากเข้า ก๊าซของดวงอาทิตย์จะบังแนวเล็งยิ่งขึ้น
ก๊าซ
2.28988391182
เราอาจจะมองเห็น ของที่อยู่ไกลจากดวงอาทิตย์ออกไปได้ เพราะว่าก๊าซของ ________ ยังไม่ทึบบังเสียหมด ต่อเมื่อ เราค่อยเลื่อนแนวเล็งนั้น ใกล้ขอบดวงอาทิตย์มากเข้า ก๊าซของดวงอาทิตย์จะบังแนวเล็งยิ่งขึ้น
ดวงอาทิตย์
2.5598127214
เราอาจจะมองเห็น ของที่อยู่ไกลจากดวงอาทิตย์ออกไปได้ เพราะว่าก๊าซของดวงอาทิตย์ยังไม่ทึบบังเสียหมด ต่อเมื่อ เราค่อยเลื่อน ________ เล็งนั้น ใกล้ขอบดวงอาทิตย์มากเข้า ก๊าซของดวงอาทิตย์จะบังแนวเล็งยิ่งขึ้น
แนว
1.43016065253
เราอาจจะมองเห็น ของที่อยู่ไกลจากดวงอาทิตย์ออกไปได้ เพราะว่าก๊าซของดวงอาทิตย์ยังไม่ทึบบังเสียหมด ต่อเมื่อ เราค่อยเลื่อนแนว ________ นั้น ใกล้ขอบดวงอาทิตย์มากเข้า ก๊าซของดวงอาทิตย์จะบังแนวเล็งยิ่งขึ้น
เล็ง
1.5498055776
เราอาจจะมองเห็น ของที่อยู่ไกลจากดวงอาทิตย์ออกไปได้ เพราะว่าก๊าซของดวงอาทิตย์ยังไม่ทึบบังเสียหมด ต่อเมื่อ เราค่อยเลื่อนแนวเล็งนั้น ใกล้ ________ ดวงอาทิตย์มากเข้า ก๊าซของดวงอาทิตย์จะบังแนวเล็งยิ่งขึ้น
ขอบ
1.81289766392
เราอาจจะมองเห็น ของที่อยู่ไกลจากดวงอาทิตย์ออกไปได้ เพราะว่าก๊าซของดวงอาทิตย์ยังไม่ทึบบังเสียหมด ต่อเมื่อ เราค่อยเลื่อนแนวเล็งนั้น ใกล้ขอบ ________ มากเข้า ก๊าซของดวงอาทิตย์จะบังแนวเล็งยิ่งขึ้น
ดวงอาทิตย์
2.51358826562
เราอาจจะมองเห็น ของที่อยู่ไกลจากดวงอาทิตย์ออกไปได้ เพราะว่าก๊าซของดวงอาทิตย์ยังไม่ทึบบังเสียหมด ต่อเมื่อ เราค่อยเลื่อนแนวเล็งนั้น ใกล้ขอบดวงอาทิตย์มากเข้า  ________ ของดวงอาทิตย์จะบังแนวเล็งยิ่งขึ้น
ก๊าซ
1.60519119022
เราอาจจะมองเห็น ของที่อยู่ไกลจากดวงอาทิตย์ออกไปได้ เพราะว่าก๊าซของดวงอาทิตย์ยังไม่ทึบบังเสียหมด ต่อเมื่อ เราค่อยเลื่อนแนวเล็งนั้น ใกล้ขอบดวงอาทิตย์มากเข้า ก๊าซของ ________ จะบังแนวเล็งยิ่งขึ้น
ดวงอาทิตย์
2.5598127214
เราอาจจะมองเห็น ของที่อยู่ไกลจากดวงอาทิตย์ออกไปได้ เพราะว่าก๊าซของดวงอาทิตย์ยังไม่ทึบบังเสียหมด ต่อเมื่อ เราค่อยเลื่อนแนวเล็งนั้น ใกล้ขอบดวงอาทิตย์มากเข้า ก๊าซของดวงอาทิตย์จะบัง ________ เล็งยิ่งขึ้น
แนว
1.43016065253
เราอาจจะมองเห็น ของที่อยู่ไกลจากดวงอาทิตย์ออกไปได้ เพราะว่าก๊าซของดวงอาทิตย์ยังไม่ทึบบังเสียหมด ต่อเมื่อ เราค่อยเลื่อนแนวเล็งนั้น ใกล้ขอบดวงอาทิตย์มากเข้า ก๊าซของดวงอาทิตย์จะบังแนว ________ ยิ่งขึ้น
เล็ง
1.44766298574
ใน ที่สุดเมื่อเลื่อนเข้า ________ ดวงอาทิตย์ถึงระดับหนึ่ง แสงสว่างจากวัตถุที่อยู่ข้างหลังดวงอาทิตย์ จะผ่าน มาไม่ได้เลย เพราะก๊าซของดวงอาทิตย์ทึบบังหมดพอดี
ชิด
0.725572807981
ใน ที่สุดเมื่อเลื่อนเข้าชิด ________ ถึงระดับหนึ่ง แสงสว่างจากวัตถุที่อยู่ข้างหลังดวงอาทิตย์ จะผ่าน มาไม่ได้เลย เพราะก๊าซของดวงอาทิตย์ทึบบังหมดพอดี
ดวงอาทิตย์
1.85512065115
ใน ที่สุดเมื่อเลื่อนเข้าชิดดวงอาทิตย์ถึง ________ หนึ่ง แสงสว่างจากวัตถุที่อยู่ข้างหลังดวงอาทิตย์ จะผ่าน มาไม่ได้เลย เพราะก๊าซของดวงอาทิตย์ทึบบังหมดพอดี
ระดับ
1.30297261103
ใน ที่สุดเมื่อเลื่อนเข้าชิดดวงอาทิตย์ถึงระดับหนึ่ง  ________ จากวัตถุที่อยู่ข้างหลังดวงอาทิตย์ จะผ่าน มาไม่ได้เลย เพราะก๊าซของดวงอาทิตย์ทึบบังหมดพอดี
แสงสว่าง
0.695107217806
ใน ที่สุดเมื่อเลื่อนเข้าชิดดวงอาทิตย์ถึงระดับหนึ่ง แสงสว่างจาก ________ ที่อยู่ข้างหลังดวงอาทิตย์ จะผ่าน มาไม่ได้เลย เพราะก๊าซของดวงอาทิตย์ทึบบังหมดพอดี
วัตถุ
0.565253359394
ใน ที่สุดเมื่อเลื่อนเข้าชิดดวงอาทิตย์ถึงระดับหนึ่ง แสงสว่างจากวัตถุ ________ ข้างหลังดวงอาทิตย์ จะผ่าน มาไม่ได้เลย เพราะก๊าซของดวงอาทิตย์ทึบบังหมดพอดี
ที่อยู่
0.791675350005
ใน ที่สุดเมื่อเลื่อนเข้าชิดดวงอาทิตย์ถึงระดับหนึ่ง แสงสว่างจากวัตถุที่อยู่ข้างหลัง ________  จะผ่าน มาไม่ได้เลย เพราะก๊าซของดวงอาทิตย์ทึบบังหมดพอดี
ดวงอาทิตย์
1.62633402704
ใน ที่สุดเมื่อเลื่อนเข้าชิดดวงอาทิตย์ถึงระดับหนึ่ง แสงสว่างจากวัตถุที่อยู่ข้างหลังดวงอาทิตย์ จะผ่าน มาไม่ได้เลย เพราะ ________ ของดวงอาทิตย์ทึบบังหมดพอดี
ก๊าซ
1.56200078041
ใน ที่สุดเมื่อเลื่อนเข้าชิดดวงอาทิตย์ถึงระดับหนึ่ง แสงสว่างจากวัตถุที่อยู่ข้างหลังดวงอาทิตย์ จะผ่าน มาไม่ได้เลย เพราะก๊าซของ ________ ทึบบังหมดพอดี
ดวงอาทิตย์
1.01462686954
ในกรณีนี้ ________ ที่มาเข้าตาหรืออุปกรณ์ ของเรา มาจากก๊าซในบรรยากาศของดวงอาทิตย์ทั้งหมด ที่ระดับนี้เอง
แสงสว่าง
2.6213399497
ในกรณีนี้แสงสว่าง ________ เข้าตาหรืออุปกรณ์ ของเรา มาจากก๊าซในบรรยากาศของดวงอาทิตย์ทั้งหมด ที่ระดับนี้เอง
ที่มา
2.44409906618
ในกรณีนี้แสงสว่างที่มา ________ หรืออุปกรณ์ ของเรา มาจากก๊าซในบรรยากาศของดวงอาทิตย์ทั้งหมด ที่ระดับนี้เอง
เข้าตา
1.76306610414
ในกรณีนี้แสงสว่างที่มาเข้าตาหรือ ________  ของเรา มาจากก๊าซในบรรยากาศของดวงอาทิตย์ทั้งหมด ที่ระดับนี้เอง
อุปกรณ์
2.16454532404
ในกรณีนี้แสงสว่างที่มาเข้าตาหรืออุปกรณ์ ของเรา มาจาก ________ ในบรรยากาศของดวงอาทิตย์ทั้งหมด ที่ระดับนี้เอง
ก๊าซ
3.03586317248
ในกรณีนี้แสงสว่างที่มาเข้าตาหรืออุปกรณ์ ของเรา มาจากก๊าซใน ________ ของดวงอาทิตย์ทั้งหมด ที่ระดับนี้เอง
บรรยากาศ
2.44649172863
ในกรณีนี้แสงสว่างที่มาเข้าตาหรืออุปกรณ์ ของเรา มาจากก๊าซในบรรยากาศของ ________ ทั้งหมด ที่ระดับนี้เอง
ดวงอาทิตย์
3.0309518776
ในกรณีนี้แสงสว่างที่มาเข้าตาหรืออุปกรณ์ ของเรา มาจากก๊าซในบรรยากาศของดวงอาทิตย์ทั้งหมด ที่ ________ นี้เอง
ระดับ
4.29751868117
เราเห็น ________ คมของดวง อาทิตย์
ขอบ
1.41907787479
เราเห็นขอบคมของ ________  อาทิตย์
ดวง
1.58884188954
เราเห็นขอบคมของดวง  ________
อาทิตย์
1.318167835
 ________ ดาราศาสตร์ได้กำหนดใช้ระดับนี้เป็นระดับ "พื้นผิว" ของดวงอาทิตย์ เพื่อความสะดวก ในการกล่าวถึงสภาพของก๊าซ ในระดับต่างๆ ที่สูงขึ้นมา หรือที่ลึกลงไปภายในดวงอาทิตย์
นัก
2.26476738372
นัก ________ ได้กำหนดใช้ระดับนี้เป็นระดับ "พื้นผิว" ของดวงอาทิตย์ เพื่อความสะดวก ในการกล่าวถึงสภาพของก๊าซ ในระดับต่างๆ ที่สูงขึ้นมา หรือที่ลึกลงไปภายในดวงอาทิตย์
ดาราศาสตร์
2.82599443906
นักดาราศาสตร์ได้กำหนดใช้ ________ นี้เป็นระดับ "พื้นผิว" ของดวงอาทิตย์ เพื่อความสะดวก ในการกล่าวถึงสภาพของก๊าซ ในระดับต่างๆ ที่สูงขึ้นมา หรือที่ลึกลงไปภายในดวงอาทิตย์
ระดับ
3.00536899856
นักดาราศาสตร์ได้กำหนดใช้ระดับนี้เป็น ________  "พื้นผิว" ของดวงอาทิตย์ เพื่อความสะดวก ในการกล่าวถึงสภาพของก๊าซ ในระดับต่างๆ ที่สูงขึ้นมา หรือที่ลึกลงไปภายในดวงอาทิตย์
ระดับ
2.68591214359
นักดาราศาสตร์ได้กำหนดใช้ระดับนี้เป็นระดับ " ________ " ของดวงอาทิตย์ เพื่อความสะดวก ในการกล่าวถึงสภาพของก๊าซ ในระดับต่างๆ ที่สูงขึ้นมา หรือที่ลึกลงไปภายในดวงอาทิตย์
พื้นผิว
1.56994870362
นักดาราศาสตร์ได้กำหนดใช้ระดับนี้เป็นระดับ "พื้นผิว" ของ ________  เพื่อความสะดวก ในการกล่าวถึงสภาพของก๊าซ ในระดับต่างๆ ที่สูงขึ้นมา หรือที่ลึกลงไปภายในดวงอาทิตย์
ดวงอาทิตย์
2.96285244989
นักดาราศาสตร์ได้กำหนดใช้ระดับนี้เป็นระดับ "พื้นผิว" ของดวงอาทิตย์ เพื่อ ________  ในการกล่าวถึงสภาพของก๊าซ ในระดับต่างๆ ที่สูงขึ้นมา หรือที่ลึกลงไปภายในดวงอาทิตย์
ความสะดวก
2.46675147456
นักดาราศาสตร์ได้กำหนดใช้ระดับนี้เป็นระดับ "พื้นผิว" ของดวงอาทิตย์ เพื่อความสะดวก ใน ________ ล่าวถึงสภาพของก๊าซ ในระดับต่างๆ ที่สูงขึ้นมา หรือที่ลึกลงไปภายในดวงอาทิตย์
การก
2.27361340047
นักดาราศาสตร์ได้กำหนดใช้ระดับนี้เป็นระดับ "พื้นผิว" ของดวงอาทิตย์ เพื่อความสะดวก ในการก ________ วถึงสภาพของก๊าซ ในระดับต่างๆ ที่สูงขึ้นมา หรือที่ลึกลงไปภายในดวงอาทิตย์
ล่า
2.25779309435
นักดาราศาสตร์ได้กำหนดใช้ระดับนี้เป็นระดับ "พื้นผิว" ของดวงอาทิตย์ เพื่อความสะดวก ในการกล่าวถึง ________ ของก๊าซ ในระดับต่างๆ ที่สูงขึ้นมา หรือที่ลึกลงไปภายในดวงอาทิตย์
สภาพ
2.31629500503
นักดาราศาสตร์ได้กำหนดใช้ระดับนี้เป็นระดับ "พื้นผิว" ของดวงอาทิตย์ เพื่อความสะดวก ในการกล่าวถึงสภาพของ ________  ในระดับต่างๆ ที่สูงขึ้นมา หรือที่ลึกลงไปภายในดวงอาทิตย์
ก๊าซ
2.2538889158
นักดาราศาสตร์ได้กำหนดใช้ระดับนี้เป็นระดับ "พื้นผิว" ของดวงอาทิตย์ เพื่อความสะดวก ในการกล่าวถึงสภาพของก๊าซ ใน ________ ต่างๆ ที่สูงขึ้นมา หรือที่ลึกลงไปภายในดวงอาทิตย์
ระดับ
2.80786236846
นักดาราศาสตร์ได้กำหนดใช้ระดับนี้เป็นระดับ "พื้นผิว" ของดวงอาทิตย์ เพื่อความสะดวก ในการกล่าวถึงสภาพของก๊าซ ในระดับต่างๆ ที่สูงขึ้นมา หรือที่ลึกลงไปภายใน ________
ดวงอาทิตย์
2.98180771719
 ________ ในหน้านี้แสดงการเห็นขอบคมของดวงอาทิตย์ และระดับลึกลงไปในบรรยากาศ ของดวงอาทิตย์
แผนภาพ
2.5184449533
แผนภาพใน ________ นี้แสดงการเห็นขอบคมของดวงอาทิตย์ และระดับลึกลงไปในบรรยากาศ ของดวงอาทิตย์
หน้า
2.3728572465
แผนภาพในหน้านี้แสดงการเห็น ________ คมของดวงอาทิตย์ และระดับลึกลงไปในบรรยากาศ ของดวงอาทิตย์
ขอบ
1.74107840685
แผนภาพในหน้านี้แสดงการเห็นขอบคมของ ________  และระดับลึกลงไปในบรรยากาศ ของดวงอาทิตย์
ดวงอาทิตย์
2.97676770149
แผนภาพในหน้านี้แสดงการเห็นขอบคมของดวงอาทิตย์ และ ________ ลึกลงไปในบรรยากาศ ของดวงอาทิตย์
ระดับ
2.14304024989
แผนภาพในหน้านี้แสดงการเห็นขอบคมของดวงอาทิตย์ และระดับลึกลงไปใน ________  ของดวงอาทิตย์
บรรยากาศ
2.08560332639
แผนภาพในหน้านี้แสดงการเห็นขอบคมของดวงอาทิตย์ และระดับลึกลงไปในบรรยากาศ ของ ________
ดวงอาทิตย์
2.99572296879
อาจมองเห็นลงไปได้ตาม ________ ต่างๆ บนตัวดวง ตามหลักความสัมพันธ์ของ ความลึกและความทึบต่อรังสีของก๊าซในบรรยากาศของดวงอาทิตย์
ตำแหน่ง
1.51807181637
อาจมองเห็นลงไปได้ตามตำแหน่งต่างๆ บน ________ ดวง ตามหลักความสัมพันธ์ของ ความลึกและความทึบต่อรังสีของก๊าซในบรรยากาศของดวงอาทิตย์
ตัว
1.34970048181
อาจมองเห็นลงไปได้ตามตำแหน่งต่างๆ บนตัวดวง ตาม ________ ความสัมพันธ์ของ ความลึกและความทึบต่อรังสีของก๊าซในบรรยากาศของดวงอาทิตย์
หลัก
1.32342474301
อาจมองเห็นลงไปได้ตามตำแหน่งต่างๆ บนตัวดวง ตามหลัก ________ ของ ความลึกและความทึบต่อรังสีของก๊าซในบรรยากาศของดวงอาทิตย์
ความสัมพันธ์
1.53496686119
อาจมองเห็นลงไปได้ตามตำแหน่งต่างๆ บนตัวดวง ตามหลักความสัมพันธ์ของ ความลึกและความทึบต่อ ________ ของก๊าซในบรรยากาศของดวงอาทิตย์
รังสี
1.57310697595
อาจมองเห็นลงไปได้ตามตำแหน่งต่างๆ บนตัวดวง ตามหลักความสัมพันธ์ของ ความลึกและความทึบต่อรังสีของ ________ ในบรรยากาศของดวงอาทิตย์
ก๊าซ
1.91766882804
อาจมองเห็นลงไปได้ตามตำแหน่งต่างๆ บนตัวดวง ตามหลักความสัมพันธ์ของ ความลึกและความทึบต่อรังสีของก๊าซใน ________ ของดวงอาทิตย์
บรรยากาศ
1.73546798704
อาจมองเห็นลงไปได้ตามตำแหน่งต่างๆ บนตัวดวง ตามหลักความสัมพันธ์ของ ความลึกและความทึบต่อรังสีของก๊าซในบรรยากาศของ ________
ดวงอาทิตย์
2.39850072047
