1. เป็นจุดที่จะใช้เป็นที่วางหมุดหลักฐาน แล้ว ________ เชื่อมโยงจุดเหล่านั้น
( รังวัด )
ก. เรดาร์
ข. บรรทัดฐาน
ค. เครื่องวัดอุณหภูมิ
ง. รังวัด


2. เป็น ________ ที่จะใช้เป็นที่วางหมุดหลักฐาน แล้วรังวัดเชื่อมโยงจุดเหล่านั้น
( จุด )
ก. ธุรกิจ
ข. จุด
ค. กำลัง
ง. ความรู้สึก


3. เป็นจุดที่จะใช้เป็นที่วางหมุดหลักฐาน แล้วรังวัดเชื่อมโยง ________ เหล่านั้น
( จุด )
ก. ลาน
ข. เท้า
ค. จุด
ง. ไมล์


4.  ________  เชื่อมโยงจุดเหล่านั้น ด้วยเส้นตรงต่อเนื่องกัน ไป เพื่อนำผลการรังวัดไปคำนวณหาตำบลที่ต่อไป
( รังวัด )
ก. บรรทัดฐาน
ข. เรดาร์
ค. เครื่องวัดอุณหภูมิ
ง. รังวัด


5. รังวัด เชื่อมโยงจุดเหล่านั้น ด้วยเส้นตรงต่อเนื่องกัน ไป เพื่อนำผลการ ________ ไปคำนวณหาตำบลที่ต่อไป
( รังวัด )
ก. เรดาร์
ข. บรรทัดฐาน
ค. เครื่องวัดอุณหภูมิ
ง. รังวัด


6. รังวัด เชื่อมโยง ________ เหล่านั้น ด้วยเส้นตรงต่อเนื่องกัน ไป เพื่อนำผลการรังวัดไปคำนวณหาตำบลที่ต่อไป
( จุด )
ก. ไมล์
ข. เท้า
ค. จุด
ง. ลาน


7. ภารกิจหลักของสถาบันการทำแผนที่ก็คือ การสำรวจ เพื่อทำแผนที่พื้นดิน ________  การสำรวจนี้ ได้มีวิวัฒนาการมาเป็นลำดับ
( ภายในประเทศ )
ก. ขี้ข้า
ข. ผู้รับใช้ของร่างกาย
ค. ภายในประเทศ
ง. คนรับใช้


8. การวาง ________ หลักฐานทางแนวราบให้มีจำนวน มากพอ และมีกระจายอยู่ทั่วประเทศ
( หมุด )
ก. ล็อค
ข. เดือย
ค. จุด
ง. หมุด


9. เรียกว่า งาน ________ รอบ (traverse)
( วง )
ก. ปุ่ม
ข. พัฒนาการ
ค. ปรากฏการณ์
ง. วง


10. เป็นจุดที่จะใช้เป็นที่วาง ________ หลักฐาน แล้วรังวัดเชื่อมโยงจุดเหล่านั้น
( หมุด )
ก. ล็อค
ข. เดือย
ค. หมุด
ง. จุด


11. ตามความเจริญก้าวหน้าของ ________ ทางด้านนี้ ภารกิจหลักดังกล่าวนี้เอง
( วิทยาศาสตร์ )
ก. วิทยาศาสตร์
ข. สติปัญญา
ค. ความสามารถ
ง. เทววิทยา


12. ใช้เป็นกรอบบังคับความถูกต้องของตำบลที่ ของจุดต่างๆ ในแผนที่นั้น ทำได้โดยเลือกจุดในภูมิประเทศที่ จะใช้เป็นที่วางหมุดหลักฐานก่อน แล้วทำการ ________  เพื่อเชื่อมโยงจุดเหล่านั้น
( รังวัด )
ก. ขนาด
ข. เครื่องวัดอุณหภูมิ
ค. เรดาร์
ง. รังวัด


13. ได้เชื่อมโยงกับวิทยาศาสตร์ ________ บางสาขา ที่เกี่ยวพันโดยใกล้ชิดกับการสำรวจ เพื่อทำแผนที่ เช่น การสำรวจ
( โลก )
ก. กระดาษ
ข. ที่ตั้ง
ค. เรื่อง
ง. โลก


14. ใช้เป็นกรอบบังคับความถูกต้องของตำบลที่ ของ ________ ต่างๆ ในแผนที่นั้น ทำได้โดยเลือกจุดในภูมิประเทศที่ จะใช้เป็นที่วางหมุดหลักฐานก่อน แล้วทำการรังวัด เพื่อเชื่อมโยงจุดเหล่านั้น
( จุด )
ก. จุด
ข. ลาน
ค. ไมล์
ง. เท้า


15. ใช้เป็นกรอบบังคับความถูกต้องของตำบลที่ ของจุดต่างๆ ในแผนที่นั้น ทำได้โดยเลือก ________ ในภูมิประเทศที่ จะใช้เป็นที่วางหมุดหลักฐานก่อน แล้วทำการรังวัด เพื่อเชื่อมโยงจุดเหล่านั้น
( จุด )
ก. ไมล์
ข. ลาน
ค. จุด
ง. เท้า


16. ใช้เป็นกรอบบังคับความถูกต้องของตำบลที่ ของจุดต่างๆ ในแผนที่นั้น ทำได้โดยเลือกจุดในภูมิประเทศที่ จะใช้เป็นที่วางหมุดหลักฐานก่อน แล้วทำการรังวัด เพื่อเชื่อมโยง ________ เหล่านั้น
( จุด )
ก. เท้า
ข. จุด
ค. ลาน
ง. ไมล์


17. เรียกว่า หมุดหลักฐานบังคับทางแนวดิ่ง (vertical control) ซึ่งจะใช้เป็นกรอบบังคับให้ ________ ต่างๆ ใน บริเวณใกล้เคียงมีความถูกต้องตามไปด้วย
( จุด )
ก. เท้า
ข. จุด
ค. ไมล์
ง. ลาน


18. ใช้เป็นฐานในการคำนวณ หรือสอบเทียบความยาวของด้านต่างๆ ของรูปสามเหลี่ยมแต่ละรูปในโครงข่าย ส่วนในบริเวณที่เป็นพื้นราบ จะเลือก ________ สำหรับวางหมุดหลักฐาน ให้ลัดเลาะไปตามตำแหน่งต่างๆ ทั่วบริเวณ
( จุด )
ก. เท้า
ข. จุด
ค. ไมล์
ง. ลาน


19. เป็นจริงบนผิวโลก จึงต้องมีการดำเนินงานสำรวจ ________  เพื่อให้ได้ตำบลที่ที่ถูกต้องของจุดบางจุด บนผิวโลก เรียกว่า หมุดหลักฐานบังคับทางแนวราบ (horizontal control) และจุดที่มีระดับสูงถูกต้อง
( รังวัด )
ก. บรรทัดฐาน
ข. เรดาร์
ค. เครื่องวัดอุณหภูมิ
ง. รังวัด


20. เป็นรูปสามเหลี่ยม เรียกว่า งานสามเหลี่ยม (triangulation) รูปสามเหลี่ยมนี้จะวางต่อเนื่องกันไปหลาย ________  รูปจนทั่วบริเวณที่ต้องการ เรียกว่า โครงข่ายการสามเหลี่ยม (triangulation net) และเพื่อให้นำกฎเกณฑ์ทางคณิตศาสตร์ มาใช้ในการคำนวณได้
( ๆ )
ก. ซีซาร์
ข. วอลแตร์
ค. เจมส์
ง. ๆ


21. เป็นจริงบนผิวโลก จึงต้องมีการดำเนินงานสำรวจรังวัด เพื่อให้ได้ตำบลที่ที่ถูกต้องของ ________ บางจุด บนผิวโลก เรียกว่า หมุดหลักฐานบังคับทางแนวราบ (horizontal control) และจุดที่มีระดับสูงถูกต้อง
( จุด )
ก. ไมล์
ข. จุด
ค. เท้า
ง. ลาน


22. เป็นจริงบนผิวโลก จึงต้องมีการดำเนินงานสำรวจรังวัด เพื่อให้ได้ตำบลที่ที่ถูกต้องของจุดบางจุด บนผิวโลก เรียกว่า หมุดหลักฐานบังคับทางแนวราบ (horizontal control) และ ________ ที่มีระดับสูงถูกต้อง
( จุด )
ก. ไมล์
ข. ลาน
ค. จุด
ง. เท้า


23. เป็น ________  ในบริเวณพื้นที่ที่เป็นภูเขา
( รูปสามเหลี่ยม )
ก. เส้น
ข. เครื่องบิน
ค. สัมพันธ์
ง. รูปสามเหลี่ยม


24. ใช้เป็นกรอบบังคับความถูกต้องของตำบลที่ ของจุดต่างๆ ในแผนที่นั้น ทำได้โดยเลือกจุดในภูมิประเทศที่ จะใช้เป็นที่วาง ________ หลักฐานก่อน แล้วทำการรังวัด เพื่อเชื่อมโยงจุดเหล่านั้น
( หมุด )
ก. เดือย
ข. ล็อค
ค. จุด
ง. หมุด


25. ใช้เป็น ________ บังคับความถูกต้องของตำบลที่ ของจุดต่างๆ ในแผนที่นั้น ทำได้โดยเลือกจุดในภูมิประเทศที่ จะใช้เป็นที่วางหมุดหลักฐานก่อน แล้วทำการรังวัด เพื่อเชื่อมโยงจุดเหล่านั้น
( กรอบ )
ก. ปลาย
ข. โครงการ
ค. กรอบ
ง. รัฐบาล


26. ได้เชื่อมโยงกับวิทยาศาสตร์โลกบางสาขา ที่เกี่ยวพันโดยใกล้ชิดกับการสำรวจ เพื่อทำ ________  เช่น การสำรวจ
( แผนที่ )
ก. แผนที่
ข. ภาพ
ค. การวาดภาพ
ง. สำเนา


27. ได้เชื่อมโยงกับ ________ โลกบางสาขา ที่เกี่ยวพันโดยใกล้ชิดกับการสำรวจ เพื่อทำแผนที่ เช่น การสำรวจ
( วิทยาศาสตร์ )
ก. สติปัญญา
ข. วิทยาศาสตร์
ค. เทววิทยา
ง. ความสามารถ


28. เรียกว่า  ________ หลักฐานบังคับทางแนวดิ่ง (vertical control) ซึ่งจะใช้เป็นกรอบบังคับให้จุดต่างๆ ใน บริเวณใกล้เคียงมีความถูกต้องตามไปด้วย
( หมุด )
ก. ปุ่ม
ข. ล็อค
ค. ชนะ
ง. หมุด


29. เรียกว่า หมุดหลักฐานบังคับทางแนวดิ่ง (vertical control) ซึ่งจะใช้เป็น ________ บังคับให้จุดต่างๆ ใน บริเวณใกล้เคียงมีความถูกต้องตามไปด้วย
( กรอบ )
ก. รัฐบาล
ข. โครงการ
ค. กรอบ
ง. ปลาย


30. หาขนาดและสภาวะกายภาพบางประการของโลก ที่มีชื่อว่า งาน จีออเดซี (geodesy) และธรณี ________  (geophysics)
( ฟิสิกส์ )
ก. วิชาว่าจักรวาล
ข. วิทยาศาสตร์โลก
ค. วิทยาศาสตร์เพื่อชีวิต
ง. ฟิสิกส์


31. ภารกิจหลักของสถาบันการทำแผนที่ก็คือ การสำรวจ เพื่อทำ ________ พื้นดินภายในประเทศ การสำรวจนี้ ได้มีวิวัฒนาการมาเป็นลำดับ
( แผนที่ )
ก. ภาพ
ข. แผนที่
ค. การวาดภาพ
ง. สำเนา


32. ใช้เป็นฐานในการคำนวณ หรือสอบเทียบความยาวของด้านต่างๆ ของรูปสามเหลี่ยมแต่ละรูปในโครงข่าย ส่วนในบริเวณที่เป็นพื้นราบ จะเลือกจุดสำหรับวาง ________ หลักฐาน ให้ลัดเลาะไปตามตำแหน่งต่างๆ ทั่วบริเวณ
( หมุด )
ก. หมุด
ข. ล็อค
ค. จุด
ง. เดือย


33. การวางหมุดหลักฐานทางแนวราบให้มี ________  มากพอ และมีกระจายอยู่ทั่วประเทศ
( จำนวน )
ก. เพิ่ม
ข. คน
ค. กรณี
ง. จำนวน


34. เป็นจริงบนผิวโลก จึงต้องมีการดำเนินงานสำรวจรังวัด เพื่อให้ได้ตำบลที่ที่ถูกต้องของจุดบางจุด บนผิวโลก เรียกว่า  ________ หลักฐานบังคับทางแนวราบ (horizontal control) และจุดที่มีระดับสูงถูกต้อง
( หมุด )
ก. ปุ่ม
ข. หมุด
ค. ชนะ
ง. ล็อค


35. เป็นจริงบนผิว ________  จึงต้องมีการดำเนินงานสำรวจรังวัด เพื่อให้ได้ตำบลที่ที่ถูกต้องของจุดบางจุด บนผิวโลก เรียกว่า หมุดหลักฐานบังคับทางแนวราบ (horizontal control) และจุดที่มีระดับสูงถูกต้อง
( โลก )
ก. จุด
ข. กระดาษ
ค. โลก
ง. ที่ตั้ง


36. เป็นจริงบนผิวโลก จึงต้องมีการดำเนินงานสำรวจรังวัด เพื่อให้ได้ตำบลที่ที่ถูกต้องของจุดบางจุด บนผิว ________  เรียกว่า หมุดหลักฐานบังคับทางแนวราบ (horizontal control) และจุดที่มีระดับสูงถูกต้อง
( โลก )
ก. ที่ตั้ง
ข. กระดาษ
ค. บ้าน
ง. โลก


37. เป็นจริงบน ________ โลก จึงต้องมีการดำเนินงานสำรวจรังวัด เพื่อให้ได้ตำบลที่ที่ถูกต้องของจุดบางจุด บนผิวโลก เรียกว่า หมุดหลักฐานบังคับทางแนวราบ (horizontal control) และจุดที่มีระดับสูงถูกต้อง
( ผิว )
ก. ผิว
ข. ชาวยิว
ค. ผม
ง. เพื่อน


38. เป็นจริงบนผิวโลก จึงต้องมีการดำเนินงานสำรวจรังวัด เพื่อให้ได้ตำบลที่ที่ถูกต้องของจุดบางจุด บน ________ โลก เรียกว่า หมุดหลักฐานบังคับทางแนวราบ (horizontal control) และจุดที่มีระดับสูงถูกต้อง
( ผิว )
ก. ผม
ข. ผิว
ค. ชาวยิว
ง. เพื่อน


39. ในการทำงานสามเหลี่ยม จึงต้องมี ________ หนดเส้นฐาน (base line) ขึ้น ได้แก่ แนวตรงที่วัดความยาวไว้ด้วยวิธีการอันละเอียด และประณีต
( การกำ )
ก. บรรณาธิการ
ข. บังคับ
ค. เป็นทางการ
ง. การกำ


40. ใช้เป็นกรอบบังคับความถูกต้องของตำบลที่ ของจุดต่างๆ ในแผนที่นั้น ทำได้โดยเลือกจุดใน ________ ที่ จะใช้เป็นที่วางหมุดหลักฐานก่อน แล้วทำการรังวัด เพื่อเชื่อมโยงจุดเหล่านั้น
( ภูมิประเทศ )
ก. พิสัย
ข. สนาม
ค. ภูมิประเทศ
ง. จอด


41. ใช้เป็นกรอบบังคับความถูกต้องของตำบลที่ ของจุดต่างๆ ใน ________ นั้น ทำได้โดยเลือกจุดในภูมิประเทศที่ จะใช้เป็นที่วางหมุดหลักฐานก่อน แล้วทำการรังวัด เพื่อเชื่อมโยงจุดเหล่านั้น
( แผนที่ )
ก. แผนที่
ข. การวาดภาพ
ค. ภาพ
ง. สำเนา


42. ตามความเจริญก้าวหน้าของวิทยาศาสตร์ทาง ________ นี้ ภารกิจหลักดังกล่าวนี้เอง
( ด้าน )
ก. ระยะทาง
ข. เขต
ค. ด้าน
ง. ด้านบน


43. หาขนาดและสภาวะกายภาพบางประการของ ________  ที่มีชื่อว่า งาน จีออเดซี (geodesy) และธรณีฟิสิกส์ (geophysics)
( โลก )
ก. บ้าน
ข. โลก
ค. จุด
ง. ที่ตั้ง


44. หาขนาดและสภาวะกายภาพบางประการของโลก ที่มีชื่อว่า งาน จีออเดซี (geodesy) และ ________ ฟิสิกส์ (geophysics)
( ธรณี )
ก. จุด
ข. ที่ตั้ง
ค. บ้าน
ง. ธรณี


45. ใช้เป็นฐานในการคำนวณ หรือสอบเทียบความยาวของด้านต่างๆ ของ ________ แต่ละรูปในโครงข่าย ส่วนในบริเวณที่เป็นพื้นราบ จะเลือกจุดสำหรับวางหมุดหลักฐาน ให้ลัดเลาะไปตามตำแหน่งต่างๆ ทั่วบริเวณ
( รูปสามเหลี่ยม )
ก. เส้น
ข. รูป
ค. รูปสามเหลี่ยม
ง. เครื่องบิน


46. ใช้เป็น ________ ในการคำนวณ หรือสอบเทียบความยาวของด้านต่างๆ ของรูปสามเหลี่ยมแต่ละรูปในโครงข่าย ส่วนในบริเวณที่เป็นพื้นราบ จะเลือกจุดสำหรับวางหมุดหลักฐาน ให้ลัดเลาะไปตามตำแหน่งต่างๆ ทั่วบริเวณ
( ฐาน )
ก. กำหนด
ข. ฐาน
ค. จุด
ง. โลก


47. เป็นรูปสามเหลี่ยม เรียกว่า งานสามเหลี่ยม (triangulation) รูปสามเหลี่ยมนี้จะวางต่อเนื่องกันไปหลายๆ รูปจนทั่วบริเวณที่ต้องการ เรียกว่า โครงข่ายการสามเหลี่ยม (triangulation net) และเพื่อให้นำกฎเกณฑ์ทาง ________  มาใช้ในการคำนวณได้
( คณิตศาสตร์ )
ก. สังคมศาสตร์
ข. ภาษาศาสตร์
ค. จิตวิทยา
ง. คณิตศาสตร์


48. การวางหมุดหลักฐานทาง ________ ให้มีจำนวน มากพอ และมีกระจายอยู่ทั่วประเทศ
( แนวราบ )
ก. วัด
ข. บุคลากร
ค. แนวราบ
ง. ส่วนที่เหลือ


49. การวางหมุด ________ ทางแนวราบให้มีจำนวน มากพอ และมีกระจายอยู่ทั่วประเทศ
( หลักฐาน )
ก. ความจริง
ข. วัสดุ
ค. พื้นหลัง
ง. หลักฐาน


50. ในการทำงานสามเหลี่ยม จึงต้องมีการกำหนดเส้นฐาน (base line) ขึ้น ได้แก่  ________ ที่วัดความยาวไว้ด้วยวิธีการอันละเอียด และประณีต
( แนวตรง )
ก. เพื่อน
ข. ชาวยิว
ค. แนวตรง
ง. ผู้นำ


51. ในการทำงาน ________  จึงต้องมีการกำหนดเส้นฐาน (base line) ขึ้น ได้แก่ แนวตรงที่วัดความยาวไว้ด้วยวิธีการอันละเอียด และประณีต
( สามเหลี่ยม )
ก. เครื่องบิน
ข. สามเหลี่ยม
ค. เส้น
ง. สี่เหลี่ยม


52. ในการทำงานสามเหลี่ยม จึงต้องมีการกำหนดเส้น ________  (base line) ขึ้น ได้แก่ แนวตรงที่วัดความยาวไว้ด้วยวิธีการอันละเอียด และประณีต
( ฐาน )
ก. ฐาน
ข. จุด
ค. โลก
ง. กำหนด


53. เป็นจุดที่จะใช้เป็นที่วางหมุด ________  แล้วรังวัดเชื่อมโยงจุดเหล่านั้น
( หลักฐาน )
ก. พื้นหลัง
ข. วัสดุ
ค. ความจริง
ง. หลักฐาน


54. เป็นรูปสามเหลี่ยม ใน ________ พื้นที่ที่เป็นภูเขา
( บริเวณ )
ก. ระบบ
ข. วิธี
ค. บ้าน
ง. บริเวณ


55. เป็นรูปสามเหลี่ยม ในบริเวณ ________ ที่เป็นภูเขา
( พื้นที่ )
ก. พื้นที่
ข. ระบบ
ค. บ้าน
ง. วิธี


56. เรียกว่า  ________ วงรอบ (traverse)
( งาน )
ก. เกม
ข. งาน
ค. การอบรม
ง. การแผ่รังสี


57. เป็นรูปสามเหลี่ยม ในบริเวณพื้นที่ที่เป็น ________ 
( ภูเขา )
ก. มาก
ข. ภูเขา
ค. เนินเขา
ง. มหาสมุทร


58. รังวัด เชื่อมโยงจุดเหล่านั้น ด้วยเส้นตรงต่อเนื่องกัน ไป เพื่อนำผลการรังวัดไปคำนวณหา ________ ที่ต่อไป
( ตำบล )
ก. พื้นที่
ข. ตำบล
ค. สนาม
ง. ไม่ทราบ


59. รังวัด เชื่อมโยงจุดเหล่านั้น ด้วย ________ ต่อเนื่องกัน ไป เพื่อนำผลการรังวัดไปคำนวณหาตำบลที่ต่อไป
( เส้นตรง )
ก. เส้นตรง
ข. พื้นผิว
ค. การอบรม
ง. งาน


60. เรียกว่า หมุดหลักฐานบังคับทาง ________  (vertical control) ซึ่งจะใช้เป็นกรอบบังคับให้จุดต่างๆ ใน บริเวณใกล้เคียงมีความถูกต้องตามไปด้วย
( แนวดิ่ง )
ก. คาน
ข. ท่าที
ค. แนวดิ่ง
ง. ทาบ


61. จะเลือก ________ ที่สูงเด่น
( ยอดเขา )
ก. เวลา
ข. ยอดเขา
ค. ตอนเช้า
ง. ศตวรรษ


62. หาขนาดและ ________ กายภาพบางประการของโลก ที่มีชื่อว่า งาน จีออเดซี (geodesy) และธรณีฟิสิกส์ (geophysics)
( สภาวะ )
ก. สิ่ง
ข. คุณภาพ
ค. สภาวะ
ง. เวลา


63. หาขนาดและสภาวะกายภาพบางประการของโลก ที่มีชื่อว่า งาน  ________ ออเดซี (geodesy) และธรณีฟิสิกส์ (geophysics)
( จี )
ก. จี
ข. ล้าน
ค. มิลลิกรัม
ง. คำ


64. ภารกิจหลักของ ________ การทำแผนที่ก็คือ การสำรวจ เพื่อทำแผนที่พื้นดินภายในประเทศ การสำรวจนี้ ได้มีวิวัฒนาการมาเป็นลำดับ
( สถาบัน )
ก. บังคับ
ข. สถาบัน
ค. พรรค
ง. หน่วย


65. หาขนาดและสภาวะกายภาพบางประการของโลก ที่มีชื่อว่า งาน จีออเด ________  (geodesy) และธรณีฟิสิกส์ (geophysics)
( ซี )
ก. คลอรีน
ข. พัน
ค. ซี
ง. ธาตุโลหะที่


66. การทำแผนที่ต้องให้ได้ลักษณะสำคัญ ความ ถูกต้องสมจริงของตำแหน่งที่ตั้งของรายละเอียด ต่างๆ ซึ่งเรียกว่า ตำบลที่ (position) และของที่มีระดับสูง (elevation) ของรายละเอียดนั้นๆ จาก  ________ ระดับมูลฐาน ซึ่งจะต้องแสดงในแผนที่ให้ตรง
( พื้น )
ก. ที่พักอาศัย
ข. ผู้ฟัง
ค. ชุมชน
ง. พื้น


67. การทำแผนที่ต้องให้ได้ลักษณะสำคัญ ความ ถูกต้องสมจริงของตำแหน่งที่ตั้งของรายละเอียด ต่างๆ ซึ่งเรียกว่า ตำบลที่ (position) และของที่มีระดับสูง (elevation) ของรายละเอียดนั้นๆ จาก พื้นระดับมูลฐาน ซึ่งจะต้องแสดงใน ________ ให้ตรง
( แผนที่ )
ก. สำเนา
ข. แผนที่
ค. แสดง
ง. ภาพ


68. เป็น ________  เรียกว่า งานสามเหลี่ยม (triangulation) รูปสามเหลี่ยมนี้จะวางต่อเนื่องกันไปหลายๆ รูปจนทั่วบริเวณที่ต้องการ เรียกว่า โครงข่ายการสามเหลี่ยม (triangulation net) และเพื่อให้นำกฎเกณฑ์ทางคณิตศาสตร์ มาใช้ในการคำนวณได้
( รูปสามเหลี่ยม )
ก. รูปสามเหลี่ยม
ข. สัมพันธ์
ค. เส้น
ง. เครื่องบิน


69. เป็นรูปสามเหลี่ยม เรียกว่า งาน ________  (triangulation) รูปสามเหลี่ยมนี้จะวางต่อเนื่องกันไปหลายๆ รูปจนทั่วบริเวณที่ต้องการ เรียกว่า โครงข่ายการสามเหลี่ยม (triangulation net) และเพื่อให้นำกฎเกณฑ์ทางคณิตศาสตร์ มาใช้ในการคำนวณได้
( สามเหลี่ยม )
ก. สามเหลี่ยม
ข. รูป
ค. เส้น
ง. เครื่องบิน


70. เป็นรูปสามเหลี่ยม เรียกว่า งานสามเหลี่ยม (triangulation)  ________ นี้จะวางต่อเนื่องกันไปหลายๆ รูปจนทั่วบริเวณที่ต้องการ เรียกว่า โครงข่ายการสามเหลี่ยม (triangulation net) และเพื่อให้นำกฎเกณฑ์ทางคณิตศาสตร์ มาใช้ในการคำนวณได้
( รูปสามเหลี่ยม )
ก. สี่เหลี่ยม
ข. รูปสามเหลี่ยม
ค. เส้น
ง. เครื่องบิน


71. เป็นรูปสามเหลี่ยม เรียกว่า งานสามเหลี่ยม (triangulation) รูปสามเหลี่ยมนี้จะวางต่อเนื่องกันไปหลายๆ รูปจนทั่วบริเวณที่ต้องการ เรียกว่า โครงข่ายการ ________  (triangulation net) และเพื่อให้นำกฎเกณฑ์ทางคณิตศาสตร์ มาใช้ในการคำนวณได้
( สามเหลี่ยม )
ก. สามเหลี่ยม
ข. รูป
ค. เครื่องบิน
ง. เส้น


72. ใช้เป็นฐานในการคำนวณ หรือสอบเทียบความยาวของด้านต่างๆ ของรูปสามเหลี่ยมแต่ละ ________ ในโครงข่าย ส่วนในบริเวณที่เป็นพื้นราบ จะเลือกจุดสำหรับวางหมุดหลักฐาน ให้ลัดเลาะไปตามตำแหน่งต่างๆ ทั่วบริเวณ
( รูป )
ก. วาระ
ข. ผู้ฟัง
ค. ชุมชน
ง. รูป


73. ใช้เป็นกรอบบังคับความถูกต้องของ ________ ที่ ของจุดต่างๆ ในแผนที่นั้น ทำได้โดยเลือกจุดในภูมิประเทศที่ จะใช้เป็นที่วางหมุดหลักฐานก่อน แล้วทำการรังวัด เพื่อเชื่อมโยงจุดเหล่านั้น
( ตำบล )
ก. สนาม
ข. พื้นที่
ค. ไม่ทราบ
ง. ตำบล


74. ในการทำงานสามเหลี่ยม จึงต้องมีการกำหนดเส้นฐาน (base line) ขึ้น ได้แก่ แนวตรงที่วัดความยาวไว้ด้วย ________ อันละเอียด และประณีต
( วิธีการ )
ก. ความฉลาด
ข. วิธีการ
ค. ธุรกิจ
ง. สวมบทบาท


75. ใช้เป็นกรอบบังคับความถูกต้องของตำบลที่ ของจุดต่างๆ ในแผนที่นั้น ทำได้โดยเลือกจุดในภูมิประเทศที่ จะใช้เป็นที่วางหมุด ________ ก่อน แล้วทำการรังวัด เพื่อเชื่อมโยงจุดเหล่านั้น
( หลักฐาน )
ก. ความจริง
ข. หลักฐาน
ค. พื้นหลัง
ง. วัสดุ


76. เรียกว่า หมุดหลักฐานบังคับทางแนวดิ่ง (vertical control) ซึ่งจะใช้เป็นกรอบบังคับให้จุดต่างๆ ใน  ________ ใกล้เคียงมีความถูกต้องตามไปด้วย
( บริเวณ )
ก. บ้าน
ข. บริเวณ
ค. กลับ
ง. ร่างกาย


77. เรียกว่า หมุด ________ บังคับทางแนวดิ่ง (vertical control) ซึ่งจะใช้เป็นกรอบบังคับให้จุดต่างๆ ใน บริเวณใกล้เคียงมีความถูกต้องตามไปด้วย
( หลักฐาน )
ก. สติปัญญา
ข. ความจริง
ค. หลักฐาน
ง. วัสดุ


78. ใช้เป็นฐานในการคำนวณ หรือสอบเทียบความยาวของด้านต่างๆ ของรูปสามเหลี่ยมแต่ละรูปในโครงข่าย ส่วนในบริเวณที่เป็นพื้น ________  จะเลือกจุดสำหรับวางหมุดหลักฐาน ให้ลัดเลาะไปตามตำแหน่งต่างๆ ทั่วบริเวณ
( ราบ )
ก. ราบ
ข. เก๋งพั้ง
ค. รถตู้
ง. ค่าย


79. ใช้เป็นฐานในการคำนวณ หรือสอบเทียบความยาวของด้านต่างๆ ของรูปสามเหลี่ยมแต่ละรูปในโครงข่าย ส่วนใน ________ ที่เป็นพื้นราบ จะเลือกจุดสำหรับวางหมุดหลักฐาน ให้ลัดเลาะไปตามตำแหน่งต่างๆ ทั่วบริเวณ
( บริเวณ )
ก. บริเวณ
ข. กลับ
ค. ที่พักอาศัย
ง. ไหล่


80. ใช้เป็นฐานในการคำนวณ หรือสอบเทียบความยาวของด้านต่างๆ ของรูปสามเหลี่ยมแต่ละรูปในโครงข่าย ส่วนในบริเวณที่เป็นพื้นราบ จะเลือกจุดสำหรับวางหมุดหลักฐาน ให้ลัดเลาะไปตาม ________ ต่างๆ ทั่วบริเวณ
( ตำแหน่ง )
ก. การอบรม
ข. งาน
ค. ตำแหน่ง
ง. ความรู้สึก


81. ใช้เป็นฐานในการคำนวณ หรือสอบเทียบความยาวของด้านต่างๆ ของรูปสามเหลี่ยมแต่ละรูปในโครงข่าย ส่วนในบริเวณที่เป็นพื้นราบ จะเลือกจุดสำหรับวางหมุดหลักฐาน ให้ลัดเลาะไปตามตำแหน่งต่างๆ ทั่ว ________ 
( บริเวณ )
ก. บริเวณ
ข. กลับ
ค. ไหล่
ง. ที่พักอาศัย


82. ใช้เป็นฐานในการคำนวณ หรือสอบเทียบความยาวของด้านต่างๆ ของรูปสามเหลี่ยมแต่ละรูปในโครงข่าย ส่วนในบริเวณที่เป็นพื้นราบ จะเลือกจุดสำหรับวางหมุด ________  ให้ลัดเลาะไปตามตำแหน่งต่างๆ ทั่วบริเวณ
( หลักฐาน )
ก. หลักฐาน
ข. ความจริง
ค. วัสดุ
ง. พื้นหลัง


83. ภารกิจหลักของสถาบัน ________ ก็คือ การสำรวจ เพื่อทำแผนที่พื้นดินภายในประเทศ การสำรวจนี้ ได้มีวิวัฒนาการมาเป็นลำดับ
( การทำแผนที่ )
ก. การคำนวณ
ข. เงื่อนไข
ค. กฎ
ง. การทำแผนที่


84. เป็นรูปสามเหลี่ยม เรียกว่า งานสามเหลี่ยม (triangulation) รูปสามเหลี่ยมนี้จะวางต่อเนื่องกันไปหลายๆ รูปจนทั่วบริเวณที่ต้องการ เรียกว่า โครงข่ายการสามเหลี่ยม (triangulation net) และเพื่อให้นำ ________ ทางคณิตศาสตร์ มาใช้ในการคำนวณได้
( กฎเกณฑ์ )
ก. กฎเกณฑ์
ข. ความคิด
ค. ทั้งหมด
ง. กฎหมาย


85. หาขนาดและสภาวะกายภาพบางประการของโลก ที่มีชื่อว่า  ________  จีออเดซี (geodesy) และธรณีฟิสิกส์ (geophysics)
( งาน )
ก. การอบรม
ข. การแผ่รังสี
ค. งาน
ง. เกม


86. เป็นจริงบนผิวโลก จึงต้องมีการดำเนินงานสำรวจรังวัด เพื่อให้ได้ ________ ที่ที่ถูกต้องของจุดบางจุด บนผิวโลก เรียกว่า หมุดหลักฐานบังคับทางแนวราบ (horizontal control) และจุดที่มีระดับสูงถูกต้อง
( ตำบล )
ก. ตำบล
ข. สนาม
ค. พื้นที่
ง. ไม่ทราบ


87. เป็นจริงบนผิวโลก จึงต้องมีการดำเนินงานสำรวจรังวัด เพื่อให้ได้ตำบลที่ที่ถูกต้องของจุดบางจุด บนผิวโลก เรียกว่า หมุดหลักฐานบังคับทาง ________  (horizontal control) และจุดที่มีระดับสูงถูกต้อง
( แนวราบ )
ก. หน้าอก
ข. ค่าย
ค. แนวราบ
ง. เก๋งพั้ง


88. เป็นจริงบนผิวโลก จึงต้องมีการดำเนินงานสำรวจรังวัด เพื่อให้ได้ตำบลที่ที่ถูกต้องของจุดบางจุด บนผิวโลก เรียกว่า หมุด ________ บังคับทางแนวราบ (horizontal control) และจุดที่มีระดับสูงถูกต้อง
( หลักฐาน )
ก. วัสดุ
ข. สติปัญญา
ค. หลักฐาน
ง. ความจริง


89. ใช้เป็นฐานในการคำนวณ หรือสอบเทียบความยาวของ ________ ต่างๆ ของรูปสามเหลี่ยมแต่ละรูปในโครงข่าย ส่วนในบริเวณที่เป็นพื้นราบ จะเลือกจุดสำหรับวางหมุดหลักฐาน ให้ลัดเลาะไปตามตำแหน่งต่างๆ ทั่วบริเวณ
( ด้าน )
ก. ด้าน
ข. ระยะทาง
ค. เขต
ง. ด้านบน


90. เป็นรูปสามเหลี่ยม เรียกว่า  ________ สามเหลี่ยม (triangulation) รูปสามเหลี่ยมนี้จะวางต่อเนื่องกันไปหลายๆ รูปจนทั่วบริเวณที่ต้องการ เรียกว่า โครงข่ายการสามเหลี่ยม (triangulation net) และเพื่อให้นำกฎเกณฑ์ทางคณิตศาสตร์ มาใช้ในการคำนวณได้
( งาน )
ก. การแผ่รังสี
ข. งาน
ค. เกม
ง. การอบรม


91. เป็นรูปสามเหลี่ยม เรียกว่า งานสามเหลี่ยม (triangulation) รูปสามเหลี่ยมนี้จะวางต่อเนื่องกันไปหลายๆ  ________ จนทั่วบริเวณที่ต้องการ เรียกว่า โครงข่ายการสามเหลี่ยม (triangulation net) และเพื่อให้นำกฎเกณฑ์ทางคณิตศาสตร์ มาใช้ในการคำนวณได้
( รูป )
ก. รูป
ข. ผู้ฟัง
ค. วาระ
ง. ชุมชน


92. ในการทำงานสามเหลี่ยม จึงต้องมีการกำหนด ________ ฐาน (base line) ขึ้น ได้แก่ แนวตรงที่วัดความยาวไว้ด้วยวิธีการอันละเอียด และประณีต
( เส้น )
ก. งาน
ข. ทาง
ค. เป็น
ง. เส้น


93. ภารกิจหลักของสถาบันการทำแผนที่ก็คือ การสำรวจ เพื่อทำแผนที่ ________ ภายในประเทศ การสำรวจนี้ ได้มีวิวัฒนาการมาเป็นลำดับ
( พื้นดิน )
ก. กระดาษ
ข. ที่ตั้ง
ค. ไฟเบอร์
ง. พื้นดิน


94. การทำแผนที่ต้องให้ได้ลักษณะสำคัญ ความ ถูกต้องสมจริงของตำแหน่งที่ตั้งของรายละเอียด ต่างๆ ซึ่งเรียกว่า  ________ ที่ (position) และของที่มีระดับสูง (elevation) ของรายละเอียดนั้นๆ จาก พื้นระดับมูลฐาน ซึ่งจะต้องแสดงในแผนที่ให้ตรง
( ตำบล )
ก. พื้นที่
ข. ไม่ทราบ
ค. สนาม
ง. ตำบล


95. ใช้เป็นฐานในการคำนวณ หรือสอบเทียบความยาวของด้านต่างๆ ของรูปสามเหลี่ยมแต่ละรูปใน ________  ส่วนในบริเวณที่เป็นพื้นราบ จะเลือกจุดสำหรับวางหมุดหลักฐาน ให้ลัดเลาะไปตามตำแหน่งต่างๆ ทั่วบริเวณ
( โครงข่าย )
ก. ผ้าใบ
ข. โครงข่าย
ค. ระบบย่อย
ง. ไหม


96. เป็นรูปสามเหลี่ยม เรียกว่า งานสามเหลี่ยม (triangulation) รูปสามเหลี่ยมนี้จะวางต่อเนื่องกันไปหลายๆ รูปจนทั่ว ________ ที่ต้องการ เรียกว่า โครงข่ายการสามเหลี่ยม (triangulation net) และเพื่อให้นำกฎเกณฑ์ทางคณิตศาสตร์ มาใช้ในการคำนวณได้
( บริเวณ )
ก. ที่พักอาศัย
ข. ไหล่
ค. บริเวณ
ง. กลับ


97. หา ________ และสภาวะกายภาพบางประการของโลก ที่มีชื่อว่า งาน จีออเดซี (geodesy) และธรณีฟิสิกส์ (geophysics)
( ขนาด )
ก. อายุ
ข. สิ่ง
ค. ขนาด
ง. ความแข็งแรง


98. การทำแผนที่ต้องให้ได้ลักษณะสำคัญ ความ ถูกต้องสมจริงของตำแหน่งที่ตั้งของ ________  ต่างๆ ซึ่งเรียกว่า ตำบลที่ (position) และของที่มีระดับสูง (elevation) ของรายละเอียดนั้นๆ จาก พื้นระดับมูลฐาน ซึ่งจะต้องแสดงในแผนที่ให้ตรง
( รายละเอียด )
ก. สิ่ง
ข. รายละเอียด
ค. ชนิด
ง. ข้อสังเกต


99. การทำแผนที่ต้องให้ได้ลักษณะสำคัญ ความ ถูกต้องสมจริงของตำแหน่งที่ตั้งของรายละเอียด ต่างๆ ซึ่งเรียกว่า ตำบลที่ (position) และของที่มีระดับสูง (elevation) ของ ________ นั้นๆ จาก พื้นระดับมูลฐาน ซึ่งจะต้องแสดงในแผนที่ให้ตรง
( รายละเอียด )
ก. ชนิด
ข. รายละเอียด
ค. สิ่ง
ง. ข้อสังเกต


100. การทำแผนที่ต้องให้ได้ลักษณะสำคัญ ความ ถูกต้องสมจริงของตำแหน่งที่ตั้งของรายละเอียด ต่างๆ ซึ่งเรียกว่า ตำบลที่ (position) และของที่มีระดับสูง (elevation) ของรายละเอียดนั้นๆ จาก พื้นระดับ ________  ซึ่งจะต้องแสดงในแผนที่ให้ตรง
( มูลฐาน )
ก. สสาร
ข. รายละเอียด
ค. มูลฐาน
ง. กำหนด


101. ใช้เป็นฐานในการคำนวณ หรือสอบเทียบความยาวของด้านต่างๆ ของรูปสามเหลี่ยมแต่ละรูปในโครงข่าย  ________ ในบริเวณที่เป็นพื้นราบ จะเลือกจุดสำหรับวางหมุดหลักฐาน ให้ลัดเลาะไปตามตำแหน่งต่างๆ ทั่วบริเวณ
( ส่วน )
ก. ส่วน
ข. เปลี่ยนแปลง
ค. ความสัมพันธ์
ง. ที่ตั้ง


102. การทำแผนที่ต้องให้ได้ลักษณะสำคัญ ความ ถูกต้องสมจริงของตำแหน่งที่ตั้งของรายละเอียด ต่างๆ ซึ่งเรียกว่า ตำบลที่ (position) และของที่มีระดับสูง (elevation) ของรายละเอียดนั้นๆ จาก พื้น ________ มูลฐาน ซึ่งจะต้องแสดงในแผนที่ให้ตรง
( ระดับ )
ก. อายุ
ข. ความรู้สึก
ค. ที่พักอาศัย
ง. ระดับ


103. เป็นรูปสามเหลี่ยม เรียกว่า งานสามเหลี่ยม (triangulation) รูปสามเหลี่ยมนี้จะวางต่อเนื่องกันไปหลายๆ รูปจนทั่วบริเวณที่ต้องการ เรียกว่า  ________ การสามเหลี่ยม (triangulation net) และเพื่อให้นำกฎเกณฑ์ทางคณิตศาสตร์ มาใช้ในการคำนวณได้
( โครงข่าย )
ก. ไหม
ข. โครงข่าย
ค. ผ้าใบ
ง. ร่างกาย


104. การทำแผนที่ต้องให้ได้ ________ สำคัญ ความ ถูกต้องสมจริงของตำแหน่งที่ตั้งของรายละเอียด ต่างๆ ซึ่งเรียกว่า ตำบลที่ (position) และของที่มีระดับสูง (elevation) ของรายละเอียดนั้นๆ จาก พื้นระดับมูลฐาน ซึ่งจะต้องแสดงในแผนที่ให้ตรง
( ลักษณะ )
ก. ลักษณะ
ข. การปรากฏ
ค. ความสามารถ
ง. ข้อแตกต่าง


105.  ________ ต้องให้ได้ลักษณะสำคัญ ความ ถูกต้องสมจริงของตำแหน่งที่ตั้งของรายละเอียด ต่างๆ ซึ่งเรียกว่า ตำบลที่ (position) และของที่มีระดับสูง (elevation) ของรายละเอียดนั้นๆ จาก พื้นระดับมูลฐาน ซึ่งจะต้องแสดงในแผนที่ให้ตรง
( การทำแผนที่ )
ก. การคำนวณ
ข. กิจวัตรประจำวัน
ค. การทำแผนที่
ง. กฎ


106. การทำแผนที่ต้องให้ได้ลักษณะสำคัญ ความ ถูกต้องสมจริงของ ________ ของรายละเอียด ต่างๆ ซึ่งเรียกว่า ตำบลที่ (position) และของที่มีระดับสูง (elevation) ของรายละเอียดนั้นๆ จาก พื้นระดับมูลฐาน ซึ่งจะต้องแสดงในแผนที่ให้ตรง
( ตำแหน่งที่ตั้ง )
ก. การอบรม
ข. ฟาร์ม
ค. ตำแหน่งที่ตั้ง
ง. งาน


