พังก์ร็อก (อังกฤษ: Punk rock) เป็นดนตรีร็อกประเภทหนึ่ง (โดยมากมักเรียกสั้นๆว่า พังก์) มีการเคลื่อนไหวและเป็นที่รู้จักในช่วงกลางทศวรรษที่ 1970 พังก์ร็อกได้พัฒนาระหว่างปี 1974 และ 1977 ในสหรัฐอเมริกา,สหราชอาณาจักร และ ออสเตรเลีย

===============================

___ร็อก (อังกฤษ: Punk rock) เป็นดนตรีร็อกประเภทหนึ่ง (โดยมากมักเรียกสั้นๆว่า พังก์) มีการเคลื่อนไหวและเป็นที่รู้จักในช่วงกลางทศวรรษที่ 1970 พังก์ร็อกได้พัฒนาระหว่างปี 1974 และ 1977 ในสหรัฐอเมริกา,สหราชอาณาจักร และ ออสเตรเลีย
(พังก์)

other choices: อุปกรณ์ / วางเพลิง / ผู้หักหลัง / ผู้ลักลอบ / ผู้ไห้สินบน / ผู้คิดการกบฏ / คนสิ้นคิด / ผู้ลี้ภัย / นักเลง / นกคุก / ผู้พาหนี / มาเฟีย / นางสาว / ฆาตกร / ผู้อยู่ในระหว่างการทดลองก่อนบวช / ผู้ยื่น / การต้มตุ๋น / พันธ์ / ผู้ลักลอบ / ขโมย / คนทรยศ / ฝ่าฝืน / 


พังก์___ (อังกฤษ: Punk rock) เป็นดนตรีร็อกประเภทหนึ่ง (โดยมากมักเรียกสั้นๆว่า พังก์) มีการเคลื่อนไหวและเป็นที่รู้จักในช่วงกลางทศวรรษที่ 1970 พังก์ร็อกได้พัฒนาระหว่างปี 1974 และ 1977 ในสหรัฐอเมริกา,สหราชอาณาจักร และ ออสเตรเลีย
(ร็อก)

other choices: รังไหมดิบ / ร่างกาย / ร่างกาย / ดาวเรียง / ตัวสีดำ / ร่างกาย / พรม / เทห์ฟากฟ้า / การรวบรวม / นักษัตร / ครอบคลุม / วัตถุนอกโลก / กลไก / รัง / หม้อน้ำรถยนต์ / ตัวอย่าง / ยุ่งเหยิง / จักรวาล / ส่วนพืช / 


พังก์ร็อก (___: Punk rock) เป็นดนตรีร็อกประเภทหนึ่ง (โดยมากมักเรียกสั้นๆว่า พังก์) มีการเคลื่อนไหวและเป็นที่รู้จักในช่วงกลางทศวรรษที่ 1970 พังก์ร็อกได้พัฒนาระหว่างปี 1974 และ 1977 ในสหรัฐอเมริกา,สหราชอาณาจักร และ ออสเตรเลีย
(อังกฤษ)

other choices: แหลมบอลข่าน / สาธารณรัฐเช็ก / สโลวะเกีย / ประเทศเยอรมัน / เยอรมนีตะวันออก / เยอรมนีตะวันตก / ฟินแลนด์ / อิตาลี / โรมาเนีย / ยูโกสลาเวีย / โครเอเชีย / เซอร์เบีย / บอสเนียและเฮอร์เซโก / สโลวีเนีย / ออสเตรีย / ลานเดอร์ / เบลเยียม / ไอร์แลนด์เหนือ / ไอร์แลนด์ / ก็อตแลนด์ / ฝรั่งเศส / เนเธอร์แลนด์ / ฮังการี / ประเทศไอซ์แลนด์ / นสไตน์ / ลักเซมเบิร์ก / โมนาโก / โปแลนด์ / โปรตุเกส / ซานมารีโน / เบลารุส / มอลโดวา / อันดอร์รา / สเปน / ประเทศสวิสเซอร์แลนด์ / พระเห็น / 


พังก์ร็อก (อังกฤษ: Punk rock) เป็น___ร็อกประเภทหนึ่ง (โดยมากมักเรียกสั้นๆว่า พังก์) มีการเคลื่อนไหวและเป็นที่รู้จักในช่วงกลางทศวรรษที่ 1970 พังก์ร็อกได้พัฒนาระหว่างปี 1974 และ 1977 ในสหรัฐอเมริกา,สหราชอาณาจักร และ ออสเตรเลีย
(ดนตรี)

other choices: เสียง / การพูด / คำพูด / 


พังก์ร็อก (อังกฤษ: Punk rock) เป็นดนตรี___ประเภทหนึ่ง (โดยมากมักเรียกสั้นๆว่า พังก์) มีการเคลื่อนไหวและเป็นที่รู้จักในช่วงกลางทศวรรษที่ 1970 พังก์ร็อกได้พัฒนาระหว่างปี 1974 และ 1977 ในสหรัฐอเมริกา,สหราชอาณาจักร และ ออสเตรเลีย
(ร็อก)

other choices: รังไหมดิบ / ร่างกาย / ร่างกาย / ดาวเรียง / ตัวสีดำ / ร่างกาย / พรม / เทห์ฟากฟ้า / การรวบรวม / นักษัตร / ครอบคลุม / วัตถุนอกโลก / กลไก / รัง / หม้อน้ำรถยนต์ / ตัวอย่าง / ยุ่งเหยิง / จักรวาล / ส่วนพืช / 


พังก์ร็อก (อังกฤษ: Punk rock) เป็นดนตรีร็อกประเภทหนึ่ง (โดยมากมักเรียกสั้น___ว่า พังก์) มีการเคลื่อนไหวและเป็นที่รู้จักในช่วงกลางทศวรรษที่ 1970 พังก์ร็อกได้พัฒนาระหว่างปี 1974 และ 1977 ในสหรัฐอเมริกา,สหราชอาณาจักร และ ออสเตรเลีย
(ๆ)

other choices: เคสัน / เอลซี / อาราฟัต / ออกัส / เบคอน / บอลด์วิน / ฟอร์ / บารุค / เริ่ม / บิสมาร์ก / แบลร์ / โบติอุส / โบลิวาร์ / เบรจเน / บรูตัส / เบิร์ค / ซีซาร์ / เสียส / จางวาง / ม้านั่งยาว / เจียงไคเชก / เชอร์ชิล / ซิเซโร / ไคลฟ์ / Cosimo เดอเมดิชิ / รอมเวลล์ / เดวิส / เดอโกล / เติ้งเสี่ยวผิง / วาเลร่า / จิ้งจอก / คานธี / แกลดสโตน / สีเทา / แฮมิลตัน / เบอร์ก / โฮจิมินห์ / จิน / คาลี / ควน / ครุชชอ / สำคัญ / แมนเดลา / มาร์แชลล์ / เมียร์ / มิต / มอร์ริส / มูบารัก / อาร์คติก / นัส / เนห์รู / ทางทิศเหนือ / กาซา / พิตต์ / พิตต์ / ปอมเปย์ / พาวเวล / ปูติน / ซาดัต / เซเนกา / ช่างเหล็ก / เขม่า / ซูฮาร์โต / ซูการ์โน / มีมลทิน / ซุนยัตเซ็น / ตีโต้ / วาร์กัส / วอล์ / เวลลิงตัน / 


พังก์ร็อก (อังกฤษ: Punk rock) เป็นดนตรีร็อกประเภทหนึ่ง (โดยมากมักเรียกสั้นๆว่า พังก์) มีการเคลื่อนไหวและเป็นที่รู้จักใน___กลางทศวรรษที่ 1970 พังก์ร็อกได้พัฒนาระหว่างปี 1974 และ 1977 ในสหรัฐอเมริกา,สหราชอาณาจักร และ ออสเตรเลีย
(ช่วง)

other choices: ระยะเวลาการทดลอง / กรอบเวลา / ความสง่างาม / ชั่วโมง / หยุดทำงาน / เวลางาน / เวลาปิด / การแข่งขัน / รักษาในโรงพยาบาล / เวลาเที่ยว / ครั้ง / เวลา / เวลาที่ผ่านไป / ระยะเวลา / สัปดาห์ / กลางสัปดาห์ / วันเขต / ชีวิต / ชีวิต / ชีวิต / สหัสวรรษ / อาชีพ / อดีต / อายุการเก็บรักษา / ระยะหลังคลอด / การให้น้ำนม / เวลาในชีวิต / วันตามปฏิทิน / งานเทศกาล / วัน / ตอนเช้า / กลางคืน / กลางคืน / กลางคืน / กลางคืน / วันก่อนวันหยุด / ตอนเย็น / สัปดาห์ / ปักษ์ / สุดสัปดาห์ / ฤดูร้อนของอินเดีย / ปี / โรงเรียน / ปี / ปี / เทอม / โอลิมปิก / ทศวรรษ / ศตวรรษ / ครบห้าปี / ครึ่งศตวรรษ / ไตรมาสศตวรรษ / ย่าน / ขั้นตอนของดวงจันทร์ / วัน / เดือนปฏิทิน / ช่วงกลางเดือนมกราคม / กลางเดือนกุมภาพันธ์ / ช่วงกลางเดือนมีนาคม / ช่วงกลางเดือนเมษายน / ช่วงกลางเดือนพฤษภาคม / กลางเดือนมิถุนายน / กลางเดือนกรกฎาคม / ช่วงกลางเดือนสิงหาคม / กลางเดือนกันยายน / ช่วงกลางเดือนตุลาคม / ช่วงกลางเดือนพฤศจิกายน / ช่วงกลางเดือนธันวาคม / เวลาที่ จำกัด / วาระ / การตั้งครรภ์ / ชั่วโมง / ฤดูกาลโง่ / วัยทอง / สีเงินอายุ / ยุคสำริด / ยุคเหล็ก / ปีที่ดี / เวลาการควบคุม / ล่วงเวลา / ฤดู / วันสุนัข / กลางฤดูหนาว / ฤดู / ฤดู / เวลานาน / ระยะยาว / ภัยแล้ง / ยุค / รุ่น / ประวัติศาสตร์ / รัชกาล / วิ่ง / หนุ่ม / รุ่งอรุณ / ตอนเย็น / เวลา / นอน / เช่า / ครึ่งชีวิต / น้ำขึ้นน้ำลง / หลายขั้นตอน / ดู / เวลาสงบ / เวลาทำสงคราม / การเกณฑ์ / ดื่มน้ำผึ้งพระจันทร์ / ข้อห้าม / ระยะฟักตัว / วันที่ฝนตก / ช่วงที่เป็นสามเณร / ดอกไม้ / เวลาทำงาน / เวลาแข็งตัว / แจ้งเตือนทางอากาศ / เวลาคำถาม / เวลาจริง / เวลาจริง / ศึกษาในห้องโถง / หน้าต่าง / 


พังก์ร็อก (อังกฤษ: Punk rock) เป็นดนตรีร็อกประเภทหนึ่ง (โดยมากมักเรียกสั้นๆว่า พังก์) มีการเคลื่อนไหวและเป็นที่รู้จักในช่วงกลาง___ที่ 1970 พังก์ร็อกได้พัฒนาระหว่างปี 1974 และ 1977 ในสหรัฐอเมริกา,สหราชอาณาจักร และ ออสเตรเลีย
(ทศวรรษ)

other choices: ระยะเวลาการทดลอง / กรอบเวลา / ความสง่างาม / ชั่วโมง / หยุดทำงาน / เวลางาน / เวลาปิด / การแข่งขัน / รักษาในโรงพยาบาล / เวลาเที่ยว / ครั้ง / เวลา / เวลาที่ผ่านไป / ระยะเวลา / สัปดาห์ / กลางสัปดาห์ / วันเขต / ชีวิต / ชีวิต / ชีวิต / สหัสวรรษ / อาชีพ / อดีต / อายุการเก็บรักษา / ระยะหลังคลอด / การให้น้ำนม / เวลาในชีวิต / วันตามปฏิทิน / งานเทศกาล / วัน / ตอนเช้า / กลางคืน / กลางคืน / กลางคืน / กลางคืน / วันก่อนวันหยุด / ตอนเย็น / สัปดาห์ / ปักษ์ / สุดสัปดาห์ / ฤดูร้อนของอินเดีย / ปี / โรงเรียน / ปี / ปี / เทอม / โอลิมปิก / ศตวรรษ / ครบห้าปี / ครึ่งศตวรรษ / ไตรมาสศตวรรษ / ย่าน / ขั้นตอนของดวงจันทร์ / วัน / เดือนปฏิทิน / ช่วงกลางเดือนมกราคม / กลางเดือนกุมภาพันธ์ / ช่วงกลางเดือนมีนาคม / ช่วงกลางเดือนเมษายน / ช่วงกลางเดือนพฤษภาคม / กลางเดือนมิถุนายน / กลางเดือนกรกฎาคม / ช่วงกลางเดือนสิงหาคม / กลางเดือนกันยายน / ช่วงกลางเดือนตุลาคม / ช่วงกลางเดือนพฤศจิกายน / ช่วงกลางเดือนธันวาคม / เวลาที่ จำกัด / วาระ / การตั้งครรภ์ / ชั่วโมง / ฤดูกาลโง่ / วัยทอง / สีเงินอายุ / ยุคสำริด / ยุคเหล็ก / ปีที่ดี / เวลาการควบคุม / ล่วงเวลา / ฤดู / วันสุนัข / กลางฤดูหนาว / ฤดู / ฤดู / เวลานาน / ระยะยาว / ภัยแล้ง / ยุค / รุ่น / ประวัติศาสตร์ / รัชกาล / วิ่ง / หนุ่ม / รุ่งอรุณ / ตอนเย็น / เวลา / นอน / เช่า / ครึ่งชีวิต / น้ำขึ้นน้ำลง / ระยะ / หลายขั้นตอน / ดู / เวลาสงบ / เวลาทำสงคราม / การเกณฑ์ / ดื่มน้ำผึ้งพระจันทร์ / ข้อห้าม / ระยะฟักตัว / วันที่ฝนตก / ช่วงที่เป็นสามเณร / ดอกไม้ / เวลาทำงาน / เวลาแข็งตัว / แจ้งเตือนทางอากาศ / เวลาคำถาม / เวลาจริง / เวลาจริง / ศึกษาในห้องโถง / หน้าต่าง / 


พังก์ร็อก (อังกฤษ: Punk rock) เป็นดนตรีร็อกประเภทหนึ่ง (โดยมากมักเรียกสั้นๆว่า พังก์) มีการเคลื่อนไหวและเป็นที่รู้จักในช่วงกลางทศวรรษที่ 1970 ___ร็อกได้พัฒนาระหว่างปี 1974 และ 1977 ในสหรัฐอเมริกา,สหราชอาณาจักร และ ออสเตรเลีย
(พังก์)

other choices: อุปกรณ์ / วางเพลิง / ผู้หักหลัง / ผู้ลักลอบ / ผู้ไห้สินบน / ผู้คิดการกบฏ / คนสิ้นคิด / ผู้ลี้ภัย / นักเลง / นกคุก / ผู้พาหนี / มาเฟีย / นางสาว / ฆาตกร / ผู้อยู่ในระหว่างการทดลองก่อนบวช / ผู้ยื่น / การต้มตุ๋น / พันธ์ / ผู้ลักลอบ / ขโมย / คนทรยศ / ฝ่าฝืน / 


พังก์ร็อก (อังกฤษ: Punk rock) เป็นดนตรีร็อกประเภทหนึ่ง (โดยมากมักเรียกสั้นๆว่า พังก์) มีการเคลื่อนไหวและเป็นที่รู้จักในช่วงกลางทศวรรษที่ 1970 พังก์___ได้พัฒนาระหว่างปี 1974 และ 1977 ในสหรัฐอเมริกา,สหราชอาณาจักร และ ออสเตรเลีย
(ร็อก)

other choices: รังไหมดิบ / ร่างกาย / ร่างกาย / ดาวเรียง / ตัวสีดำ / ร่างกาย / พรม / เทห์ฟากฟ้า / การรวบรวม / นักษัตร / ครอบคลุม / วัตถุนอกโลก / กลไก / รัง / หม้อน้ำรถยนต์ / ตัวอย่าง / ยุ่งเหยิง / จักรวาล / ส่วนพืช / 


พังก์ร็อก (อังกฤษ: Punk rock) เป็นดนตรีร็อกประเภทหนึ่ง (โดยมากมักเรียกสั้นๆว่า พังก์) มีการเคลื่อนไหวและเป็นที่รู้จักในช่วงกลางทศวรรษที่ 1970 พังก์ร็อกได้พัฒนาระหว่าง___ 1974 และ 1977 ในสหรัฐอเมริกา,สหราชอาณาจักร และ ออสเตรเลีย
(ปี)

other choices: ระยะเวลาการทดลอง / กรอบเวลา / ความสง่างาม / ชั่วโมง / หยุดทำงาน / เวลางาน / เวลาปิด / การแข่งขัน / รักษาในโรงพยาบาล / เวลาเที่ยว / ครั้ง / เวลา / เวลาที่ผ่านไป / ระยะเวลา / สัปดาห์ / กลางสัปดาห์ / วันเขต / ชีวิต / ชีวิต / ชีวิต / สหัสวรรษ / อาชีพ / อดีต / อายุการเก็บรักษา / ระยะหลังคลอด / การให้น้ำนม / เวลาในชีวิต / วันตามปฏิทิน / งานเทศกาล / วัน / ตอนเช้า / กลางคืน / กลางคืน / กลางคืน / กลางคืน / วันก่อนวันหยุด / ตอนเย็น / สัปดาห์ / ปักษ์ / สุดสัปดาห์ / ฤดูร้อนของอินเดีย / ปี / โรงเรียน / ปี / เทอม / โอลิมปิก / ทศวรรษ / ศตวรรษ / ครบห้าปี / ครึ่งศตวรรษ / ไตรมาสศตวรรษ / ย่าน / ขั้นตอนของดวงจันทร์ / วัน / เดือนปฏิทิน / ช่วงกลางเดือนมกราคม / กลางเดือนกุมภาพันธ์ / ช่วงกลางเดือนมีนาคม / ช่วงกลางเดือนเมษายน / ช่วงกลางเดือนพฤษภาคม / กลางเดือนมิถุนายน / กลางเดือนกรกฎาคม / ช่วงกลางเดือนสิงหาคม / กลางเดือนกันยายน / ช่วงกลางเดือนตุลาคม / ช่วงกลางเดือนพฤศจิกายน / ช่วงกลางเดือนธันวาคม / เวลาที่ จำกัด / วาระ / การตั้งครรภ์ / ชั่วโมง / ฤดูกาลโง่ / วัยทอง / สีเงินอายุ / ยุคสำริด / ยุคเหล็ก / ปีที่ดี / เวลาการควบคุม / ล่วงเวลา / ฤดู / วันสุนัข / กลางฤดูหนาว / ฤดู / ฤดู / เวลานาน / ระยะยาว / ภัยแล้ง / ยุค / รุ่น / ประวัติศาสตร์ / รัชกาล / วิ่ง / หนุ่ม / รุ่งอรุณ / ตอนเย็น / เวลา / นอน / เช่า / ครึ่งชีวิต / น้ำขึ้นน้ำลง / ระยะ / หลายขั้นตอน / ดู / เวลาสงบ / เวลาทำสงคราม / การเกณฑ์ / ดื่มน้ำผึ้งพระจันทร์ / ข้อห้าม / ระยะฟักตัว / วันที่ฝนตก / ช่วงที่เป็นสามเณร / ดอกไม้ / เวลาทำงาน / เวลาแข็งตัว / แจ้งเตือนทางอากาศ / เวลาคำถาม / เวลาจริง / เวลาจริง / ศึกษาในห้องโถง / หน้าต่าง / 


พังก์ร็อก (อังกฤษ: Punk rock) เป็นดนตรีร็อกประเภทหนึ่ง (โดยมากมักเรียกสั้นๆว่า พังก์) มีการเคลื่อนไหวและเป็นที่รู้จักในช่วงกลางทศวรรษที่ 1970 พังก์ร็อกได้พัฒนาระหว่างปี 1974 และ 1977 ใน___,สหราชอาณาจักร และ ออสเตรเลีย
(สหรัฐอเมริกา)

other choices: เม็กซิโก / แคนาดา / 


พังก์ร็อก (อังกฤษ: Punk rock) เป็นดนตรีร็อกประเภทหนึ่ง (โดยมากมักเรียกสั้นๆว่า พังก์) มีการเคลื่อนไหวและเป็นที่รู้จักในช่วงกลางทศวรรษที่ 1970 พังก์ร็อกได้พัฒนาระหว่างปี 1974 และ 1977 ในสหรัฐอเมริกา,___ และ ออสเตรเลีย
(สหราชอาณาจักร)

other choices: อิสราเอล / 


พังก์ร็อก (อังกฤษ: Punk rock) เป็นดนตรีร็อกประเภทหนึ่ง (โดยมากมักเรียกสั้นๆว่า พังก์) มีการเคลื่อนไหวและเป็นที่รู้จักในช่วงกลางทศวรรษที่ 1970 พังก์ร็อกได้พัฒนาระหว่างปี 1974 และ 1977 ในสหรัฐอเมริกา,สหราชอาณาจักร และ ___
(ออสเตรเลีย)

other choices: แอนติกาและบาร์บูดา / เคปเวิร์ด / ศรีลังกา / คอโมโรส / คิวบา / ไฮติ / สาธารณรัฐโดมินิกัน / เกาะจาเมกา / บาร์เบโดส / ตรินิแดดและโตเบโก / ประเทศไซปรัส / โดมินิกา / ติมอร์ตะวันออก / ฟิจิ / อิสราเอล / ปรโลก / ไมโครนีเซีย / หมู่เกาะมาร์แชลล์ / ตูวาลู / ประเทศคิริบาส / ประเทศนาอูรู / ปาปัวนิวกินี / บาฮามาส / อินโดนีเซีย / เกรเนดา / มัลดีฟส์ / เกาะมอลตา / มอริเชียส / นิวซีแลนด์ / ปาเลา / ฟิลิปปินส์ / คิตส์และเนวิสนักบุญ / เซนต์ลูเซีย / เซนต์วินเซนต์และเกรนาดีน / ซามัว / Sao Tome Principe และ / เซเชลส์ / หมู่เกาะโซโลมอน / มาตุภูมิ / สหภาพโซเวียต / รัสเซีย / ยูเครน / เติร์กเมนิสถาน / ตองกา / ตุรกี / วานูอาตู / 


===============================

โดยมีวงอย่าง เดอะราโมนส์, เซ็กซ์พิสทอลส์ และ เดอะแคลช ที่เป็นที่รู้จักในฐานะแนวหน้าของดนตรีประเภทนี้

===============================

โดยมี___อย่าง เดอะราโมนส์, เซ็กซ์พิสทอลส์ และ เดอะแคลช ที่เป็นที่รู้จักในฐานะแนวหน้าของดนตรีประเภทนี้
(วง)

other choices: หัวเข็มขัด / ปุ่ม / จับ / เข็มกลัด / พุก / การพับหัว / คลิป / หนีบผ้า / กรูลูกฟูก / สลักชนิดผ่า / เดือย / เนื้อไม่มีมัน / ตะขอและตา / ปม / การเฆี่ยน / ลิงค์ / ล็อค / ตู้ / เล็บ / ถั่วและสายฟ้า / กรูกระดาษ / หมุด / สกรู / ตราประทับ / ขี้ผึ้งปิดผนึก / ซิป / ตะครุบ / ข้อศอก / สายฟ้าสลับ / 


โดยมีวงอย่าง เดอะรา___ส์, เซ็กซ์พิสทอลส์ และ เดอะแคลช ที่เป็นที่รู้จักในฐานะแนวหน้าของดนตรีประเภทนี้
(โมน)

other choices: เพื่อประชา / กฎของกฎหมาย / ความเงียบสงบ / ความสามัคคี / ความมั่นคง / 


โดยมีวงอย่าง เดอะราโมน___, เซ็กซ์พิสทอลส์ และ เดอะแคลช ที่เป็นที่รู้จักในฐานะแนวหน้าของดนตรีประเภทนี้
(ส์)

other choices: หน้าผาที่อยู่อาศัย / คอนโดมิเนียม / ผู้ให้บริการด้านบน / ครอบครัว / อาศรม / ที่อยู่อาศัย / ทะเลสาบที่อยู่อาศัย / โรงแรม / บ้านแฝด / บ้านพักตากอากาศ / จิตวิเคราะห์ / 


โดยมีวงอย่าง เดอะราโมนส์, ___พิสทอลส์ และ เดอะแคลช ที่เป็นที่รู้จักในฐานะแนวหน้าของดนตรีประเภทนี้
(เซ็กซ์)

other choices: ควบคุม / การหายใจ / การหายใจ / ลมหายใจ / การบริโภค / การเพาะเชื้อ / นอนหลับ / ปฏิกิริยา / กึกก้อง / ปล่อย / ให้เป็นหนอง / ที่รักษา / น้ำตาไหล / การให้น้ำนม / เหงื่อ / พิโนไซโตซิส / การฟอกหนัง / การระเหย / 


โดยมีวงอย่าง เดอะราโมนส์, เซ็กซ์พิส___ลส์ และ เดอะแคลช ที่เป็นที่รู้จักในฐานะแนวหน้าของดนตรีประเภทนี้
(ทอ)

other choices: การทำปกหนังสือ / เย็บปักถักร้อย / การปั่นด้าย / การถัก / การถัก / ทำลูกไม้ / เย็บปักถักร้อย / 


โดยมีวงอย่าง เดอะราโมนส์, เซ็กซ์พิสทอลส์ และ เดอะ___ ที่เป็นที่รู้จักในฐานะแนวหน้าของดนตรีประเภทนี้
(แคลช)

other choices: ปัง / การต่อสู้ / เห่า / ส่งเสียงดัง / ความเจริญ / เรื่องไร้สาระ / เรื่องไร้สาระ / ซัก / พูดละล่ำละลัก / เสียงดัง / ร้าว / ประทุ / เสียงดังเอี๊ยด / กระทืบ / ดิงดอง / การระเบิด / ตะแกรง / ที่บด / เสี้ยงฮึดฮัดแสดงความไม่พอใจ / ฟ่อ / เห่าหอน / เสียงขรม / ครวญเพลง / หอบ / ป๋อม / อวบ / แร็กเกต / สั่น / รายงาน / ดังก้อง / ทำให้เกิดเสียงกรอบแกรบ / ถู / กรีด / เสียงขรม / เสียงแฉ่ ๆ / เสียงดังปัง / ตะครุบ / กรน / โปรยลงมา / สาด / บ่น / รับสารภาพ / ฟ้าร้อง / 


โดยมีวงอย่าง เดอะราโมนส์, เซ็กซ์พิสทอลส์ และ เดอะแคลช ที่เป็นที่รู้จักใน___แนวหน้าของดนตรีประเภทนี้
(ฐานะ)

other choices: จุดบอด / สะดือ / จุด McBurney ของ / ปม / การเริ่มต้น / จุดบนท้องฟ้า / ศูนย์ / มุม / ที่ข้าม / โฟกัส / จุดทางภูมิศาสตร์ / จุดร้อน / กลางเวหา / ตัวค้ำ / ตำแหน่ง / กดจุด / ตำแหน่งทางทหาร / มุม / จุดภูมิประเทศ / ยาจุด / โฟกัส / หลุม / โฟกัส / 


โดยมีวงอย่าง เดอะราโมนส์, เซ็กซ์พิสทอลส์ และ เดอะแคลช ที่เป็นที่รู้จักในฐานะ___ของดนตรีประเภทนี้
(แนวหน้า)

other choices: คณะ / แผนก / กลุ่มต่อต้าน / กองทหาร / กองพลน้อย / กองพัน / บริษัท / กองทหาร / การปลด / มาตรา / ทีม / กองร้อย / กองร้อย / ปืนใหญ่ / จำพวกปืนคาบศิลา / กองทหารม้า / ทหารราบ / 


โดยมีวงอย่าง เดอะราโมนส์, เซ็กซ์พิสทอลส์ และ เดอะแคลช ที่เป็นที่รู้จักในฐานะแนวหน้าของ___ประเภทนี้
(ดนตรี)

other choices: เสียง / การพูด / คำพูด / 


===============================

ลักษณะดนตรีแบบ พังก์ร็อกมีลักษณะท่วงทำนองที่รุนแรง หยาบกระด้าง ด้วยความขาดทักษะของการเล่นดนตรี ส่วนการร้องก็จะเป็น "ตะโกน"หรือ "บ่น" และแฝงนัยยะของ "การต่อต้าน " และการยกย่อง "ความเป็นเลิศ" เครื่องดนตรีจะประกอบด้วย กีตาร์ไฟฟ้า 1 หรือ 2 ตัว ,เบสไฟฟ้าและชุดกลอง มักมีการเล่นแบบ 2 คอร์ด เพลงพังก์มักมีความยาวระหว่าง 2 ถึง 2 นาทีครึ่ง มีบางเพลงมีความยาวน้อยกว่า 1 นาทีก็มี เพลงพังก์ในช่วงแรกรับอิทธิพลจากร็อกแอนด์โรลคือมีท่อนประสานเสียง

===============================

___ดนตรีแบบ พังก์ร็อกมีลักษณะท่วงทำนองที่รุนแรง หยาบกระด้าง ด้วยความขาดทักษะของการเล่นดนตรี ส่วนการร้องก็จะเป็น "ตะโกน"หรือ "บ่น" และแฝงนัยยะของ "การต่อต้าน " และการยกย่อง "ความเป็นเลิศ" เครื่องดนตรีจะประกอบด้วย กีตาร์ไฟฟ้า 1 หรือ 2 ตัว ,เบสไฟฟ้าและชุดกลอง มักมีการเล่นแบบ 2 คอร์ด เพลงพังก์มักมีความยาวระหว่าง 2 ถึง 2 นาทีครึ่ง มีบางเพลงมีความยาวน้อยกว่า 1 นาทีก็มี เพลงพังก์ในช่วงแรกรับอิทธิพลจากร็อกแอนด์โรลคือมีท่อนประสานเสียง
(ลักษณะ)

other choices: การปรากฏ / เสน่ห์ / ความชัดเจน / ความทึบแสง / หาร / ความสะดวก / ความยาก / ติดไฟ / ความเหมาะสม / ประทับใจ / ความสามารถเดินเรือได้ / ความยากจน / ความรวดร้าว / ความน่าสนใจ / การเผยแพร่ / ความไม่เหมาะสม / ปกป้อง / เป็นมนุษย์ / อากาศ / ความเป็นเลิศ / ที่สุด / ลักษณะเฉพาะ / ความเหมาะที่จะขาย / ความเหมือนกัน / ข้อแตกต่าง / ความเชื่อมั่น / ความน่าจะเป็น / ความไม่แน่นอน / ความสำคัญ / ไม่มีสาระสำคัญ / ความพิลึก / สภาพทั่วไป / ความง่าย / ความซับซ้อน / ความสม่ำเสมอ / ความผิดปกติ / การเคลื่อนไหว / การไม่สามารถเคลื่อน / ความรื่นรมย์ / ความไม่ราบรื่น / ความน่าเชื่อถือ / สิ่งเหลือเชื่อ / การไม่สมเหตุผล / ความธรรมดา / ความบริสุทธ์ / บาปอกุศล / ความตามปกติ / เชื้อชาติ / ความคิดริเริ่ม / ความถูกต้อง / ความไม่ถูกต้อง / ความถูกต้อง / ความถูกต้อง / ความไม่แน่นอน / ความนิยม / ความไม่แพร่หลาย / การปฏิบัติตามกฎหมาย / ฟ้อง / ความงดงาม / ความงดงาม / ความไม่ประณีต / ความอ่อนโยน / ความสามารถเข้าใจ / ลึกซึ้ง / ความเป็นมนุษย์ / ศีลธรรม / การผิดศีลธรรม / แจง / เทพบุตร / ความศักดิ์สิทธิ์ / และจุดเด่นที่ / คุณภาพของผู้ปกครอง / ความจงรักภักดี / ความไม่ซื่อสัตย์ / ความซับซ้อน / ความไร้เดียงสา / ความแข็ง / การไม่ยอมรับ / ทิศทาง / ความโอหัง / ความพอเพียง / คุ้มค่า / ความเหลวแหลก / ดี / ไม่ดี / บรรลุผล / การเป็นหมัน / ประโยชน์ / สินทรัพย์ / การทำลายล้าง / ความเป็นการปฏิเสธ / อำนาจ / ความสามารถ / ความปราศจากอำนาจ / การไร้ความสามารถ / แนวโรแมนติก / นิสัยชอบบ้าน / ความมิเขฅ จำกัด / สามารถในการละลาย / ความแก้ไม่ตก / สิ่ง / สิ่งที่ร้อน / อารมณ์ขัน / สิ่งที่น่าสมเพช / น้ำเสียง / ความสัมพันธ์ / การตอบสนอง / ไม่ตอบสนอง / ความบ้าเห่อ / 


ลักษณะ___แบบ พังก์ร็อกมีลักษณะท่วงทำนองที่รุนแรง หยาบกระด้าง ด้วยความขาดทักษะของการเล่นดนตรี ส่วนการร้องก็จะเป็น "ตะโกน"หรือ "บ่น" และแฝงนัยยะของ "การต่อต้าน " และการยกย่อง "ความเป็นเลิศ" เครื่องดนตรีจะประกอบด้วย กีตาร์ไฟฟ้า 1 หรือ 2 ตัว ,เบสไฟฟ้าและชุดกลอง มักมีการเล่นแบบ 2 คอร์ด เพลงพังก์มักมีความยาวระหว่าง 2 ถึง 2 นาทีครึ่ง มีบางเพลงมีความยาวน้อยกว่า 1 นาทีก็มี เพลงพังก์ในช่วงแรกรับอิทธิพลจากร็อกแอนด์โรลคือมีท่อนประสานเสียง
(ดนตรี)

other choices: เสียง / การพูด / คำพูด / 


ลักษณะดนตรี___ พังก์ร็อกมีลักษณะท่วงทำนองที่รุนแรง หยาบกระด้าง ด้วยความขาดทักษะของการเล่นดนตรี ส่วนการร้องก็จะเป็น "ตะโกน"หรือ "บ่น" และแฝงนัยยะของ "การต่อต้าน " และการยกย่อง "ความเป็นเลิศ" เครื่องดนตรีจะประกอบด้วย กีตาร์ไฟฟ้า 1 หรือ 2 ตัว ,เบสไฟฟ้าและชุดกลอง มักมีการเล่นแบบ 2 คอร์ด เพลงพังก์มักมีความยาวระหว่าง 2 ถึง 2 นาทีครึ่ง มีบางเพลงมีความยาวน้อยกว่า 1 นาทีก็มี เพลงพังก์ในช่วงแรกรับอิทธิพลจากร็อกแอนด์โรลคือมีท่อนประสานเสียง
(แบบ)

other choices: น่าสงสัย / การเก็งกำไร / การสันนิษฐาน / 


ลักษณะดนตรีแบบ ___ร็อกมีลักษณะท่วงทำนองที่รุนแรง หยาบกระด้าง ด้วยความขาดทักษะของการเล่นดนตรี ส่วนการร้องก็จะเป็น "ตะโกน"หรือ "บ่น" และแฝงนัยยะของ "การต่อต้าน " และการยกย่อง "ความเป็นเลิศ" เครื่องดนตรีจะประกอบด้วย กีตาร์ไฟฟ้า 1 หรือ 2 ตัว ,เบสไฟฟ้าและชุดกลอง มักมีการเล่นแบบ 2 คอร์ด เพลงพังก์มักมีความยาวระหว่าง 2 ถึง 2 นาทีครึ่ง มีบางเพลงมีความยาวน้อยกว่า 1 นาทีก็มี เพลงพังก์ในช่วงแรกรับอิทธิพลจากร็อกแอนด์โรลคือมีท่อนประสานเสียง
(พังก์)

other choices: อุปกรณ์ / วางเพลิง / ผู้หักหลัง / ผู้ลักลอบ / ผู้ไห้สินบน / ผู้คิดการกบฏ / คนสิ้นคิด / ผู้ลี้ภัย / นักเลง / นกคุก / ผู้พาหนี / มาเฟีย / นางสาว / ฆาตกร / ผู้อยู่ในระหว่างการทดลองก่อนบวช / ผู้ยื่น / การต้มตุ๋น / พันธ์ / ผู้ลักลอบ / ขโมย / คนทรยศ / ฝ่าฝืน / 


ลักษณะดนตรีแบบ พังก์___มีลักษณะท่วงทำนองที่รุนแรง หยาบกระด้าง ด้วยความขาดทักษะของการเล่นดนตรี ส่วนการร้องก็จะเป็น "ตะโกน"หรือ "บ่น" และแฝงนัยยะของ "การต่อต้าน " และการยกย่อง "ความเป็นเลิศ" เครื่องดนตรีจะประกอบด้วย กีตาร์ไฟฟ้า 1 หรือ 2 ตัว ,เบสไฟฟ้าและชุดกลอง มักมีการเล่นแบบ 2 คอร์ด เพลงพังก์มักมีความยาวระหว่าง 2 ถึง 2 นาทีครึ่ง มีบางเพลงมีความยาวน้อยกว่า 1 นาทีก็มี เพลงพังก์ในช่วงแรกรับอิทธิพลจากร็อกแอนด์โรลคือมีท่อนประสานเสียง
(ร็อก)

other choices: รังไหมดิบ / ร่างกาย / ร่างกาย / ดาวเรียง / ตัวสีดำ / ร่างกาย / พรม / เทห์ฟากฟ้า / การรวบรวม / นักษัตร / ครอบคลุม / วัตถุนอกโลก / กลไก / รัง / หม้อน้ำรถยนต์ / ตัวอย่าง / ยุ่งเหยิง / จักรวาล / ส่วนพืช / 


ลักษณะดนตรีแบบ พังก์ร็อกมี___ท่วงทำนองที่รุนแรง หยาบกระด้าง ด้วยความขาดทักษะของการเล่นดนตรี ส่วนการร้องก็จะเป็น "ตะโกน"หรือ "บ่น" และแฝงนัยยะของ "การต่อต้าน " และการยกย่อง "ความเป็นเลิศ" เครื่องดนตรีจะประกอบด้วย กีตาร์ไฟฟ้า 1 หรือ 2 ตัว ,เบสไฟฟ้าและชุดกลอง มักมีการเล่นแบบ 2 คอร์ด เพลงพังก์มักมีความยาวระหว่าง 2 ถึง 2 นาทีครึ่ง มีบางเพลงมีความยาวน้อยกว่า 1 นาทีก็มี เพลงพังก์ในช่วงแรกรับอิทธิพลจากร็อกแอนด์โรลคือมีท่อนประสานเสียง
(ลักษณะ)

other choices: การปรากฏ / เสน่ห์ / ความชัดเจน / ความทึบแสง / หาร / ความสะดวก / ความยาก / ติดไฟ / ความเหมาะสม / ประทับใจ / ความสามารถเดินเรือได้ / ความยากจน / ความรวดร้าว / ความน่าสนใจ / การเผยแพร่ / ความไม่เหมาะสม / ปกป้อง / เป็นมนุษย์ / อากาศ / ความเป็นเลิศ / ที่สุด / ลักษณะเฉพาะ / ความเหมาะที่จะขาย / ความเหมือนกัน / ข้อแตกต่าง / ความเชื่อมั่น / ความน่าจะเป็น / ความไม่แน่นอน / ความสำคัญ / ไม่มีสาระสำคัญ / ความพิลึก / สภาพทั่วไป / ความง่าย / ความซับซ้อน / ความสม่ำเสมอ / ความผิดปกติ / การเคลื่อนไหว / การไม่สามารถเคลื่อน / ความรื่นรมย์ / ความไม่ราบรื่น / ความน่าเชื่อถือ / สิ่งเหลือเชื่อ / การไม่สมเหตุผล / ความธรรมดา / ความบริสุทธ์ / บาปอกุศล / ความตามปกติ / เชื้อชาติ / ความคิดริเริ่ม / ความถูกต้อง / ความไม่ถูกต้อง / ความถูกต้อง / ความถูกต้อง / ความไม่แน่นอน / ความนิยม / ความไม่แพร่หลาย / การปฏิบัติตามกฎหมาย / ฟ้อง / ความงดงาม / ความงดงาม / ความไม่ประณีต / ความอ่อนโยน / ความสามารถเข้าใจ / ลึกซึ้ง / ความเป็นมนุษย์ / ศีลธรรม / การผิดศีลธรรม / แจง / เทพบุตร / ความศักดิ์สิทธิ์ / และจุดเด่นที่ / คุณภาพของผู้ปกครอง / ความจงรักภักดี / ความไม่ซื่อสัตย์ / ความซับซ้อน / ความไร้เดียงสา / ความแข็ง / การไม่ยอมรับ / ทิศทาง / ความโอหัง / ความพอเพียง / คุ้มค่า / ความเหลวแหลก / ดี / ไม่ดี / บรรลุผล / การเป็นหมัน / ประโยชน์ / สินทรัพย์ / การทำลายล้าง / ความเป็นการปฏิเสธ / อำนาจ / ความสามารถ / ความปราศจากอำนาจ / การไร้ความสามารถ / แนวโรแมนติก / นิสัยชอบบ้าน / ความมิเขฅ จำกัด / สามารถในการละลาย / ความแก้ไม่ตก / สิ่ง / สิ่งที่ร้อน / อารมณ์ขัน / สิ่งที่น่าสมเพช / น้ำเสียง / ความสัมพันธ์ / การตอบสนอง / ไม่ตอบสนอง / ความบ้าเห่อ / 


ลักษณะดนตรีแบบ พังก์ร็อกมีลักษณะ___ที่รุนแรง หยาบกระด้าง ด้วยความขาดทักษะของการเล่นดนตรี ส่วนการร้องก็จะเป็น "ตะโกน"หรือ "บ่น" และแฝงนัยยะของ "การต่อต้าน " และการยกย่อง "ความเป็นเลิศ" เครื่องดนตรีจะประกอบด้วย กีตาร์ไฟฟ้า 1 หรือ 2 ตัว ,เบสไฟฟ้าและชุดกลอง มักมีการเล่นแบบ 2 คอร์ด เพลงพังก์มักมีความยาวระหว่าง 2 ถึง 2 นาทีครึ่ง มีบางเพลงมีความยาวน้อยกว่า 1 นาทีก็มี เพลงพังก์ในช่วงแรกรับอิทธิพลจากร็อกแอนด์โรลคือมีท่อนประสานเสียง
(ท่วงทำนอง)

other choices: จังหวะเด้ง / 


ลักษณะดนตรีแบบ พังก์ร็อกมีลักษณะท่วงทำนองที่รุนแรง ___ ด้วยความขาดทักษะของการเล่นดนตรี ส่วนการร้องก็จะเป็น "ตะโกน"หรือ "บ่น" และแฝงนัยยะของ "การต่อต้าน " และการยกย่อง "ความเป็นเลิศ" เครื่องดนตรีจะประกอบด้วย กีตาร์ไฟฟ้า 1 หรือ 2 ตัว ,เบสไฟฟ้าและชุดกลอง มักมีการเล่นแบบ 2 คอร์ด เพลงพังก์มักมีความยาวระหว่าง 2 ถึง 2 นาทีครึ่ง มีบางเพลงมีความยาวน้อยกว่า 1 นาทีก็มี เพลงพังก์ในช่วงแรกรับอิทธิพลจากร็อกแอนด์โรลคือมีท่อนประสานเสียง
(หยาบกระด้าง)

other choices: ค่าย / ผ้ากันเปื้อน / เว็บไซต์ระเบิด / บริเวณตั้งแคมป์ / ป่าช้า / ขุด / กอง / ทางเรียบ / สีเขียว / เปิดตัวเว็บไซต์ / อนุสาวรีย์ / สถานที่ / ที / ไซต์ที่เป็นพิษ / 


ลักษณะดนตรีแบบ พังก์ร็อกมีลักษณะท่วงทำนองที่รุนแรง หยาบกระด้าง ด้วยความขาดทักษะของการเล่น___ ส่วนการร้องก็จะเป็น "ตะโกน"หรือ "บ่น" และแฝงนัยยะของ "การต่อต้าน " และการยกย่อง "ความเป็นเลิศ" เครื่องดนตรีจะประกอบด้วย กีตาร์ไฟฟ้า 1 หรือ 2 ตัว ,เบสไฟฟ้าและชุดกลอง มักมีการเล่นแบบ 2 คอร์ด เพลงพังก์มักมีความยาวระหว่าง 2 ถึง 2 นาทีครึ่ง มีบางเพลงมีความยาวน้อยกว่า 1 นาทีก็มี เพลงพังก์ในช่วงแรกรับอิทธิพลจากร็อกแอนด์โรลคือมีท่อนประสานเสียง
(ดนตรี)

other choices: เสียง / การพูด / คำพูด / 


ลักษณะดนตรีแบบ พังก์ร็อกมีลักษณะท่วงทำนองที่รุนแรง หยาบกระด้าง ด้วยความขาดทักษะของการเล่นดนตรี ___การร้องก็จะเป็น "ตะโกน"หรือ "บ่น" และแฝงนัยยะของ "การต่อต้าน " และการยกย่อง "ความเป็นเลิศ" เครื่องดนตรีจะประกอบด้วย กีตาร์ไฟฟ้า 1 หรือ 2 ตัว ,เบสไฟฟ้าและชุดกลอง มักมีการเล่นแบบ 2 คอร์ด เพลงพังก์มักมีความยาวระหว่าง 2 ถึง 2 นาทีครึ่ง มีบางเพลงมีความยาวน้อยกว่า 1 นาทีก็มี เพลงพังก์ในช่วงแรกรับอิทธิพลจากร็อกแอนด์โรลคือมีท่อนประสานเสียง
(ส่วน)

other choices: สมบัติ / ความสัมพันธ์ทางสังคม / ตำแหน่ง / ความเป็นเจ้าของ / เวรกรรม / ความสัมพันธ์ / ฟังก์ชัน / สมาคม / ความสัมพันธ์เชิงตรรกะ / ความสัมพันธ์ทางคณิตศาสตร์ / มูลนิธิ / สัมพันธ์ / ความสัมพันธ์ทางภาษา / ความเป็นพี่น้องกัน / ระบบเครือญาติ / ความสัมพันธ์ขนาด / ควบคุม / ความสัมพันธ์ทางธุรกิจ / การข้องกัน / ความสัมพันธ์ชั่วขณะ / การเปรียบเทียบ / ฝ่ายค้าน / เปลี่ยนแปลง / 


ลักษณะดนตรีแบบ พังก์ร็อกมีลักษณะท่วงทำนองที่รุนแรง หยาบกระด้าง ด้วยความขาดทักษะของการเล่นดนตรี ส่วนการร้องก็จะเป็น "ตะโกน"หรือ "บ่น" และแฝง___ยะของ "การต่อต้าน " และการยกย่อง "ความเป็นเลิศ" เครื่องดนตรีจะประกอบด้วย กีตาร์ไฟฟ้า 1 หรือ 2 ตัว ,เบสไฟฟ้าและชุดกลอง มักมีการเล่นแบบ 2 คอร์ด เพลงพังก์มักมีความยาวระหว่าง 2 ถึง 2 นาทีครึ่ง มีบางเพลงมีความยาวน้อยกว่า 1 นาทีก็มี เพลงพังก์ในช่วงแรกรับอิทธิพลจากร็อกแอนด์โรลคือมีท่อนประสานเสียง
(นัย)

other choices: การเปรียบเทียบ / ควันหลง / รากศัพท์ / การคาดการณ์ / ข้อสันนิษฐาน / 


ลักษณะดนตรีแบบ พังก์ร็อกมีลักษณะท่วงทำนองที่รุนแรง หยาบกระด้าง ด้วยความขาดทักษะของการเล่นดนตรี ส่วนการร้องก็จะเป็น "ตะโกน"หรือ "บ่น" และแฝงนัยยะของ "การต่อต้าน " และการ___ "ความเป็นเลิศ" เครื่องดนตรีจะประกอบด้วย กีตาร์ไฟฟ้า 1 หรือ 2 ตัว ,เบสไฟฟ้าและชุดกลอง มักมีการเล่นแบบ 2 คอร์ด เพลงพังก์มักมีความยาวระหว่าง 2 ถึง 2 นาทีครึ่ง มีบางเพลงมีความยาวน้อยกว่า 1 นาทีก็มี เพลงพังก์ในช่วงแรกรับอิทธิพลจากร็อกแอนด์โรลคือมีท่อนประสานเสียง
(ยกย่อง)

other choices: การอนุมัติ / อนุมัติ / ได้รับการยอมรับ / ความเมินเฉย / การอนุญาต / การให้กำลังใจ / เสียงไชโยโห่ร้อง / การปรบมือ / เชียร์ / ส่วย / 


ลักษณะดนตรีแบบ พังก์ร็อกมีลักษณะท่วงทำนองที่รุนแรง หยาบกระด้าง ด้วยความขาดทักษะของการเล่นดนตรี ส่วนการร้องก็จะเป็น "ตะโกน"หรือ "บ่น" และแฝงนัยยะของ "การต่อต้าน " และการยกย่อง "___" เครื่องดนตรีจะประกอบด้วย กีตาร์ไฟฟ้า 1 หรือ 2 ตัว ,เบสไฟฟ้าและชุดกลอง มักมีการเล่นแบบ 2 คอร์ด เพลงพังก์มักมีความยาวระหว่าง 2 ถึง 2 นาทีครึ่ง มีบางเพลงมีความยาวน้อยกว่า 1 นาทีก็มี เพลงพังก์ในช่วงแรกรับอิทธิพลจากร็อกแอนด์โรลคือมีท่อนประสานเสียง
(ความเป็นเลิศ)

other choices: การปรากฏ / เสน่ห์ / ความชัดเจน / ความทึบแสง / หาร / ความสะดวก / ความยาก / ติดไฟ / ความเหมาะสม / ประทับใจ / ความสามารถเดินเรือได้ / ความยากจน / ความรวดร้าว / ความน่าสนใจ / การเผยแพร่ / ความไม่เหมาะสม / ปกป้อง / ธรรมชาติ / เป็นมนุษย์ / อากาศ / ที่สุด / ลักษณะเฉพาะ / ความเหมาะที่จะขาย / ความเหมือนกัน / ข้อแตกต่าง / ความเชื่อมั่น / ความน่าจะเป็น / ความไม่แน่นอน / ความสำคัญ / ไม่มีสาระสำคัญ / ความพิลึก / สภาพทั่วไป / ความง่าย / ความซับซ้อน / ความสม่ำเสมอ / ความผิดปกติ / การเคลื่อนไหว / การไม่สามารถเคลื่อน / ความรื่นรมย์ / ความไม่ราบรื่น / ความน่าเชื่อถือ / สิ่งเหลือเชื่อ / การไม่สมเหตุผล / ความธรรมดา / ความบริสุทธ์ / บาปอกุศล / ความตามปกติ / เชื้อชาติ / ความคิดริเริ่ม / ความถูกต้อง / ความไม่ถูกต้อง / ความถูกต้อง / ความถูกต้อง / ความไม่แน่นอน / ความนิยม / ความไม่แพร่หลาย / การปฏิบัติตามกฎหมาย / ฟ้อง / ความงดงาม / ความงดงาม / ความไม่ประณีต / ความอ่อนโยน / ความสามารถเข้าใจ / ลึกซึ้ง / ความเป็นมนุษย์ / ศีลธรรม / การผิดศีลธรรม / แจง / เทพบุตร / ความศักดิ์สิทธิ์ / และจุดเด่นที่ / คุณภาพของผู้ปกครอง / ความจงรักภักดี / ความไม่ซื่อสัตย์ / ความซับซ้อน / ความไร้เดียงสา / ความแข็ง / การไม่ยอมรับ / ทิศทาง / ความโอหัง / ความพอเพียง / คุ้มค่า / ความเหลวแหลก / ดี / ไม่ดี / บรรลุผล / การเป็นหมัน / ประโยชน์ / สินทรัพย์ / การทำลายล้าง / ความเป็นการปฏิเสธ / อำนาจ / ความสามารถ / ความปราศจากอำนาจ / การไร้ความสามารถ / แนวโรแมนติก / นิสัยชอบบ้าน / ความมิเขฅ จำกัด / สามารถในการละลาย / ความแก้ไม่ตก / สิ่ง / สิ่งที่ร้อน / อารมณ์ขัน / สิ่งที่น่าสมเพช / น้ำเสียง / ความสัมพันธ์ / การตอบสนอง / ไม่ตอบสนอง / ความบ้าเห่อ / 


ลักษณะดนตรีแบบ พังก์ร็อกมีลักษณะท่วงทำนองที่รุนแรง หยาบกระด้าง ด้วยความขาดทักษะของการเล่นดนตรี ส่วนการร้องก็จะเป็น "ตะโกน"หรือ "บ่น" และแฝงนัยยะของ "การต่อต้าน " และการยกย่อง "ความเป็นเลิศ" เครื่องดนตรีจะประกอบด้วย ___ไฟฟ้า 1 หรือ 2 ตัว ,เบสไฟฟ้าและชุดกลอง มักมีการเล่นแบบ 2 คอร์ด เพลงพังก์มักมีความยาวระหว่าง 2 ถึง 2 นาทีครึ่ง มีบางเพลงมีความยาวน้อยกว่า 1 นาทีก็มี เพลงพังก์ในช่วงแรกรับอิทธิพลจากร็อกแอนด์โรลคือมีท่อนประสานเสียง
(กีตาร์)

other choices: แบนโจ / ซึงโค้งคำนับ / เปียโน / ขิม / ขิม / เปียโน / เครื่องดนตรีโบราณ / เครื่องสี ธ เออร์ / 


ลักษณะดนตรีแบบ พังก์ร็อกมีลักษณะท่วงทำนองที่รุนแรง หยาบกระด้าง ด้วยความขาดทักษะของการเล่นดนตรี ส่วนการร้องก็จะเป็น "ตะโกน"หรือ "บ่น" และแฝงนัยยะของ "การต่อต้าน " และการยกย่อง "ความเป็นเลิศ" เครื่องดนตรีจะประกอบด้วย กีตาร์___ 1 หรือ 2 ตัว ,เบสไฟฟ้าและชุดกลอง มักมีการเล่นแบบ 2 คอร์ด เพลงพังก์มักมีความยาวระหว่าง 2 ถึง 2 นาทีครึ่ง มีบางเพลงมีความยาวน้อยกว่า 1 นาทีก็มี เพลงพังก์ในช่วงแรกรับอิทธิพลจากร็อกแอนด์โรลคือมีท่อนประสานเสียง
(ไฟฟ้า)

other choices: ปรากฏการณ์อะคูสติก / ปรากฏการณ์ในชั้นบรรยากาศ / ชั้นขอบเขต / ความสับสนวุ่นวาย / เมฆ / ปรากฏการณ์ไฟฟ้า / พลังงาน / พลังงาน / อำนาจ / เหตุการณ์ / สนาม / บังคับ / เสียงสะท้อน / ปรากฏการณ์ทางกล / ความทึบแสง / ปรากฏการณ์แสง / ความกดดัน / การสะท้อนกลับ / การหักเห / การแก้ปัญหาพลังงาน / ความละเอียด / การนำ / การเผยแผ่ / ปฏิสัมพันธ์ / แรงตึงผิว / จิ / ความโปร่งใส / ความวุ่นวาย / สับ / ลอยอยู่ในน้ำ / 


ลักษณะดนตรีแบบ พังก์ร็อกมีลักษณะท่วงทำนองที่รุนแรง หยาบกระด้าง ด้วยความขาดทักษะของการเล่นดนตรี ส่วนการร้องก็จะเป็น "ตะโกน"หรือ "บ่น" และแฝงนัยยะของ "การต่อต้าน " และการยกย่อง "ความเป็นเลิศ" เครื่องดนตรีจะประกอบด้วย กีตาร์ไฟฟ้า 1 หรือ 2 ตัว ,___ไฟฟ้าและชุดกลอง มักมีการเล่นแบบ 2 คอร์ด เพลงพังก์มักมีความยาวระหว่าง 2 ถึง 2 นาทีครึ่ง มีบางเพลงมีความยาวน้อยกว่า 1 นาทีก็มี เพลงพังก์ในช่วงแรกรับอิทธิพลจากร็อกแอนด์โรลคือมีท่อนประสานเสียง
(เบส)

other choices: แม่น / แย่ที่สุด / สั่ง / ร้าว / เรียงความ / โจมตี / การสนับสนุน / การปลดปล่อย / เกมของแก้ว / เล่นไฟ / ที่กำลังมองหา / การถ่ายภาพ / การถ่ายภาพ / ที่มุ่งมั่น / การต่อสู้ / ความพยายามรัฐประหาร / ทดสอบ / ทดสอบ / 


ลักษณะดนตรีแบบ พังก์ร็อกมีลักษณะท่วงทำนองที่รุนแรง หยาบกระด้าง ด้วยความขาดทักษะของการเล่นดนตรี ส่วนการร้องก็จะเป็น "ตะโกน"หรือ "บ่น" และแฝงนัยยะของ "การต่อต้าน " และการยกย่อง "ความเป็นเลิศ" เครื่องดนตรีจะประกอบด้วย กีตาร์ไฟฟ้า 1 หรือ 2 ตัว ,เบส___และชุดกลอง มักมีการเล่นแบบ 2 คอร์ด เพลงพังก์มักมีความยาวระหว่าง 2 ถึง 2 นาทีครึ่ง มีบางเพลงมีความยาวน้อยกว่า 1 นาทีก็มี เพลงพังก์ในช่วงแรกรับอิทธิพลจากร็อกแอนด์โรลคือมีท่อนประสานเสียง
(ไฟฟ้า)

other choices: ปรากฏการณ์อะคูสติก / ปรากฏการณ์ในชั้นบรรยากาศ / ชั้นขอบเขต / ความสับสนวุ่นวาย / เมฆ / ปรากฏการณ์ไฟฟ้า / พลังงาน / พลังงาน / อำนาจ / เหตุการณ์ / สนาม / บังคับ / เสียงสะท้อน / ปรากฏการณ์ทางกล / ความทึบแสง / ปรากฏการณ์แสง / ความกดดัน / การสะท้อนกลับ / การหักเห / การแก้ปัญหาพลังงาน / ความละเอียด / การนำ / การเผยแผ่ / ปฏิสัมพันธ์ / แรงตึงผิว / จิ / ความโปร่งใส / ความวุ่นวาย / สับ / ลอยอยู่ในน้ำ / 


ลักษณะดนตรีแบบ พังก์ร็อกมีลักษณะท่วงทำนองที่รุนแรง หยาบกระด้าง ด้วยความขาดทักษะของการเล่นดนตรี ส่วนการร้องก็จะเป็น "ตะโกน"หรือ "บ่น" และแฝงนัยยะของ "การต่อต้าน " และการยกย่อง "ความเป็นเลิศ" เครื่องดนตรีจะประกอบด้วย กีตาร์ไฟฟ้า 1 หรือ 2 ตัว ,เบสไฟฟ้าและ___กลอง มักมีการเล่นแบบ 2 คอร์ด เพลงพังก์มักมีความยาวระหว่าง 2 ถึง 2 นาทีครึ่ง มีบางเพลงมีความยาวน้อยกว่า 1 นาทีก็มี เพลงพังก์ในช่วงแรกรับอิทธิพลจากร็อกแอนด์โรลคือมีท่อนประสานเสียง
(ชุด)

other choices: เพื่อแบคทีเรีย / คำสั่ง / รหัสพันธุกรรม / จีโนม / 


ลักษณะดนตรีแบบ พังก์ร็อกมีลักษณะท่วงทำนองที่รุนแรง หยาบกระด้าง ด้วยความขาดทักษะของการเล่นดนตรี ส่วนการร้องก็จะเป็น "ตะโกน"หรือ "บ่น" และแฝงนัยยะของ "การต่อต้าน " และการยกย่อง "ความเป็นเลิศ" เครื่องดนตรีจะประกอบด้วย กีตาร์ไฟฟ้า 1 หรือ 2 ตัว ,เบสไฟฟ้าและชุด___ มักมีการเล่นแบบ 2 คอร์ด เพลงพังก์มักมีความยาวระหว่าง 2 ถึง 2 นาทีครึ่ง มีบางเพลงมีความยาวน้อยกว่า 1 นาทีก็มี เพลงพังก์ในช่วงแรกรับอิทธิพลจากร็อกแอนด์โรลคือมีท่อนประสานเสียง
(กลอง)

other choices: อัฐิ / ความคล้องจอง / ฉิ่ง / ชนิดหนึ่ง / ฆ้อง / กาต้มน้ำ / ระนาด / เปียโน / ติดฝน / กลองเหล็ก / สามเหลี่ยม / 


ลักษณะดนตรีแบบ พังก์ร็อกมีลักษณะท่วงทำนองที่รุนแรง หยาบกระด้าง ด้วยความขาดทักษะของการเล่นดนตรี ส่วนการร้องก็จะเป็น "ตะโกน"หรือ "บ่น" และแฝงนัยยะของ "การต่อต้าน " และการยกย่อง "ความเป็นเลิศ" เครื่องดนตรีจะประกอบด้วย กีตาร์ไฟฟ้า 1 หรือ 2 ตัว ,เบสไฟฟ้าและชุดกลอง มักมีการเล่น___ 2 คอร์ด เพลงพังก์มักมีความยาวระหว่าง 2 ถึง 2 นาทีครึ่ง มีบางเพลงมีความยาวน้อยกว่า 1 นาทีก็มี เพลงพังก์ในช่วงแรกรับอิทธิพลจากร็อกแอนด์โรลคือมีท่อนประสานเสียง
(แบบ)

other choices: น่าสงสัย / การเก็งกำไร / การสันนิษฐาน / 


ลักษณะดนตรีแบบ พังก์ร็อกมีลักษณะท่วงทำนองที่รุนแรง หยาบกระด้าง ด้วยความขาดทักษะของการเล่นดนตรี ส่วนการร้องก็จะเป็น "ตะโกน"หรือ "บ่น" และแฝงนัยยะของ "การต่อต้าน " และการยกย่อง "ความเป็นเลิศ" เครื่องดนตรีจะประกอบด้วย กีตาร์ไฟฟ้า 1 หรือ 2 ตัว ,เบสไฟฟ้าและชุดกลอง มักมีการเล่นแบบ 2 ___ เพลงพังก์มักมีความยาวระหว่าง 2 ถึง 2 นาทีครึ่ง มีบางเพลงมีความยาวน้อยกว่า 1 นาทีก็มี เพลงพังก์ในช่วงแรกรับอิทธิพลจากร็อกแอนด์โรลคือมีท่อนประสานเสียง
(คอร์ด)

other choices: ตั้งฉาก / สิ้นสุด / สัมผัสกัน / เส้นตรงที่ตัดวงกลม / รัศมี / เส้นผ่าศูนย์กลาง / ธาตุ / เส้นทแยงมุม / เส้นทแยงมุม / เวกเตอร์ / 


ลักษณะดนตรีแบบ พังก์ร็อกมีลักษณะท่วงทำนองที่รุนแรง หยาบกระด้าง ด้วยความขาดทักษะของการเล่นดนตรี ส่วนการร้องก็จะเป็น "ตะโกน"หรือ "บ่น" และแฝงนัยยะของ "การต่อต้าน " และการยกย่อง "ความเป็นเลิศ" เครื่องดนตรีจะประกอบด้วย กีตาร์ไฟฟ้า 1 หรือ 2 ตัว ,เบสไฟฟ้าและชุดกลอง มักมีการเล่นแบบ 2 คอร์ด ___พังก์มักมีความยาวระหว่าง 2 ถึง 2 นาทีครึ่ง มีบางเพลงมีความยาวน้อยกว่า 1 นาทีก็มี เพลงพังก์ในช่วงแรกรับอิทธิพลจากร็อกแอนด์โรลคือมีท่อนประสานเสียง
(เพลง)

other choices: เสียง / การพูด / คำพูด / 


ลักษณะดนตรีแบบ พังก์ร็อกมีลักษณะท่วงทำนองที่รุนแรง หยาบกระด้าง ด้วยความขาดทักษะของการเล่นดนตรี ส่วนการร้องก็จะเป็น "ตะโกน"หรือ "บ่น" และแฝงนัยยะของ "การต่อต้าน " และการยกย่อง "ความเป็นเลิศ" เครื่องดนตรีจะประกอบด้วย กีตาร์ไฟฟ้า 1 หรือ 2 ตัว ,เบสไฟฟ้าและชุดกลอง มักมีการเล่นแบบ 2 คอร์ด เพลง___มักมีความยาวระหว่าง 2 ถึง 2 นาทีครึ่ง มีบางเพลงมีความยาวน้อยกว่า 1 นาทีก็มี เพลงพังก์ในช่วงแรกรับอิทธิพลจากร็อกแอนด์โรลคือมีท่อนประสานเสียง
(พังก์)

other choices: อุปกรณ์ / วางเพลิง / ผู้หักหลัง / ผู้ลักลอบ / ผู้ไห้สินบน / ผู้คิดการกบฏ / คนสิ้นคิด / ผู้ลี้ภัย / นักเลง / นกคุก / ผู้พาหนี / มาเฟีย / นางสาว / ฆาตกร / ผู้อยู่ในระหว่างการทดลองก่อนบวช / ผู้ยื่น / การต้มตุ๋น / พันธ์ / ผู้ลักลอบ / ขโมย / คนทรยศ / ฝ่าฝืน / 


ลักษณะดนตรีแบบ พังก์ร็อกมีลักษณะท่วงทำนองที่รุนแรง หยาบกระด้าง ด้วยความขาดทักษะของการเล่นดนตรี ส่วนการร้องก็จะเป็น "ตะโกน"หรือ "บ่น" และแฝงนัยยะของ "การต่อต้าน " และการยกย่อง "ความเป็นเลิศ" เครื่องดนตรีจะประกอบด้วย กีตาร์ไฟฟ้า 1 หรือ 2 ตัว ,เบสไฟฟ้าและชุดกลอง มักมีการเล่นแบบ 2 คอร์ด เพลงพังก์มักมีความยาวระหว่าง 2 ถึง 2 นาทีครึ่ง มีบาง___มีความยาวน้อยกว่า 1 นาทีก็มี เพลงพังก์ในช่วงแรกรับอิทธิพลจากร็อกแอนด์โรลคือมีท่อนประสานเสียง
(เพลง)

other choices: เสียง / การพูด / คำพูด / 


ลักษณะดนตรีแบบ พังก์ร็อกมีลักษณะท่วงทำนองที่รุนแรง หยาบกระด้าง ด้วยความขาดทักษะของการเล่นดนตรี ส่วนการร้องก็จะเป็น "ตะโกน"หรือ "บ่น" และแฝงนัยยะของ "การต่อต้าน " และการยกย่อง "ความเป็นเลิศ" เครื่องดนตรีจะประกอบด้วย กีตาร์ไฟฟ้า 1 หรือ 2 ตัว ,เบสไฟฟ้าและชุดกลอง มักมีการเล่นแบบ 2 คอร์ด เพลงพังก์มักมีความยาวระหว่าง 2 ถึง 2 นาทีครึ่ง มีบางเพลงมีความยาวน้อยกว่า 1 นาทีก็มี ___พังก์ในช่วงแรกรับอิทธิพลจากร็อกแอนด์โรลคือมีท่อนประสานเสียง
(เพลง)

other choices: เสียง / การพูด / คำพูด / 


ลักษณะดนตรีแบบ พังก์ร็อกมีลักษณะท่วงทำนองที่รุนแรง หยาบกระด้าง ด้วยความขาดทักษะของการเล่นดนตรี ส่วนการร้องก็จะเป็น "ตะโกน"หรือ "บ่น" และแฝงนัยยะของ "การต่อต้าน " และการยกย่อง "ความเป็นเลิศ" เครื่องดนตรีจะประกอบด้วย กีตาร์ไฟฟ้า 1 หรือ 2 ตัว ,เบสไฟฟ้าและชุดกลอง มักมีการเล่นแบบ 2 คอร์ด เพลงพังก์มักมีความยาวระหว่าง 2 ถึง 2 นาทีครึ่ง มีบางเพลงมีความยาวน้อยกว่า 1 นาทีก็มี เพลง___ในช่วงแรกรับอิทธิพลจากร็อกแอนด์โรลคือมีท่อนประสานเสียง
(พังก์)

other choices: อุปกรณ์ / วางเพลิง / ผู้หักหลัง / ผู้ลักลอบ / ผู้ไห้สินบน / ผู้คิดการกบฏ / คนสิ้นคิด / ผู้ลี้ภัย / นักเลง / นกคุก / ผู้พาหนี / มาเฟีย / นางสาว / ฆาตกร / ผู้อยู่ในระหว่างการทดลองก่อนบวช / ผู้ยื่น / การต้มตุ๋น / พันธ์ / ผู้ลักลอบ / ขโมย / คนทรยศ / ฝ่าฝืน / 


ลักษณะดนตรีแบบ พังก์ร็อกมีลักษณะท่วงทำนองที่รุนแรง หยาบกระด้าง ด้วยความขาดทักษะของการเล่นดนตรี ส่วนการร้องก็จะเป็น "ตะโกน"หรือ "บ่น" และแฝงนัยยะของ "การต่อต้าน " และการยกย่อง "ความเป็นเลิศ" เครื่องดนตรีจะประกอบด้วย กีตาร์ไฟฟ้า 1 หรือ 2 ตัว ,เบสไฟฟ้าและชุดกลอง มักมีการเล่นแบบ 2 คอร์ด เพลงพังก์มักมีความยาวระหว่าง 2 ถึง 2 นาทีครึ่ง มีบางเพลงมีความยาวน้อยกว่า 1 นาทีก็มี เพลงพังก์ในช่วงแรกรับอิทธิพลจาก___แอนด์โรลคือมีท่อนประสานเสียง
(ร็อก)

other choices: รังไหมดิบ / ร่างกาย / ร่างกาย / ดาวเรียง / ตัวสีดำ / ร่างกาย / พรม / เทห์ฟากฟ้า / การรวบรวม / นักษัตร / ครอบคลุม / วัตถุนอกโลก / กลไก / รัง / หม้อน้ำรถยนต์ / ตัวอย่าง / ยุ่งเหยิง / จักรวาล / ส่วนพืช / 


ลักษณะดนตรีแบบ พังก์ร็อกมีลักษณะท่วงทำนองที่รุนแรง หยาบกระด้าง ด้วยความขาดทักษะของการเล่นดนตรี ส่วนการร้องก็จะเป็น "ตะโกน"หรือ "บ่น" และแฝงนัยยะของ "การต่อต้าน " และการยกย่อง "ความเป็นเลิศ" เครื่องดนตรีจะประกอบด้วย กีตาร์ไฟฟ้า 1 หรือ 2 ตัว ,เบสไฟฟ้าและชุดกลอง มักมีการเล่นแบบ 2 คอร์ด เพลงพังก์มักมีความยาวระหว่าง 2 ถึง 2 นาทีครึ่ง มีบางเพลงมีความยาวน้อยกว่า 1 นาทีก็มี เพลงพังก์ในช่วงแรกรับอิทธิพลจากร็อกแอนด์โรลคือมี___ประสานเสียง
(ท่อน)

other choices: รยางค์ / บิต / คอขวด / กระเปาะ / ชน / ส่วนประกอบ / ตัดออก / ข้อบกพร่อง / ขอบข้างหน้า / มือขวา / เศษ / ส้น / ดุม / สิ่งของที่ถูกโยนทิ้ง / กิ่ง / คอ / ปลายค้อนด้านตรงข้ามกับหัว / การกด / ที่นั่ง / มาตรา / ก้าน / กระดูกสันหลัง / นิ้วเท้า / ผลิตภัณฑ์ / หลังฉาก / ชั้นบน / ซากปรักหักพัง / 


ลักษณะดนตรีแบบ พังก์ร็อกมีลักษณะท่วงทำนองที่รุนแรง หยาบกระด้าง ด้วยความขาดทักษะของการเล่นดนตรี ส่วนการร้องก็จะเป็น "ตะโกน"หรือ "บ่น" และแฝงนัยยะของ "การต่อต้าน " และการยกย่อง "ความเป็นเลิศ" เครื่องดนตรีจะประกอบด้วย กีตาร์ไฟฟ้า 1 หรือ 2 ตัว ,เบสไฟฟ้าและชุดกลอง มักมีการเล่นแบบ 2 คอร์ด เพลงพังก์มักมีความยาวระหว่าง 2 ถึง 2 นาทีครึ่ง มีบางเพลงมีความยาวน้อยกว่า 1 นาทีก็มี เพลงพังก์ในช่วงแรกรับอิทธิพลจากร็อกแอนด์โรลคือมีท่อน___
(ประสานเสียง)

other choices: การกำเนิด / เทศกาลฌโรฝไทด / ยืม / 


===============================

พังก์ร็อกกลายเป็นกระแสนิยมหลักในสหราชอาณาจักรตั้งแต่ปลายทศวรรษที่ 1970 แต่ความโด่งดังในที่อื่นมีในจำกัด

===============================

___ร็อกกลายเป็นกระแสนิยมหลักในสหราชอาณาจักรตั้งแต่ปลายทศวรรษที่ 1970 แต่ความโด่งดังในที่อื่นมีในจำกัด
(พังก์)

other choices: อุปกรณ์ / วางเพลิง / ผู้หักหลัง / ผู้ลักลอบ / ผู้ไห้สินบน / ผู้คิดการกบฏ / คนสิ้นคิด / ผู้ลี้ภัย / นักเลง / นกคุก / ผู้พาหนี / มาเฟีย / นางสาว / ฆาตกร / ผู้อยู่ในระหว่างการทดลองก่อนบวช / ผู้ยื่น / การต้มตุ๋น / พันธ์ / ผู้ลักลอบ / ขโมย / คนทรยศ / ฝ่าฝืน / 


พังก์___กลายเป็นกระแสนิยมหลักในสหราชอาณาจักรตั้งแต่ปลายทศวรรษที่ 1970 แต่ความโด่งดังในที่อื่นมีในจำกัด
(ร็อก)

other choices: รังไหมดิบ / ร่างกาย / ร่างกาย / ดาวเรียง / ตัวสีดำ / ร่างกาย / พรม / เทห์ฟากฟ้า / การรวบรวม / นักษัตร / ครอบคลุม / วัตถุนอกโลก / กลไก / รัง / หม้อน้ำรถยนต์ / ตัวอย่าง / ยุ่งเหยิง / จักรวาล / ส่วนพืช / 


พังก์ร็อกกลายเป็น___หลักในสหราชอาณาจักรตั้งแต่ปลายทศวรรษที่ 1970 แต่ความโด่งดังในที่อื่นมีในจำกัด
(กระแสนิยม)

other choices: การแบก / หลักสูตร / ทิศทางตะวันตกตะวันออก / ทิศตะวันตกเฉียงใต้ / 


พังก์ร็อกกลายเป็นกระแสนิยม___ในสหราชอาณาจักรตั้งแต่ปลายทศวรรษที่ 1970 แต่ความโด่งดังในที่อื่นมีในจำกัด
(หลัก)

other choices: น้ำนิ่ง / อ่าว / ช่อง / ดื่ม / ปากน้ำ / ลุย / อ่าว / น้ำทะเลสูง / ทางเข้า / ทะเลสาป / กลางน้ำ / มหาสมุทร / ทะเล / สระ / ทะเล / เซเว่นซี / ตื้นเขิน / เสียง / กระแส / น่านน้ำอาณาเขต / น้ำตก / ท่อระบายน้ำ / 


พังก์ร็อกกลายเป็นกระแสนิยมหลักใน___ตั้งแต่ปลายทศวรรษที่ 1970 แต่ความโด่งดังในที่อื่นมีในจำกัด
(สหราชอาณาจักร)

other choices: อิสราเอล / 


พังก์ร็อกกลายเป็นกระแสนิยมหลักในสหราชอาณาจักรตั้งแต่___ทศวรรษที่ 1970 แต่ความโด่งดังในที่อื่นมีในจำกัด
(ปลาย)

other choices: เขตแดน / จุดที่รุนแรง / จำกัด / 


พังก์ร็อกกลายเป็นกระแสนิยมหลักในสหราชอาณาจักรตั้งแต่ปลาย___ที่ 1970 แต่ความโด่งดังในที่อื่นมีในจำกัด
(ทศวรรษ)

other choices: ระยะเวลาการทดลอง / กรอบเวลา / ความสง่างาม / ชั่วโมง / หยุดทำงาน / เวลางาน / เวลาปิด / การแข่งขัน / รักษาในโรงพยาบาล / เวลาเที่ยว / ครั้ง / เวลา / เวลาที่ผ่านไป / ระยะเวลา / สัปดาห์ / กลางสัปดาห์ / วันเขต / ชีวิต / ชีวิต / ชีวิต / สหัสวรรษ / อาชีพ / อดีต / อายุการเก็บรักษา / ระยะหลังคลอด / การให้น้ำนม / เวลาในชีวิต / วันตามปฏิทิน / งานเทศกาล / วัน / ตอนเช้า / กลางคืน / กลางคืน / กลางคืน / กลางคืน / วันก่อนวันหยุด / ตอนเย็น / สัปดาห์ / ปักษ์ / สุดสัปดาห์ / ฤดูร้อนของอินเดีย / ปี / โรงเรียน / ปี / ปี / เทอม / โอลิมปิก / ศตวรรษ / ครบห้าปี / ครึ่งศตวรรษ / ไตรมาสศตวรรษ / ย่าน / ขั้นตอนของดวงจันทร์ / วัน / เดือนปฏิทิน / ช่วงกลางเดือนมกราคม / กลางเดือนกุมภาพันธ์ / ช่วงกลางเดือนมีนาคม / ช่วงกลางเดือนเมษายน / ช่วงกลางเดือนพฤษภาคม / กลางเดือนมิถุนายน / กลางเดือนกรกฎาคม / ช่วงกลางเดือนสิงหาคม / กลางเดือนกันยายน / ช่วงกลางเดือนตุลาคม / ช่วงกลางเดือนพฤศจิกายน / ช่วงกลางเดือนธันวาคม / เวลาที่ จำกัด / วาระ / การตั้งครรภ์ / ชั่วโมง / ฤดูกาลโง่ / วัยทอง / สีเงินอายุ / ยุคสำริด / ยุคเหล็ก / ปีที่ดี / เวลาการควบคุม / ล่วงเวลา / ฤดู / วันสุนัข / กลางฤดูหนาว / ฤดู / ฤดู / เวลานาน / ระยะยาว / ภัยแล้ง / ยุค / รุ่น / ประวัติศาสตร์ / รัชกาล / วิ่ง / หนุ่ม / รุ่งอรุณ / ตอนเย็น / เวลา / นอน / เช่า / ครึ่งชีวิต / น้ำขึ้นน้ำลง / ระยะ / หลายขั้นตอน / ดู / เวลาสงบ / เวลาทำสงคราม / การเกณฑ์ / ดื่มน้ำผึ้งพระจันทร์ / ข้อห้าม / ระยะฟักตัว / วันที่ฝนตก / ช่วงที่เป็นสามเณร / ดอกไม้ / เวลาทำงาน / เวลาแข็งตัว / แจ้งเตือนทางอากาศ / เวลาคำถาม / เวลาจริง / เวลาจริง / ศึกษาในห้องโถง / หน้าต่าง / 


พังก์ร็อกกลายเป็นกระแสนิยมหลักในสหราชอาณาจักรตั้งแต่ปลายทศวรรษที่ 1970 แต่___ในที่อื่นมีในจำกัด
(ความโด่งดัง)

other choices: ความรุ่งโรจน์ / ชื่อเสียง / นับถือ / 


===============================

จนกระทั่งทศวรรษที่ 80 พังก์ร็อกได้เป็นที่รู้จักในกลุ่มเล็กๆ ทั่วทุกมุมโลก

===============================

จนกระทั่ง___ที่ 80 พังก์ร็อกได้เป็นที่รู้จักในกลุ่มเล็กๆ ทั่วทุกมุมโลก
(ทศวรรษ)

other choices: ระยะเวลาการทดลอง / กรอบเวลา / ความสง่างาม / ชั่วโมง / หยุดทำงาน / เวลางาน / เวลาปิด / การแข่งขัน / รักษาในโรงพยาบาล / เวลาเที่ยว / ครั้ง / เวลา / เวลาที่ผ่านไป / ระยะเวลา / สัปดาห์ / กลางสัปดาห์ / วันเขต / ชีวิต / ชีวิต / ชีวิต / สหัสวรรษ / อาชีพ / อดีต / อายุการเก็บรักษา / ระยะหลังคลอด / การให้น้ำนม / เวลาในชีวิต / วันตามปฏิทิน / งานเทศกาล / วัน / ตอนเช้า / กลางคืน / กลางคืน / กลางคืน / กลางคืน / วันก่อนวันหยุด / ตอนเย็น / สัปดาห์ / ปักษ์ / สุดสัปดาห์ / ฤดูร้อนของอินเดีย / ปี / โรงเรียน / ปี / ปี / เทอม / โอลิมปิก / ศตวรรษ / ครบห้าปี / ครึ่งศตวรรษ / ไตรมาสศตวรรษ / ย่าน / ขั้นตอนของดวงจันทร์ / วัน / เดือนปฏิทิน / ช่วงกลางเดือนมกราคม / กลางเดือนกุมภาพันธ์ / ช่วงกลางเดือนมีนาคม / ช่วงกลางเดือนเมษายน / ช่วงกลางเดือนพฤษภาคม / กลางเดือนมิถุนายน / กลางเดือนกรกฎาคม / ช่วงกลางเดือนสิงหาคม / กลางเดือนกันยายน / ช่วงกลางเดือนตุลาคม / ช่วงกลางเดือนพฤศจิกายน / ช่วงกลางเดือนธันวาคม / เวลาที่ จำกัด / วาระ / การตั้งครรภ์ / ชั่วโมง / ฤดูกาลโง่ / วัยทอง / สีเงินอายุ / ยุคสำริด / ยุคเหล็ก / ปีที่ดี / เวลาการควบคุม / ล่วงเวลา / ฤดู / วันสุนัข / กลางฤดูหนาว / ฤดู / ฤดู / เวลานาน / ระยะยาว / ภัยแล้ง / ยุค / รุ่น / ประวัติศาสตร์ / รัชกาล / วิ่ง / หนุ่ม / รุ่งอรุณ / ตอนเย็น / เวลา / นอน / เช่า / ครึ่งชีวิต / น้ำขึ้นน้ำลง / ระยะ / หลายขั้นตอน / ดู / เวลาสงบ / เวลาทำสงคราม / การเกณฑ์ / ดื่มน้ำผึ้งพระจันทร์ / ข้อห้าม / ระยะฟักตัว / วันที่ฝนตก / ช่วงที่เป็นสามเณร / ดอกไม้ / เวลาทำงาน / เวลาแข็งตัว / แจ้งเตือนทางอากาศ / เวลาคำถาม / เวลาจริง / เวลาจริง / ศึกษาในห้องโถง / หน้าต่าง / 


จนกระทั่งทศวรรษที่ 80 ___ร็อกได้เป็นที่รู้จักในกลุ่มเล็กๆ ทั่วทุกมุมโลก
(พังก์)

other choices: อุปกรณ์ / วางเพลิง / ผู้หักหลัง / ผู้ลักลอบ / ผู้ไห้สินบน / ผู้คิดการกบฏ / คนสิ้นคิด / ผู้ลี้ภัย / นักเลง / นกคุก / ผู้พาหนี / มาเฟีย / นางสาว / ฆาตกร / ผู้อยู่ในระหว่างการทดลองก่อนบวช / ผู้ยื่น / การต้มตุ๋น / พันธ์ / ผู้ลักลอบ / ขโมย / คนทรยศ / ฝ่าฝืน / 


จนกระทั่งทศวรรษที่ 80 พังก์___ได้เป็นที่รู้จักในกลุ่มเล็กๆ ทั่วทุกมุมโลก
(ร็อก)

other choices: รังไหมดิบ / ร่างกาย / ร่างกาย / ดาวเรียง / ตัวสีดำ / ร่างกาย / พรม / เทห์ฟากฟ้า / การรวบรวม / นักษัตร / ครอบคลุม / วัตถุนอกโลก / กลไก / รัง / หม้อน้ำรถยนต์ / ตัวอย่าง / ยุ่งเหยิง / จักรวาล / ส่วนพืช / 


จนกระทั่งทศวรรษที่ 80 พังก์ร็อกได้เป็นที่รู้จักใน___เล็กๆ ทั่วทุกมุมโลก
(กลุ่ม)

other choices: คุณลักษณะทางจิตวิทยา / คุณลักษณะ / ความสัมพันธ์ / การสื่อสาร / วัด / โลกอื่น / ชุด / 


จนกระทั่งทศวรรษที่ 80 พังก์ร็อกได้เป็นที่รู้จักในกลุ่มเล็กๆ ทั่วทุก___โลก
(มุม)

other choices: สนามกีฬา / ประเทศสูง / พื้นเตียง / พื้นที่การออกอากาศ / ศูนย์ / มุม / พื้นที่ภัยพิบัติ / หลอกหลอน / ครอบครัว / ล่าสัตว์ / ไม่มีไปในพื้นที่ / คนไม่มีแผ่นดิน / เงาฝน / พื้นที่การแสดงละคร / เปิด / เมืองท่าปลอดภาษี / ที่ทอดส​​มอ / บริเวณรีสอร์ท / กลุ่ม / ย่าน / ล่าถอย / ความปลอดภัย / อันตราย / ฉาก / มาตรา / ไม้พุ่ม / ช่องว่าง / คลังน้ำมัน / จุดปัญหา / วงกลมของผู้ชนะ / 


จนกระทั่งทศวรรษที่ 80 พังก์ร็อกได้เป็นที่รู้จักในกลุ่มเล็กๆ ทั่วทุกมุม___
(โลก)

other choices: ดาวอังคาร / ปรอท / ดาวศุกร์ / 


===============================

ส่วนมากจะถูกปฏิเสธจากดนตรีกระแสหลัก ในช่วงปลายยุคทศวรรษที่ 1970 ดนตรีพังก์ร็อกได้แตกแยกแขนง ไปหลากหลายทิศทาง เช่นเพลงแนว นิวเวฟ, โพสต์พังก์

===============================

ส่วนมากจะถูกปฏิเสธจาก___กระแสหลัก ในช่วงปลายยุคทศวรรษที่ 1970 ดนตรีพังก์ร็อกได้แตกแยกแขนง ไปหลากหลายทิศทาง เช่นเพลงแนว นิวเวฟ, โพสต์พังก์
(ดนตรี)

other choices: เสียง / การพูด / คำพูด / 


ส่วนมากจะถูกปฏิเสธจากดนตรี___หลัก ในช่วงปลายยุคทศวรรษที่ 1970 ดนตรีพังก์ร็อกได้แตกแยกแขนง ไปหลากหลายทิศทาง เช่นเพลงแนว นิวเวฟ, โพสต์พังก์
(กระแส)

other choices: จำนวนแอมแปร์ / ปริมาตร / ค่าธรรมเนียม / ความร้อนอิเล็กทริก / อุปนัย / ศักย์ไฟฟ้า / สื่อกระแสไฟฟ้า / ความต้านทานไฟฟ้า / ปฏิกิริยา / ความไม่เต็มใจ / ผิวผล / การบิดเบือน / รบกวนไฟฟ้า / แรงดันไฟฟ้า / 


ส่วนมากจะถูกปฏิเสธจากดนตรีกระแสหลัก ใน___ปลายยุคทศวรรษที่ 1970 ดนตรีพังก์ร็อกได้แตกแยกแขนง ไปหลากหลายทิศทาง เช่นเพลงแนว นิวเวฟ, โพสต์พังก์
(ช่วง)

other choices: ระยะเวลาการทดลอง / กรอบเวลา / ความสง่างาม / ชั่วโมง / หยุดทำงาน / เวลางาน / เวลาปิด / การแข่งขัน / รักษาในโรงพยาบาล / เวลาเที่ยว / ครั้ง / เวลา / เวลาที่ผ่านไป / ระยะเวลา / สัปดาห์ / กลางสัปดาห์ / วันเขต / ชีวิต / ชีวิต / ชีวิต / สหัสวรรษ / อาชีพ / อดีต / อายุการเก็บรักษา / ระยะหลังคลอด / การให้น้ำนม / เวลาในชีวิต / วันตามปฏิทิน / งานเทศกาล / วัน / ตอนเช้า / กลางคืน / กลางคืน / กลางคืน / กลางคืน / วันก่อนวันหยุด / ตอนเย็น / สัปดาห์ / ปักษ์ / สุดสัปดาห์ / ฤดูร้อนของอินเดีย / ปี / โรงเรียน / ปี / ปี / เทอม / โอลิมปิก / ทศวรรษ / ศตวรรษ / ครบห้าปี / ครึ่งศตวรรษ / ไตรมาสศตวรรษ / ย่าน / ขั้นตอนของดวงจันทร์ / วัน / เดือนปฏิทิน / ช่วงกลางเดือนมกราคม / กลางเดือนกุมภาพันธ์ / ช่วงกลางเดือนมีนาคม / ช่วงกลางเดือนเมษายน / ช่วงกลางเดือนพฤษภาคม / กลางเดือนมิถุนายน / กลางเดือนกรกฎาคม / ช่วงกลางเดือนสิงหาคม / กลางเดือนกันยายน / ช่วงกลางเดือนตุลาคม / ช่วงกลางเดือนพฤศจิกายน / ช่วงกลางเดือนธันวาคม / เวลาที่ จำกัด / วาระ / การตั้งครรภ์ / ชั่วโมง / ฤดูกาลโง่ / วัยทอง / สีเงินอายุ / ยุคสำริด / ยุคเหล็ก / ปีที่ดี / เวลาการควบคุม / ล่วงเวลา / ฤดู / วันสุนัข / กลางฤดูหนาว / ฤดู / ฤดู / เวลานาน / ระยะยาว / ภัยแล้ง / ยุค / รุ่น / ประวัติศาสตร์ / รัชกาล / วิ่ง / หนุ่ม / รุ่งอรุณ / ตอนเย็น / เวลา / นอน / เช่า / ครึ่งชีวิต / น้ำขึ้นน้ำลง / หลายขั้นตอน / ดู / เวลาสงบ / เวลาทำสงคราม / การเกณฑ์ / ดื่มน้ำผึ้งพระจันทร์ / ข้อห้าม / ระยะฟักตัว / วันที่ฝนตก / ช่วงที่เป็นสามเณร / ดอกไม้ / เวลาทำงาน / เวลาแข็งตัว / แจ้งเตือนทางอากาศ / เวลาคำถาม / เวลาจริง / เวลาจริง / ศึกษาในห้องโถง / หน้าต่าง / 


ส่วนมากจะถูกปฏิเสธจากดนตรีกระแสหลัก ในช่วง___ยุคทศวรรษที่ 1970 ดนตรีพังก์ร็อกได้แตกแยกแขนง ไปหลากหลายทิศทาง เช่นเพลงแนว นิวเวฟ, โพสต์พังก์
(ปลาย)

other choices: เขตแดน / จุดที่รุนแรง / จำกัด / 


ส่วนมากจะถูกปฏิเสธจากดนตรีกระแสหลัก ในช่วงปลาย___ทศวรรษที่ 1970 ดนตรีพังก์ร็อกได้แตกแยกแขนง ไปหลากหลายทิศทาง เช่นเพลงแนว นิวเวฟ, โพสต์พังก์
(ยุค)

other choices: ระยะเวลาการทดลอง / กรอบเวลา / ความสง่างาม / ชั่วโมง / หยุดทำงาน / เวลางาน / เวลาปิด / การแข่งขัน / รักษาในโรงพยาบาล / เวลาเที่ยว / ครั้ง / เวลา / เวลาที่ผ่านไป / ระยะเวลา / สัปดาห์ / กลางสัปดาห์ / วันเขต / ชีวิต / ชีวิต / ชีวิต / สหัสวรรษ / อาชีพ / อดีต / อายุการเก็บรักษา / ระยะหลังคลอด / การให้น้ำนม / เวลาในชีวิต / วันตามปฏิทิน / งานเทศกาล / วัน / ตอนเช้า / กลางคืน / กลางคืน / กลางคืน / กลางคืน / วันก่อนวันหยุด / ตอนเย็น / สัปดาห์ / ปักษ์ / สุดสัปดาห์ / ฤดูร้อนของอินเดีย / ปี / โรงเรียน / ปี / ปี / เทอม / โอลิมปิก / ทศวรรษ / ศตวรรษ / ครบห้าปี / ครึ่งศตวรรษ / ไตรมาสศตวรรษ / ย่าน / ขั้นตอนของดวงจันทร์ / วัน / เดือนปฏิทิน / ช่วงกลางเดือนมกราคม / กลางเดือนกุมภาพันธ์ / ช่วงกลางเดือนมีนาคม / ช่วงกลางเดือนเมษายน / ช่วงกลางเดือนพฤษภาคม / กลางเดือนมิถุนายน / กลางเดือนกรกฎาคม / ช่วงกลางเดือนสิงหาคม / กลางเดือนกันยายน / ช่วงกลางเดือนตุลาคม / ช่วงกลางเดือนพฤศจิกายน / ช่วงกลางเดือนธันวาคม / เวลาที่ จำกัด / วาระ / การตั้งครรภ์ / ชั่วโมง / ฤดูกาลโง่ / วัยทอง / สีเงินอายุ / ยุคสำริด / ยุคเหล็ก / ปีที่ดี / เวลาการควบคุม / ล่วงเวลา / ฤดู / วันสุนัข / กลางฤดูหนาว / ฤดู / ฤดู / เวลานาน / ระยะยาว / ภัยแล้ง / รุ่น / ประวัติศาสตร์ / รัชกาล / วิ่ง / หนุ่ม / รุ่งอรุณ / ตอนเย็น / เวลา / นอน / เช่า / ครึ่งชีวิต / น้ำขึ้นน้ำลง / ระยะ / หลายขั้นตอน / ดู / เวลาสงบ / เวลาทำสงคราม / การเกณฑ์ / ดื่มน้ำผึ้งพระจันทร์ / ข้อห้าม / ระยะฟักตัว / วันที่ฝนตก / ช่วงที่เป็นสามเณร / ดอกไม้ / เวลาทำงาน / เวลาแข็งตัว / แจ้งเตือนทางอากาศ / เวลาคำถาม / เวลาจริง / เวลาจริง / ศึกษาในห้องโถง / หน้าต่าง / 


ส่วนมากจะถูกปฏิเสธจากดนตรีกระแสหลัก ในช่วงปลายยุค___ที่ 1970 ดนตรีพังก์ร็อกได้แตกแยกแขนง ไปหลากหลายทิศทาง เช่นเพลงแนว นิวเวฟ, โพสต์พังก์
(ทศวรรษ)

other choices: ระยะเวลาการทดลอง / กรอบเวลา / ความสง่างาม / ชั่วโมง / หยุดทำงาน / เวลางาน / เวลาปิด / การแข่งขัน / รักษาในโรงพยาบาล / เวลาเที่ยว / ครั้ง / เวลา / เวลาที่ผ่านไป / ระยะเวลา / สัปดาห์ / กลางสัปดาห์ / วันเขต / ชีวิต / ชีวิต / ชีวิต / สหัสวรรษ / อาชีพ / อดีต / อายุการเก็บรักษา / ระยะหลังคลอด / การให้น้ำนม / เวลาในชีวิต / วันตามปฏิทิน / งานเทศกาล / วัน / ตอนเช้า / กลางคืน / กลางคืน / กลางคืน / กลางคืน / วันก่อนวันหยุด / ตอนเย็น / สัปดาห์ / ปักษ์ / สุดสัปดาห์ / ฤดูร้อนของอินเดีย / ปี / โรงเรียน / ปี / ปี / เทอม / โอลิมปิก / ศตวรรษ / ครบห้าปี / ครึ่งศตวรรษ / ไตรมาสศตวรรษ / ย่าน / ขั้นตอนของดวงจันทร์ / วัน / เดือนปฏิทิน / ช่วงกลางเดือนมกราคม / กลางเดือนกุมภาพันธ์ / ช่วงกลางเดือนมีนาคม / ช่วงกลางเดือนเมษายน / ช่วงกลางเดือนพฤษภาคม / กลางเดือนมิถุนายน / กลางเดือนกรกฎาคม / ช่วงกลางเดือนสิงหาคม / กลางเดือนกันยายน / ช่วงกลางเดือนตุลาคม / ช่วงกลางเดือนพฤศจิกายน / ช่วงกลางเดือนธันวาคม / เวลาที่ จำกัด / วาระ / การตั้งครรภ์ / ชั่วโมง / ฤดูกาลโง่ / วัยทอง / สีเงินอายุ / ยุคสำริด / ยุคเหล็ก / ปีที่ดี / เวลาการควบคุม / ล่วงเวลา / ฤดู / วันสุนัข / กลางฤดูหนาว / ฤดู / ฤดู / เวลานาน / ระยะยาว / ภัยแล้ง / ยุค / รุ่น / ประวัติศาสตร์ / รัชกาล / วิ่ง / หนุ่ม / รุ่งอรุณ / ตอนเย็น / เวลา / นอน / เช่า / ครึ่งชีวิต / น้ำขึ้นน้ำลง / ระยะ / หลายขั้นตอน / ดู / เวลาสงบ / เวลาทำสงคราม / การเกณฑ์ / ดื่มน้ำผึ้งพระจันทร์ / ข้อห้าม / ระยะฟักตัว / วันที่ฝนตก / ช่วงที่เป็นสามเณร / ดอกไม้ / เวลาทำงาน / เวลาแข็งตัว / แจ้งเตือนทางอากาศ / เวลาคำถาม / เวลาจริง / เวลาจริง / ศึกษาในห้องโถง / หน้าต่าง / 


ส่วนมากจะถูกปฏิเสธจากดนตรีกระแสหลัก ในช่วงปลายยุคทศวรรษที่ 1970 ___พังก์ร็อกได้แตกแยกแขนง ไปหลากหลายทิศทาง เช่นเพลงแนว นิวเวฟ, โพสต์พังก์
(ดนตรี)

other choices: เสียง / การพูด / คำพูด / 


ส่วนมากจะถูกปฏิเสธจากดนตรีกระแสหลัก ในช่วงปลายยุคทศวรรษที่ 1970 ดนตรี___ร็อกได้แตกแยกแขนง ไปหลากหลายทิศทาง เช่นเพลงแนว นิวเวฟ, โพสต์พังก์
(พังก์)

other choices: อุปกรณ์ / วางเพลิง / ผู้หักหลัง / ผู้ลักลอบ / ผู้ไห้สินบน / ผู้คิดการกบฏ / คนสิ้นคิด / ผู้ลี้ภัย / นักเลง / นกคุก / ผู้พาหนี / มาเฟีย / นางสาว / ฆาตกร / ผู้อยู่ในระหว่างการทดลองก่อนบวช / ผู้ยื่น / การต้มตุ๋น / พันธ์ / ผู้ลักลอบ / ขโมย / คนทรยศ / ฝ่าฝืน / 


ส่วนมากจะถูกปฏิเสธจากดนตรีกระแสหลัก ในช่วงปลายยุคทศวรรษที่ 1970 ดนตรีพังก์___ได้แตกแยกแขนง ไปหลากหลายทิศทาง เช่นเพลงแนว นิวเวฟ, โพสต์พังก์
(ร็อก)

other choices: รังไหมดิบ / ร่างกาย / ร่างกาย / ดาวเรียง / ตัวสีดำ / ร่างกาย / พรม / เทห์ฟากฟ้า / การรวบรวม / นักษัตร / ครอบคลุม / วัตถุนอกโลก / กลไก / รัง / หม้อน้ำรถยนต์ / ตัวอย่าง / ยุ่งเหยิง / จักรวาล / ส่วนพืช / 


ส่วนมากจะถูกปฏิเสธจากดนตรีกระแสหลัก ในช่วงปลายยุคทศวรรษที่ 1970 ดนตรีพังก์ร็อกได้___แขนง ไปหลากหลายทิศทาง เช่นเพลงแนว นิวเวฟ, โพสต์พังก์
(แตกแยก)

other choices: การเพิ่ม / ความก้าวหน้า / ชื่นชม / พรั่งพรู / การขยาย / การขยาย / การขยายตัว / การเพิ่ม / สูงสุด / การพูดเกินจริง / การขยายตัว / ขุม / รวม / การขยาย / เสริมสร้างความเข้มแข็ง / การทำให้แรงขึ้น / การทำให้แรงขึ้น / 


ส่วนมากจะถูกปฏิเสธจากดนตรีกระแสหลัก ในช่วงปลายยุคทศวรรษที่ 1970 ดนตรีพังก์ร็อกได้แตกแยก___ ไปหลากหลายทิศทาง เช่นเพลงแนว นิวเวฟ, โพสต์พังก์
(แขนง)

other choices: โบสถ์ / ศาสนายิว / ศาสนาฮินดู / เต๋า / พุทธศาสนา / เอนโทโลจี / ชินโต / คริสตจักรที่จัดตั้งขึ้น / ศาสนา / ศาสนา / 


ส่วนมากจะถูกปฏิเสธจากดนตรีกระแสหลัก ในช่วงปลายยุคทศวรรษที่ 1970 ดนตรีพังก์ร็อกได้แตกแยกแขนง ไปหลากหลาย___ เช่นเพลงแนว นิวเวฟ, โพสต์พังก์
(ทิศทาง)

other choices: สายป้อน / สายหลัก / ลู่ / ช่องทางอากาศ / รูปแบบการจราจร / เส้นทางการบิน / ตี / เส้นทางรถเมล์ / สายการบิน / บรรทัดของเดือนมีนาคม / โคจร / โคจร / เส้นทางกระดาษ / เส้นตรง / วงจรไฟฟ้า / ขวาง / เส้นอุปทาน / สายไฟ / เส้นทางการอพยพย้ายถิ่น / ทางเรียบ / เส้นทางการค้า / 


ส่วนมากจะถูกปฏิเสธจากดนตรีกระแสหลัก ในช่วงปลายยุคทศวรรษที่ 1970 ดนตรีพังก์ร็อกได้แตกแยกแขนง ไปหลากหลายทิศทาง เช่น___แนว นิวเวฟ, โพสต์พังก์
(เพลง)

other choices: เสียง / การพูด / คำพูด / 


ส่วนมากจะถูกปฏิเสธจากดนตรีกระแสหลัก ในช่วงปลายยุคทศวรรษที่ 1970 ดนตรีพังก์ร็อกได้แตกแยกแขนง ไปหลากหลายทิศทาง เช่นเพลง___ นิวเวฟ, โพสต์พังก์
(แนว)

other choices: น้ำตก / ขบวนแห่ / 


ส่วนมากจะถูกปฏิเสธจากดนตรีกระแสหลัก ในช่วงปลายยุคทศวรรษที่ 1970 ดนตรีพังก์ร็อกได้แตกแยกแขนง ไปหลากหลายทิศทาง เช่นเพลงแนว นิว___, โพสต์พังก์
(เวฟ)

other choices: การเคลื่อนไหวของเปลือกโลก / เข้าใกล้ / ที่ผ่านไป / โก่ง / การดัด / เปลี่ยนสถานที่ตั้ง / คลื่น / กระวนกระวายใจ / การเคลื่อนไหวเป็นระยะ ๆ / ยก / การหดตัว / การหดตัว / แสวงหา / บีบ / โยน / การหมุน / บิด / ความผันผวน / โยกเยก / วน / การเคลื่อนไหว Brownian / 


ส่วนมากจะถูกปฏิเสธจากดนตรีกระแสหลัก ในช่วงปลายยุคทศวรรษที่ 1970 ดนตรีพังก์ร็อกได้แตกแยกแขนง ไปหลากหลายทิศทาง เช่นเพลงแนว นิวเวฟ, ___พังก์
(โพสต์)

other choices: ปีก / การลดธงครึ่งเสา / นำ / ตำแหน่งขั้ว / โพล / ภาคภูมิใจของสถ​​าน / ความผิดปกติ / เว็บไซต์ / การตั้งค่า / การวางเคียงกัน / โกหก / ขว้าง / หลักเขต / ขวา / ซ้าย / กลับ / ด้านหน้า / ยืน / สถานี / ความได้เปรียบ / 


ส่วนมากจะถูกปฏิเสธจากดนตรีกระแสหลัก ในช่วงปลายยุคทศวรรษที่ 1970 ดนตรีพังก์ร็อกได้แตกแยกแขนง ไปหลากหลายทิศทาง เช่นเพลงแนว นิวเวฟ, โพสต์___
(พังก์)

other choices: อุปกรณ์ / วางเพลิง / ผู้หักหลัง / ผู้ลักลอบ / ผู้ไห้สินบน / ผู้คิดการกบฏ / คนสิ้นคิด / ผู้ลี้ภัย / นักเลง / นกคุก / ผู้พาหนี / มาเฟีย / นางสาว / ฆาตกร / ผู้อยู่ในระหว่างการทดลองก่อนบวช / ผู้ยื่น / การต้มตุ๋น / พันธ์ / ผู้ลักลอบ / ขโมย / คนทรยศ / ฝ่าฝืน / 


===============================

โดยหลายวงได้ทำการทดลองแนวดนตรีไปในทิศทางอื่น เช่นแนวฮาร์ดคอร์พังก์ และ ออย! และ อะนาร์โค-พังก์ เป็นต้น

===============================

โดยหลาย___ได้ทำการทดลองแนวดนตรีไปในทิศทางอื่น เช่นแนวฮาร์ดคอร์พังก์ และ ออย! และ อะนาร์โค-พังก์ เป็นต้น
(วง)

other choices: หัวเข็มขัด / ปุ่ม / จับ / เข็มกลัด / พุก / การพับหัว / คลิป / หนีบผ้า / กรูลูกฟูก / สลักชนิดผ่า / เดือย / เนื้อไม่มีมัน / ตะขอและตา / ปม / การเฆี่ยน / ลิงค์ / ล็อค / ตู้ / เล็บ / ถั่วและสายฟ้า / กรูกระดาษ / หมุด / สกรู / ตราประทับ / ขี้ผึ้งปิดผนึก / ซิป / ตะครุบ / ข้อศอก / สายฟ้าสลับ / 


โดยหลายวงได้ทำการทดลอง___ดนตรีไปในทิศทางอื่น เช่นแนวฮาร์ดคอร์พังก์ และ ออย! และ อะนาร์โค-พังก์ เป็นต้น
(แนว)

other choices: น้ำตก / ขบวนแห่ / 


โดยหลายวงได้ทำการทดลองแนว___ไปในทิศทางอื่น เช่นแนวฮาร์ดคอร์พังก์ และ ออย! และ อะนาร์โค-พังก์ เป็นต้น
(ดนตรี)

other choices: เสียง / การพูด / คำพูด / 


โดยหลายวงได้ทำการทดลองแนวดนตรีไปใน___อื่น เช่นแนวฮาร์ดคอร์พังก์ และ ออย! และ อะนาร์โค-พังก์ เป็นต้น
(ทิศทาง)

other choices: สายป้อน / สายหลัก / ลู่ / ช่องทางอากาศ / รูปแบบการจราจร / เส้นทางการบิน / ตี / เส้นทางรถเมล์ / สายการบิน / บรรทัดของเดือนมีนาคม / โคจร / โคจร / เส้นทางกระดาษ / เส้นตรง / วงจรไฟฟ้า / ขวาง / เส้นอุปทาน / สายไฟ / เส้นทางการอพยพย้ายถิ่น / ทางเรียบ / เส้นทางการค้า / 


โดยหลายวงได้ทำการทดลองแนวดนตรีไปในทิศทางอื่น เช่น___ฮาร์ดคอร์พังก์ และ ออย! และ อะนาร์โค-พังก์ เป็นต้น
(แนว)

other choices: น้ำตก / ขบวนแห่ / 


โดยหลายวงได้ทำการทดลองแนวดนตรีไปในทิศทางอื่น เช่นแนวฮาร์ด___ร์พังก์ และ ออย! และ อะนาร์โค-พังก์ เป็นต้น
(คอ)

other choices: เต้านม / ลำคอ / กระโปรงหน้ารถ / ฝีปาก / ริมฝีปาก / หัว / ครุย / เต้านม / ปลายสุด / ปลายสุด / ใบหน้า / ใบหน้า / 


โดยหลายวงได้ทำการทดลองแนวดนตรีไปในทิศทางอื่น เช่นแนวฮาร์ดคอ___พังก์ และ ออย! และ อะนาร์โค-พังก์ เป็นต้น
(ร์)

other choices: ดาลูเซีย / สหรัฐ / ที่ดิน Adelie / ดินแดนที่ไม่ดี / บาร์บารี / นูเบีย / ที่ดินเสื้อ / ทางทิศตะวันออก / ทิศตะวันออกเฉียงใต้ / ทิศตะวันตกเฉียงใต้ / ตะวันออกเฉียงเหนือ / ตะวันตกเฉียงเหนือ / มิดเวสต์ / ทิศตะวันตกเฉียงเหนือของมหาสมุทรแปซิฟิก / ที่ดิน Enderby / ทะเลสาบนิ้ว / โค้งขนาดใหญ่ / ที่ดินม็อดพระราชินี / ที่ดินวิกตอเรีย / ที่ดิน Wilkes / ไปทางทิศตะวันตก / แอฟริกาตะวันออก / กาลาเทีย / เจีย / พอนทัส / อล / แคริบเบียน / เบงกอล / ทุ่งหญ้า / เอเชียตะวันออกเฉียงใต้ / แมนจูเรีย / อินโดจีนฝรั่งเศส / สโลวาเกีย / โมราเวีย / ตำบลโบฮีเมีย / สแกนดิเนเวี / แซกโซนี / เรห์น / บรันเดนบู / แคว้นปรัสเซีย / ทูรินเจีย / เลีย / อีไพรุส / ลาโคเนีย / ลิเดีย / อาร์เคเดีย / ตะวันออกกลาง / เสี้ยวอันอุดมสมบูรณ์ / เวสต์แบงก์ / กาลิลี / ฉนวนกาซา / ความสูงโกลาน / ปาเลสไตน์ / ยูดาห์ / แคว้นยูเดีย / ลิสเตีย / จักรวรรดิไบเซนไทน์ / จักรวรรดิโรมันตะวันตก / เซอร์เบีย / มอนเตเนโก / ดัล / สุนัขพันธุ์หนึ่ง / ทะเลจังหวัด / ออสเตรียฮังการี / จักรวรรดิอังกฤษ / เรสต์ใหม่ / Anglia ตะวันออก / แลงคาเชียร์ / ยอร์ค / ประเทศตะวันตก / เวสเซ็กส์ / เสื้อคลุมหลวม / สกอตแลนด์ / อินเดีย / ปัญจาบ / รัฐอ่าว / อีแลม / ลิแวนต์ / มาซีโดเนีย / เทรซ / แคว้นเมซอพอเทเมีย / ประเทศแบบอิโลเนีย / เคลเดีย / สุเมเรียน / ประเทศแอสซีเรีย / ประเทศฝรั่งเศสโบราณ / ริเวียร่า / โอลิมปิกลียง / ตนเซ็โวย / กิอานา / ฟรีสลันด์ / ประเทศมองโกเลีย / ซาฮาร่าตะวันตก / แคชเมียร์ / เธีย / จ๊าซ / เชชเนีย / ไซบีเรีย / รัสเซียยุโรป / ลิโวเนีย / Donets ลุ่มน้ำ / ไอบีเรีย / ละตินอเมริกา / กาลิเซีย / ซูดาน / ยิกา / ถาน / ถานอิรัก / โยนก / ชายฝั่งตะวันออก / ชายฝั่งตะวันตก / นิวอิงแลนด์ / สหรัฐอเมริกากลางมหาสมุทรแอตแลนติก / รัฐอ่าว / การร่วมมือกัน / ทางทิศใต้ / จังหวัดชายแดนภาคใต้ / ซันเบลท์ / ฝั่งทะเล / แคโรไลนา / ดาโคตา / บลูแกรส / ประเทศต่ำ / sur ใหญ่ / หุบเขาซิลิคอน / ซีเธีย / แอฟริกาเหนือ / แอฟริกาตะวันตก / 


โดยหลายวงได้ทำการทดลองแนวดนตรีไปในทิศทางอื่น เช่นแนวฮาร์ดคอร์___ และ ออย! และ อะนาร์โค-พังก์ เป็นต้น
(พังก์)

other choices: อุปกรณ์ / วางเพลิง / ผู้หักหลัง / ผู้ลักลอบ / ผู้ไห้สินบน / ผู้คิดการกบฏ / คนสิ้นคิด / ผู้ลี้ภัย / นักเลง / นกคุก / ผู้พาหนี / มาเฟีย / นางสาว / ฆาตกร / ผู้อยู่ในระหว่างการทดลองก่อนบวช / ผู้ยื่น / การต้มตุ๋น / พันธ์ / ผู้ลักลอบ / ขโมย / คนทรยศ / ฝ่าฝืน / 


โดยหลายวงได้ทำการทดลองแนวดนตรีไปในทิศทางอื่น เช่นแนวฮาร์ดคอร์พังก์ และ ออ___! และ อะนาร์โค-พังก์ เป็นต้น
(ย)

other choices: ท่อง / สกีน้ำ / 


โดยหลายวงได้ทำการทดลองแนวดนตรีไปในทิศทางอื่น เช่นแนวฮาร์ดคอร์พังก์ และ ออย! และ อะนา___โค-พังก์ เป็นต้น
(ร์)

other choices: ดาลูเซีย / สหรัฐ / ที่ดิน Adelie / ดินแดนที่ไม่ดี / บาร์บารี / นูเบีย / ที่ดินเสื้อ / ทางทิศตะวันออก / ทิศตะวันออกเฉียงใต้ / ทิศตะวันตกเฉียงใต้ / ตะวันออกเฉียงเหนือ / ตะวันตกเฉียงเหนือ / มิดเวสต์ / ทิศตะวันตกเฉียงเหนือของมหาสมุทรแปซิฟิก / ที่ดิน Enderby / ทะเลสาบนิ้ว / โค้งขนาดใหญ่ / ที่ดินม็อดพระราชินี / ที่ดินวิกตอเรีย / ที่ดิน Wilkes / ไปทางทิศตะวันตก / แอฟริกาตะวันออก / กาลาเทีย / เจีย / พอนทัส / อล / แคริบเบียน / เบงกอล / ทุ่งหญ้า / เอเชียตะวันออกเฉียงใต้ / แมนจูเรีย / อินโดจีนฝรั่งเศส / สโลวาเกีย / โมราเวีย / ตำบลโบฮีเมีย / สแกนดิเนเวี / แซกโซนี / เรห์น / บรันเดนบู / แคว้นปรัสเซีย / ทูรินเจีย / เลีย / อีไพรุส / ลาโคเนีย / ลิเดีย / อาร์เคเดีย / ตะวันออกกลาง / เสี้ยวอันอุดมสมบูรณ์ / เวสต์แบงก์ / กาลิลี / ฉนวนกาซา / ความสูงโกลาน / ปาเลสไตน์ / ยูดาห์ / แคว้นยูเดีย / ลิสเตีย / จักรวรรดิไบเซนไทน์ / จักรวรรดิโรมันตะวันตก / เซอร์เบีย / มอนเตเนโก / ดัล / สุนัขพันธุ์หนึ่ง / ทะเลจังหวัด / ออสเตรียฮังการี / จักรวรรดิอังกฤษ / เรสต์ใหม่ / Anglia ตะวันออก / แลงคาเชียร์ / ยอร์ค / ประเทศตะวันตก / เวสเซ็กส์ / เสื้อคลุมหลวม / สกอตแลนด์ / อินเดีย / ปัญจาบ / รัฐอ่าว / อีแลม / ลิแวนต์ / มาซีโดเนีย / เทรซ / แคว้นเมซอพอเทเมีย / ประเทศแบบอิโลเนีย / เคลเดีย / สุเมเรียน / ประเทศแอสซีเรีย / ประเทศฝรั่งเศสโบราณ / ริเวียร่า / โอลิมปิกลียง / ตนเซ็โวย / กิอานา / ฟรีสลันด์ / ประเทศมองโกเลีย / ซาฮาร่าตะวันตก / แคชเมียร์ / เธีย / จ๊าซ / เชชเนีย / ไซบีเรีย / รัสเซียยุโรป / ลิโวเนีย / Donets ลุ่มน้ำ / ไอบีเรีย / ละตินอเมริกา / กาลิเซีย / ซูดาน / ยิกา / ถาน / ถานอิรัก / โยนก / ชายฝั่งตะวันออก / ชายฝั่งตะวันตก / นิวอิงแลนด์ / สหรัฐอเมริกากลางมหาสมุทรแอตแลนติก / รัฐอ่าว / การร่วมมือกัน / ทางทิศใต้ / จังหวัดชายแดนภาคใต้ / ซันเบลท์ / ฝั่งทะเล / แคโรไลนา / ดาโคตา / บลูแกรส / ประเทศต่ำ / sur ใหญ่ / หุบเขาซิลิคอน / ซีเธีย / แอฟริกาเหนือ / แอฟริกาตะวันตก / 


โดยหลายวงได้ทำการทดลองแนวดนตรีไปในทิศทางอื่น เช่นแนวฮาร์ดคอร์พังก์ และ ออย! และ อะนาร์___-พังก์ เป็นต้น
(โค)

other choices: วัว / วัว / วัว / เนื้อวัว / เวลส์ / สำรวจความคิดเห็นของสีแดง / โคนม / เดวอน / เกรด / 


โดยหลายวงได้ทำการทดลองแนวดนตรีไปในทิศทางอื่น เช่นแนวฮาร์ดคอร์พังก์ และ ออย! และ อะนาร์โค-___ เป็นต้น
(พังก์)

other choices: อุปกรณ์ / วางเพลิง / ผู้หักหลัง / ผู้ลักลอบ / ผู้ไห้สินบน / ผู้คิดการกบฏ / คนสิ้นคิด / ผู้ลี้ภัย / นักเลง / นกคุก / ผู้พาหนี / มาเฟีย / นางสาว / ฆาตกร / ผู้อยู่ในระหว่างการทดลองก่อนบวช / ผู้ยื่น / การต้มตุ๋น / พันธ์ / ผู้ลักลอบ / ขโมย / คนทรยศ / ฝ่าฝืน / 


===============================

และพังก์ร็อกยุคใหม่ได้พัฒนาไปอีกขึ้น

===============================

และ___ร็อกยุคใหม่ได้พัฒนาไปอีกขึ้น
(พังก์)

other choices: อุปกรณ์ / วางเพลิง / ผู้หักหลัง / ผู้ลักลอบ / ผู้ไห้สินบน / ผู้คิดการกบฏ / คนสิ้นคิด / ผู้ลี้ภัย / นักเลง / นกคุก / ผู้พาหนี / มาเฟีย / นางสาว / ฆาตกร / ผู้อยู่ในระหว่างการทดลองก่อนบวช / ผู้ยื่น / การต้มตุ๋น / พันธ์ / ผู้ลักลอบ / ขโมย / คนทรยศ / ฝ่าฝืน / 


และพังก์___ยุคใหม่ได้พัฒนาไปอีกขึ้น
(ร็อก)

other choices: รังไหมดิบ / ร่างกาย / ร่างกาย / ดาวเรียง / ตัวสีดำ / ร่างกาย / พรม / เทห์ฟากฟ้า / การรวบรวม / นักษัตร / ครอบคลุม / วัตถุนอกโลก / กลไก / รัง / หม้อน้ำรถยนต์ / ตัวอย่าง / ยุ่งเหยิง / จักรวาล / ส่วนพืช / 


===============================

โดยเพลงแนวออลเทอร์นาทิฟร็อกได้รับความนิยมเหมือนตอนที่ได้พังก์ร็อกรับความนิยมในช่วงแรก

===============================

โดย___แนวออลเทอร์นาทิฟร็อกได้รับความนิยมเหมือนตอนที่ได้พังก์ร็อกรับความนิยมในช่วงแรก
(เพลง)

other choices: เสียง / การพูด / คำพูด / 


โดยเพลง___ออลเทอร์นาทิฟร็อกได้รับความนิยมเหมือนตอนที่ได้พังก์ร็อกรับความนิยมในช่วงแรก
(แนว)

other choices: น้ำตก / ขบวนแห่ / 


โดยเพลงแนวออลเท___นาทิฟร็อกได้รับความนิยมเหมือนตอนที่ได้พังก์ร็อกรับความนิยมในช่วงแรก
(อร์)

other choices: ดาลูเซีย / สหรัฐ / ที่ดิน Adelie / ดินแดนที่ไม่ดี / บาร์บารี / นูเบีย / ที่ดินเสื้อ / ทางทิศตะวันออก / ทิศตะวันออกเฉียงใต้ / ทิศตะวันตกเฉียงใต้ / ตะวันออกเฉียงเหนือ / ตะวันตกเฉียงเหนือ / มิดเวสต์ / ทิศตะวันตกเฉียงเหนือของมหาสมุทรแปซิฟิก / ที่ดิน Enderby / ทะเลสาบนิ้ว / โค้งขนาดใหญ่ / ที่ดินม็อดพระราชินี / ที่ดินวิกตอเรีย / ที่ดิน Wilkes / ไปทางทิศตะวันตก / แอฟริกาตะวันออก / กาลาเทีย / เจีย / พอนทัส / อล / แคริบเบียน / เบงกอล / ทุ่งหญ้า / เอเชียตะวันออกเฉียงใต้ / แมนจูเรีย / อินโดจีนฝรั่งเศส / สโลวาเกีย / โมราเวีย / ตำบลโบฮีเมีย / สแกนดิเนเวี / แซกโซนี / เรห์น / บรันเดนบู / แคว้นปรัสเซีย / ทูรินเจีย / เลีย / อีไพรุส / ลาโคเนีย / ลิเดีย / อาร์เคเดีย / ตะวันออกกลาง / เสี้ยวอันอุดมสมบูรณ์ / เวสต์แบงก์ / กาลิลี / ฉนวนกาซา / ความสูงโกลาน / ปาเลสไตน์ / ยูดาห์ / แคว้นยูเดีย / ลิสเตีย / จักรวรรดิไบเซนไทน์ / จักรวรรดิโรมันตะวันตก / เซอร์เบีย / มอนเตเนโก / ดัล / สุนัขพันธุ์หนึ่ง / ทะเลจังหวัด / ออสเตรียฮังการี / จักรวรรดิอังกฤษ / เรสต์ใหม่ / Anglia ตะวันออก / แลงคาเชียร์ / ยอร์ค / ประเทศตะวันตก / เวสเซ็กส์ / เสื้อคลุมหลวม / สกอตแลนด์ / อินเดีย / ปัญจาบ / รัฐอ่าว / อีแลม / ลิแวนต์ / มาซีโดเนีย / เทรซ / แคว้นเมซอพอเทเมีย / ประเทศแบบอิโลเนีย / เคลเดีย / สุเมเรียน / ประเทศแอสซีเรีย / ประเทศฝรั่งเศสโบราณ / ริเวียร่า / โอลิมปิกลียง / ตนเซ็โวย / กิอานา / ฟรีสลันด์ / ประเทศมองโกเลีย / ซาฮาร่าตะวันตก / แคชเมียร์ / เธีย / จ๊าซ / เชชเนีย / ไซบีเรีย / รัสเซียยุโรป / ลิโวเนีย / Donets ลุ่มน้ำ / ไอบีเรีย / ละตินอเมริกา / กาลิเซีย / ซูดาน / ยิกา / ถาน / ถานอิรัก / โยนก / ชายฝั่งตะวันออก / ชายฝั่งตะวันตก / นิวอิงแลนด์ / สหรัฐอเมริกากลางมหาสมุทรแอตแลนติก / รัฐอ่าว / การร่วมมือกัน / ทางทิศใต้ / จังหวัดชายแดนภาคใต้ / ซันเบลท์ / ฝั่งทะเล / แคโรไลนา / ดาโคตา / บลูแกรส / ประเทศต่ำ / sur ใหญ่ / หุบเขาซิลิคอน / ซีเธีย / แอฟริกาเหนือ / แอฟริกาตะวันตก / 


โดยเพลงแนวออลเทอร์นาทิฟ___ได้รับความนิยมเหมือนตอนที่ได้พังก์ร็อกรับความนิยมในช่วงแรก
(ร็อก)

other choices: รังไหมดิบ / ร่างกาย / ร่างกาย / ดาวเรียง / ตัวสีดำ / ร่างกาย / พรม / เทห์ฟากฟ้า / การรวบรวม / นักษัตร / ครอบคลุม / วัตถุนอกโลก / กลไก / รัง / หม้อน้ำรถยนต์ / ตัวอย่าง / ยุ่งเหยิง / จักรวาล / ส่วนพืช / 


โดยเพลงแนวออลเทอร์นาทิฟร็อกได้รับความนิยมเหมือน___ได้พังก์ร็อกรับความนิยมในช่วงแรก
(ตอนที่)

other choices: สมบัติ / ความสัมพันธ์ทางสังคม / ตำแหน่ง / ความเป็นเจ้าของ / เวรกรรม / ความสัมพันธ์ / ฟังก์ชัน / สมาคม / ความสัมพันธ์เชิงตรรกะ / ความสัมพันธ์ทางคณิตศาสตร์ / มูลนิธิ / สัมพันธ์ / ความสัมพันธ์ทางภาษา / ความเป็นพี่น้องกัน / ระบบเครือญาติ / ความสัมพันธ์ขนาด / ควบคุม / ความสัมพันธ์ทางธุรกิจ / การข้องกัน / ความสัมพันธ์ชั่วขณะ / การเปรียบเทียบ / ฝ่ายค้าน / เปลี่ยนแปลง / 


โดยเพลงแนวออลเทอร์นาทิฟร็อกได้รับความนิยมเหมือนตอนที่ได้___ร็อกรับความนิยมในช่วงแรก
(พังก์)

other choices: อุปกรณ์ / วางเพลิง / ผู้หักหลัง / ผู้ลักลอบ / ผู้ไห้สินบน / ผู้คิดการกบฏ / คนสิ้นคิด / ผู้ลี้ภัย / นักเลง / นกคุก / ผู้พาหนี / มาเฟีย / นางสาว / ฆาตกร / ผู้อยู่ในระหว่างการทดลองก่อนบวช / ผู้ยื่น / การต้มตุ๋น / พันธ์ / ผู้ลักลอบ / ขโมย / คนทรยศ / ฝ่าฝืน / 


โดยเพลงแนวออลเทอร์นาทิฟร็อกได้รับความนิยมเหมือนตอนที่ได้พังก์___รับความนิยมในช่วงแรก
(ร็อก)

other choices: รังไหมดิบ / ร่างกาย / ร่างกาย / ดาวเรียง / ตัวสีดำ / ร่างกาย / พรม / เทห์ฟากฟ้า / การรวบรวม / นักษัตร / ครอบคลุม / วัตถุนอกโลก / กลไก / รัง / หม้อน้ำรถยนต์ / ตัวอย่าง / ยุ่งเหยิง / จักรวาล / ส่วนพืช / 


===============================

