ชายตัดฟืนคนหนึ่ง...เข้าไปตัดฟืนในป่า เผอิญเขาทำขวานพลัดตกลงไปในสระน้ำ"โธ่...โธ่...โธ่...ฉันจะทำอย่างไรดี

===============================

___ตัดฟืนคนหนึ่ง...เข้าไปตัดฟืนในป่า เผอิญเขาทำขวานพลัดตกลงไปในสระน้ำ"โธ่...โธ่...โธ่...ฉันจะทำอย่างไรดี
(ชาย)

other choices: ศัตรูพืช / น่าขนลุกเกี่ยวกับการคลาน / อ้ายงั่ว / ช่วงสัตว์ / คนเก็บขยะ / สัตว์ทำงาน / สัตว์ในประเทศ / เครื่องป้อน / ผู้อพยพ / สัตว์เลี้ยง / ยืนยง / การแสดงความสามารถ / สัตว์ทะเล / หญิง / ผู้ใหญ่ / หนุ่มสาว / เป็นพันธุ์แท้ / ยักษ์ / ผู้รอดชีวิต / กลายพันธุ์ / ศัตว์ซึ่งกินพืชเป็นอาหาร / แพลงก์ตอนสัตว์ / เอ็มบริโอ / สัตว์มีแกนสันหลัง / สัตว์ที่ไม่มีกระดูกสันหลัง / ผู้รับทุกอย่าง / นักล่า / เหยื่อ / เกม / สัตว์สองเท้า / ตัวอ่อน / ผู้แข่ง / สัตว์สวม / เชลย / เพื่อน / 


ชายตัด___คนหนึ่ง...เข้าไปตัดฟืนในป่า เผอิญเขาทำขวานพลัดตกลงไปในสระน้ำ"โธ่...โธ่...โธ่...ฉันจะทำอย่างไรดี
(ฟืน)

other choices: ชีวมวล / บิวเทน / ถ่าน / ก๊าซถ่านหิน / โคก / น้ำมันดีเซล / ไฟ / เชื้อเพลิงฟอสซิล / น้ำมันเตา / โซฮอล์ / น้ำมันเบนซิน / สว่าง / ก๊าด / เมทิลแอลกอฮอล์ / เชื้อเพลิงนิวเคลียร์ / โพรเพน / ไฟสีแดง / ติดไฟได้ / ก๊าซน้ำ / เครื่องทำให้ลุกไหม้ / 


ชายตัดฟืนคนหนึ่ง...เข้าไปตัด___ในป่า เผอิญเขาทำขวานพลัดตกลงไปในสระน้ำ"โธ่...โธ่...โธ่...ฉันจะทำอย่างไรดี
(ฟืน)

other choices: ชีวมวล / บิวเทน / ถ่าน / ก๊าซถ่านหิน / โคก / น้ำมันดีเซล / ไฟ / เชื้อเพลิงฟอสซิล / น้ำมันเตา / โซฮอล์ / น้ำมันเบนซิน / สว่าง / ก๊าด / เมทิลแอลกอฮอล์ / เชื้อเพลิงนิวเคลียร์ / โพรเพน / ไฟสีแดง / ติดไฟได้ / ก๊าซน้ำ / เครื่องทำให้ลุกไหม้ / 


ชายตัดฟืนคนหนึ่ง...เข้าไปตัดฟืนใน___ เผอิญเขาทำขวานพลัดตกลงไปในสระน้ำ"โธ่...โธ่...โธ่...ฉันจะทำอย่างไรดี
(ป่า)

other choices: เรียกดู / แปรง / การเจริญเติบโต / ขัด / ยืน / ไม้พุ่ม / สวน / ไม้หนาม / 


ชายตัดฟืนคนหนึ่ง...เข้าไปตัดฟืนในป่า เผอิญเขาทำ___พลัดตกลงไปในสระน้ำ"โธ่...โธ่...โธ่...ฉันจะทำอย่างไรดี
(ขวาน)

other choices: สิ่ว / สิ่วเล็บมือ / ขวานมือ / ตะปูหัวกลม / มีด / เลือก / เครื่องบิน / มีดโกน / กรรไกร / เคียว / ตัด / เคียว / เครื่องตัดลวด / 


ชายตัดฟืนคนหนึ่ง...เข้าไปตัดฟืนในป่า เผอิญเขาทำขวาน___ลงไปในสระน้ำ"โธ่...โธ่...โธ่...ฉันจะทำอย่างไรดี
(พลัดตก)

other choices: เก็บเกี่ยว / ฤดูใบไม้ผลิ / ฤดูร้อน / ฤดูหนาว / ฤดูฝน / หน้าแล้ง / 


ชายตัดฟืนคนหนึ่ง...เข้าไปตัดฟืนในป่า เผอิญเขาทำขวานพลัดตกลงไปใน___"โธ่...โธ่...โธ่...ฉันจะทำอย่างไรดี
(สระน้ำ)

other choices: ถังน้ำ / สระว่ายน้ำลุยน้ำ / กระโดดน้ำ / 


ชายตัดฟืนคนหนึ่ง...เข้าไปตัดฟืนในป่า เผอิญเขาทำขวานพลัดตกลงไปในสระน้ำ"___...โธ่...โธ่...ฉันจะทำอย่างไรดี
(โธ่)

other choices: 


ชายตัดฟืนคนหนึ่ง...เข้าไปตัดฟืนในป่า เผอิญเขาทำขวานพลัดตกลงไปในสระน้ำ"โธ่...___...โธ่...ฉันจะทำอย่างไรดี
(โธ่)

other choices: 


ชายตัดฟืนคนหนึ่ง...เข้าไปตัดฟืนในป่า เผอิญเขาทำขวานพลัดตกลงไปในสระน้ำ"โธ่...โธ่...___...ฉันจะทำอย่างไรดี
(โธ่)

other choices: 


===============================

ว่ายน้ำก็ไม่เป็น"ชายตัดฟืนคร่ำครวญอยู่ริมสระ

===============================

ว่ายน้ำก็ไม่เป็น"___ตัดฟืนคร่ำครวญอยู่ริมสระ
(ชาย)

other choices: ศัตรูพืช / น่าขนลุกเกี่ยวกับการคลาน / อ้ายงั่ว / ช่วงสัตว์ / คนเก็บขยะ / สัตว์ทำงาน / สัตว์ในประเทศ / เครื่องป้อน / ผู้อพยพ / สัตว์เลี้ยง / ยืนยง / การแสดงความสามารถ / สัตว์ทะเล / หญิง / ผู้ใหญ่ / หนุ่มสาว / เป็นพันธุ์แท้ / ยักษ์ / ผู้รอดชีวิต / กลายพันธุ์ / ศัตว์ซึ่งกินพืชเป็นอาหาร / แพลงก์ตอนสัตว์ / เอ็มบริโอ / สัตว์มีแกนสันหลัง / สัตว์ที่ไม่มีกระดูกสันหลัง / ผู้รับทุกอย่าง / นักล่า / เหยื่อ / เกม / สัตว์สองเท้า / ตัวอ่อน / ผู้แข่ง / สัตว์สวม / เชลย / เพื่อน / 


ว่ายน้ำก็ไม่เป็น"ชายตัด___คร่ำครวญอยู่ริมสระ
(ฟืน)

other choices: ชีวมวล / บิวเทน / ถ่าน / ก๊าซถ่านหิน / โคก / น้ำมันดีเซล / ไฟ / เชื้อเพลิงฟอสซิล / น้ำมันเตา / โซฮอล์ / น้ำมันเบนซิน / สว่าง / ก๊าด / เมทิลแอลกอฮอล์ / เชื้อเพลิงนิวเคลียร์ / โพรเพน / ไฟสีแดง / ติดไฟได้ / ก๊าซน้ำ / เครื่องทำให้ลุกไหม้ / 


ว่ายน้ำก็ไม่เป็น"ชายตัดฟืน___อยู่ริมสระ
(คร่ำครวญ)

other choices: ขาน / ร้องไห้ / ร้องไห้ / บ่น / เสียงอุทาน / ที่ผนวกเข้าไป / มิ้ม / เห่าหอน / หัวเราะ / พึมพำ / เพจจิ้ง / การดูหมิ่น / การออกเสียง / ปราโมทย์ / ถอนหายใจ / คำราม / การพูด / การพูด / พ่นออก / ตะไบ / คำราม / 


ว่ายน้ำก็ไม่เป็น"ชายตัดฟืนคร่ำครวญอยู่___สระ
(ริม)

other choices: เส้นผม / ชายแดน / แนวเขตแดน / สายอำเภอ / แนวเขต / เมืองแถว / ปลาย / จำกัด / เค้าโครง / พื้นผิว / เส้นชายทะเล / 


ว่ายน้ำก็ไม่เป็น"ชายตัดฟืนคร่ำครวญอยู่ริม___
(สระ)

other choices: เจาะ / ขุด / คู / เหมือง / เหมือง / หลุม / รากใต้ดิน / ดี / การทำงาน / 


===============================

เพราะเขาไม่มีเครื่องมือทำมาหากินอีก

===============================

เพราะเขาไม่มี___ทำมาหากินอีก
(เครื่องมือ)

other choices: บาร์ / ผู้ชนะ / แปรง / หนัง / การทำความสะอาดใช้ / ยางลบ / เหล็กไฟ / ไม้ตีพริก / ตะขอ / เหล็ก / แถบหนัง / เข็ม / พายเรือ / คัน / กบเหลาดินสอ / กรรไกรตัดเทียน / หอก / ขัดขวาง / กีฬาดำเนินการ / ติด / ติด / กวน / ไม้กวาด / ผู้ตี / ส้อมเสียง / ภาชนะ / เขียนใช้ / 


เพราะเขาไม่มีเครื่องมือ___อีก
(ทำมาหากิน)

other choices: ทรัพยากรธรรมชาติ / ทรัพยากรแรงงาน / สนับสนุน / วิธีการและวิธี / 


===============================



===============================

___
()

other choices: 


===============================



===============================

___
()

other choices: 


===============================

เทพารักษ์ที่อยู่ใกล้ๆ อดสงสารไม่ได้

===============================

___ที่อยู่ใกล้ๆ อดสงสารไม่ได้
(เทพารักษ์)

other choices: ฅามลัทธีเครื่องราง / ผู้ทำโทษตนเอง / ร่าน / เกย์ / เฒ่าหัวงู / ซาดิสม์ / ซาดิสม์และมาโซคิสม์ / หลักเกณฑ์ / 


เทพารักษ์___ใกล้ๆ อดสงสารไม่ได้
(ที่อยู่)

other choices: รหัสมาตรฐานอเมริกันสำหรับการแลกเปลี่ยนข้อมูล / รหัสไบนารี / รหัสแก้ไขข้อผิดพลาด / เฟิร์มแว / รหัสเครื่อง / รหัสวัตถุ / รหัสการดำเนินการ / ซอฟต์แวร์ / คำแนะนำ / 


เทพารักษ์ที่อยู่ใกล้ๆ ___สงสารไม่ได้
(อด)

other choices: 


เทพารักษ์ที่อยู่ใกล้ๆ อด___ไม่ได้
(สงสาร)

other choices: กังวล / ความเห็นอกเห็นใจ / ความเข้ากันได้ / การเอาใจใส่ / 


===============================

จึงปรากฏกายให้เห็น

===============================

จึงปรากฏ___ให้เห็น
(กาย)

other choices: รังไหมดิบ / ร่างกาย / ดาวเรียง / ตัวสีดำ / ร่างกาย / พรม / เทห์ฟากฟ้า / การรวบรวม / นักษัตร / ครอบคลุม / วัตถุนอกโลก / กลไก / รัง / หม้อน้ำรถยนต์ / หิน / ตัวอย่าง / ยุ่งเหยิง / จักรวาล / ส่วนพืช / 


===============================

แล้วเอื้อมมือลงไปในสระน้ำ คว้าขวานเล่มหนึ่งส่งให้คนตัดฟืน "โอ...ท่าน...นี่มันขวานทอง ไม่ใช่ขวานของข้าหรอก" ชายตัดฟืนไม่ยอมรับ เทพารักษ์จึงงมขวานขึ้นมาให้อีกเล่มหนึ่ง

===============================

แล้ว___ลงไปในสระน้ำ คว้าขวานเล่มหนึ่งส่งให้คนตัดฟืน "โอ...ท่าน...นี่มันขวานทอง ไม่ใช่ขวานของข้าหรอก" ชายตัดฟืนไม่ยอมรับ เทพารักษ์จึงงมขวานขึ้นมาให้อีกเล่มหนึ่ง
(เอื้อมมือ)

other choices: 


แล้วเอื้อมมือลงไปใน___ คว้าขวานเล่มหนึ่งส่งให้คนตัดฟืน "โอ...ท่าน...นี่มันขวานทอง ไม่ใช่ขวานของข้าหรอก" ชายตัดฟืนไม่ยอมรับ เทพารักษ์จึงงมขวานขึ้นมาให้อีกเล่มหนึ่ง
(สระน้ำ)

other choices: ถังน้ำ / สระว่ายน้ำลุยน้ำ / กระโดดน้ำ / 


แล้วเอื้อมมือลงไปในสระน้ำ ___ขวานเล่มหนึ่งส่งให้คนตัดฟืน "โอ...ท่าน...นี่มันขวานทอง ไม่ใช่ขวานของข้าหรอก" ชายตัดฟืนไม่ยอมรับ เทพารักษ์จึงงมขวานขึ้นมาให้อีกเล่มหนึ่ง
(คว้า)

other choices: โฆษก / กันชน / ยามกันชน / คาร์บูเรเตอร์ / คอมเพรสเซอร์ / การแต่งงานกัน / เครื่องดัดผม / กะบังลม / อุปกรณ์ไฟฟ้า / การหนี / ที่เปลี่ยนเกียร์ / ตะขอ / เครื่อง / เครื่องลอกแผนที่หรือลวดลาย / ลูกสูบ / ใบพัด / ปั๊ม / วงล้อ / บันทึกเปลี่ยน / นั่ง / บานประตูหน้าต่าง / เล่นสกีที่มีผลผูกพัน / เครื่องต่อเชือก / เข้าเฝือก / เครื่องฉีด / สเตเตอร์ / กรรมกรคุมเตา / แคร่หาม / ผู้ตี / ห้องอุปทาน / แกว่ง / แขนโทน / กับดัก / เครื่องสั่น / เครื่องสั่น / เครื่องลงคะแนนเสียงเลือกตั้ง / กังหัน / เครื่องม้วน / เครื่องม้วน / ที่ปัดน้ำฝน / 


แล้วเอื้อมมือลงไปในสระน้ำ คว้า___เล่มหนึ่งส่งให้คนตัดฟืน "โอ...ท่าน...นี่มันขวานทอง ไม่ใช่ขวานของข้าหรอก" ชายตัดฟืนไม่ยอมรับ เทพารักษ์จึงงมขวานขึ้นมาให้อีกเล่มหนึ่ง
(ขวาน)

other choices: สิ่ว / สิ่วเล็บมือ / ขวานมือ / ตะปูหัวกลม / มีด / เลือก / เครื่องบิน / มีดโกน / กรรไกร / เคียว / ตัด / เคียว / เครื่องตัดลวด / 


แล้วเอื้อมมือลงไปในสระน้ำ คว้าขวานเล่มหนึ่งส่งให้___ตัดฟืน "โอ...ท่าน...นี่มันขวานทอง ไม่ใช่ขวานของข้าหรอก" ชายตัดฟืนไม่ยอมรับ เทพารักษ์จึงงมขวานขึ้นมาให้อีกเล่มหนึ่ง
(คน)

other choices: สัตว์หน้าดิน / แคระ / เฮเทโรทรอพ / ผู้ปกครอง / สัตว์ / ปลูก / พื้นเมือง / ชนิดเดียวกัน / ผู้ให้บริการ / ผู้อยู่ / ซ้ำ / เดี่ยว / โพลีพลอย / จุลินทรีย์ / จุลินทรีย์ / เป็นพิษ / บัคเตรีจำพวกที่ไม่ต้องการออากาศหายใจ / เป็นลูกผสม / ญาติ / แปลงกตอน / ปรสิต / เจ้าภาพ / โปรคารีโอ / โคลน / รายบุคคล / มิ่งขวัญ / กลายพันธุ์ / ผู้นั่ง / รา / ชีวิต nonvascular / แม่ม่าย / 


แล้วเอื้อมมือลงไปในสระน้ำ คว้าขวานเล่มหนึ่งส่งให้คนตัด___ "โอ...ท่าน...นี่มันขวานทอง ไม่ใช่ขวานของข้าหรอก" ชายตัดฟืนไม่ยอมรับ เทพารักษ์จึงงมขวานขึ้นมาให้อีกเล่มหนึ่ง
(ฟืน)

other choices: ชีวมวล / บิวเทน / ถ่าน / ก๊าซถ่านหิน / โคก / น้ำมันดีเซล / ไฟ / เชื้อเพลิงฟอสซิล / น้ำมันเตา / โซฮอล์ / น้ำมันเบนซิน / สว่าง / ก๊าด / เมทิลแอลกอฮอล์ / เชื้อเพลิงนิวเคลียร์ / โพรเพน / ไฟสีแดง / ติดไฟได้ / ก๊าซน้ำ / เครื่องทำให้ลุกไหม้ / 


แล้วเอื้อมมือลงไปในสระน้ำ คว้าขวานเล่มหนึ่งส่งให้คนตัดฟืน "___...ท่าน...นี่มันขวานทอง ไม่ใช่ขวานของข้าหรอก" ชายตัดฟืนไม่ยอมรับ เทพารักษ์จึงงมขวานขึ้นมาให้อีกเล่มหนึ่ง
(โอ)

other choices: 


แล้วเอื้อมมือลงไปในสระน้ำ คว้าขวานเล่มหนึ่งส่งให้คนตัดฟืน "โอ...ท่าน..___นี่มันขวานทอง ไม่ใช่ขวานของข้าหรอก" ชายตัดฟืนไม่ยอมรับ เทพารักษ์จึงงมขวานขึ้นมาให้อีกเล่มหนึ่ง
(.)

other choices: 


แล้วเอื้อมมือลงไปในสระน้ำ คว้าขวานเล่มหนึ่งส่งให้คนตัดฟืน "โอ...ท่าน...นี่มัน___ทอง ไม่ใช่ขวานของข้าหรอก" ชายตัดฟืนไม่ยอมรับ เทพารักษ์จึงงมขวานขึ้นมาให้อีกเล่มหนึ่ง
(ขวาน)

other choices: สิ่ว / สิ่วเล็บมือ / ขวานมือ / ตะปูหัวกลม / มีด / เลือก / เครื่องบิน / มีดโกน / กรรไกร / เคียว / ตัด / เคียว / เครื่องตัดลวด / 


แล้วเอื้อมมือลงไปในสระน้ำ คว้าขวานเล่มหนึ่งส่งให้คนตัดฟืน "โอ...ท่าน...นี่มันขวาน___ ไม่ใช่ขวานของข้าหรอก" ชายตัดฟืนไม่ยอมรับ เทพารักษ์จึงงมขวานขึ้นมาให้อีกเล่มหนึ่ง
(ทอง)

other choices: แท่ง / เงิน / 


แล้วเอื้อมมือลงไปในสระน้ำ คว้าขวานเล่มหนึ่งส่งให้คนตัดฟืน "โอ...ท่าน...นี่มันขวานทอง ไม่ใช่___ของข้าหรอก" ชายตัดฟืนไม่ยอมรับ เทพารักษ์จึงงมขวานขึ้นมาให้อีกเล่มหนึ่ง
(ขวาน)

other choices: สิ่ว / สิ่วเล็บมือ / ขวานมือ / ตะปูหัวกลม / มีด / เลือก / เครื่องบิน / มีดโกน / กรรไกร / เคียว / ตัด / เคียว / เครื่องตัดลวด / 


แล้วเอื้อมมือลงไปในสระน้ำ คว้าขวานเล่มหนึ่งส่งให้คนตัดฟืน "โอ...ท่าน...นี่มันขวานทอง ไม่ใช่ขวานของ___หรอก" ชายตัดฟืนไม่ยอมรับ เทพารักษ์จึงงมขวานขึ้นมาให้อีกเล่มหนึ่ง
(ข้า)

other choices: อัญรูป / องค์ประกอบ transuranic / ก๊าซเฉื่อย / ธาตุโลหะที่ / อโลหะ / แอกทิเนียม / อาร์กอน / สารหนู / แอสทาทีน / โบห์เรียม / โบรอน / โบรมีน / คาร์บอน / คลอรีน / ดาร์มสแตด / หรือดับเนียม / ฟลูออรีน / เจอร์เมเนียม / ฮัสเซียม / ฮีเลียม / ไฮโดรเจน / คริปทอน / ลอว์เรนเซียม / ไมต์เนเรียม / เมนเดลีเวียม / ธาตุนีอ็อน / ก๊าซไนโตรเจน / โนเบเลียม / ออกซิเจน / ฟอสฟอรัส / พลูโตเนียม / เรดอน / เรินต์เกเนียม / รัทเทอร์ฟอร์เดียม / ซีบอร์เกียม / ซีลีเนียม / ซิลิคอน / กำมะถัน / เทลลูเรียม / อูนอูนเพนเทียม / อูนอูนเทรียม / ธาตุสีน็อน / ธาตุ / 


แล้วเอื้อมมือลงไปในสระน้ำ คว้าขวานเล่มหนึ่งส่งให้คนตัดฟืน "โอ...ท่าน...นี่มันขวานทอง ไม่ใช่ขวานของข้า___" ชายตัดฟืนไม่ยอมรับ เทพารักษ์จึงงมขวานขึ้นมาให้อีกเล่มหนึ่ง
(หรอก)

other choices: อัญรูป / องค์ประกอบ transuranic / ก๊าซเฉื่อย / ธาตุโลหะที่ / อโลหะ / แอกทิเนียม / อาร์กอน / สารหนู / แอสทาทีน / โบห์เรียม / โบรอน / โบรมีน / คาร์บอน / คลอรีน / ดาร์มสแตด / หรือดับเนียม / ฟลูออรีน / เจอร์เมเนียม / ฮัสเซียม / ฮีเลียม / ไฮโดรเจน / คริปทอน / ลอว์เรนเซียม / ไมต์เนเรียม / เมนเดลีเวียม / ธาตุนีอ็อน / ก๊าซไนโตรเจน / โนเบเลียม / ออกซิเจน / ฟอสฟอรัส / พลูโตเนียม / เรดอน / เรินต์เกเนียม / รัทเทอร์ฟอร์เดียม / ซีบอร์เกียม / ซีลีเนียม / ซิลิคอน / กำมะถัน / เทลลูเรียม / อูนอูนเพนเทียม / อูนอูนเทรียม / ธาตุสีน็อน / ธาตุ / 


แล้วเอื้อมมือลงไปในสระน้ำ คว้าขวานเล่มหนึ่งส่งให้คนตัดฟืน "โอ...ท่าน...นี่มันขวานทอง ไม่ใช่ขวานของข้าหรอก" ___ตัดฟืนไม่ยอมรับ เทพารักษ์จึงงมขวานขึ้นมาให้อีกเล่มหนึ่ง
(ชาย)

other choices: ศัตรูพืช / น่าขนลุกเกี่ยวกับการคลาน / อ้ายงั่ว / ช่วงสัตว์ / คนเก็บขยะ / สัตว์ทำงาน / สัตว์ในประเทศ / เครื่องป้อน / ผู้อพยพ / สัตว์เลี้ยง / ยืนยง / การแสดงความสามารถ / สัตว์ทะเล / หญิง / ผู้ใหญ่ / หนุ่มสาว / เป็นพันธุ์แท้ / ยักษ์ / ผู้รอดชีวิต / กลายพันธุ์ / ศัตว์ซึ่งกินพืชเป็นอาหาร / แพลงก์ตอนสัตว์ / เอ็มบริโอ / สัตว์มีแกนสันหลัง / สัตว์ที่ไม่มีกระดูกสันหลัง / ผู้รับทุกอย่าง / นักล่า / เหยื่อ / เกม / สัตว์สองเท้า / ตัวอ่อน / ผู้แข่ง / สัตว์สวม / เชลย / เพื่อน / 


แล้วเอื้อมมือลงไปในสระน้ำ คว้าขวานเล่มหนึ่งส่งให้คนตัดฟืน "โอ...ท่าน...นี่มันขวานทอง ไม่ใช่ขวานของข้าหรอก" ชายตัด___ไม่ยอมรับ เทพารักษ์จึงงมขวานขึ้นมาให้อีกเล่มหนึ่ง
(ฟืน)

other choices: ชีวมวล / บิวเทน / ถ่าน / ก๊าซถ่านหิน / โคก / น้ำมันดีเซล / ไฟ / เชื้อเพลิงฟอสซิล / น้ำมันเตา / โซฮอล์ / น้ำมันเบนซิน / สว่าง / ก๊าด / เมทิลแอลกอฮอล์ / เชื้อเพลิงนิวเคลียร์ / โพรเพน / ไฟสีแดง / ติดไฟได้ / ก๊าซน้ำ / เครื่องทำให้ลุกไหม้ / 


แล้วเอื้อมมือลงไปในสระน้ำ คว้าขวานเล่มหนึ่งส่งให้คนตัดฟืน "โอ...ท่าน...นี่มันขวานทอง ไม่ใช่ขวานของข้าหรอก" ชายตัดฟืนไม่ยอมรับ ___จึงงมขวานขึ้นมาให้อีกเล่มหนึ่ง
(เทพารักษ์)

other choices: ฅามลัทธีเครื่องราง / ผู้ทำโทษตนเอง / ร่าน / เกย์ / เฒ่าหัวงู / ซาดิสม์ / ซาดิสม์และมาโซคิสม์ / หลักเกณฑ์ / 


แล้วเอื้อมมือลงไปในสระน้ำ คว้าขวานเล่มหนึ่งส่งให้คนตัดฟืน "โอ...ท่าน...นี่มันขวานทอง ไม่ใช่ขวานของข้าหรอก" ชายตัดฟืนไม่ยอมรับ เทพารักษ์จึง___ขวานขึ้นมาให้อีกเล่มหนึ่ง
(งม)

other choices: วุ่นวาย / ปรากฏการณ์ / วัว / ปุย / เทรนด์ / บุคคลที่ร้องโหยหวน / การเดินทาง / 


แล้วเอื้อมมือลงไปในสระน้ำ คว้าขวานเล่มหนึ่งส่งให้คนตัดฟืน "โอ...ท่าน...นี่มันขวานทอง ไม่ใช่ขวานของข้าหรอก" ชายตัดฟืนไม่ยอมรับ เทพารักษ์จึงงม___ขึ้นมาให้อีกเล่มหนึ่ง
(ขวาน)

other choices: สิ่ว / สิ่วเล็บมือ / ขวานมือ / ตะปูหัวกลม / มีด / เลือก / เครื่องบิน / มีดโกน / กรรไกร / เคียว / ตัด / เคียว / เครื่องตัดลวด / 


===============================



===============================

___
()

other choices: 


===============================

"นี่ก็ไม่ใช่ขวานของข้า...ของข้าขวานเหล็กธรรมดาท่าน ไม่ใช่ขวานเงิน" "เจ้าเป็นคนซื่อสัตย์" เทพารักษ์พูด "คนอย่างเจ้าหายาก เอ้าข้าให้ขวานทองกับขวานเงินเจ้าเป็นรางวัลก็แล้วกัน" กล่าวเสร็จแล้ว เทพารักษ์ก็หายตัวไป

===============================

===============================



===============================

___
()

other choices: 


===============================

คนตัดฟืน นำขวานทองและขวานเงินเดินกลับบ้าน พบใครก็อวดให้ชมและเล่าว่าได้มาอย่างไร "เทวดาท่านดีใจมากเลย

===============================

___ตัดฟืน นำขวานทองและขวานเงินเดินกลับบ้าน พบใครก็อวดให้ชมและเล่าว่าได้มาอย่างไร "เทวดาท่านดีใจมากเลย
(คน)

other choices: สัตว์หน้าดิน / แคระ / เฮเทโรทรอพ / ผู้ปกครอง / สัตว์ / ปลูก / พื้นเมือง / ชนิดเดียวกัน / ผู้ให้บริการ / ผู้อยู่ / ซ้ำ / เดี่ยว / โพลีพลอย / จุลินทรีย์ / จุลินทรีย์ / เป็นพิษ / บัคเตรีจำพวกที่ไม่ต้องการออากาศหายใจ / เป็นลูกผสม / ญาติ / แปลงกตอน / ปรสิต / เจ้าภาพ / โปรคารีโอ / โคลน / รายบุคคล / มิ่งขวัญ / กลายพันธุ์ / ผู้นั่ง / รา / ชีวิต nonvascular / แม่ม่าย / 


คนตัด___ นำขวานทองและขวานเงินเดินกลับบ้าน พบใครก็อวดให้ชมและเล่าว่าได้มาอย่างไร "เทวดาท่านดีใจมากเลย
(ฟืน)

other choices: ชีวมวล / บิวเทน / ถ่าน / ก๊าซถ่านหิน / โคก / น้ำมันดีเซล / ไฟ / เชื้อเพลิงฟอสซิล / น้ำมันเตา / โซฮอล์ / น้ำมันเบนซิน / สว่าง / ก๊าด / เมทิลแอลกอฮอล์ / เชื้อเพลิงนิวเคลียร์ / โพรเพน / ไฟสีแดง / ติดไฟได้ / ก๊าซน้ำ / เครื่องทำให้ลุกไหม้ / 


คนตัดฟืน นำ___ทองและขวานเงินเดินกลับบ้าน พบใครก็อวดให้ชมและเล่าว่าได้มาอย่างไร "เทวดาท่านดีใจมากเลย
(ขวาน)

other choices: สิ่ว / สิ่วเล็บมือ / ขวานมือ / ตะปูหัวกลม / มีด / เลือก / เครื่องบิน / มีดโกน / กรรไกร / เคียว / ตัด / เคียว / เครื่องตัดลวด / 


คนตัดฟืน นำขวาน___และขวานเงินเดินกลับบ้าน พบใครก็อวดให้ชมและเล่าว่าได้มาอย่างไร "เทวดาท่านดีใจมากเลย
(ทอง)

other choices: แท่ง / เงิน / 


คนตัดฟืน นำขวานทองและ___เงินเดินกลับบ้าน พบใครก็อวดให้ชมและเล่าว่าได้มาอย่างไร "เทวดาท่านดีใจมากเลย
(ขวาน)

other choices: สิ่ว / สิ่วเล็บมือ / ขวานมือ / ตะปูหัวกลม / มีด / เลือก / เครื่องบิน / มีดโกน / กรรไกร / เคียว / ตัด / เคียว / เครื่องตัดลวด / 


คนตัดฟืน นำขวานทองและขวาน___เดินกลับบ้าน พบใครก็อวดให้ชมและเล่าว่าได้มาอย่างไร "เทวดาท่านดีใจมากเลย
(เงิน)

other choices: ประกวดราคา / เงินตรา / 


คนตัดฟืน นำขวานทองและขวานเงินเดิน___ พบใครก็อวดให้ชมและเล่าว่าได้มาอย่างไร "เทวดาท่านดีใจมากเลย
(กลับบ้าน)

other choices: 


คนตัดฟืน นำขวานทองและขวานเงินเดินกลับบ้าน พบใครก็___ให้ชมและเล่าว่าได้มาอย่างไร "เทวดาท่านดีใจมากเลย
(อวด)

other choices: สัญญาณ / การโบกไม้โบกมือ / การกวักมือ / การแสดงออกทางสีหน้า / แปะมือ / คำถามก่อนหน้านี้ / ยัก / คลื่น / เข้าสู่ระบบ V / พยักหน้า / คันธนู / เครื่องหมายกางเขน / การถวายบังคม / 


คนตัดฟืน นำขวานทองและขวานเงินเดินกลับบ้าน พบใครก็อวดให้ชมและ___ว่าได้มาอย่างไร "เทวดาท่านดีใจมากเลย
(เล่า)

other choices: 


คนตัดฟืน นำขวานทองและขวานเงินเดินกลับบ้าน พบใครก็อวดให้ชมและเล่าว่าได้มาอย่างไร "___ท่านดีใจมากเลย
(เทวดา)

other choices: เทพ / กัป / นางฟ้า / วิญญาณ / ผู้เล่นกล / 


===============================

ข้านั่งร้องไห้อยู่ริมสระเดี๋ยวเดียวเท่านั้น

===============================

___นั่งร้องไห้อยู่ริมสระเดี๋ยวเดียวเท่านั้น
(ข้า)

other choices: อัญรูป / องค์ประกอบ transuranic / ก๊าซเฉื่อย / ธาตุโลหะที่ / อโลหะ / แอกทิเนียม / อาร์กอน / สารหนู / แอสทาทีน / โบห์เรียม / โบรอน / โบรมีน / คาร์บอน / คลอรีน / ดาร์มสแตด / หรือดับเนียม / ฟลูออรีน / เจอร์เมเนียม / ฮัสเซียม / ฮีเลียม / ไฮโดรเจน / คริปทอน / ลอว์เรนเซียม / ไมต์เนเรียม / เมนเดลีเวียม / ธาตุนีอ็อน / ก๊าซไนโตรเจน / โนเบเลียม / ออกซิเจน / ฟอสฟอรัส / พลูโตเนียม / เรดอน / เรินต์เกเนียม / รัทเทอร์ฟอร์เดียม / ซีบอร์เกียม / ซีลีเนียม / ซิลิคอน / กำมะถัน / เทลลูเรียม / อูนอูนเพนเทียม / อูนอูนเทรียม / ธาตุสีน็อน / ธาตุ / 


ข้านั่งร้องไห้อยู่___สระเดี๋ยวเดียวเท่านั้น
(ริม)

other choices: เส้นผม / ชายแดน / แนวเขตแดน / สายอำเภอ / แนวเขต / เมืองแถว / ปลาย / จำกัด / เค้าโครง / พื้นผิว / เส้นชายทะเล / 


ข้านั่งร้องไห้อยู่ริม___เดี๋ยวเดียวเท่านั้น
(สระ)

other choices: เจาะ / ขุด / คู / เหมือง / เหมือง / หลุม / รากใต้ดิน / ดี / การทำงาน / 


ข้านั่งร้องไห้อยู่ริมสระ___เท่านั้น
(เดี๋ยวเดียว)

other choices: 


===============================

ท่านก็มางมขวานให้ แล้วก็ให้ขวานทองขวานเงินแก่ข้าอีกด้วย"

===============================

ท่านก็มา___ขวานให้ แล้วก็ให้ขวานทองขวานเงินแก่ข้าอีกด้วย"
(งม)

other choices: วุ่นวาย / ปรากฏการณ์ / วัว / ปุย / เทรนด์ / บุคคลที่ร้องโหยหวน / การเดินทาง / 


ท่านก็มางม___ให้ แล้วก็ให้ขวานทองขวานเงินแก่ข้าอีกด้วย"
(ขวาน)

other choices: สิ่ว / สิ่วเล็บมือ / ขวานมือ / ตะปูหัวกลม / มีด / เลือก / เครื่องบิน / มีดโกน / กรรไกร / เคียว / ตัด / เคียว / เครื่องตัดลวด / 


ท่านก็มางมขวานให้ แล้วก็ให้___ทองขวานเงินแก่ข้าอีกด้วย"
(ขวาน)

other choices: สิ่ว / สิ่วเล็บมือ / ขวานมือ / ตะปูหัวกลม / มีด / เลือก / เครื่องบิน / มีดโกน / กรรไกร / เคียว / ตัด / เคียว / เครื่องตัดลวด / 


ท่านก็มางมขวานให้ แล้วก็ให้ขวาน___ขวานเงินแก่ข้าอีกด้วย"
(ทอง)

other choices: แท่ง / เงิน / 


ท่านก็มางมขวานให้ แล้วก็ให้ขวานทอง___เงินแก่ข้าอีกด้วย"
(ขวาน)

other choices: สิ่ว / สิ่วเล็บมือ / ขวานมือ / ตะปูหัวกลม / มีด / เลือก / เครื่องบิน / มีดโกน / กรรไกร / เคียว / ตัด / เคียว / เครื่องตัดลวด / 


ท่านก็มางมขวานให้ แล้วก็ให้ขวานทองขวาน___แก่ข้าอีกด้วย"
(เงิน)

other choices: ประกวดราคา / เงินตรา / 


ท่านก็มางมขวานให้ แล้วก็ให้ขวานทองขวานเงินแก่___อีกด้วย"
(ข้า)

other choices: อัญรูป / องค์ประกอบ transuranic / ก๊าซเฉื่อย / ธาตุโลหะที่ / อโลหะ / แอกทิเนียม / อาร์กอน / สารหนู / แอสทาทีน / โบห์เรียม / โบรอน / โบรมีน / คาร์บอน / คลอรีน / ดาร์มสแตด / หรือดับเนียม / ฟลูออรีน / เจอร์เมเนียม / ฮัสเซียม / ฮีเลียม / ไฮโดรเจน / คริปทอน / ลอว์เรนเซียม / ไมต์เนเรียม / เมนเดลีเวียม / ธาตุนีอ็อน / ก๊าซไนโตรเจน / โนเบเลียม / ออกซิเจน / ฟอสฟอรัส / พลูโตเนียม / เรดอน / เรินต์เกเนียม / รัทเทอร์ฟอร์เดียม / ซีบอร์เกียม / ซีลีเนียม / ซิลิคอน / กำมะถัน / เทลลูเรียม / อูนอูนเพนเทียม / อูนอูนเทรียม / ธาตุสีน็อน / ธาตุ / 


===============================



===============================

___
()

other choices: 


===============================

เพื่อนบ้านคนหนึ่ง อยากได้บ้าง

===============================

___คนหนึ่ง อยากได้บ้าง
(เพื่อนบ้าน)

other choices: 


===============================

จึงเข้าไปในป่า ทำทีหาฟืน แล้วก็โยนขวานของตนทิ้งลงในน้ำ "ฮือ...ฮือ...ฮือ... คราวนี้ข้าหมดทางหากินแน่ ๆ " เทพารักษ์มางมขวานให้เช่นเคย "เอ้า ขวานทองเล่มนี้ของเจ้าใช่ไหม ? " "ใช่ ใช่แล้วท่าน ของข้าเอง" ชายโลภมากพูดอย่างยินดี "เจ้าคนโกงไม่น่าคบ " พูดแล้ว เทพารักษ์ก็หายวับไปกับขวานทอง และเพื่อนบ้านคนนั้นก็ไม่ได้รับขวานที่ตกลงไปในสระคืนอีกด้วย

===============================

จึงเข้าไปใน___ ทำทีหาฟืน แล้วก็โยนขวานของตนทิ้งลงในน้ำ "ฮือ...ฮือ...ฮือ... คราวนี้ข้าหมดทางหากินแน่ ๆ " เทพารักษ์มางมขวานให้เช่นเคย "เอ้า ขวานทองเล่มนี้ของเจ้าใช่ไหม ? " "ใช่ ใช่แล้วท่าน ของข้าเอง" ชายโลภมากพูดอย่างยินดี "เจ้าคนโกงไม่น่าคบ " พูดแล้ว เทพารักษ์ก็หายวับไปกับขวานทอง และเพื่อนบ้านคนนั้นก็ไม่ได้รับขวานที่ตกลงไปในสระคืนอีกด้วย
(ป่า)

other choices: เรียกดู / แปรง / การเจริญเติบโต / ขัด / ยืน / ไม้พุ่ม / สวน / ไม้หนาม / 


จึงเข้าไปในป่า ___หาฟืน แล้วก็โยนขวานของตนทิ้งลงในน้ำ "ฮือ...ฮือ...ฮือ... คราวนี้ข้าหมดทางหากินแน่ ๆ " เทพารักษ์มางมขวานให้เช่นเคย "เอ้า ขวานทองเล่มนี้ของเจ้าใช่ไหม ? " "ใช่ ใช่แล้วท่าน ของข้าเอง" ชายโลภมากพูดอย่างยินดี "เจ้าคนโกงไม่น่าคบ " พูดแล้ว เทพารักษ์ก็หายวับไปกับขวานทอง และเพื่อนบ้านคนนั้นก็ไม่ได้รับขวานที่ตกลงไปในสระคืนอีกด้วย
(ทำที)

other choices: 


จึงเข้าไปในป่า ทำทีหา___ แล้วก็โยนขวานของตนทิ้งลงในน้ำ "ฮือ...ฮือ...ฮือ... คราวนี้ข้าหมดทางหากินแน่ ๆ " เทพารักษ์มางมขวานให้เช่นเคย "เอ้า ขวานทองเล่มนี้ของเจ้าใช่ไหม ? " "ใช่ ใช่แล้วท่าน ของข้าเอง" ชายโลภมากพูดอย่างยินดี "เจ้าคนโกงไม่น่าคบ " พูดแล้ว เทพารักษ์ก็หายวับไปกับขวานทอง และเพื่อนบ้านคนนั้นก็ไม่ได้รับขวานที่ตกลงไปในสระคืนอีกด้วย
(ฟืน)

other choices: ชีวมวล / บิวเทน / ถ่าน / ก๊าซถ่านหิน / โคก / น้ำมันดีเซล / ไฟ / เชื้อเพลิงฟอสซิล / น้ำมันเตา / โซฮอล์ / น้ำมันเบนซิน / สว่าง / ก๊าด / เมทิลแอลกอฮอล์ / เชื้อเพลิงนิวเคลียร์ / โพรเพน / ไฟสีแดง / ติดไฟได้ / ก๊าซน้ำ / เครื่องทำให้ลุกไหม้ / 


จึงเข้าไปในป่า ทำทีหาฟืน แล้วก็___ขวานของตนทิ้งลงในน้ำ "ฮือ...ฮือ...ฮือ... คราวนี้ข้าหมดทางหากินแน่ ๆ " เทพารักษ์มางมขวานให้เช่นเคย "เอ้า ขวานทองเล่มนี้ของเจ้าใช่ไหม ? " "ใช่ ใช่แล้วท่าน ของข้าเอง" ชายโลภมากพูดอย่างยินดี "เจ้าคนโกงไม่น่าคบ " พูดแล้ว เทพารักษ์ก็หายวับไปกับขวานทอง และเพื่อนบ้านคนนั้นก็ไม่ได้รับขวานที่ตกลงไปในสระคืนอีกด้วย
(โยน)

other choices: การยิง / การยิง / ขับรถ / ม้วน / ดัน / ดึง / ยก / การขับไล่ / กระโดด / ลูกเทนนิส / การยิง / เลี้ยงลูก / 


จึงเข้าไปในป่า ทำทีหาฟืน แล้วก็โยน___ของตนทิ้งลงในน้ำ "ฮือ...ฮือ...ฮือ... คราวนี้ข้าหมดทางหากินแน่ ๆ " เทพารักษ์มางมขวานให้เช่นเคย "เอ้า ขวานทองเล่มนี้ของเจ้าใช่ไหม ? " "ใช่ ใช่แล้วท่าน ของข้าเอง" ชายโลภมากพูดอย่างยินดี "เจ้าคนโกงไม่น่าคบ " พูดแล้ว เทพารักษ์ก็หายวับไปกับขวานทอง และเพื่อนบ้านคนนั้นก็ไม่ได้รับขวานที่ตกลงไปในสระคืนอีกด้วย
(ขวาน)

other choices: สิ่ว / สิ่วเล็บมือ / ขวานมือ / ตะปูหัวกลม / มีด / เลือก / เครื่องบิน / มีดโกน / กรรไกร / เคียว / ตัด / เคียว / เครื่องตัดลวด / 


จึงเข้าไปในป่า ทำทีหาฟืน แล้วก็โยนขวานของตนทิ้งลงใน___ "ฮือ...ฮือ...ฮือ... คราวนี้ข้าหมดทางหากินแน่ ๆ " เทพารักษ์มางมขวานให้เช่นเคย "เอ้า ขวานทองเล่มนี้ของเจ้าใช่ไหม ? " "ใช่ ใช่แล้วท่าน ของข้าเอง" ชายโลภมากพูดอย่างยินดี "เจ้าคนโกงไม่น่าคบ " พูดแล้ว เทพารักษ์ก็หายวับไปกับขวานทอง และเพื่อนบ้านคนนั้นก็ไม่ได้รับขวานที่ตกลงไปในสระคืนอีกด้วย
(น้ำ)

other choices: เกลือแกง / สารแอมโมเนีย / แคลเซียมคาร์ไบด์ / ไฮไดรด์ / 


จึงเข้าไปในป่า ทำทีหาฟืน แล้วก็โยนขวานของตนทิ้งลงในน้ำ "___...ฮือ...ฮือ... คราวนี้ข้าหมดทางหากินแน่ ๆ " เทพารักษ์มางมขวานให้เช่นเคย "เอ้า ขวานทองเล่มนี้ของเจ้าใช่ไหม ? " "ใช่ ใช่แล้วท่าน ของข้าเอง" ชายโลภมากพูดอย่างยินดี "เจ้าคนโกงไม่น่าคบ " พูดแล้ว เทพารักษ์ก็หายวับไปกับขวานทอง และเพื่อนบ้านคนนั้นก็ไม่ได้รับขวานที่ตกลงไปในสระคืนอีกด้วย
(ฮือ)

other choices: 


จึงเข้าไปในป่า ทำทีหาฟืน แล้วก็โยนขวานของตนทิ้งลงในน้ำ "ฮือ...___...ฮือ... คราวนี้ข้าหมดทางหากินแน่ ๆ " เทพารักษ์มางมขวานให้เช่นเคย "เอ้า ขวานทองเล่มนี้ของเจ้าใช่ไหม ? " "ใช่ ใช่แล้วท่าน ของข้าเอง" ชายโลภมากพูดอย่างยินดี "เจ้าคนโกงไม่น่าคบ " พูดแล้ว เทพารักษ์ก็หายวับไปกับขวานทอง และเพื่อนบ้านคนนั้นก็ไม่ได้รับขวานที่ตกลงไปในสระคืนอีกด้วย
(ฮือ)

other choices: 


จึงเข้าไปในป่า ทำทีหาฟืน แล้วก็โยนขวานของตนทิ้งลงในน้ำ "ฮือ...ฮือ...___... คราวนี้ข้าหมดทางหากินแน่ ๆ " เทพารักษ์มางมขวานให้เช่นเคย "เอ้า ขวานทองเล่มนี้ของเจ้าใช่ไหม ? " "ใช่ ใช่แล้วท่าน ของข้าเอง" ชายโลภมากพูดอย่างยินดี "เจ้าคนโกงไม่น่าคบ " พูดแล้ว เทพารักษ์ก็หายวับไปกับขวานทอง และเพื่อนบ้านคนนั้นก็ไม่ได้รับขวานที่ตกลงไปในสระคืนอีกด้วย
(ฮือ)

other choices: 


จึงเข้าไปในป่า ทำทีหาฟืน แล้วก็โยนขวานของตนทิ้งลงในน้ำ "ฮือ...ฮือ...ฮือ... คราวนี้___หมดทางหากินแน่ ๆ " เทพารักษ์มางมขวานให้เช่นเคย "เอ้า ขวานทองเล่มนี้ของเจ้าใช่ไหม ? " "ใช่ ใช่แล้วท่าน ของข้าเอง" ชายโลภมากพูดอย่างยินดี "เจ้าคนโกงไม่น่าคบ " พูดแล้ว เทพารักษ์ก็หายวับไปกับขวานทอง และเพื่อนบ้านคนนั้นก็ไม่ได้รับขวานที่ตกลงไปในสระคืนอีกด้วย
(ข้า)

other choices: อัญรูป / องค์ประกอบ transuranic / ก๊าซเฉื่อย / ธาตุโลหะที่ / อโลหะ / แอกทิเนียม / อาร์กอน / สารหนู / แอสทาทีน / โบห์เรียม / โบรอน / โบรมีน / คาร์บอน / คลอรีน / ดาร์มสแตด / หรือดับเนียม / ฟลูออรีน / เจอร์เมเนียม / ฮัสเซียม / ฮีเลียม / ไฮโดรเจน / คริปทอน / ลอว์เรนเซียม / ไมต์เนเรียม / เมนเดลีเวียม / ธาตุนีอ็อน / ก๊าซไนโตรเจน / โนเบเลียม / ออกซิเจน / ฟอสฟอรัส / พลูโตเนียม / เรดอน / เรินต์เกเนียม / รัทเทอร์ฟอร์เดียม / ซีบอร์เกียม / ซีลีเนียม / ซิลิคอน / กำมะถัน / เทลลูเรียม / อูนอูนเพนเทียม / อูนอูนเทรียม / ธาตุสีน็อน / ธาตุ / 


จึงเข้าไปในป่า ทำทีหาฟืน แล้วก็โยนขวานของตนทิ้งลงในน้ำ "ฮือ...ฮือ...ฮือ... คราวนี้ข้า___หากินแน่ ๆ " เทพารักษ์มางมขวานให้เช่นเคย "เอ้า ขวานทองเล่มนี้ของเจ้าใช่ไหม ? " "ใช่ ใช่แล้วท่าน ของข้าเอง" ชายโลภมากพูดอย่างยินดี "เจ้าคนโกงไม่น่าคบ " พูดแล้ว เทพารักษ์ก็หายวับไปกับขวานทอง และเพื่อนบ้านคนนั้นก็ไม่ได้รับขวานที่ตกลงไปในสระคืนอีกด้วย
(หมดทาง)

other choices: 


จึงเข้าไปในป่า ทำทีหาฟืน แล้วก็โยนขวานของตนทิ้งลงในน้ำ "ฮือ...ฮือ...ฮือ... คราวนี้ข้าหมดทางหากินแน่ ๆ " ___มางมขวานให้เช่นเคย "เอ้า ขวานทองเล่มนี้ของเจ้าใช่ไหม ? " "ใช่ ใช่แล้วท่าน ของข้าเอง" ชายโลภมากพูดอย่างยินดี "เจ้าคนโกงไม่น่าคบ " พูดแล้ว เทพารักษ์ก็หายวับไปกับขวานทอง และเพื่อนบ้านคนนั้นก็ไม่ได้รับขวานที่ตกลงไปในสระคืนอีกด้วย
(เทพารักษ์)

other choices: ฅามลัทธีเครื่องราง / ผู้ทำโทษตนเอง / ร่าน / เกย์ / เฒ่าหัวงู / ซาดิสม์ / ซาดิสม์และมาโซคิสม์ / หลักเกณฑ์ / 


จึงเข้าไปในป่า ทำทีหาฟืน แล้วก็โยนขวานของตนทิ้งลงในน้ำ "ฮือ...ฮือ...ฮือ... คราวนี้ข้าหมดทางหากินแน่ ๆ " เทพารักษ์มา___ขวานให้เช่นเคย "เอ้า ขวานทองเล่มนี้ของเจ้าใช่ไหม ? " "ใช่ ใช่แล้วท่าน ของข้าเอง" ชายโลภมากพูดอย่างยินดี "เจ้าคนโกงไม่น่าคบ " พูดแล้ว เทพารักษ์ก็หายวับไปกับขวานทอง และเพื่อนบ้านคนนั้นก็ไม่ได้รับขวานที่ตกลงไปในสระคืนอีกด้วย
(งม)

other choices: วุ่นวาย / ปรากฏการณ์ / วัว / ปุย / เทรนด์ / บุคคลที่ร้องโหยหวน / การเดินทาง / 


จึงเข้าไปในป่า ทำทีหาฟืน แล้วก็โยนขวานของตนทิ้งลงในน้ำ "ฮือ...ฮือ...ฮือ... คราวนี้ข้าหมดทางหากินแน่ ๆ " เทพารักษ์มางม___ให้เช่นเคย "เอ้า ขวานทองเล่มนี้ของเจ้าใช่ไหม ? " "ใช่ ใช่แล้วท่าน ของข้าเอง" ชายโลภมากพูดอย่างยินดี "เจ้าคนโกงไม่น่าคบ " พูดแล้ว เทพารักษ์ก็หายวับไปกับขวานทอง และเพื่อนบ้านคนนั้นก็ไม่ได้รับขวานที่ตกลงไปในสระคืนอีกด้วย
(ขวาน)

other choices: สิ่ว / สิ่วเล็บมือ / ขวานมือ / ตะปูหัวกลม / มีด / เลือก / เครื่องบิน / มีดโกน / กรรไกร / เคียว / ตัด / เคียว / เครื่องตัดลวด / 


จึงเข้าไปในป่า ทำทีหาฟืน แล้วก็โยนขวานของตนทิ้งลงในน้ำ "ฮือ...ฮือ...ฮือ... คราวนี้ข้าหมดทางหากินแน่ ๆ " เทพารักษ์มางมขวานให้เช่นเคย "___ ขวานทองเล่มนี้ของเจ้าใช่ไหม ? " "ใช่ ใช่แล้วท่าน ของข้าเอง" ชายโลภมากพูดอย่างยินดี "เจ้าคนโกงไม่น่าคบ " พูดแล้ว เทพารักษ์ก็หายวับไปกับขวานทอง และเพื่อนบ้านคนนั้นก็ไม่ได้รับขวานที่ตกลงไปในสระคืนอีกด้วย
(เอ้า)

other choices: ความล้มเหลว / ความล้มเหลว / การสูญเสีย / เหินห่าง / ความผิดพลาด / ไม่ยอมทำตาม / ค่าเริ่มต้น / 


จึงเข้าไปในป่า ทำทีหาฟืน แล้วก็โยนขวานของตนทิ้งลงในน้ำ "ฮือ...ฮือ...ฮือ... คราวนี้ข้าหมดทางหากินแน่ ๆ " เทพารักษ์มางมขวานให้เช่นเคย "เอ้า ___ทองเล่มนี้ของเจ้าใช่ไหม ? " "ใช่ ใช่แล้วท่าน ของข้าเอง" ชายโลภมากพูดอย่างยินดี "เจ้าคนโกงไม่น่าคบ " พูดแล้ว เทพารักษ์ก็หายวับไปกับขวานทอง และเพื่อนบ้านคนนั้นก็ไม่ได้รับขวานที่ตกลงไปในสระคืนอีกด้วย
(ขวาน)

other choices: สิ่ว / สิ่วเล็บมือ / ขวานมือ / ตะปูหัวกลม / มีด / เลือก / เครื่องบิน / มีดโกน / กรรไกร / เคียว / ตัด / เคียว / เครื่องตัดลวด / 


จึงเข้าไปในป่า ทำทีหาฟืน แล้วก็โยนขวานของตนทิ้งลงในน้ำ "ฮือ...ฮือ...ฮือ... คราวนี้ข้าหมดทางหากินแน่ ๆ " เทพารักษ์มางมขวานให้เช่นเคย "เอ้า ขวาน___เล่มนี้ของเจ้าใช่ไหม ? " "ใช่ ใช่แล้วท่าน ของข้าเอง" ชายโลภมากพูดอย่างยินดี "เจ้าคนโกงไม่น่าคบ " พูดแล้ว เทพารักษ์ก็หายวับไปกับขวานทอง และเพื่อนบ้านคนนั้นก็ไม่ได้รับขวานที่ตกลงไปในสระคืนอีกด้วย
(ทอง)

other choices: แท่ง / เงิน / 


จึงเข้าไปในป่า ทำทีหาฟืน แล้วก็โยนขวานของตนทิ้งลงในน้ำ "ฮือ...ฮือ...ฮือ... คราวนี้ข้าหมดทางหากินแน่ ๆ " เทพารักษ์มางมขวานให้เช่นเคย "เอ้า ขวานทองเล่มนี้ของ___ใช่ไหม ? " "ใช่ ใช่แล้วท่าน ของข้าเอง" ชายโลภมากพูดอย่างยินดี "เจ้าคนโกงไม่น่าคบ " พูดแล้ว เทพารักษ์ก็หายวับไปกับขวานทอง และเพื่อนบ้านคนนั้นก็ไม่ได้รับขวานที่ตกลงไปในสระคืนอีกด้วย
(เจ้า)

other choices: 


จึงเข้าไปในป่า ทำทีหาฟืน แล้วก็โยนขวานของตนทิ้งลงในน้ำ "ฮือ...ฮือ...ฮือ... คราวนี้ข้าหมดทางหากินแน่ ๆ " เทพารักษ์มางมขวานให้เช่นเคย "เอ้า ขวานทองเล่มนี้ของเจ้าใช่ไหม ? " "ใช่ ใช่แล้วท่าน ของ___เอง" ชายโลภมากพูดอย่างยินดี "เจ้าคนโกงไม่น่าคบ " พูดแล้ว เทพารักษ์ก็หายวับไปกับขวานทอง และเพื่อนบ้านคนนั้นก็ไม่ได้รับขวานที่ตกลงไปในสระคืนอีกด้วย
(ข้า)

other choices: อัญรูป / องค์ประกอบ transuranic / ก๊าซเฉื่อย / ธาตุโลหะที่ / อโลหะ / แอกทิเนียม / อาร์กอน / สารหนู / แอสทาทีน / โบห์เรียม / โบรอน / โบรมีน / คาร์บอน / คลอรีน / ดาร์มสแตด / หรือดับเนียม / ฟลูออรีน / เจอร์เมเนียม / ฮัสเซียม / ฮีเลียม / ไฮโดรเจน / คริปทอน / ลอว์เรนเซียม / ไมต์เนเรียม / เมนเดลีเวียม / ธาตุนีอ็อน / ก๊าซไนโตรเจน / โนเบเลียม / ออกซิเจน / ฟอสฟอรัส / พลูโตเนียม / เรดอน / เรินต์เกเนียม / รัทเทอร์ฟอร์เดียม / ซีบอร์เกียม / ซีลีเนียม / ซิลิคอน / กำมะถัน / เทลลูเรียม / อูนอูนเพนเทียม / อูนอูนเทรียม / ธาตุสีน็อน / ธาตุ / 


จึงเข้าไปในป่า ทำทีหาฟืน แล้วก็โยนขวานของตนทิ้งลงในน้ำ "ฮือ...ฮือ...ฮือ... คราวนี้ข้าหมดทางหากินแน่ ๆ " เทพารักษ์มางมขวานให้เช่นเคย "เอ้า ขวานทองเล่มนี้ของเจ้าใช่ไหม ? " "ใช่ ใช่แล้วท่าน ของข้าเอง" ___โลภมากพูดอย่างยินดี "เจ้าคนโกงไม่น่าคบ " พูดแล้ว เทพารักษ์ก็หายวับไปกับขวานทอง และเพื่อนบ้านคนนั้นก็ไม่ได้รับขวานที่ตกลงไปในสระคืนอีกด้วย
(ชาย)

other choices: ศัตรูพืช / น่าขนลุกเกี่ยวกับการคลาน / อ้ายงั่ว / ช่วงสัตว์ / คนเก็บขยะ / สัตว์ทำงาน / สัตว์ในประเทศ / เครื่องป้อน / ผู้อพยพ / สัตว์เลี้ยง / ยืนยง / การแสดงความสามารถ / สัตว์ทะเล / หญิง / ผู้ใหญ่ / หนุ่มสาว / เป็นพันธุ์แท้ / ยักษ์ / ผู้รอดชีวิต / กลายพันธุ์ / ศัตว์ซึ่งกินพืชเป็นอาหาร / แพลงก์ตอนสัตว์ / เอ็มบริโอ / สัตว์มีแกนสันหลัง / สัตว์ที่ไม่มีกระดูกสันหลัง / ผู้รับทุกอย่าง / นักล่า / เหยื่อ / เกม / สัตว์สองเท้า / ตัวอ่อน / ผู้แข่ง / สัตว์สวม / เชลย / เพื่อน / 


จึงเข้าไปในป่า ทำทีหาฟืน แล้วก็โยนขวานของตนทิ้งลงในน้ำ "ฮือ...ฮือ...ฮือ... คราวนี้ข้าหมดทางหากินแน่ ๆ " เทพารักษ์มางมขวานให้เช่นเคย "เอ้า ขวานทองเล่มนี้ของเจ้าใช่ไหม ? " "ใช่ ใช่แล้วท่าน ของข้าเอง" ชาย___พูดอย่างยินดี "เจ้าคนโกงไม่น่าคบ " พูดแล้ว เทพารักษ์ก็หายวับไปกับขวานทอง และเพื่อนบ้านคนนั้นก็ไม่ได้รับขวานที่ตกลงไปในสระคืนอีกด้วย
(โลภมาก)

other choices: 


จึงเข้าไปในป่า ทำทีหาฟืน แล้วก็โยนขวานของตนทิ้งลงในน้ำ "ฮือ...ฮือ...ฮือ... คราวนี้ข้าหมดทางหากินแน่ ๆ " เทพารักษ์มางมขวานให้เช่นเคย "เอ้า ขวานทองเล่มนี้ของเจ้าใช่ไหม ? " "ใช่ ใช่แล้วท่าน ของข้าเอง" ชายโลภมากพูดอย่างยินดี "___คนโกงไม่น่าคบ " พูดแล้ว เทพารักษ์ก็หายวับไปกับขวานทอง และเพื่อนบ้านคนนั้นก็ไม่ได้รับขวานที่ตกลงไปในสระคืนอีกด้วย
(เจ้า)

other choices: 


จึงเข้าไปในป่า ทำทีหาฟืน แล้วก็โยนขวานของตนทิ้งลงในน้ำ "ฮือ...ฮือ...ฮือ... คราวนี้ข้าหมดทางหากินแน่ ๆ " เทพารักษ์มางมขวานให้เช่นเคย "เอ้า ขวานทองเล่มนี้ของเจ้าใช่ไหม ? " "ใช่ ใช่แล้วท่าน ของข้าเอง" ชายโลภมากพูดอย่างยินดี "เจ้าคนโกงไม่น่า___ " พูดแล้ว เทพารักษ์ก็หายวับไปกับขวานทอง และเพื่อนบ้านคนนั้นก็ไม่ได้รับขวานที่ตกลงไปในสระคืนอีกด้วย
(คบ)

other choices: 


จึงเข้าไปในป่า ทำทีหาฟืน แล้วก็โยนขวานของตนทิ้งลงในน้ำ "ฮือ...ฮือ...ฮือ... คราวนี้ข้าหมดทางหากินแน่ ๆ " เทพารักษ์มางมขวานให้เช่นเคย "เอ้า ขวานทองเล่มนี้ของเจ้าใช่ไหม ? " "ใช่ ใช่แล้วท่าน ของข้าเอง" ชายโลภมากพูดอย่างยินดี "เจ้าคนโกงไม่น่าคบ " พูดแล้ว ___ก็หายวับไปกับขวานทอง และเพื่อนบ้านคนนั้นก็ไม่ได้รับขวานที่ตกลงไปในสระคืนอีกด้วย
(เทพารักษ์)

other choices: ฅามลัทธีเครื่องราง / ผู้ทำโทษตนเอง / ร่าน / เกย์ / เฒ่าหัวงู / ซาดิสม์ / ซาดิสม์และมาโซคิสม์ / หลักเกณฑ์ / 


จึงเข้าไปในป่า ทำทีหาฟืน แล้วก็โยนขวานของตนทิ้งลงในน้ำ "ฮือ...ฮือ...ฮือ... คราวนี้ข้าหมดทางหากินแน่ ๆ " เทพารักษ์มางมขวานให้เช่นเคย "เอ้า ขวานทองเล่มนี้ของเจ้าใช่ไหม ? " "ใช่ ใช่แล้วท่าน ของข้าเอง" ชายโลภมากพูดอย่างยินดี "เจ้าคนโกงไม่น่าคบ " พูดแล้ว เทพารักษ์ก็หายวับไปกับ___ทอง และเพื่อนบ้านคนนั้นก็ไม่ได้รับขวานที่ตกลงไปในสระคืนอีกด้วย
(ขวาน)

other choices: สิ่ว / สิ่วเล็บมือ / ขวานมือ / ตะปูหัวกลม / มีด / เลือก / เครื่องบิน / มีดโกน / กรรไกร / เคียว / ตัด / เคียว / เครื่องตัดลวด / 


จึงเข้าไปในป่า ทำทีหาฟืน แล้วก็โยนขวานของตนทิ้งลงในน้ำ "ฮือ...ฮือ...ฮือ... คราวนี้ข้าหมดทางหากินแน่ ๆ " เทพารักษ์มางมขวานให้เช่นเคย "เอ้า ขวานทองเล่มนี้ของเจ้าใช่ไหม ? " "ใช่ ใช่แล้วท่าน ของข้าเอง" ชายโลภมากพูดอย่างยินดี "เจ้าคนโกงไม่น่าคบ " พูดแล้ว เทพารักษ์ก็หายวับไปกับขวาน___ และเพื่อนบ้านคนนั้นก็ไม่ได้รับขวานที่ตกลงไปในสระคืนอีกด้วย
(ทอง)

other choices: แท่ง / เงิน / 


จึงเข้าไปในป่า ทำทีหาฟืน แล้วก็โยนขวานของตนทิ้งลงในน้ำ "ฮือ...ฮือ...ฮือ... คราวนี้ข้าหมดทางหากินแน่ ๆ " เทพารักษ์มางมขวานให้เช่นเคย "เอ้า ขวานทองเล่มนี้ของเจ้าใช่ไหม ? " "ใช่ ใช่แล้วท่าน ของข้าเอง" ชายโลภมากพูดอย่างยินดี "เจ้าคนโกงไม่น่าคบ " พูดแล้ว เทพารักษ์ก็หายวับไปกับขวานทอง และ___คนนั้นก็ไม่ได้รับขวานที่ตกลงไปในสระคืนอีกด้วย
(เพื่อนบ้าน)

other choices: 


จึงเข้าไปในป่า ทำทีหาฟืน แล้วก็โยนขวานของตนทิ้งลงในน้ำ "ฮือ...ฮือ...ฮือ... คราวนี้ข้าหมดทางหากินแน่ ๆ " เทพารักษ์มางมขวานให้เช่นเคย "เอ้า ขวานทองเล่มนี้ของเจ้าใช่ไหม ? " "ใช่ ใช่แล้วท่าน ของข้าเอง" ชายโลภมากพูดอย่างยินดี "เจ้าคนโกงไม่น่าคบ " พูดแล้ว เทพารักษ์ก็หายวับไปกับขวานทอง และเพื่อนบ้านคนนั้นก็ไม่ได้รับ___ที่ตกลงไปในสระคืนอีกด้วย
(ขวาน)

other choices: สิ่ว / สิ่วเล็บมือ / ขวานมือ / ตะปูหัวกลม / มีด / เลือก / เครื่องบิน / มีดโกน / กรรไกร / เคียว / ตัด / เคียว / เครื่องตัดลวด / 


จึงเข้าไปในป่า ทำทีหาฟืน แล้วก็โยนขวานของตนทิ้งลงในน้ำ "ฮือ...ฮือ...ฮือ... คราวนี้ข้าหมดทางหากินแน่ ๆ " เทพารักษ์มางมขวานให้เช่นเคย "เอ้า ขวานทองเล่มนี้ของเจ้าใช่ไหม ? " "ใช่ ใช่แล้วท่าน ของข้าเอง" ชายโลภมากพูดอย่างยินดี "เจ้าคนโกงไม่น่าคบ " พูดแล้ว เทพารักษ์ก็หายวับไปกับขวานทอง และเพื่อนบ้านคนนั้นก็ไม่ได้รับขวานที่ตกลงไปใน___คืนอีกด้วย
(สระ)

other choices: เจาะ / ขุด / คู / เหมือง / เหมือง / หลุม / รากใต้ดิน / ดี / การทำงาน / 


===============================

