แถบดาวเคราะห์น้อย เป็นบริเวณในระบบสุริยะที่อยู่ระหว่างวงโคจรของดาวอังคารกับดาวพฤหัสบดี ประกอบไปด้วยวัตถุรูปร่างไม่แน่นอนจำนวนมาก เรียกว่าดาวเคราะห์น้อย

===============================

___ดาวเคราะห์น้อย เป็นบริเวณในระบบสุริยะที่อยู่ระหว่างวงโคจรของดาวอังคารกับดาวพฤหัสบดี ประกอบไปด้วยวัตถุรูปร่างไม่แน่นอนจำนวนมาก เรียกว่าดาวเคราะห์น้อย
(แถบ)

other choices: ห้อง anechoic / ห้องเฉลียง / ห้องด้านหลัง / ห้องบอลรูม / ห้องอาบน้ำ / ห้องนอน / หอระฆัง / ห้องบิลเลียด / ห้องประชุมคณะกรรมการ / cardroom / เซลล์ / เซลล์ / ห้อง / ห้องรับฝากของ / ห้องเรียน / ทำความสะอาดห้​​อง / ห้องรับฝากของ / ตู้ / ห้องชมรม / ช่องว่าง / ห้องประชุม / ห้องควบคุม / ศาล / Cubby / ห้องตัด / ห้องมืด / ห้องเล็ก / เวิ้งเล็กสำหรับรับประทานอาหาร / ห้องอาหาร / ประตู / ห้องแต่งตัว / Durbar / วิศวกรรม / ชั้น / ห้องเตา / เฉลียง / เฉลียง / ห้องสีเขียว / ป้อมยาม / ห้องโถง / ห้องของโรงพยาบาล / ครัว / ห้องสมุด / ห้องนั่งเล่น / ห้องล็อกเกอร์ / เลานจ์ / ห้องโถงคฤหาสน์ / สถานที่ที่เล่นบิลเลียด / ห้องแสดงตน / รูหนู / ห้องอ่านหนังสือ / ห้องรับแขก / ห้องสันทนาการ / หอกลม / ห้องเขียนหนังสือ / อ่างล้างชาม / ห้องเย็บผ้า / ห้องการจัดส่งสินค้า / ห้องอาบน้ำ / sickbay / ห้องผู้ป่วย / ห้องสูบบุหรี่ / ห้องทีม / ห้องทีม / ห้องอบไอน้ำ / ห้องเก็บของ / ศึกษา / ดวงอาทิตย์ห้องนั่งเล่น / ศัลยกรรม / ห้องโทรทัศน์ / ห้องทดสอบ / ห้องน้ำ / ห้องทรมาน / ห้องที่ติดกับตัวโบสถ์ / เดินเข้า / ห้องสงคราม / ห้องทำงาน / 


แถบ___น้อย เป็นบริเวณในระบบสุริยะที่อยู่ระหว่างวงโคจรของดาวอังคารกับดาวพฤหัสบดี ประกอบไปด้วยวัตถุรูปร่างไม่แน่นอนจำนวนมาก เรียกว่าดาวเคราะห์น้อย
(ดาวเคราะห์)

other choices: ดาวเคราะห์น้อย / ดาวเคราะห์ / planetesimal / ประถม / ดวงดาวที่ห่างจากโลกสีร้อยสิบพันปีแสง / ดาวเทียม / ดาว / ดาว / 


แถบดาวเคราะห์น้อย เป็น___ในระบบสุริยะที่อยู่ระหว่างวงโคจรของดาวอังคารกับดาวพฤหัสบดี ประกอบไปด้วยวัตถุรูปร่างไม่แน่นอนจำนวนมาก เรียกว่าดาวเคราะห์น้อย
(บริเวณ)

other choices: น้ำนิ่ง / อู่ข้าวอู่น้ำ / โรงละครแห่งสงคราม / สนาม / โซนของการตกแต่งภายใน / ตำบล / โดเมน / เมืองเหนือ / Southland / สนาม / พื้นที่ทางภูมิศาสตร์ / ภูมิภาค biogeographical / ตำบลที่สำคัญมาก / irredenta / สิ่งที่ตรงข้ามกัน / ไม่ทราบ / สนามทดสอบ / 


แถบดาวเคราะห์น้อย เป็นบริเวณใน___ที่อยู่ระหว่างวงโคจรของดาวอังคารกับดาวพฤหัสบดี ประกอบไปด้วยวัตถุรูปร่างไม่แน่นอนจำนวนมาก เรียกว่าดาวเคราะห์น้อย
(ระบบสุริยะ)

other choices: ระบบภาษา / ตุลาการ / เศรษฐกิจ / ระบบนิเวศ / โครงสร้างสังคม / ไล่ล่า / เครื่องจักรกล / เครือข่าย / ระบบไม่เชิงเส้น / ระบบย่อย / สิ่งมีชีวิต / วากยสัมพันธ์ / ร่างกาย / shebang / ระบบน้ำ / rootage / 


แถบดาวเคราะห์น้อย เป็นบริเวณในระบบสุริยะ___ระหว่างวงโคจรของดาวอังคารกับดาวพฤหัสบดี ประกอบไปด้วยวัตถุรูปร่างไม่แน่นอนจำนวนมาก เรียกว่าดาวเคราะห์น้อย
(ที่อยู่)

other choices: รหัสมาตรฐานอเมริกันสำหรับการแลกเปลี่ยนข้อมูล / รหัสไบนารี / รหัสแก้ไขข้อผิดพลาด / เฟิร์มแว / รหัสเครื่อง / รหัสวัตถุ / รหัสการดำเนินการ / ซอฟต์แวร์ / คำแนะนำ / 


แถบดาวเคราะห์น้อย เป็นบริเวณในระบบสุริยะที่อยู่ระหว่าง___ของดาวอังคารกับดาวพฤหัสบดี ประกอบไปด้วยวัตถุรูปร่างไม่แน่นอนจำนวนมาก เรียกว่าดาวเคราะห์น้อย
(วงโคจร)

other choices: สายป้อน / สายหลัก / ลู่ / ช่องทางอากาศ / รูปแบบการจราจร / เส้นทางการบิน / ตี / เส้นทางรถเมล์ / สายการบิน / บรรทัดของเดือนมีนาคม / โคจร / เส้นทางกระดาษ / เส้นตรง / วงจรไฟฟ้า / ขวาง / เส้นอุปทาน / สายไฟ / เส้นทางการอพยพย้ายถิ่น / ทางเรียบ / ทิศทาง / เส้นทางการค้า / 


แถบดาวเคราะห์น้อย เป็นบริเวณในระบบสุริยะที่อยู่ระหว่างวงโคจรของ___กับดาวพฤหัสบดี ประกอบไปด้วยวัตถุรูปร่างไม่แน่นอนจำนวนมาก เรียกว่าดาวเคราะห์น้อย
(ดาวอังคาร)

other choices: โลก / ปรอท / ดาวศุกร์ / 


แถบดาวเคราะห์น้อย เป็นบริเวณในระบบสุริยะที่อยู่ระหว่างวงโคจรของดาวอังคารกับ___ ประกอบไปด้วยวัตถุรูปร่างไม่แน่นอนจำนวนมาก เรียกว่าดาวเคราะห์น้อย
(ดาวพฤหัสบดี)

other choices: เกตุ / ดาวเสาร์ / ดาวมฤตยู / 


แถบดาวเคราะห์น้อย เป็นบริเวณในระบบสุริยะที่อยู่ระหว่างวงโคจรของดาวอังคารกับดาวพฤหัสบดี ประกอบไปด้วย___รูปร่างไม่แน่นอนจำนวนมาก เรียกว่าดาวเคราะห์น้อย
(วัตถุ)

other choices: สิ่ง / สาเหตุ / เรื่อง / กระบวนการ / สสาร / 


แถบดาวเคราะห์น้อย เป็นบริเวณในระบบสุริยะที่อยู่ระหว่างวงโคจรของดาวอังคารกับดาวพฤหัสบดี ประกอบไปด้วยวัตถุ___ไม่แน่นอนจำนวนมาก เรียกว่าดาวเคราะห์น้อย
(รูปร่าง)

other choices: มิติ / ทิศทาง / สมมาตร / ความไม่สมดุล / ความอ้อม / 


แถบดาวเคราะห์น้อย เป็นบริเวณในระบบสุริยะที่อยู่ระหว่างวงโคจรของดาวอังคารกับดาวพฤหัสบดี ประกอบไปด้วยวัตถุรูปร่างไม่แน่___จำนวนมาก เรียกว่าดาวเคราะห์น้อย
(นอน)

other choices: ความตื่นตัว / ความกระหายเลือด / ความไม่ลงรอยกัน / acathexia / angiotelectasia / การหมดความรู้สึก / agalactia / การระงับความรู้สึก / anhidrosis / ความเร้าอารมณ์ / นอน / ขับรถ / elastosis / ความมีลม / การโค้ง / ตกมัน / anestrus / hypercapnia / hypocapnia / การสำลัก / หนี้ออกซิเจน / hyperthermia / อุณหภูมิร่างกายปกติกลุ่ม / อุณหภูมิ / กล้ามเนื้อ / myasthenia / ความแห้งแล้ง / การตั้งครรภ์ที่เป็นเท็จ / การตั้งครรภ์ / ชีวิตความรุนแรง / vitalization / สุขภาพดี / ภาวะเจริญพันธุ์ / ความแข็งแรง / รัฐทางพยาธิวิทยา / ความไม่เป็นระเบียบ / cellularity / ติดยาเสพติด / ระงับการเคลื่อนไหว / cryptobiosis / การขยาย / emmetropia / ความใจเย็น / รอยดำ / hypopigmentation / amyxia / เหงื่อกาฬ / ความผิดปกติ / สิ่งกีดขวาง / การวางยาพิษ / ความรู้สึกเจ็บปวด / oligospermia / 


แถบดาวเคราะห์น้อย เป็นบริเวณในระบบสุริยะที่อยู่ระหว่างวงโคจรของดาวอังคารกับดาวพฤหัสบดี ประกอบไปด้วยวัตถุรูปร่างไม่แน่นอนจำนวนมาก เรียกว่า___น้อย
(ดาวเคราะห์)

other choices: ดาวเคราะห์น้อย / ดาวเคราะห์ / planetesimal / ประถม / ดวงดาวที่ห่างจากโลกสีร้อยสิบพันปีแสง / ดาวเทียม / ดาว / ดาว / 


===============================

บางครั้งก็เรียกแถบดาวเคราะห์น้อยว่า "แถบหลัก"

===============================

บางครั้งก็เรียก___ดาวเคราะห์น้อยว่า "แถบหลัก"
(แถบ)

other choices: ห้อง anechoic / ห้องเฉลียง / ห้องด้านหลัง / ห้องบอลรูม / ห้องอาบน้ำ / ห้องนอน / หอระฆัง / ห้องบิลเลียด / ห้องประชุมคณะกรรมการ / cardroom / เซลล์ / เซลล์ / ห้อง / ห้องรับฝากของ / ห้องเรียน / ทำความสะอาดห้​​อง / ห้องรับฝากของ / ตู้ / ห้องชมรม / ช่องว่าง / ห้องประชุม / ห้องควบคุม / ศาล / Cubby / ห้องตัด / ห้องมืด / ห้องเล็ก / เวิ้งเล็กสำหรับรับประทานอาหาร / ห้องอาหาร / ประตู / ห้องแต่งตัว / Durbar / วิศวกรรม / ชั้น / ห้องเตา / เฉลียง / เฉลียง / ห้องสีเขียว / ป้อมยาม / ห้องโถง / ห้องของโรงพยาบาล / ครัว / ห้องสมุด / ห้องนั่งเล่น / ห้องล็อกเกอร์ / เลานจ์ / ห้องโถงคฤหาสน์ / สถานที่ที่เล่นบิลเลียด / ห้องแสดงตน / รูหนู / ห้องอ่านหนังสือ / ห้องรับแขก / ห้องสันทนาการ / หอกลม / ห้องเขียนหนังสือ / อ่างล้างชาม / ห้องเย็บผ้า / ห้องการจัดส่งสินค้า / ห้องอาบน้ำ / sickbay / ห้องผู้ป่วย / ห้องสูบบุหรี่ / ห้องทีม / ห้องทีม / ห้องอบไอน้ำ / ห้องเก็บของ / ศึกษา / ดวงอาทิตย์ห้องนั่งเล่น / ศัลยกรรม / ห้องโทรทัศน์ / ห้องทดสอบ / ห้องน้ำ / ห้องทรมาน / ห้องที่ติดกับตัวโบสถ์ / เดินเข้า / ห้องสงคราม / ห้องทำงาน / 


บางครั้งก็เรียกแถบ___น้อยว่า "แถบหลัก"
(ดาวเคราะห์)

other choices: ดาวเคราะห์น้อย / ดาวเคราะห์ / planetesimal / ประถม / ดวงดาวที่ห่างจากโลกสีร้อยสิบพันปีแสง / ดาวเทียม / ดาว / ดาว / 


บางครั้งก็เรียกแถบดาวเคราะห์น้อยว่า "___หลัก"
(แถบ)

other choices: ห้อง anechoic / ห้องเฉลียง / ห้องด้านหลัง / ห้องบอลรูม / ห้องอาบน้ำ / ห้องนอน / หอระฆัง / ห้องบิลเลียด / ห้องประชุมคณะกรรมการ / cardroom / เซลล์ / เซลล์ / ห้อง / ห้องรับฝากของ / ห้องเรียน / ทำความสะอาดห้​​อง / ห้องรับฝากของ / ตู้ / ห้องชมรม / ช่องว่าง / ห้องประชุม / ห้องควบคุม / ศาล / Cubby / ห้องตัด / ห้องมืด / ห้องเล็ก / เวิ้งเล็กสำหรับรับประทานอาหาร / ห้องอาหาร / ประตู / ห้องแต่งตัว / Durbar / วิศวกรรม / ชั้น / ห้องเตา / เฉลียง / เฉลียง / ห้องสีเขียว / ป้อมยาม / ห้องโถง / ห้องของโรงพยาบาล / ครัว / ห้องสมุด / ห้องนั่งเล่น / ห้องล็อกเกอร์ / เลานจ์ / ห้องโถงคฤหาสน์ / สถานที่ที่เล่นบิลเลียด / ห้องแสดงตน / รูหนู / ห้องอ่านหนังสือ / ห้องรับแขก / ห้องสันทนาการ / หอกลม / ห้องเขียนหนังสือ / อ่างล้างชาม / ห้องเย็บผ้า / ห้องการจัดส่งสินค้า / ห้องอาบน้ำ / sickbay / ห้องผู้ป่วย / ห้องสูบบุหรี่ / ห้องทีม / ห้องทีม / ห้องอบไอน้ำ / ห้องเก็บของ / ศึกษา / ดวงอาทิตย์ห้องนั่งเล่น / ศัลยกรรม / ห้องโทรทัศน์ / ห้องทดสอบ / ห้องน้ำ / ห้องทรมาน / ห้องที่ติดกับตัวโบสถ์ / เดินเข้า / ห้องสงคราม / ห้องทำงาน / 


บางครั้งก็เรียกแถบดาวเคราะห์น้อยว่า "แถบ___"
(หลัก)

other choices: น้ำนิ่ง / อ่าว / ช่อง / ดื่ม / ปากน้ำ / flowage / ลุย / อ่าว / น้ำทะเลสูง / ทางเข้า / ทะเลสาป / กลางน้ำ / มหาสมุทร / ทะเล / polynya / สระ / ทะเล / เซเว่นซี / ตื้นเขิน / เสียง / กระแส / น่านน้ำอาณาเขต / น้ำตก / ท่อระบายน้ำ / 


===============================

เพื่อแยกแยะมันออกจากดาวเคราะห์น้อยกลุ่มอื่น ๆ ที่มีอยู่ในระบบสุริยะ เช่น แถบไคเปอร์

===============================

เพื่อแยกแยะมันออกจาก___น้อยกลุ่มอื่น ๆ ที่มีอยู่ในระบบสุริยะ เช่น แถบไคเปอร์
(ดาวเคราะห์)

other choices: ดาวเคราะห์น้อย / ดาวเคราะห์ / planetesimal / ประถม / ดวงดาวที่ห่างจากโลกสีร้อยสิบพันปีแสง / ดาวเทียม / ดาว / ดาว / 


เพื่อแยกแยะมันออกจากดาวเคราะห์น้อยกลุ่มอื่น ๆ ที่มีอยู่ใน___ เช่น แถบไคเปอร์
(ระบบสุริยะ)

other choices: ระบบภาษา / ตุลาการ / เศรษฐกิจ / ระบบนิเวศ / โครงสร้างสังคม / ไล่ล่า / เครื่องจักรกล / เครือข่าย / ระบบไม่เชิงเส้น / ระบบย่อย / สิ่งมีชีวิต / วากยสัมพันธ์ / ร่างกาย / shebang / ระบบน้ำ / rootage / 


เพื่อแยกแยะมันออกจากดาวเคราะห์น้อยกลุ่มอื่น ๆ ที่มีอยู่ในระบบสุริยะ เช่น ___ไคเปอร์
(แถบ)

other choices: ห้อง anechoic / ห้องเฉลียง / ห้องด้านหลัง / ห้องบอลรูม / ห้องอาบน้ำ / ห้องนอน / หอระฆัง / ห้องบิลเลียด / ห้องประชุมคณะกรรมการ / cardroom / เซลล์ / เซลล์ / ห้อง / ห้องรับฝากของ / ห้องเรียน / ทำความสะอาดห้​​อง / ห้องรับฝากของ / ตู้ / ห้องชมรม / ช่องว่าง / ห้องประชุม / ห้องควบคุม / ศาล / Cubby / ห้องตัด / ห้องมืด / ห้องเล็ก / เวิ้งเล็กสำหรับรับประทานอาหาร / ห้องอาหาร / ประตู / ห้องแต่งตัว / Durbar / วิศวกรรม / ชั้น / ห้องเตา / เฉลียง / เฉลียง / ห้องสีเขียว / ป้อมยาม / ห้องโถง / ห้องของโรงพยาบาล / ครัว / ห้องสมุด / ห้องนั่งเล่น / ห้องล็อกเกอร์ / เลานจ์ / ห้องโถงคฤหาสน์ / สถานที่ที่เล่นบิลเลียด / ห้องแสดงตน / รูหนู / ห้องอ่านหนังสือ / ห้องรับแขก / ห้องสันทนาการ / หอกลม / ห้องเขียนหนังสือ / อ่างล้างชาม / ห้องเย็บผ้า / ห้องการจัดส่งสินค้า / ห้องอาบน้ำ / sickbay / ห้องผู้ป่วย / ห้องสูบบุหรี่ / ห้องทีม / ห้องทีม / ห้องอบไอน้ำ / ห้องเก็บของ / ศึกษา / ดวงอาทิตย์ห้องนั่งเล่น / ศัลยกรรม / ห้องโทรทัศน์ / ห้องทดสอบ / ห้องน้ำ / ห้องทรมาน / ห้องที่ติดกับตัวโบสถ์ / เดินเข้า / ห้องสงคราม / ห้องทำงาน / 


เพื่อแยกแยะมันออกจากดาวเคราะห์น้อยกลุ่มอื่น ๆ ที่มีอยู่ในระบบสุริยะ เช่น แถบ___
(ไคเปอร์)

other choices: Alhazen / Anaximander / Aristarchus ของ Samos / Bessel / Bowditch / Brahe / เซลเซียส / Copernicus / Eddington / Eratosthenes / กาลิเลโอ / กระปรี้กระเปร่า / ห้องโถง / ฮัลเลย์ / เฮอร์เชล / เฮอร์เชล / Hipparchus / ฮักกินส์ / Hypatia / เคปเลอร์ / แลงลีย์ / Laplace / โลเวลล์ / โลเวลล์ / มิทเชลล์ / มุลเลอร์ / Newcomb / โอมาร์คัยยาม / ออร์ต / Peirce / ปโตเลมี / Rittenhouse / รัสเซล / Schiaparelli / แชปลีย์ / ผู้นั่ง / Thales / Tombaugh / 


===============================

