จุฬาลงกรณ์มหาวิทยาลัย เป็นมหาวิทยาลัยและสถาบันอุดมศึกษาแห่งแรกของประเทศไทย ตั้งอยู่ที่เขตปทุมวัน กรุงเทพมหานคร ถือกำเนิดจาก "โรงเรียนสำหรับฝึกหัดวิชาข้าราชการฝ่ายพลเรือน" ที่พระบาทสมเด็จพระจุลจอมเกล้าเจ้าอยู่หัว ทรงพระกรุณาโปรดเกล้าฯ

===============================

___ลงกรณ์มหาวิทยาลัย เป็นมหาวิทยาลัยและสถาบันอุดมศึกษาแห่งแรกของประเทศไทย ตั้งอยู่ที่เขตปทุมวัน กรุงเทพมหานคร ถือกำเนิดจาก "โรงเรียนสำหรับฝึกหัดวิชาข้าราชการฝ่ายพลเรือน" ที่พระบาทสมเด็จพระจุลจอมเกล้าเจ้าอยู่หัว ทรงพระกรุณาโปรดเกล้าฯ
(จุฬา)

จุฬาลง___ณ์มหาวิทยาลัย เป็นมหาวิทยาลัยและสถาบันอุดมศึกษาแห่งแรกของประเทศไทย ตั้งอยู่ที่เขตปทุมวัน กรุงเทพมหานคร ถือกำเนิดจาก "โรงเรียนสำหรับฝึกหัดวิชาข้าราชการฝ่ายพลเรือน" ที่พระบาทสมเด็จพระจุลจอมเกล้าเจ้าอยู่หัว ทรงพระกรุณาโปรดเกล้าฯ
(กร)

จุฬาลงกร___มหาวิทยาลัย เป็นมหาวิทยาลัยและสถาบันอุดมศึกษาแห่งแรกของประเทศไทย ตั้งอยู่ที่เขตปทุมวัน กรุงเทพมหานคร ถือกำเนิดจาก "โรงเรียนสำหรับฝึกหัดวิชาข้าราชการฝ่ายพลเรือน" ที่พระบาทสมเด็จพระจุลจอมเกล้าเจ้าอยู่หัว ทรงพระกรุณาโปรดเกล้าฯ
(ณ์)

จุฬาลงกรณ์___ เป็นมหาวิทยาลัยและสถาบันอุดมศึกษาแห่งแรกของประเทศไทย ตั้งอยู่ที่เขตปทุมวัน กรุงเทพมหานคร ถือกำเนิดจาก "โรงเรียนสำหรับฝึกหัดวิชาข้าราชการฝ่ายพลเรือน" ที่พระบาทสมเด็จพระจุลจอมเกล้าเจ้าอยู่หัว ทรงพระกรุณาโปรดเกล้าฯ
(มหาวิทยาลัย)

จุฬาลงกรณ์มหาวิทยาลัย เป็น___และสถาบันอุดมศึกษาแห่งแรกของประเทศไทย ตั้งอยู่ที่เขตปทุมวัน กรุงเทพมหานคร ถือกำเนิดจาก "โรงเรียนสำหรับฝึกหัดวิชาข้าราชการฝ่ายพลเรือน" ที่พระบาทสมเด็จพระจุลจอมเกล้าเจ้าอยู่หัว ทรงพระกรุณาโปรดเกล้าฯ
(มหาวิทยาลัย)

จุฬาลงกรณ์มหาวิทยาลัย เป็นมหาวิทยาลัยและ___อุดมศึกษาแห่งแรกของประเทศไทย ตั้งอยู่ที่เขตปทุมวัน กรุงเทพมหานคร ถือกำเนิดจาก "โรงเรียนสำหรับฝึกหัดวิชาข้าราชการฝ่ายพลเรือน" ที่พระบาทสมเด็จพระจุลจอมเกล้าเจ้าอยู่หัว ทรงพระกรุณาโปรดเกล้าฯ
(สถาบัน)

จุฬาลงกรณ์มหาวิทยาลัย เป็นมหาวิทยาลัยและสถาบัน___แห่งแรกของประเทศไทย ตั้งอยู่ที่เขตปทุมวัน กรุงเทพมหานคร ถือกำเนิดจาก "โรงเรียนสำหรับฝึกหัดวิชาข้าราชการฝ่ายพลเรือน" ที่พระบาทสมเด็จพระจุลจอมเกล้าเจ้าอยู่หัว ทรงพระกรุณาโปรดเกล้าฯ
(อุดมศึกษา)

จุฬาลงกรณ์มหาวิทยาลัย เป็นมหาวิทยาลัยและสถาบันอุดมศึกษาแห่งแรกของ___ ตั้งอยู่ที่เขตปทุมวัน กรุงเทพมหานคร ถือกำเนิดจาก "โรงเรียนสำหรับฝึกหัดวิชาข้าราชการฝ่ายพลเรือน" ที่พระบาทสมเด็จพระจุลจอมเกล้าเจ้าอยู่หัว ทรงพระกรุณาโปรดเกล้าฯ
(ประเทศไทย)

จุฬาลงกรณ์มหาวิทยาลัย เป็นมหาวิทยาลัยและสถาบันอุดมศึกษาแห่งแรกของประเทศไทย ตั้งอยู่ที่___ปทุมวัน กรุงเทพมหานคร ถือกำเนิดจาก "โรงเรียนสำหรับฝึกหัดวิชาข้าราชการฝ่ายพลเรือน" ที่พระบาทสมเด็จพระจุลจอมเกล้าเจ้าอยู่หัว ทรงพระกรุณาโปรดเกล้าฯ
(เขต)

จุฬาลงกรณ์มหาวิทยาลัย เป็นมหาวิทยาลัยและสถาบันอุดมศึกษาแห่งแรกของประเทศไทย ตั้งอยู่ที่เขต___วัน กรุงเทพมหานคร ถือกำเนิดจาก "โรงเรียนสำหรับฝึกหัดวิชาข้าราชการฝ่ายพลเรือน" ที่พระบาทสมเด็จพระจุลจอมเกล้าเจ้าอยู่หัว ทรงพระกรุณาโปรดเกล้าฯ
(ปทุม)

จุฬาลงกรณ์มหาวิทยาลัย เป็นมหาวิทยาลัยและสถาบันอุดมศึกษาแห่งแรกของประเทศไทย ตั้งอยู่ที่เขตปทุม___ กรุงเทพมหานคร ถือกำเนิดจาก "โรงเรียนสำหรับฝึกหัดวิชาข้าราชการฝ่ายพลเรือน" ที่พระบาทสมเด็จพระจุลจอมเกล้าเจ้าอยู่หัว ทรงพระกรุณาโปรดเกล้าฯ
(วัน)

จุฬาลงกรณ์มหาวิทยาลัย เป็นมหาวิทยาลัยและสถาบันอุดมศึกษาแห่งแรกของประเทศไทย ตั้งอยู่ที่เขตปทุมวัน ___ ถือกำเนิดจาก "โรงเรียนสำหรับฝึกหัดวิชาข้าราชการฝ่ายพลเรือน" ที่พระบาทสมเด็จพระจุลจอมเกล้าเจ้าอยู่หัว ทรงพระกรุณาโปรดเกล้าฯ
(กรุงเทพมหานคร)

จุฬาลงกรณ์มหาวิทยาลัย เป็นมหาวิทยาลัยและสถาบันอุดมศึกษาแห่งแรกของประเทศไทย ตั้งอยู่ที่เขตปทุมวัน กรุงเทพมหานคร ถือกำเนิดจาก "___สำหรับฝึกหัดวิชาข้าราชการฝ่ายพลเรือน" ที่พระบาทสมเด็จพระจุลจอมเกล้าเจ้าอยู่หัว ทรงพระกรุณาโปรดเกล้าฯ
(โรงเรียน)

จุฬาลงกรณ์มหาวิทยาลัย เป็นมหาวิทยาลัยและสถาบันอุดมศึกษาแห่งแรกของประเทศไทย ตั้งอยู่ที่เขตปทุมวัน กรุงเทพมหานคร ถือกำเนิดจาก "โรงเรียนสำหรับฝึกหัด___ข้าราชการฝ่ายพลเรือน" ที่พระบาทสมเด็จพระจุลจอมเกล้าเจ้าอยู่หัว ทรงพระกรุณาโปรดเกล้าฯ
(วิชา)

จุฬาลงกรณ์มหาวิทยาลัย เป็นมหาวิทยาลัยและสถาบันอุดมศึกษาแห่งแรกของประเทศไทย ตั้งอยู่ที่เขตปทุมวัน กรุงเทพมหานคร ถือกำเนิดจาก "โรงเรียนสำหรับฝึกหัดวิชา___ฝ่ายพลเรือน" ที่พระบาทสมเด็จพระจุลจอมเกล้าเจ้าอยู่หัว ทรงพระกรุณาโปรดเกล้าฯ
(ข้าราชการ)

จุฬาลงกรณ์มหาวิทยาลัย เป็นมหาวิทยาลัยและสถาบันอุดมศึกษาแห่งแรกของประเทศไทย ตั้งอยู่ที่เขตปทุมวัน กรุงเทพมหานคร ถือกำเนิดจาก "โรงเรียนสำหรับฝึกหัดวิชาข้าราชการ___พลเรือน" ที่พระบาทสมเด็จพระจุลจอมเกล้าเจ้าอยู่หัว ทรงพระกรุณาโปรดเกล้าฯ
(ฝ่าย)

จุฬาลงกรณ์มหาวิทยาลัย เป็นมหาวิทยาลัยและสถาบันอุดมศึกษาแห่งแรกของประเทศไทย ตั้งอยู่ที่เขตปทุมวัน กรุงเทพมหานคร ถือกำเนิดจาก "โรงเรียนสำหรับฝึกหัดวิชาข้าราชการฝ่าย___" ที่พระบาทสมเด็จพระจุลจอมเกล้าเจ้าอยู่หัว ทรงพระกรุณาโปรดเกล้าฯ
(พลเรือน)

จุฬาลงกรณ์มหาวิทยาลัย เป็นมหาวิทยาลัยและสถาบันอุดมศึกษาแห่งแรกของประเทศไทย ตั้งอยู่ที่เขตปทุมวัน กรุงเทพมหานคร ถือกำเนิดจาก "โรงเรียนสำหรับฝึกหัดวิชาข้าราชการฝ่ายพลเรือน" ที่___ ทรงพระกรุณาโปรดเกล้าฯ
(พระบาทสมเด็จพระจุลจอมเกล้าเจ้าอยู่หัว)

จุฬาลงกรณ์มหาวิทยาลัย เป็นมหาวิทยาลัยและสถาบันอุดมศึกษาแห่งแรกของประเทศไทย ตั้งอยู่ที่เขตปทุมวัน กรุงเทพมหานคร ถือกำเนิดจาก "โรงเรียนสำหรับฝึกหัดวิชาข้าราชการฝ่ายพลเรือน" ที่พระบาทสมเด็จพระจุลจอมเกล้าเจ้าอยู่หัว ___พระกรุณาโปรดเกล้าฯ
(ทรง)

จุฬาลงกรณ์มหาวิทยาลัย เป็นมหาวิทยาลัยและสถาบันอุดมศึกษาแห่งแรกของประเทศไทย ตั้งอยู่ที่เขตปทุมวัน กรุงเทพมหานคร ถือกำเนิดจาก "โรงเรียนสำหรับฝึกหัดวิชาข้าราชการฝ่ายพลเรือน" ที่พระบาทสมเด็จพระจุลจอมเกล้าเจ้าอยู่หัว ทรง___กรุณาโปรดเกล้าฯ
(พระ)

จุฬาลงกรณ์มหาวิทยาลัย เป็นมหาวิทยาลัยและสถาบันอุดมศึกษาแห่งแรกของประเทศไทย ตั้งอยู่ที่เขตปทุมวัน กรุงเทพมหานคร ถือกำเนิดจาก "โรงเรียนสำหรับฝึกหัดวิชาข้าราชการฝ่ายพลเรือน" ที่พระบาทสมเด็จพระจุลจอมเกล้าเจ้าอยู่หัว ทรงพระกรุณา___
(โปรดเกล้าฯ)

===============================

ให้จัดตั้งขึ้นภายในพระบรมมหาราชวัง

===============================

ให้จัดตั้งขึ้นภายใน___
(พระบรมมหาราชวัง)

===============================

เมื่อวันที่ 30 มีนาคม พ.ศ. 2442 พร้อมทั้งพระราชทานพระบรมราชานุญาตให้อัญเชิญ "พระเกี้ยว" มาเป็นเครื่องหมายประจำโรงเรียน การดำเนินงานของโรงเรียนมีการพัฒนาอย่างต่อเนื่องเป็นลำดับ

===============================

เมื่อ___ 30 มีนาคม พ.ศ. 2442 พร้อมทั้งพระราชทานพระบรมราชานุญาตให้อัญเชิญ "พระเกี้ยว" มาเป็นเครื่องหมายประจำโรงเรียน การดำเนินงานของโรงเรียนมีการพัฒนาอย่างต่อเนื่องเป็นลำดับ
(วันที่)

เมื่อวันที่ 30 ___ พ.ศ. 2442 พร้อมทั้งพระราชทานพระบรมราชานุญาตให้อัญเชิญ "พระเกี้ยว" มาเป็นเครื่องหมายประจำโรงเรียน การดำเนินงานของโรงเรียนมีการพัฒนาอย่างต่อเนื่องเป็นลำดับ
(มีนาคม)

เมื่อวันที่ 30 มีนาคม ___ 2442 พร้อมทั้งพระราชทานพระบรมราชานุญาตให้อัญเชิญ "พระเกี้ยว" มาเป็นเครื่องหมายประจำโรงเรียน การดำเนินงานของโรงเรียนมีการพัฒนาอย่างต่อเนื่องเป็นลำดับ
(พ.ศ.)

เมื่อวันที่ 30 มีนาคม พ.ศ. ___ พร้อมทั้งพระราชทานพระบรมราชานุญาตให้อัญเชิญ "พระเกี้ยว" มาเป็นเครื่องหมายประจำโรงเรียน การดำเนินงานของโรงเรียนมีการพัฒนาอย่างต่อเนื่องเป็นลำดับ
(2442)

เมื่อวันที่ 30 มีนาคม พ.ศ. 2442 พร้อมทั้ง___พระบรมราชานุญาตให้อัญเชิญ "พระเกี้ยว" มาเป็นเครื่องหมายประจำโรงเรียน การดำเนินงานของโรงเรียนมีการพัฒนาอย่างต่อเนื่องเป็นลำดับ
(พระราชทาน)

เมื่อวันที่ 30 มีนาคม พ.ศ. 2442 พร้อมทั้งพระราชทาน___ให้อัญเชิญ "พระเกี้ยว" มาเป็นเครื่องหมายประจำโรงเรียน การดำเนินงานของโรงเรียนมีการพัฒนาอย่างต่อเนื่องเป็นลำดับ
(พระบรมราชานุญาต)

เมื่อวันที่ 30 มีนาคม พ.ศ. 2442 พร้อมทั้งพระราชทานพระบรมราชานุญาตให้___ "พระเกี้ยว" มาเป็นเครื่องหมายประจำโรงเรียน การดำเนินงานของโรงเรียนมีการพัฒนาอย่างต่อเนื่องเป็นลำดับ
(อัญเชิญ)

เมื่อวันที่ 30 มีนาคม พ.ศ. 2442 พร้อมทั้งพระราชทานพระบรมราชานุญาตให้อัญเชิญ "___เกี้ยว" มาเป็นเครื่องหมายประจำโรงเรียน การดำเนินงานของโรงเรียนมีการพัฒนาอย่างต่อเนื่องเป็นลำดับ
(พระ)

เมื่อวันที่ 30 มีนาคม พ.ศ. 2442 พร้อมทั้งพระราชทานพระบรมราชานุญาตให้อัญเชิญ "พระเกี้ยว" มาเป็น___ประจำโรงเรียน การดำเนินงานของโรงเรียนมีการพัฒนาอย่างต่อเนื่องเป็นลำดับ
(เครื่องหมาย)

เมื่อวันที่ 30 มีนาคม พ.ศ. 2442 พร้อมทั้งพระราชทานพระบรมราชานุญาตให้อัญเชิญ "พระเกี้ยว" มาเป็นเครื่องหมายประจำ___ การดำเนินงานของโรงเรียนมีการพัฒนาอย่างต่อเนื่องเป็นลำดับ
(โรงเรียน)

เมื่อวันที่ 30 มีนาคม พ.ศ. 2442 พร้อมทั้งพระราชทานพระบรมราชานุญาตให้อัญเชิญ "พระเกี้ยว" มาเป็นเครื่องหมายประจำโรงเรียน การดำเนินงานของ___มีการพัฒนาอย่างต่อเนื่องเป็นลำดับ
(โรงเรียน)

===============================

จนกระทั่ง เมื่อวันที่ 26 มีนาคม พ.ศ. 2459 (ขณะนั้นนับวันที่ 1 เมษายน เป็นวันขึ้นปีใหม่ นับอย่างใหม่ต้องเข้าปี พ.ศ. 2460) พระบาทสมเด็จพระมงกุฎเกล้าเจ้าอยู่หัว ได้ทรงประดิษฐานขึ้นเป็นมหาวิทยาลัย และพระราชทานนามว่า "จุฬาลงกรณ์มหาวิทยาลัย"

===============================

จนกระทั่ง เมื่อ___ 26 มีนาคม พ.ศ. 2459 (ขณะนั้นนับวันที่ 1 เมษายน เป็นวันขึ้นปีใหม่ นับอย่างใหม่ต้องเข้าปี พ.ศ. 2460) พระบาทสมเด็จพระมงกุฎเกล้าเจ้าอยู่หัว ได้ทรงประดิษฐานขึ้นเป็นมหาวิทยาลัย และพระราชทานนามว่า "จุฬาลงกรณ์มหาวิทยาลัย"
(วันที่)

จนกระทั่ง เมื่อวันที่ 26 ___ พ.ศ. 2459 (ขณะนั้นนับวันที่ 1 เมษายน เป็นวันขึ้นปีใหม่ นับอย่างใหม่ต้องเข้าปี พ.ศ. 2460) พระบาทสมเด็จพระมงกุฎเกล้าเจ้าอยู่หัว ได้ทรงประดิษฐานขึ้นเป็นมหาวิทยาลัย และพระราชทานนามว่า "จุฬาลงกรณ์มหาวิทยาลัย"
(มีนาคม)

จนกระทั่ง เมื่อวันที่ 26 มีนาคม ___ 2459 (ขณะนั้นนับวันที่ 1 เมษายน เป็นวันขึ้นปีใหม่ นับอย่างใหม่ต้องเข้าปี พ.ศ. 2460) พระบาทสมเด็จพระมงกุฎเกล้าเจ้าอยู่หัว ได้ทรงประดิษฐานขึ้นเป็นมหาวิทยาลัย และพระราชทานนามว่า "จุฬาลงกรณ์มหาวิทยาลัย"
(พ.ศ.)

จนกระทั่ง เมื่อวันที่ 26 มีนาคม พ.ศ. ___ (ขณะนั้นนับวันที่ 1 เมษายน เป็นวันขึ้นปีใหม่ นับอย่างใหม่ต้องเข้าปี พ.ศ. 2460) พระบาทสมเด็จพระมงกุฎเกล้าเจ้าอยู่หัว ได้ทรงประดิษฐานขึ้นเป็นมหาวิทยาลัย และพระราชทานนามว่า "จุฬาลงกรณ์มหาวิทยาลัย"
(2459)

จนกระทั่ง เมื่อวันที่ 26 มีนาคม พ.ศ. 2459 (___นับวันที่ 1 เมษายน เป็นวันขึ้นปีใหม่ นับอย่างใหม่ต้องเข้าปี พ.ศ. 2460) พระบาทสมเด็จพระมงกุฎเกล้าเจ้าอยู่หัว ได้ทรงประดิษฐานขึ้นเป็นมหาวิทยาลัย และพระราชทานนามว่า "จุฬาลงกรณ์มหาวิทยาลัย"
(ขณะนั้น)

จนกระทั่ง เมื่อวันที่ 26 มีนาคม พ.ศ. 2459 (ขณะนั้นนับวันที่ 1 ___ เป็นวันขึ้นปีใหม่ นับอย่างใหม่ต้องเข้าปี พ.ศ. 2460) พระบาทสมเด็จพระมงกุฎเกล้าเจ้าอยู่หัว ได้ทรงประดิษฐานขึ้นเป็นมหาวิทยาลัย และพระราชทานนามว่า "จุฬาลงกรณ์มหาวิทยาลัย"
(เมษายน)

จนกระทั่ง เมื่อวันที่ 26 มีนาคม พ.ศ. 2459 (ขณะนั้นนับวันที่ 1 เมษายน เป็น___ขึ้นปีใหม่ นับอย่างใหม่ต้องเข้าปี พ.ศ. 2460) พระบาทสมเด็จพระมงกุฎเกล้าเจ้าอยู่หัว ได้ทรงประดิษฐานขึ้นเป็นมหาวิทยาลัย และพระราชทานนามว่า "จุฬาลงกรณ์มหาวิทยาลัย"
(วัน)

จนกระทั่ง เมื่อวันที่ 26 มีนาคม พ.ศ. 2459 (ขณะนั้นนับวันที่ 1 เมษายน เป็นวัน___ นับอย่างใหม่ต้องเข้าปี พ.ศ. 2460) พระบาทสมเด็จพระมงกุฎเกล้าเจ้าอยู่หัว ได้ทรงประดิษฐานขึ้นเป็นมหาวิทยาลัย และพระราชทานนามว่า "จุฬาลงกรณ์มหาวิทยาลัย"
(ขึ้นปีใหม่)

จนกระทั่ง เมื่อวันที่ 26 มีนาคม พ.ศ. 2459 (ขณะนั้นนับวันที่ 1 เมษายน เป็นวันขึ้นปีใหม่ นับอย่างใหม่ต้องเข้า___ พ.ศ. 2460) พระบาทสมเด็จพระมงกุฎเกล้าเจ้าอยู่หัว ได้ทรงประดิษฐานขึ้นเป็นมหาวิทยาลัย และพระราชทานนามว่า "จุฬาลงกรณ์มหาวิทยาลัย"
(ปี)

จนกระทั่ง เมื่อวันที่ 26 มีนาคม พ.ศ. 2459 (ขณะนั้นนับวันที่ 1 เมษายน เป็นวันขึ้นปีใหม่ นับอย่างใหม่ต้องเข้าปี ___ 2460) พระบาทสมเด็จพระมงกุฎเกล้าเจ้าอยู่หัว ได้ทรงประดิษฐานขึ้นเป็นมหาวิทยาลัย และพระราชทานนามว่า "จุฬาลงกรณ์มหาวิทยาลัย"
(พ.ศ.)

จนกระทั่ง เมื่อวันที่ 26 มีนาคม พ.ศ. 2459 (ขณะนั้นนับวันที่ 1 เมษายน เป็นวันขึ้นปีใหม่ นับอย่างใหม่ต้องเข้าปี พ.ศ. ___) พระบาทสมเด็จพระมงกุฎเกล้าเจ้าอยู่หัว ได้ทรงประดิษฐานขึ้นเป็นมหาวิทยาลัย และพระราชทานนามว่า "จุฬาลงกรณ์มหาวิทยาลัย"
(2460)

จนกระทั่ง เมื่อวันที่ 26 มีนาคม พ.ศ. 2459 (ขณะนั้นนับวันที่ 1 เมษายน เป็นวันขึ้นปีใหม่ นับอย่างใหม่ต้องเข้าปี พ.ศ. 2460) ___ ได้ทรงประดิษฐานขึ้นเป็นมหาวิทยาลัย และพระราชทานนามว่า "จุฬาลงกรณ์มหาวิทยาลัย"
(พระบาทสมเด็จพระมงกุฎเกล้าเจ้าอยู่หัว)

จนกระทั่ง เมื่อวันที่ 26 มีนาคม พ.ศ. 2459 (ขณะนั้นนับวันที่ 1 เมษายน เป็นวันขึ้นปีใหม่ นับอย่างใหม่ต้องเข้าปี พ.ศ. 2460) พระบาทสมเด็จพระมงกุฎเกล้าเจ้าอยู่หัว ได้___ประดิษฐานขึ้นเป็นมหาวิทยาลัย และพระราชทานนามว่า "จุฬาลงกรณ์มหาวิทยาลัย"
(ทรง)

จนกระทั่ง เมื่อวันที่ 26 มีนาคม พ.ศ. 2459 (ขณะนั้นนับวันที่ 1 เมษายน เป็นวันขึ้นปีใหม่ นับอย่างใหม่ต้องเข้าปี พ.ศ. 2460) พระบาทสมเด็จพระมงกุฎเกล้าเจ้าอยู่หัว ได้ทรง___ขึ้นเป็นมหาวิทยาลัย และพระราชทานนามว่า "จุฬาลงกรณ์มหาวิทยาลัย"
(ประดิษฐาน)

จนกระทั่ง เมื่อวันที่ 26 มีนาคม พ.ศ. 2459 (ขณะนั้นนับวันที่ 1 เมษายน เป็นวันขึ้นปีใหม่ นับอย่างใหม่ต้องเข้าปี พ.ศ. 2460) พระบาทสมเด็จพระมงกุฎเกล้าเจ้าอยู่หัว ได้ทรงประดิษฐานขึ้นเป็น___ และพระราชทานนามว่า "จุฬาลงกรณ์มหาวิทยาลัย"
(มหาวิทยาลัย)

จนกระทั่ง เมื่อวันที่ 26 มีนาคม พ.ศ. 2459 (ขณะนั้นนับวันที่ 1 เมษายน เป็นวันขึ้นปีใหม่ นับอย่างใหม่ต้องเข้าปี พ.ศ. 2460) พระบาทสมเด็จพระมงกุฎเกล้าเจ้าอยู่หัว ได้ทรงประดิษฐานขึ้นเป็นมหาวิทยาลัย และ___นามว่า "จุฬาลงกรณ์มหาวิทยาลัย"
(พระราชทาน)

จนกระทั่ง เมื่อวันที่ 26 มีนาคม พ.ศ. 2459 (ขณะนั้นนับวันที่ 1 เมษายน เป็นวันขึ้นปีใหม่ นับอย่างใหม่ต้องเข้าปี พ.ศ. 2460) พระบาทสมเด็จพระมงกุฎเกล้าเจ้าอยู่หัว ได้ทรงประดิษฐานขึ้นเป็นมหาวิทยาลัย และพระราชทาน___ว่า "จุฬาลงกรณ์มหาวิทยาลัย"
(นาม)

จนกระทั่ง เมื่อวันที่ 26 มีนาคม พ.ศ. 2459 (ขณะนั้นนับวันที่ 1 เมษายน เป็นวันขึ้นปีใหม่ นับอย่างใหม่ต้องเข้าปี พ.ศ. 2460) พระบาทสมเด็จพระมงกุฎเกล้าเจ้าอยู่หัว ได้ทรงประดิษฐานขึ้นเป็นมหาวิทยาลัย และพระราชทานนามว่า "___ลงกรณ์มหาวิทยาลัย"
(จุฬา)

จนกระทั่ง เมื่อวันที่ 26 มีนาคม พ.ศ. 2459 (ขณะนั้นนับวันที่ 1 เมษายน เป็นวันขึ้นปีใหม่ นับอย่างใหม่ต้องเข้าปี พ.ศ. 2460) พระบาทสมเด็จพระมงกุฎเกล้าเจ้าอยู่หัว ได้ทรงประดิษฐานขึ้นเป็นมหาวิทยาลัย และพระราชทานนามว่า "จุฬาลง___ณ์มหาวิทยาลัย"
(กร)

จนกระทั่ง เมื่อวันที่ 26 มีนาคม พ.ศ. 2459 (ขณะนั้นนับวันที่ 1 เมษายน เป็นวันขึ้นปีใหม่ นับอย่างใหม่ต้องเข้าปี พ.ศ. 2460) พระบาทสมเด็จพระมงกุฎเกล้าเจ้าอยู่หัว ได้ทรงประดิษฐานขึ้นเป็นมหาวิทยาลัย และพระราชทานนามว่า "จุฬาลงกร___มหาวิทยาลัย"
(ณ์)

จนกระทั่ง เมื่อวันที่ 26 มีนาคม พ.ศ. 2459 (ขณะนั้นนับวันที่ 1 เมษายน เป็นวันขึ้นปีใหม่ นับอย่างใหม่ต้องเข้าปี พ.ศ. 2460) พระบาทสมเด็จพระมงกุฎเกล้าเจ้าอยู่หัว ได้ทรงประดิษฐานขึ้นเป็นมหาวิทยาลัย และพระราชทานนามว่า "จุฬาลงกรณ์___"
(มหาวิทยาลัย)

===============================

เพื่อเป็นพระบรมราชานุสาวรีย์เฉลิมพระเกียรติแห่งพระบาทสมเด็จพระจุลจอมเกล้าเจ้าอยู่หัว สมเด็จพระบรมชนกนาถของพระองค์

===============================

เพื่อเป็น___เฉลิมพระเกียรติแห่งพระบาทสมเด็จพระจุลจอมเกล้าเจ้าอยู่หัว สมเด็จพระบรมชนกนาถของพระองค์
(พระบรมราชานุสาวรีย์)

เพื่อเป็นพระบรมราชานุสาวรีย์___แห่งพระบาทสมเด็จพระจุลจอมเกล้าเจ้าอยู่หัว สมเด็จพระบรมชนกนาถของพระองค์
(เฉลิมพระเกียรติ)

เพื่อเป็นพระบรมราชานุสาวรีย์เฉลิมพระเกียรติแห่ง___ สมเด็จพระบรมชนกนาถของพระองค์
(พระบาทสมเด็จพระจุลจอมเกล้าเจ้าอยู่หัว)

เพื่อเป็นพระบรมราชานุสาวรีย์เฉลิมพระเกียรติแห่งพระบาทสมเด็จพระจุลจอมเกล้าเจ้าอยู่หัว ___พระบรมชนกนาถของพระองค์
(สมเด็จ)

เพื่อเป็นพระบรมราชานุสาวรีย์เฉลิมพระเกียรติแห่งพระบาทสมเด็จพระจุลจอมเกล้าเจ้าอยู่หัว สมเด็จ___บรมชนกนาถของพระองค์
(พระ)

เพื่อเป็นพระบรมราชานุสาวรีย์เฉลิมพระเกียรติแห่งพระบาทสมเด็จพระจุลจอมเกล้าเจ้าอยู่หัว สมเด็จพระ___ชนกนาถของพระองค์
(บรม)

เพื่อเป็นพระบรมราชานุสาวรีย์เฉลิมพระเกียรติแห่งพระบาทสมเด็จพระจุลจอมเกล้าเจ้าอยู่หัว สมเด็จพระบรม___นาถของพระองค์
(ชนก)

เพื่อเป็นพระบรมราชานุสาวรีย์เฉลิมพระเกียรติแห่งพระบาทสมเด็จพระจุลจอมเกล้าเจ้าอยู่หัว สมเด็จพระบรมชนก___ถของพระองค์
(นา)

เพื่อเป็นพระบรมราชานุสาวรีย์เฉลิมพระเกียรติแห่งพระบาทสมเด็จพระจุลจอมเกล้าเจ้าอยู่หัว สมเด็จพระบรมชนกนา___ของพระองค์
(ถ)

เพื่อเป็นพระบรมราชานุสาวรีย์เฉลิมพระเกียรติแห่งพระบาทสมเด็จพระจุลจอมเกล้าเจ้าอยู่หัว สมเด็จพระบรมชนกนาถของ___
(พระองค์)

===============================

นับตั้งแต่ พ.ศ. 2460 ถึงปัจจุบัน จุฬาลงกรณ์มหาวิทยาลัยมีผู้บัญชาการและอธิการบดีมาแล้ว 16 คน อธิการบดีคนปัจจุบัน คือ ศาสตราจารย์ นายแพทย์ภิรมย์ กมลรัตนกุล

===============================

นับตั้งแต่ ___ 2460 ถึงปัจจุบัน จุฬาลงกรณ์มหาวิทยาลัยมีผู้บัญชาการและอธิการบดีมาแล้ว 16 คน อธิการบดีคนปัจจุบัน คือ ศาสตราจารย์ นายแพทย์ภิรมย์ กมลรัตนกุล
(พ.ศ.)

นับตั้งแต่ พ.ศ. ___ ถึงปัจจุบัน จุฬาลงกรณ์มหาวิทยาลัยมีผู้บัญชาการและอธิการบดีมาแล้ว 16 คน อธิการบดีคนปัจจุบัน คือ ศาสตราจารย์ นายแพทย์ภิรมย์ กมลรัตนกุล
(2460)

นับตั้งแต่ พ.ศ. 2460 ถึง___ จุฬาลงกรณ์มหาวิทยาลัยมีผู้บัญชาการและอธิการบดีมาแล้ว 16 คน อธิการบดีคนปัจจุบัน คือ ศาสตราจารย์ นายแพทย์ภิรมย์ กมลรัตนกุล
(ปัจจุบัน)

นับตั้งแต่ พ.ศ. 2460 ถึงปัจจุบัน ___ลงกรณ์มหาวิทยาลัยมีผู้บัญชาการและอธิการบดีมาแล้ว 16 คน อธิการบดีคนปัจจุบัน คือ ศาสตราจารย์ นายแพทย์ภิรมย์ กมลรัตนกุล
(จุฬา)

นับตั้งแต่ พ.ศ. 2460 ถึงปัจจุบัน จุฬาลง___ณ์มหาวิทยาลัยมีผู้บัญชาการและอธิการบดีมาแล้ว 16 คน อธิการบดีคนปัจจุบัน คือ ศาสตราจารย์ นายแพทย์ภิรมย์ กมลรัตนกุล
(กร)

นับตั้งแต่ พ.ศ. 2460 ถึงปัจจุบัน จุฬาลงกร___มหาวิทยาลัยมีผู้บัญชาการและอธิการบดีมาแล้ว 16 คน อธิการบดีคนปัจจุบัน คือ ศาสตราจารย์ นายแพทย์ภิรมย์ กมลรัตนกุล
(ณ์)

นับตั้งแต่ พ.ศ. 2460 ถึงปัจจุบัน จุฬาลงกรณ์___มีผู้บัญชาการและอธิการบดีมาแล้ว 16 คน อธิการบดีคนปัจจุบัน คือ ศาสตราจารย์ นายแพทย์ภิรมย์ กมลรัตนกุล
(มหาวิทยาลัย)

นับตั้งแต่ พ.ศ. 2460 ถึงปัจจุบัน จุฬาลงกรณ์มหาวิทยาลัยมี___และอธิการบดีมาแล้ว 16 คน อธิการบดีคนปัจจุบัน คือ ศาสตราจารย์ นายแพทย์ภิรมย์ กมลรัตนกุล
(ผู้บัญชาการ)

นับตั้งแต่ พ.ศ. 2460 ถึงปัจจุบัน จุฬาลงกรณ์มหาวิทยาลัยมีผู้บัญชาการและ___มาแล้ว 16 คน อธิการบดีคนปัจจุบัน คือ ศาสตราจารย์ นายแพทย์ภิรมย์ กมลรัตนกุล
(อธิการบดี)

นับตั้งแต่ พ.ศ. 2460 ถึงปัจจุบัน จุฬาลงกรณ์มหาวิทยาลัยมีผู้บัญชาการและอธิการบดีมาแล้ว 16 คน ___คนปัจจุบัน คือ ศาสตราจารย์ นายแพทย์ภิรมย์ กมลรัตนกุล
(อธิการบดี)

นับตั้งแต่ พ.ศ. 2460 ถึงปัจจุบัน จุฬาลงกรณ์มหาวิทยาลัยมีผู้บัญชาการและอธิการบดีมาแล้ว 16 คน อธิการบดี___ปัจจุบัน คือ ศาสตราจารย์ นายแพทย์ภิรมย์ กมลรัตนกุล
(คน)

นับตั้งแต่ พ.ศ. 2460 ถึงปัจจุบัน จุฬาลงกรณ์มหาวิทยาลัยมีผู้บัญชาการและอธิการบดีมาแล้ว 16 คน อธิการบดีคน___ คือ ศาสตราจารย์ นายแพทย์ภิรมย์ กมลรัตนกุล
(ปัจจุบัน)

นับตั้งแต่ พ.ศ. 2460 ถึงปัจจุบัน จุฬาลงกรณ์มหาวิทยาลัยมีผู้บัญชาการและอธิการบดีมาแล้ว 16 คน อธิการบดีคนปัจจุบัน คือ ศาสตราจารย์ ___แพทย์ภิรมย์ กมลรัตนกุล
(นาย)

นับตั้งแต่ พ.ศ. 2460 ถึงปัจจุบัน จุฬาลงกรณ์มหาวิทยาลัยมีผู้บัญชาการและอธิการบดีมาแล้ว 16 คน อธิการบดีคนปัจจุบัน คือ ศาสตราจารย์ นาย___ภิรมย์ กมลรัตนกุล
(แพทย์)

นับตั้งแต่ พ.ศ. 2460 ถึงปัจจุบัน จุฬาลงกรณ์มหาวิทยาลัยมีผู้บัญชาการและอธิการบดีมาแล้ว 16 คน อธิการบดีคนปัจจุบัน คือ ศาสตราจารย์ นายแพทย์___รมย์ กมลรัตนกุล
(ภิ)

นับตั้งแต่ พ.ศ. 2460 ถึงปัจจุบัน จุฬาลงกรณ์มหาวิทยาลัยมีผู้บัญชาการและอธิการบดีมาแล้ว 16 คน อธิการบดีคนปัจจุบัน คือ ศาสตราจารย์ นายแพทย์ภิ___ กมลรัตนกุล
(รมย์)

นับตั้งแต่ พ.ศ. 2460 ถึงปัจจุบัน จุฬาลงกรณ์มหาวิทยาลัยมีผู้บัญชาการและอธิการบดีมาแล้ว 16 คน อธิการบดีคนปัจจุบัน คือ ศาสตราจารย์ นายแพทย์ภิรมย์ ___รัตนกุล
(กมล)

นับตั้งแต่ พ.ศ. 2460 ถึงปัจจุบัน จุฬาลงกรณ์มหาวิทยาลัยมีผู้บัญชาการและอธิการบดีมาแล้ว 16 คน อธิการบดีคนปัจจุบัน คือ ศาสตราจารย์ นายแพทย์ภิรมย์ กมล___นกุล
(รัต)

นับตั้งแต่ พ.ศ. 2460 ถึงปัจจุบัน จุฬาลงกรณ์มหาวิทยาลัยมีผู้บัญชาการและอธิการบดีมาแล้ว 16 คน อธิการบดีคนปัจจุบัน คือ ศาสตราจารย์ นายแพทย์ภิรมย์ กมลรัต___
(นกุล)

===============================

