ความสับสนวุ่นวายทางการเมือง ทำให้ศิลปินบางกลุ่มหันเหทัศนคติของตนเองที่มีต่อศิลปะที่มีมาก่อนหน้านี้ คือ แบบนีโอคลาสสิกหรือโรแมนติก ไปให้ความสนใจกับความเป็นจริงในชีวิตประจำวันในสังคมมากขึ้น

===============================

ความสับสนวุ่นวาย___ ทำให้ศิลปินบางกลุ่มหันเหทัศนคติของตนเองที่มีต่อศิลปะที่มีมาก่อนหน้านี้ คือ แบบนีโอคลาสสิกหรือโรแมนติก ไปให้ความสนใจกับความเป็นจริงในชีวิตประจำวันในสังคมมากขึ้น
(ทางการเมือง)

other choices: 


ความสับสนวุ่นวายทางการเมือง ทำให้___บางกลุ่มหันเหทัศนคติของตนเองที่มีต่อศิลปะที่มีมาก่อนหน้านี้ คือ แบบนีโอคลาสสิกหรือโรแมนติก ไปให้ความสนใจกับความเป็นจริงในชีวิตประจำวันในสังคมมากขึ้น
(ศิลปิน)

other choices: สถาปนิก / ผู้ก่อสร้าง / นักออกแบบท่าเต้น / เสื้อผ้า / ช่างฝีมือ / ผู้พัฒนา / เพ้อ / ชาวนา / นักประดิษฐ์ / ผู้สร้าง / ผู้ออกแบบเครื่องแต่งก่าย / ผู้ริเริ่ม / ผู้ผลิต / 


ความสับสนวุ่นวายทางการเมือง ทำให้ศิลปินบางกลุ่มหันเห___ของตนเองที่มีต่อศิลปะที่มีมาก่อนหน้านี้ คือ แบบนีโอคลาสสิกหรือโรแมนติก ไปให้ความสนใจกับความเป็นจริงในชีวิตประจำวันในสังคมมากขึ้น
(ทัศนคติ)

other choices: ใจ / สถานที่ / ความรู้สาธารณะ / ความสามารถ / การไร้ความสามารถ / ศัพท์ / การปฏิบัติ / ปัจจัยความรู้ความเข้าใจ / เท่ากัน / กระบวนการ / กระบวนการ / ความเข้าใจ / โครงสร้าง / เนื้อหา / ข้อมูล / ประวัติศาสตร์ / 


ความสับสนวุ่นวายทางการเมือง ทำให้ศิลปินบางกลุ่มหันเหทัศนคติของตนเองที่มีต่อ___ที่มีมาก่อนหน้านี้ คือ แบบนีโอคลาสสิกหรือโรแมนติก ไปให้ความสนใจกับความเป็นจริงในชีวิตประจำวันในสังคมมากขึ้น
(ศิลปะ)

other choices: คลาสสิก / ส่วนประกอบ / ปฏิภาณโวหาร / การประดิษฐ์ / เจ้านาย / เย็บปักถักร้อย / สินค้า / เสพสม / การแสดง / ชิ้น / 


ความสับสนวุ่นวายทางการเมือง ทำให้ศิลปินบางกลุ่มหันเหทัศนคติของตนเองที่มีต่อศิลปะที่มีมา___ คือ แบบนีโอคลาสสิกหรือโรแมนติก ไปให้ความสนใจกับความเป็นจริงในชีวิตประจำวันในสังคมมากขึ้น
(ก่อนหน้านี้)

other choices: 


ความสับสนวุ่นวายทางการเมือง ทำให้ศิลปินบางกลุ่มหันเหทัศนคติของตนเองที่มีต่อศิลปะที่มีมาก่อนหน้านี้ คือ ___นีโอคลาสสิกหรือโรแมนติก ไปให้ความสนใจกับความเป็นจริงในชีวิตประจำวันในสังคมมากขึ้น
(แบบ)

other choices: น่าสงสัย / การเก็งกำไร / การสันนิษฐาน / 


ความสับสนวุ่นวายทางการเมือง ทำให้ศิลปินบางกลุ่มหันเหทัศนคติของตนเองที่มีต่อศิลปะที่มีมาก่อนหน้านี้ คือ แบบ___คลาสสิกหรือโรแมนติก ไปให้ความสนใจกับความเป็นจริงในชีวิตประจำวันในสังคมมากขึ้น
(นีโอ)

other choices: 


ความสับสนวุ่นวายทางการเมือง ทำให้ศิลปินบางกลุ่มหันเหทัศนคติของตนเองที่มีต่อศิลปะที่มีมาก่อนหน้านี้ คือ แบบนีโอ___หรือโรแมนติก ไปให้ความสนใจกับความเป็นจริงในชีวิตประจำวันในสังคมมากขึ้น
(คลาสสิก)

other choices: ศิลปะ / ส่วนประกอบ / ปฏิภาณโวหาร / การประดิษฐ์ / เจ้านาย / เย็บปักถักร้อย / สินค้า / เสพสม / การแสดง / ชิ้น / 


ความสับสนวุ่นวายทางการเมือง ทำให้ศิลปินบางกลุ่มหันเหทัศนคติของตนเองที่มีต่อศิลปะที่มีมาก่อนหน้านี้ คือ แบบนีโอคลาสสิกหรือ___ ไปให้ความสนใจกับความเป็นจริงในชีวิตประจำวันในสังคมมากขึ้น
(โรแมนติก)

other choices: ดอนกิโฆเต้ / 


ความสับสนวุ่นวายทางการเมือง ทำให้ศิลปินบางกลุ่มหันเหทัศนคติของตนเองที่มีต่อศิลปะที่มีมาก่อนหน้านี้ คือ แบบนีโอคลาสสิกหรือโรแมนติก ไป___กับความเป็นจริงในชีวิตประจำวันในสังคมมากขึ้น
(ให้ความสนใจ)

other choices: การไม่ตั้งใจ / ปรีชา / ความเข้าใจ / สติสัมปชัญญะ / เชื่อว่า / การจัดหมวดหมู่ / การแบ่งแยก / การเรียนรู้ / หน่วยความจำ / ขั้นตอนการดำเนินการ / 


ความสับสนวุ่นวายทางการเมือง ทำให้ศิลปินบางกลุ่มหันเหทัศนคติของตนเองที่มีต่อศิลปะที่มีมาก่อนหน้านี้ คือ แบบนีโอคลาสสิกหรือโรแมนติก ไปให้ความสนใจกับความเป็นจริงใน___ในสังคมมากขึ้น
(ชีวิตประจำวัน)

other choices: 


ความสับสนวุ่นวายทางการเมือง ทำให้ศิลปินบางกลุ่มหันเหทัศนคติของตนเองที่มีต่อศิลปะที่มีมาก่อนหน้านี้ คือ แบบนีโอคลาสสิกหรือโรแมนติก ไปให้ความสนใจกับความเป็นจริงในชีวิตประจำวันใน___มากขึ้น
(สังคม)

other choices: การเลี้ยงและเต้นรำกัน / เต้นรำ / สวมหน้ากาก / อาหารเย็น / แผนกต้อนรับ / เปิดบ้าน / พิธีขึ้นบ้านใหม่ / งานปาร์ตี้ในสวน / ฝักบัว / ปาร์ตี้สละโสด / บุคคลไก่ / ปาร์ตี้ / งานแต่งงาน / การรวมตัวใหม่ / 


===============================

ศิลปินพวกนี้สร้างลิทธิขึ้นมาใหม่ที่เรียกว่า สัจนิยม หรือ เรียลลิสม์ (Realism)

===============================

___พวกนี้สร้างลิทธิขึ้นมาใหม่ที่เรียกว่า สัจนิยม หรือ เรียลลิสม์ (Realism)
(ศิลปิน)

other choices: สถาปนิก / ผู้ก่อสร้าง / นักออกแบบท่าเต้น / เสื้อผ้า / ช่างฝีมือ / ผู้พัฒนา / เพ้อ / ชาวนา / นักประดิษฐ์ / ผู้สร้าง / ผู้ออกแบบเครื่องแต่งก่าย / ผู้ริเริ่ม / ผู้ผลิต / 


ศิลปิน___นี้สร้างลิทธิขึ้นมาใหม่ที่เรียกว่า สัจนิยม หรือ เรียลลิสม์ (Realism)
(พวก)

other choices: 


ศิลปินพวกนี้สร้าง___ขึ้นมาใหม่ที่เรียกว่า สัจนิยม หรือ เรียลลิสม์ (Realism)
(ลิทธิ)

other choices: 


ศิลปินพวกนี้สร้างลิทธิขึ้นมาใหม่ที่เรียกว่า ___ หรือ เรียลลิสม์ (Realism)
(สัจนิยม)

other choices: ฟังก์ชั่น / มีชีวิต / ความรู้สำนึก / 


ศิลปินพวกนี้สร้างลิทธิขึ้นมาใหม่ที่เรียกว่า สัจนิยม หรือ ___ (Realism)
(เรียลลิสม์)

other choices: 


ศิลปินพวกนี้สร้างลิทธิขึ้นมาใหม่ที่เรียกว่า สัจนิยม หรือ เรียลลิสม์ (___)
(Realism)

other choices: 


===============================

ซึ่งเกิดขึ้นในกรุงปารีส เมืองศูนย์กลางที่สำคัญในด้านศิลปะในยุโรป สมัยนั้นนักประพันธ์ที่มีชื่อได้แก่ ชาร์ลส์ โบเดอแลร์ (Charles Baudelaire ค.ศ. 1821-67) และชาร์ลส์ ดิคเกนส์ (Charles Dickens ค.ศ. 1812-70) เขาได้ประพันธ์หนังสือหลายเล่มที่มีเนื้อเรื่องไปในทางเสียดสีสังคมของชนชั้นกลางและเน้นถึงความทุกข์ยากของพวกชาวนาและกรรมกรในประเทศอังกฤษและฝรั่งเศส โบเดอแลร์เป็นเพื่อนสนิทกับจิตรกรกลุ่มเรียลลิสม์ผู้หนึ่งชื่อ กุสตาฟ กูร์เบต์ (Gustave Courbet ค.ศ. 1819-77)

===============================

ซึ่งเกิดขึ้นใน___ปารีส เมืองศูนย์กลางที่สำคัญในด้านศิลปะในยุโรป สมัยนั้นนักประพันธ์ที่มีชื่อได้แก่ ชาร์ลส์ โบเดอแลร์ (Charles Baudelaire ค.ศ. 1821-67) และชาร์ลส์ ดิคเกนส์ (Charles Dickens ค.ศ. 1812-70) เขาได้ประพันธ์หนังสือหลายเล่มที่มีเนื้อเรื่องไปในทางเสียดสีสังคมของชนชั้นกลางและเน้นถึงความทุกข์ยากของพวกชาวนาและกรรมกรในประเทศอังกฤษและฝรั่งเศส โบเดอแลร์เป็นเพื่อนสนิทกับจิตรกรกลุ่มเรียลลิสม์ผู้หนึ่งชื่อ กุสตาฟ กูร์เบต์ (Gustave Courbet ค.ศ. 1819-77)
(กรุง)

other choices: หุ้น / ฐานภาษี / ลูกหนี้ / มงกุฎเพชร / กระเป๋าลึก / สินทรัพย์สำรอง / รวม / ทรัพยากร / ไม่มีตัวตน / สินทรัพย์สภาพคล่อง / การลงทุน / ส่วนได้เสีย / ความปลอดภัย / ทรัพยากรวัสดุ / เมืองหลวง / กองทุน / รูบัตร / เครดิต / อายุเกินขีด / ลูกหนี้การค้า / 


ซึ่งเกิดขึ้นในกรุง___ เมืองศูนย์กลางที่สำคัญในด้านศิลปะในยุโรป สมัยนั้นนักประพันธ์ที่มีชื่อได้แก่ ชาร์ลส์ โบเดอแลร์ (Charles Baudelaire ค.ศ. 1821-67) และชาร์ลส์ ดิคเกนส์ (Charles Dickens ค.ศ. 1812-70) เขาได้ประพันธ์หนังสือหลายเล่มที่มีเนื้อเรื่องไปในทางเสียดสีสังคมของชนชั้นกลางและเน้นถึงความทุกข์ยากของพวกชาวนาและกรรมกรในประเทศอังกฤษและฝรั่งเศส โบเดอแลร์เป็นเพื่อนสนิทกับจิตรกรกลุ่มเรียลลิสม์ผู้หนึ่งชื่อ กุสตาฟ กูร์เบต์ (Gustave Courbet ค.ศ. 1819-77)
(ปารีส)

other choices: วินด์ฮุก / คาบูล / ติรานา / แอลเจียร์ / ลูอันดา / เมืองจอร์จ / เซนต์. จอห์น / บัวโนสไอเรส / โซเฟีย / ย่างกุ้ง / บูจุมบู / พนมเปญ / ยาอุนเด / บังกี / โคลัมโบ / เอ็นจาเมนา / Gran ซันติอาโก / ปักกิ่ง / ไทเป / โบโกตา / บราซซาวิ / กินชาซา / ซานโฮเซ่ / กัวเตมาลาซิตี / เตกูซิกัลปา / นิคารากัว / เมืองปานามา / เม็กซิโกซิตี้ / ฮาวานา / ปอร์โตแปรงซ์ / ซันโตโดมิงโก / คิงส์ตัน / บริดจ์ทาวน์ / พอร์ตออฟสเปน / นิโคเซีย / ปราก / บราติสลาวา / ปอร์โตโนโว / โลเม / โคเปนเฮเกน / จิบูตี / โรโซ / มาลาโบ / ออสโล / สตอกโฮล์ม / กรุงเบอร์ลิน / กีโต / แอสมารา / แอดดิสอาบาบา / ซูวา / เฮลซิงกิ / เอเธนส์ / เยรูซาเล็ม / กรุงโรม / บูคาเรสต์ / คิกาลี / นครเบลเกรด / ลูบลิยานา / ซาเกร็บ / ออตตาวา / แคนเบอร์รา / ฟูนะฟูตี / ตาระวา / เวียนนา / แนสซอ / มานามา / ธากา / กาโบโรเน / ลาปาซ / บราซิเลีย / กรุงลอนดอน / เบลฟาส / ดับลิน / เอดินเบอระ / คาร์ดิฟฟ์ / ไคโร / ฐมา ณ ฑุ / ลาซา / จาการ์ตา / กรุงเตหะราน / กรุงแบกแดด / โตเกียว / อัมมาน / ไนโรบี / คูเวต / ลีเบรอวิ / บันจูล / อักกรา / เซนต์. จอร์จ / โกนากรี / บิสเซา / จอร์จทาวน์ / อัมสเตอร์ดัม / บูดาเปสต์ / เรคยาวิก / เปียงยาง / โซล / เวียงจันทน์ / มาเซรู / มอนโรเวีย / ตริโปลี / วาดุซ / ลักเซมเบิร์ก-Ville / สโกเปีย / ตานานาริโว / ลิลองเว / ปุตราจายา / ชาย / บามาโก / วัลเลตตา / นูแอกชอต / พอร์ตหลุยส์ / อูลานบาตอร์ / ราบัต / มาปูโต / เวลลิงตัน / นีอาเม / อาบูจา / องุ่นหวานมัซคะท / กรุงอิสลามาบัด / ลิมา / มะนิลา / นครลีสบัน / โดฮา / บาสแตร์ / แคสตรีส์ / คิงส์ทาวน์ / อาปีอา / ซานมารีโน / ริยาด / ดาการ์ / เมลเบิร์น / ฟรีทาวน์ / สิงคโปร์ / โฮนีอารา / โมกาดิชู / พริทอเรี / กรุงมอสโก / มินสค์ / ทาลลินน์ / ริกา / วิลนีอุ / เยเรวาน / บากู / ทบิลิซี / อัสตานา / บิชเคก / ดูชานเบ / ทาชเคนต์ / กรุงมาดริด / คาร์ทูม / ปารามาริโบ / อัมบา / กรุงเบอร์น / ดาร์เอสซาลาม / กรุงเทพมหานคร / ตูนิส / อังการา / กัมปาลา / อาบูดาบี / วอชิงตัน / พอร์ตวิลา / การากัส / ฮานอย / ลูซากา / ฮาราเร / 


ซึ่งเกิดขึ้นในกรุงปารีส ___ศูนย์กลางที่สำคัญในด้านศิลปะในยุโรป สมัยนั้นนักประพันธ์ที่มีชื่อได้แก่ ชาร์ลส์ โบเดอแลร์ (Charles Baudelaire ค.ศ. 1821-67) และชาร์ลส์ ดิคเกนส์ (Charles Dickens ค.ศ. 1812-70) เขาได้ประพันธ์หนังสือหลายเล่มที่มีเนื้อเรื่องไปในทางเสียดสีสังคมของชนชั้นกลางและเน้นถึงความทุกข์ยากของพวกชาวนาและกรรมกรในประเทศอังกฤษและฝรั่งเศส โบเดอแลร์เป็นเพื่อนสนิทกับจิตรกรกลุ่มเรียลลิสม์ผู้หนึ่งชื่อ กุสตาฟ กูร์เบต์ (Gustave Courbet ค.ศ. 1819-77)
(เมือง)

other choices: ตัวเมือง / 


ซึ่งเกิดขึ้นในกรุงปารีส เมือง___ที่สำคัญในด้านศิลปะในยุโรป สมัยนั้นนักประพันธ์ที่มีชื่อได้แก่ ชาร์ลส์ โบเดอแลร์ (Charles Baudelaire ค.ศ. 1821-67) และชาร์ลส์ ดิคเกนส์ (Charles Dickens ค.ศ. 1812-70) เขาได้ประพันธ์หนังสือหลายเล่มที่มีเนื้อเรื่องไปในทางเสียดสีสังคมของชนชั้นกลางและเน้นถึงความทุกข์ยากของพวกชาวนาและกรรมกรในประเทศอังกฤษและฝรั่งเศส โบเดอแลร์เป็นเพื่อนสนิทกับจิตรกรกลุ่มเรียลลิสม์ผู้หนึ่งชื่อ กุสตาฟ กูร์เบต์ (Gustave Courbet ค.ศ. 1819-77)
(ศูนย์กลาง)

other choices: เบเกอรี่ / รัง / นายหน้าบ้าน / บ่อถ่านหิน / ร้านขายนม / เว็บไซต์เจาะ / แลกเปลี่ยน / ฟาร์ม / ประมง / ฟาร์มปลา / ปลอม / โรงงานผลิตแก๊ส / โรงทำเครื่องแก้ว / โรงทำเหล็ก / งาน / ห้องปฏิบัติการ / ซักรีด / ที่ตั้ง / ลานเก็บไม้ขายป / เตียงหอยนางรม / พื้นดินพิสูจน์ / การไต่ลวด / ควง / อู่เรือ / ร้านค้าชั้น / สตูดิโอ / สตูดิโอ / โรงฟอกหนัง / ทดสอบ / การประปา / โรงงาน / 


ซึ่งเกิดขึ้นในกรุงปารีส เมืองศูนย์กลางที่สำคัญใน___ศิลปะในยุโรป สมัยนั้นนักประพันธ์ที่มีชื่อได้แก่ ชาร์ลส์ โบเดอแลร์ (Charles Baudelaire ค.ศ. 1821-67) และชาร์ลส์ ดิคเกนส์ (Charles Dickens ค.ศ. 1812-70) เขาได้ประพันธ์หนังสือหลายเล่มที่มีเนื้อเรื่องไปในทางเสียดสีสังคมของชนชั้นกลางและเน้นถึงความทุกข์ยากของพวกชาวนาและกรรมกรในประเทศอังกฤษและฝรั่งเศส โบเดอแลร์เป็นเพื่อนสนิทกับจิตรกรกลุ่มเรียลลิสม์ผู้หนึ่งชื่อ กุสตาฟ กูร์เบต์ (Gustave Courbet ค.ศ. 1819-77)
(ด้าน)

other choices: บรรยากาศ / ชีววง / ระดับความลึก / พื้นที่นพเคราะห์ / ช่องว่างระหว่างดวงดาว / ห้วงอวกาศ / พื้นที่ลึก / การบินและอวกาศ / โซน / เข็มขัด / ก้น / เขต / ระยะทาง / สุขาวดี / ปลายสุด / นรก / ภายใน / บรรยากาศรอบนอกโลก / ชั้น / ด้านนอก / รัศมี / อากาศ / สูญญากาศ / ด้านบน / ราศี / สัญลักษณ์ของราศี / ปาปัว / ซินด์ / หลุมดำ / แถบไคเปอร์ / แม่ม้า / 


ซึ่งเกิดขึ้นในกรุงปารีส เมืองศูนย์กลางที่สำคัญในด้าน___ในยุโรป สมัยนั้นนักประพันธ์ที่มีชื่อได้แก่ ชาร์ลส์ โบเดอแลร์ (Charles Baudelaire ค.ศ. 1821-67) และชาร์ลส์ ดิคเกนส์ (Charles Dickens ค.ศ. 1812-70) เขาได้ประพันธ์หนังสือหลายเล่มที่มีเนื้อเรื่องไปในทางเสียดสีสังคมของชนชั้นกลางและเน้นถึงความทุกข์ยากของพวกชาวนาและกรรมกรในประเทศอังกฤษและฝรั่งเศส โบเดอแลร์เป็นเพื่อนสนิทกับจิตรกรกลุ่มเรียลลิสม์ผู้หนึ่งชื่อ กุสตาฟ กูร์เบต์ (Gustave Courbet ค.ศ. 1819-77)
(ศิลปะ)

other choices: คลาสสิก / ส่วนประกอบ / ปฏิภาณโวหาร / การประดิษฐ์ / เจ้านาย / เย็บปักถักร้อย / สินค้า / เสพสม / การแสดง / ชิ้น / 


ซึ่งเกิดขึ้นในกรุงปารีส เมืองศูนย์กลางที่สำคัญในด้านศิลปะใน___ สมัยนั้นนักประพันธ์ที่มีชื่อได้แก่ ชาร์ลส์ โบเดอแลร์ (Charles Baudelaire ค.ศ. 1821-67) และชาร์ลส์ ดิคเกนส์ (Charles Dickens ค.ศ. 1812-70) เขาได้ประพันธ์หนังสือหลายเล่มที่มีเนื้อเรื่องไปในทางเสียดสีสังคมของชนชั้นกลางและเน้นถึงความทุกข์ยากของพวกชาวนาและกรรมกรในประเทศอังกฤษและฝรั่งเศส โบเดอแลร์เป็นเพื่อนสนิทกับจิตรกรกลุ่มเรียลลิสม์ผู้หนึ่งชื่อ กุสตาฟ กูร์เบต์ (Gustave Courbet ค.ศ. 1819-77)
(ยุโรป)

other choices: แอฟริกา / ทวิปแอนตาร์กติกา / เอเชีย / ออสเตรเลีย / ยูเรเซีย / อเมริกาเหนือ / อเมริกาใต้ / 


ซึ่งเกิดขึ้นในกรุงปารีส เมืองศูนย์กลางที่สำคัญในด้านศิลปะในยุโรป ___นั้นนักประพันธ์ที่มีชื่อได้แก่ ชาร์ลส์ โบเดอแลร์ (Charles Baudelaire ค.ศ. 1821-67) และชาร์ลส์ ดิคเกนส์ (Charles Dickens ค.ศ. 1812-70) เขาได้ประพันธ์หนังสือหลายเล่มที่มีเนื้อเรื่องไปในทางเสียดสีสังคมของชนชั้นกลางและเน้นถึงความทุกข์ยากของพวกชาวนาและกรรมกรในประเทศอังกฤษและฝรั่งเศส โบเดอแลร์เป็นเพื่อนสนิทกับจิตรกรกลุ่มเรียลลิสม์ผู้หนึ่งชื่อ กุสตาฟ กูร์เบต์ (Gustave Courbet ค.ศ. 1819-77)
(สมัย)

other choices: อุณหภูมิ / มวล / ความยาว / 


ซึ่งเกิดขึ้นในกรุงปารีส เมืองศูนย์กลางที่สำคัญในด้านศิลปะในยุโรป สมัยนั้น___ที่มีชื่อได้แก่ ชาร์ลส์ โบเดอแลร์ (Charles Baudelaire ค.ศ. 1821-67) และชาร์ลส์ ดิคเกนส์ (Charles Dickens ค.ศ. 1812-70) เขาได้ประพันธ์หนังสือหลายเล่มที่มีเนื้อเรื่องไปในทางเสียดสีสังคมของชนชั้นกลางและเน้นถึงความทุกข์ยากของพวกชาวนาและกรรมกรในประเทศอังกฤษและฝรั่งเศส โบเดอแลร์เป็นเพื่อนสนิทกับจิตรกรกลุ่มเรียลลิสม์ผู้หนึ่งชื่อ กุสตาฟ กูร์เบต์ (Gustave Courbet ค.ศ. 1819-77)
(นักประพันธ์)

other choices: บุคคลที่ก่อให้เกิดความตื่นตกใจ / ผู้ประกาศข่าว / โฆษก / ผู้สารภาพผิด / ผู้สื่อข่าว / ซุบซิบ / ผู้แจ้ง / ผู้เจรจา / ผู้ชักชวน / พรีเ​​ซนเตอร์ / นักโฆษณา / แผ่กระจาย / นักเขียนหนังสือพิมพ์ / ผู้เดินเตร่ / ผู้สื่อข่าว / ตอบ / ผู้ส่ง / คนส่งสัญญาณ / ฝ่ายที่ลงนาม / คำมั่นสัญญา / ปลอบโยน / ผู้ติดต่อทางใจ / วอร์เนอร์ / วอกแวก / 


ซึ่งเกิดขึ้นในกรุงปารีส เมืองศูนย์กลางที่สำคัญในด้านศิลปะในยุโรป สมัยนั้นนักประพันธ์ที่___ได้แก่ ชาร์ลส์ โบเดอแลร์ (Charles Baudelaire ค.ศ. 1821-67) และชาร์ลส์ ดิคเกนส์ (Charles Dickens ค.ศ. 1812-70) เขาได้ประพันธ์หนังสือหลายเล่มที่มีเนื้อเรื่องไปในทางเสียดสีสังคมของชนชั้นกลางและเน้นถึงความทุกข์ยากของพวกชาวนาและกรรมกรในประเทศอังกฤษและฝรั่งเศส โบเดอแลร์เป็นเพื่อนสนิทกับจิตรกรกลุ่มเรียลลิสม์ผู้หนึ่งชื่อ กุสตาฟ กูร์เบต์ (Gustave Courbet ค.ศ. 1819-77)
(มีชื่อ)

other choices: 


ซึ่งเกิดขึ้นในกรุงปารีส เมืองศูนย์กลางที่สำคัญในด้านศิลปะในยุโรป สมัยนั้นนักประพันธ์ที่มีชื่อได้แก่ ___ร์ลส์ โบเดอแลร์ (Charles Baudelaire ค.ศ. 1821-67) และชาร์ลส์ ดิคเกนส์ (Charles Dickens ค.ศ. 1812-70) เขาได้ประพันธ์หนังสือหลายเล่มที่มีเนื้อเรื่องไปในทางเสียดสีสังคมของชนชั้นกลางและเน้นถึงความทุกข์ยากของพวกชาวนาและกรรมกรในประเทศอังกฤษและฝรั่งเศส โบเดอแลร์เป็นเพื่อนสนิทกับจิตรกรกลุ่มเรียลลิสม์ผู้หนึ่งชื่อ กุสตาฟ กูร์เบต์ (Gustave Courbet ค.ศ. 1819-77)
(ชา)

other choices: นม / ปรารถนาล้าง / มื้อ / แอลกอฮอล์ / เบียร์ที่อยู่ใกล้ / เบียร์ขิง / เครื่องผสม / เย็น / ทบทวน / สมูทตี้ / เดือดเป็นฟอง / เหล้าแอปเปิล / โกโก้ / น้ำผลไม้ / เครื่องดื่มผลไม้ / เพื่อน / นำ้อัดลม / กาแฟ / เครื่องดื่มชาเหมือน / น้ำดื่ม / 


ซึ่งเกิดขึ้นในกรุงปารีส เมืองศูนย์กลางที่สำคัญในด้านศิลปะในยุโรป สมัยนั้นนักประพันธ์ที่มีชื่อได้แก่ ชา___ โบเดอแลร์ (Charles Baudelaire ค.ศ. 1821-67) และชาร์ลส์ ดิคเกนส์ (Charles Dickens ค.ศ. 1812-70) เขาได้ประพันธ์หนังสือหลายเล่มที่มีเนื้อเรื่องไปในทางเสียดสีสังคมของชนชั้นกลางและเน้นถึงความทุกข์ยากของพวกชาวนาและกรรมกรในประเทศอังกฤษและฝรั่งเศส โบเดอแลร์เป็นเพื่อนสนิทกับจิตรกรกลุ่มเรียลลิสม์ผู้หนึ่งชื่อ กุสตาฟ กูร์เบต์ (Gustave Courbet ค.ศ. 1819-77)
(ร์ลส์)

other choices: เป็ต / ชาร์ลส์ / ชาร์ลส์ / เฮนรี ii / พระเจ้าเฮนรี / เฮนรี iv / หลุยส์ฉัน / หลุยส์ ii / หลุยส์ III / หลุยส์ / หลุยส์วี / หลุยส์ vi / หลุยส์เจ็ด / หลุยส์ VIII / หลุยส์ทรงเครื่อง / หลุยส์ / หลุยส์จิ / หลุยส์สิบ / หลุยส์ที่สิบสาม / หลุยส์ / หลุยส์ห้า / 


ซึ่งเกิดขึ้นในกรุงปารีส เมืองศูนย์กลางที่สำคัญในด้านศิลปะในยุโรป สมัยนั้นนักประพันธ์ที่มีชื่อได้แก่ ชาร์ลส์ ___เดอแลร์ (Charles Baudelaire ค.ศ. 1821-67) และชาร์ลส์ ดิคเกนส์ (Charles Dickens ค.ศ. 1812-70) เขาได้ประพันธ์หนังสือหลายเล่มที่มีเนื้อเรื่องไปในทางเสียดสีสังคมของชนชั้นกลางและเน้นถึงความทุกข์ยากของพวกชาวนาและกรรมกรในประเทศอังกฤษและฝรั่งเศส โบเดอแลร์เป็นเพื่อนสนิทกับจิตรกรกลุ่มเรียลลิสม์ผู้หนึ่งชื่อ กุสตาฟ กูร์เบต์ (Gustave Courbet ค.ศ. 1819-77)
(โบ)

other choices: ทั้งหมด / ที่ตั้ง / เสน่ห์ / ของโบราณ / วาด / ฟิล์ม / โชคไม่ดี / ของที่ระลึก / ส่วนหนึ่ง / คุณสมบัติ / งู / สิ่ง / เรื่องขี้ปะติ๋ว / การปอกเปลือก / จับ / ระลึก / ทิ้ง / คำวินิจฉัย / คนหลักลอย / ธรณีวิทยา / การเจริญเติบโต / ทักทาย / หัว / น้ำแข็ง / ที่ดิน / ที่ดิน / ดวงจันทร์ / เพื่อนบ้าน / ซากศพ / เหรียญทอง / ร่อนเร่ / ผนัง / เว็บ / 


ซึ่งเกิดขึ้นในกรุงปารีส เมืองศูนย์กลางที่สำคัญในด้านศิลปะในยุโรป สมัยนั้นนักประพันธ์ที่มีชื่อได้แก่ ชาร์ลส์ โบ___แลร์ (Charles Baudelaire ค.ศ. 1821-67) และชาร์ลส์ ดิคเกนส์ (Charles Dickens ค.ศ. 1812-70) เขาได้ประพันธ์หนังสือหลายเล่มที่มีเนื้อเรื่องไปในทางเสียดสีสังคมของชนชั้นกลางและเน้นถึงความทุกข์ยากของพวกชาวนาและกรรมกรในประเทศอังกฤษและฝรั่งเศส โบเดอแลร์เป็นเพื่อนสนิทกับจิตรกรกลุ่มเรียลลิสม์ผู้หนึ่งชื่อ กุสตาฟ กูร์เบต์ (Gustave Courbet ค.ศ. 1819-77)
(เดอ)

other choices: อลาบามา / มลรัฐอะแลสกา / อาริโซน่า / อาร์คันซอ / แคลิฟอร์เนีย / โคโลราโด / คอนเนตทิคั / ฟลอริด้า / จอร์เจีย / ฮาวาย / ไอดาโฮ / รัฐอิลลินอยส์ / อินดีแอนา / ไอโอวา / แคนซัส / เคนตั๊กกี้ / รัฐหลุยเซียนา / เมน / รัฐแมรี่แลนด์ / แมสซาชูเซต / มิชิแกน / มินนิโซตา / แม่น้ำมิสซิสซิปปี / มิสซูรี่ / มอนแทนา / เนบราสก้า / เนวาดา / นิวแฮมป์เชียร์ / นิวเจอร์ซี / นิวเม็กซิโก / นิวยอร์ก / อร์ทแคโรไลนา / ทดาโคตา / โอไฮโอ / โอกลาโฮมา / โอเรกอน / เพนซิล / โรดไอแลนด์ / เซาท์แคโรไลนา / เซาท์ดาโกตา / รัฐเทนเนสซี / เท็กซัส / รัฐยุทา / เวอร์มอนต์ / เวอร์จิเนีย / วอชิงตัน / เวสต์เวอร์จิเนีย / วิสคอนซิน / ไวโอมิง / 


ซึ่งเกิดขึ้นในกรุงปารีส เมืองศูนย์กลางที่สำคัญในด้านศิลปะในยุโรป สมัยนั้นนักประพันธ์ที่มีชื่อได้แก่ ชาร์ลส์ โบเดอ___ร์ (Charles Baudelaire ค.ศ. 1821-67) และชาร์ลส์ ดิคเกนส์ (Charles Dickens ค.ศ. 1812-70) เขาได้ประพันธ์หนังสือหลายเล่มที่มีเนื้อเรื่องไปในทางเสียดสีสังคมของชนชั้นกลางและเน้นถึงความทุกข์ยากของพวกชาวนาและกรรมกรในประเทศอังกฤษและฝรั่งเศส โบเดอแลร์เป็นเพื่อนสนิทกับจิตรกรกลุ่มเรียลลิสม์ผู้หนึ่งชื่อ กุสตาฟ กูร์เบต์ (Gustave Courbet ค.ศ. 1819-77)
(แล)

other choices: 


ซึ่งเกิดขึ้นในกรุงปารีส เมืองศูนย์กลางที่สำคัญในด้านศิลปะในยุโรป สมัยนั้นนักประพันธ์ที่มีชื่อได้แก่ ชาร์ลส์ โบเดอแล___ (Charles Baudelaire ค.ศ. 1821-67) และชาร์ลส์ ดิคเกนส์ (Charles Dickens ค.ศ. 1812-70) เขาได้ประพันธ์หนังสือหลายเล่มที่มีเนื้อเรื่องไปในทางเสียดสีสังคมของชนชั้นกลางและเน้นถึงความทุกข์ยากของพวกชาวนาและกรรมกรในประเทศอังกฤษและฝรั่งเศส โบเดอแลร์เป็นเพื่อนสนิทกับจิตรกรกลุ่มเรียลลิสม์ผู้หนึ่งชื่อ กุสตาฟ กูร์เบต์ (Gustave Courbet ค.ศ. 1819-77)
(ร์)

other choices: ดาลูเซีย / สหรัฐ / ที่ดิน Adelie / ดินแดนที่ไม่ดี / บาร์บารี / นูเบีย / ที่ดินเสื้อ / ทางทิศตะวันออก / ทิศตะวันออกเฉียงใต้ / ทิศตะวันตกเฉียงใต้ / ตะวันออกเฉียงเหนือ / ตะวันตกเฉียงเหนือ / มิดเวสต์ / ทิศตะวันตกเฉียงเหนือของมหาสมุทรแปซิฟิก / ที่ดิน Enderby / ทะเลสาบนิ้ว / โค้งขนาดใหญ่ / ที่ดินม็อดพระราชินี / ที่ดินวิกตอเรีย / ที่ดิน Wilkes / ไปทางทิศตะวันตก / แอฟริกาตะวันออก / กาลาเทีย / เจีย / พอนทัส / อล / แคริบเบียน / เบงกอล / ทุ่งหญ้า / เอเชียตะวันออกเฉียงใต้ / แมนจูเรีย / อินโดจีนฝรั่งเศส / สโลวาเกีย / โมราเวีย / ตำบลโบฮีเมีย / สแกนดิเนเวี / แซกโซนี / เรห์น / บรันเดนบู / แคว้นปรัสเซีย / ทูรินเจีย / เลีย / อีไพรุส / ลาโคเนีย / ลิเดีย / อาร์เคเดีย / ตะวันออกกลาง / เสี้ยวอันอุดมสมบูรณ์ / เวสต์แบงก์ / กาลิลี / ฉนวนกาซา / ความสูงโกลาน / ปาเลสไตน์ / ยูดาห์ / แคว้นยูเดีย / ลิสเตีย / จักรวรรดิไบเซนไทน์ / จักรวรรดิโรมันตะวันตก / เซอร์เบีย / มอนเตเนโก / ดัล / สุนัขพันธุ์หนึ่ง / ทะเลจังหวัด / ออสเตรียฮังการี / จักรวรรดิอังกฤษ / เรสต์ใหม่ / Anglia ตะวันออก / แลงคาเชียร์ / ยอร์ค / ประเทศตะวันตก / เวสเซ็กส์ / เสื้อคลุมหลวม / สกอตแลนด์ / อินเดีย / ปัญจาบ / รัฐอ่าว / อีแลม / ลิแวนต์ / มาซีโดเนีย / เทรซ / แคว้นเมซอพอเทเมีย / ประเทศแบบอิโลเนีย / เคลเดีย / สุเมเรียน / ประเทศแอสซีเรีย / ประเทศฝรั่งเศสโบราณ / ริเวียร่า / โอลิมปิกลียง / ตนเซ็โวย / กิอานา / ฟรีสลันด์ / ประเทศมองโกเลีย / ซาฮาร่าตะวันตก / แคชเมียร์ / เธีย / จ๊าซ / เชชเนีย / ไซบีเรีย / รัสเซียยุโรป / ลิโวเนีย / Donets ลุ่มน้ำ / ไอบีเรีย / ละตินอเมริกา / กาลิเซีย / ซูดาน / ยิกา / ถาน / ถานอิรัก / โยนก / ชายฝั่งตะวันออก / ชายฝั่งตะวันตก / นิวอิงแลนด์ / สหรัฐอเมริกากลางมหาสมุทรแอตแลนติก / รัฐอ่าว / การร่วมมือกัน / ทางทิศใต้ / จังหวัดชายแดนภาคใต้ / ซันเบลท์ / ฝั่งทะเล / แคโรไลนา / ดาโคตา / บลูแกรส / ประเทศต่ำ / sur ใหญ่ / หุบเขาซิลิคอน / ซีเธีย / แอฟริกาเหนือ / แอฟริกาตะวันตก / 


ซึ่งเกิดขึ้นในกรุงปารีส เมืองศูนย์กลางที่สำคัญในด้านศิลปะในยุโรป สมัยนั้นนักประพันธ์ที่มีชื่อได้แก่ ชาร์ลส์ โบเดอแลร์ (___ Baudelaire ค.ศ. 1821-67) และชาร์ลส์ ดิคเกนส์ (Charles Dickens ค.ศ. 1812-70) เขาได้ประพันธ์หนังสือหลายเล่มที่มีเนื้อเรื่องไปในทางเสียดสีสังคมของชนชั้นกลางและเน้นถึงความทุกข์ยากของพวกชาวนาและกรรมกรในประเทศอังกฤษและฝรั่งเศส โบเดอแลร์เป็นเพื่อนสนิทกับจิตรกรกลุ่มเรียลลิสม์ผู้หนึ่งชื่อ กุสตาฟ กูร์เบต์ (Gustave Courbet ค.ศ. 1819-77)
(Charles)

other choices: 


ซึ่งเกิดขึ้นในกรุงปารีส เมืองศูนย์กลางที่สำคัญในด้านศิลปะในยุโรป สมัยนั้นนักประพันธ์ที่มีชื่อได้แก่ ชาร์ลส์ โบเดอแลร์ (Charles ___ ค.ศ. 1821-67) และชาร์ลส์ ดิคเกนส์ (Charles Dickens ค.ศ. 1812-70) เขาได้ประพันธ์หนังสือหลายเล่มที่มีเนื้อเรื่องไปในทางเสียดสีสังคมของชนชั้นกลางและเน้นถึงความทุกข์ยากของพวกชาวนาและกรรมกรในประเทศอังกฤษและฝรั่งเศส โบเดอแลร์เป็นเพื่อนสนิทกับจิตรกรกลุ่มเรียลลิสม์ผู้หนึ่งชื่อ กุสตาฟ กูร์เบต์ (Gustave Courbet ค.ศ. 1819-77)
(Baudelaire)

other choices: 


ซึ่งเกิดขึ้นในกรุงปารีส เมืองศูนย์กลางที่สำคัญในด้านศิลปะในยุโรป สมัยนั้นนักประพันธ์ที่มีชื่อได้แก่ ชาร์ลส์ โบเดอแลร์ (Charles Baudelaire ___ 1821-67) และชาร์ลส์ ดิคเกนส์ (Charles Dickens ค.ศ. 1812-70) เขาได้ประพันธ์หนังสือหลายเล่มที่มีเนื้อเรื่องไปในทางเสียดสีสังคมของชนชั้นกลางและเน้นถึงความทุกข์ยากของพวกชาวนาและกรรมกรในประเทศอังกฤษและฝรั่งเศส โบเดอแลร์เป็นเพื่อนสนิทกับจิตรกรกลุ่มเรียลลิสม์ผู้หนึ่งชื่อ กุสตาฟ กูร์เบต์ (Gustave Courbet ค.ศ. 1819-77)
(ค.ศ.)

other choices: สะสม / ประชาสัมพันธ์ / การรับรอง / การป่าวประกาศอย่างโครมคราม / พูดคุยยอดขาย / การส่งเสริมการขาย / 


ซึ่งเกิดขึ้นในกรุงปารีส เมืองศูนย์กลางที่สำคัญในด้านศิลปะในยุโรป สมัยนั้นนักประพันธ์ที่มีชื่อได้แก่ ชาร์ลส์ โบเดอแลร์ (Charles Baudelaire ค.ศ. ___-67) และชาร์ลส์ ดิคเกนส์ (Charles Dickens ค.ศ. 1812-70) เขาได้ประพันธ์หนังสือหลายเล่มที่มีเนื้อเรื่องไปในทางเสียดสีสังคมของชนชั้นกลางและเน้นถึงความทุกข์ยากของพวกชาวนาและกรรมกรในประเทศอังกฤษและฝรั่งเศส โบเดอแลร์เป็นเพื่อนสนิทกับจิตรกรกลุ่มเรียลลิสม์ผู้หนึ่งชื่อ กุสตาฟ กูร์เบต์ (Gustave Courbet ค.ศ. 1819-77)
(1821)

other choices: 


ซึ่งเกิดขึ้นในกรุงปารีส เมืองศูนย์กลางที่สำคัญในด้านศิลปะในยุโรป สมัยนั้นนักประพันธ์ที่มีชื่อได้แก่ ชาร์ลส์ โบเดอแลร์ (Charles Baudelaire ค.ศ. 1821-67) และ___ร์ลส์ ดิคเกนส์ (Charles Dickens ค.ศ. 1812-70) เขาได้ประพันธ์หนังสือหลายเล่มที่มีเนื้อเรื่องไปในทางเสียดสีสังคมของชนชั้นกลางและเน้นถึงความทุกข์ยากของพวกชาวนาและกรรมกรในประเทศอังกฤษและฝรั่งเศส โบเดอแลร์เป็นเพื่อนสนิทกับจิตรกรกลุ่มเรียลลิสม์ผู้หนึ่งชื่อ กุสตาฟ กูร์เบต์ (Gustave Courbet ค.ศ. 1819-77)
(ชา)

other choices: นม / ปรารถนาล้าง / มื้อ / แอลกอฮอล์ / เบียร์ที่อยู่ใกล้ / เบียร์ขิง / เครื่องผสม / เย็น / ทบทวน / สมูทตี้ / เดือดเป็นฟอง / เหล้าแอปเปิล / โกโก้ / น้ำผลไม้ / เครื่องดื่มผลไม้ / เพื่อน / นำ้อัดลม / กาแฟ / เครื่องดื่มชาเหมือน / น้ำดื่ม / 


ซึ่งเกิดขึ้นในกรุงปารีส เมืองศูนย์กลางที่สำคัญในด้านศิลปะในยุโรป สมัยนั้นนักประพันธ์ที่มีชื่อได้แก่ ชาร์ลส์ โบเดอแลร์ (Charles Baudelaire ค.ศ. 1821-67) และชา___ ดิคเกนส์ (Charles Dickens ค.ศ. 1812-70) เขาได้ประพันธ์หนังสือหลายเล่มที่มีเนื้อเรื่องไปในทางเสียดสีสังคมของชนชั้นกลางและเน้นถึงความทุกข์ยากของพวกชาวนาและกรรมกรในประเทศอังกฤษและฝรั่งเศส โบเดอแลร์เป็นเพื่อนสนิทกับจิตรกรกลุ่มเรียลลิสม์ผู้หนึ่งชื่อ กุสตาฟ กูร์เบต์ (Gustave Courbet ค.ศ. 1819-77)
(ร์ลส์)

other choices: เป็ต / ชาร์ลส์ / ชาร์ลส์ / เฮนรี ii / พระเจ้าเฮนรี / เฮนรี iv / หลุยส์ฉัน / หลุยส์ ii / หลุยส์ III / หลุยส์ / หลุยส์วี / หลุยส์ vi / หลุยส์เจ็ด / หลุยส์ VIII / หลุยส์ทรงเครื่อง / หลุยส์ / หลุยส์จิ / หลุยส์สิบ / หลุยส์ที่สิบสาม / หลุยส์ / หลุยส์ห้า / 


ซึ่งเกิดขึ้นในกรุงปารีส เมืองศูนย์กลางที่สำคัญในด้านศิลปะในยุโรป สมัยนั้นนักประพันธ์ที่มีชื่อได้แก่ ชาร์ลส์ โบเดอแลร์ (Charles Baudelaire ค.ศ. 1821-67) และชาร์ลส์ ___คเกนส์ (Charles Dickens ค.ศ. 1812-70) เขาได้ประพันธ์หนังสือหลายเล่มที่มีเนื้อเรื่องไปในทางเสียดสีสังคมของชนชั้นกลางและเน้นถึงความทุกข์ยากของพวกชาวนาและกรรมกรในประเทศอังกฤษและฝรั่งเศส โบเดอแลร์เป็นเพื่อนสนิทกับจิตรกรกลุ่มเรียลลิสม์ผู้หนึ่งชื่อ กุสตาฟ กูร์เบต์ (Gustave Courbet ค.ศ. 1819-77)
(ดิ)

other choices: 


ซึ่งเกิดขึ้นในกรุงปารีส เมืองศูนย์กลางที่สำคัญในด้านศิลปะในยุโรป สมัยนั้นนักประพันธ์ที่มีชื่อได้แก่ ชาร์ลส์ โบเดอแลร์ (Charles Baudelaire ค.ศ. 1821-67) และชาร์ลส์ ดิ___เกนส์ (Charles Dickens ค.ศ. 1812-70) เขาได้ประพันธ์หนังสือหลายเล่มที่มีเนื้อเรื่องไปในทางเสียดสีสังคมของชนชั้นกลางและเน้นถึงความทุกข์ยากของพวกชาวนาและกรรมกรในประเทศอังกฤษและฝรั่งเศส โบเดอแลร์เป็นเพื่อนสนิทกับจิตรกรกลุ่มเรียลลิสม์ผู้หนึ่งชื่อ กุสตาฟ กูร์เบต์ (Gustave Courbet ค.ศ. 1819-77)
(ค)

other choices: 


ซึ่งเกิดขึ้นในกรุงปารีส เมืองศูนย์กลางที่สำคัญในด้านศิลปะในยุโรป สมัยนั้นนักประพันธ์ที่มีชื่อได้แก่ ชาร์ลส์ โบเดอแลร์ (Charles Baudelaire ค.ศ. 1821-67) และชาร์ลส์ ดิค___ส์ (Charles Dickens ค.ศ. 1812-70) เขาได้ประพันธ์หนังสือหลายเล่มที่มีเนื้อเรื่องไปในทางเสียดสีสังคมของชนชั้นกลางและเน้นถึงความทุกข์ยากของพวกชาวนาและกรรมกรในประเทศอังกฤษและฝรั่งเศส โบเดอแลร์เป็นเพื่อนสนิทกับจิตรกรกลุ่มเรียลลิสม์ผู้หนึ่งชื่อ กุสตาฟ กูร์เบต์ (Gustave Courbet ค.ศ. 1819-77)
(เกน)

other choices: มุนด์ / เบอร์ตัน / เบิร์ด / แชมเพลน / คลาร์ก / คอร์โดบา / ฟรีมอนต์ / ห้องโถง / ลาซาลล์ / ลูอิส / ลิฟวิง / แม็คเคนซี่ / อาร์คติก / จอด / แพรี่ / รอสส์ / รอสส์ / สกอตต์ / ช่างเหล็ก / สแตนเลย์ / วิลกินส์ / 


ซึ่งเกิดขึ้นในกรุงปารีส เมืองศูนย์กลางที่สำคัญในด้านศิลปะในยุโรป สมัยนั้นนักประพันธ์ที่มีชื่อได้แก่ ชาร์ลส์ โบเดอแลร์ (Charles Baudelaire ค.ศ. 1821-67) และชาร์ลส์ ดิคเกน___ (Charles Dickens ค.ศ. 1812-70) เขาได้ประพันธ์หนังสือหลายเล่มที่มีเนื้อเรื่องไปในทางเสียดสีสังคมของชนชั้นกลางและเน้นถึงความทุกข์ยากของพวกชาวนาและกรรมกรในประเทศอังกฤษและฝรั่งเศส โบเดอแลร์เป็นเพื่อนสนิทกับจิตรกรกลุ่มเรียลลิสม์ผู้หนึ่งชื่อ กุสตาฟ กูร์เบต์ (Gustave Courbet ค.ศ. 1819-77)
(ส์)

other choices: หน้าผาที่อยู่อาศัย / คอนโดมิเนียม / ผู้ให้บริการด้านบน / ครอบครัว / อาศรม / ที่อยู่อาศัย / ทะเลสาบที่อยู่อาศัย / โรงแรม / บ้านแฝด / บ้านพักตากอากาศ / จิตวิเคราะห์ / 


ซึ่งเกิดขึ้นในกรุงปารีส เมืองศูนย์กลางที่สำคัญในด้านศิลปะในยุโรป สมัยนั้นนักประพันธ์ที่มีชื่อได้แก่ ชาร์ลส์ โบเดอแลร์ (Charles Baudelaire ค.ศ. 1821-67) และชาร์ลส์ ดิคเกนส์ (___ Dickens ค.ศ. 1812-70) เขาได้ประพันธ์หนังสือหลายเล่มที่มีเนื้อเรื่องไปในทางเสียดสีสังคมของชนชั้นกลางและเน้นถึงความทุกข์ยากของพวกชาวนาและกรรมกรในประเทศอังกฤษและฝรั่งเศส โบเดอแลร์เป็นเพื่อนสนิทกับจิตรกรกลุ่มเรียลลิสม์ผู้หนึ่งชื่อ กุสตาฟ กูร์เบต์ (Gustave Courbet ค.ศ. 1819-77)
(Charles)

other choices: 


ซึ่งเกิดขึ้นในกรุงปารีส เมืองศูนย์กลางที่สำคัญในด้านศิลปะในยุโรป สมัยนั้นนักประพันธ์ที่มีชื่อได้แก่ ชาร์ลส์ โบเดอแลร์ (Charles Baudelaire ค.ศ. 1821-67) และชาร์ลส์ ดิคเกนส์ (Charles ___ ค.ศ. 1812-70) เขาได้ประพันธ์หนังสือหลายเล่มที่มีเนื้อเรื่องไปในทางเสียดสีสังคมของชนชั้นกลางและเน้นถึงความทุกข์ยากของพวกชาวนาและกรรมกรในประเทศอังกฤษและฝรั่งเศส โบเดอแลร์เป็นเพื่อนสนิทกับจิตรกรกลุ่มเรียลลิสม์ผู้หนึ่งชื่อ กุสตาฟ กูร์เบต์ (Gustave Courbet ค.ศ. 1819-77)
(Dickens)

other choices: 


ซึ่งเกิดขึ้นในกรุงปารีส เมืองศูนย์กลางที่สำคัญในด้านศิลปะในยุโรป สมัยนั้นนักประพันธ์ที่มีชื่อได้แก่ ชาร์ลส์ โบเดอแลร์ (Charles Baudelaire ค.ศ. 1821-67) และชาร์ลส์ ดิคเกนส์ (Charles Dickens ___ 1812-70) เขาได้ประพันธ์หนังสือหลายเล่มที่มีเนื้อเรื่องไปในทางเสียดสีสังคมของชนชั้นกลางและเน้นถึงความทุกข์ยากของพวกชาวนาและกรรมกรในประเทศอังกฤษและฝรั่งเศส โบเดอแลร์เป็นเพื่อนสนิทกับจิตรกรกลุ่มเรียลลิสม์ผู้หนึ่งชื่อ กุสตาฟ กูร์เบต์ (Gustave Courbet ค.ศ. 1819-77)
(ค.ศ.)

other choices: สะสม / ประชาสัมพันธ์ / การรับรอง / การป่าวประกาศอย่างโครมคราม / พูดคุยยอดขาย / การส่งเสริมการขาย / 


ซึ่งเกิดขึ้นในกรุงปารีส เมืองศูนย์กลางที่สำคัญในด้านศิลปะในยุโรป สมัยนั้นนักประพันธ์ที่มีชื่อได้แก่ ชาร์ลส์ โบเดอแลร์ (Charles Baudelaire ค.ศ. 1821-67) และชาร์ลส์ ดิคเกนส์ (Charles Dickens ค.ศ. ___-70) เขาได้ประพันธ์หนังสือหลายเล่มที่มีเนื้อเรื่องไปในทางเสียดสีสังคมของชนชั้นกลางและเน้นถึงความทุกข์ยากของพวกชาวนาและกรรมกรในประเทศอังกฤษและฝรั่งเศส โบเดอแลร์เป็นเพื่อนสนิทกับจิตรกรกลุ่มเรียลลิสม์ผู้หนึ่งชื่อ กุสตาฟ กูร์เบต์ (Gustave Courbet ค.ศ. 1819-77)
(1812)

other choices: 


ซึ่งเกิดขึ้นในกรุงปารีส เมืองศูนย์กลางที่สำคัญในด้านศิลปะในยุโรป สมัยนั้นนักประพันธ์ที่มีชื่อได้แก่ ชาร์ลส์ โบเดอแลร์ (Charles Baudelaire ค.ศ. 1821-67) และชาร์ลส์ ดิคเกนส์ (Charles Dickens ค.ศ. 1812-70) เขาได้___หนังสือหลายเล่มที่มีเนื้อเรื่องไปในทางเสียดสีสังคมของชนชั้นกลางและเน้นถึงความทุกข์ยากของพวกชาวนาและกรรมกรในประเทศอังกฤษและฝรั่งเศส โบเดอแลร์เป็นเพื่อนสนิทกับจิตรกรกลุ่มเรียลลิสม์ผู้หนึ่งชื่อ กุสตาฟ กูร์เบต์ (Gustave Courbet ค.ศ. 1819-77)
(ประพันธ์)

other choices: บุคคลที่ก่อให้เกิดความตื่นตกใจ / ผู้ประกาศข่าว / โฆษก / ผู้สารภาพผิด / ผู้สื่อข่าว / ซุบซิบ / ผู้แจ้ง / ผู้เจรจา / ผู้ชักชวน / พรีเ​​ซนเตอร์ / นักโฆษณา / แผ่กระจาย / นักเขียนหนังสือพิมพ์ / ผู้เดินเตร่ / ผู้สื่อข่าว / ตอบ / ผู้ส่ง / คนส่งสัญญาณ / ฝ่ายที่ลงนาม / คำมั่นสัญญา / ปลอบโยน / ผู้ติดต่อทางใจ / วอร์เนอร์ / วอกแวก / 


ซึ่งเกิดขึ้นในกรุงปารีส เมืองศูนย์กลางที่สำคัญในด้านศิลปะในยุโรป สมัยนั้นนักประพันธ์ที่มีชื่อได้แก่ ชาร์ลส์ โบเดอแลร์ (Charles Baudelaire ค.ศ. 1821-67) และชาร์ลส์ ดิคเกนส์ (Charles Dickens ค.ศ. 1812-70) เขาได้ประพันธ์___หลายเล่มที่มีเนื้อเรื่องไปในทางเสียดสีสังคมของชนชั้นกลางและเน้นถึงความทุกข์ยากของพวกชาวนาและกรรมกรในประเทศอังกฤษและฝรั่งเศส โบเดอแลร์เป็นเพื่อนสนิทกับจิตรกรกลุ่มเรียลลิสม์ผู้หนึ่งชื่อ กุสตาฟ กูร์เบต์ (Gustave Courbet ค.ศ. 1819-77)
(หนังสือ)

other choices: 


ซึ่งเกิดขึ้นในกรุงปารีส เมืองศูนย์กลางที่สำคัญในด้านศิลปะในยุโรป สมัยนั้นนักประพันธ์ที่มีชื่อได้แก่ ชาร์ลส์ โบเดอแลร์ (Charles Baudelaire ค.ศ. 1821-67) และชาร์ลส์ ดิคเกนส์ (Charles Dickens ค.ศ. 1812-70) เขาได้ประพันธ์หนังสือหลายเล่มที่มี___ไปในทางเสียดสีสังคมของชนชั้นกลางและเน้นถึงความทุกข์ยากของพวกชาวนาและกรรมกรในประเทศอังกฤษและฝรั่งเศส โบเดอแลร์เป็นเพื่อนสนิทกับจิตรกรกลุ่มเรียลลิสม์ผู้หนึ่งชื่อ กุสตาฟ กูร์เบต์ (Gustave Courbet ค.ศ. 1819-77)
(เนื้อเรื่อง)

other choices: สสาร / ตะกอน / สสารมืด / ปฏิสสาร / ของเหลว / ตะกอน / ระบบ / สารตกค้าง / ของแข็ง / ตัวละลาย / บ่อเกิด / เรื่องผัก / 


ซึ่งเกิดขึ้นในกรุงปารีส เมืองศูนย์กลางที่สำคัญในด้านศิลปะในยุโรป สมัยนั้นนักประพันธ์ที่มีชื่อได้แก่ ชาร์ลส์ โบเดอแลร์ (Charles Baudelaire ค.ศ. 1821-67) และชาร์ลส์ ดิคเกนส์ (Charles Dickens ค.ศ. 1812-70) เขาได้ประพันธ์หนังสือหลายเล่มที่มีเนื้อเรื่องไปใน___เสียดสีสังคมของชนชั้นกลางและเน้นถึงความทุกข์ยากของพวกชาวนาและกรรมกรในประเทศอังกฤษและฝรั่งเศส โบเดอแลร์เป็นเพื่อนสนิทกับจิตรกรกลุ่มเรียลลิสม์ผู้หนึ่งชื่อ กุสตาฟ กูร์เบต์ (Gustave Courbet ค.ศ. 1819-77)
(ทาง)

other choices: ลักษณะเฉพาะ / การเชื่อมต่อ / ความเป็นคู่ / พันธุกรรม / อายุ / รัฐธรรมนูญ / ความมั่นคง / อารมณ์ / คุณสมบัติสัมผัส / เลนส์ / คุณสมบัติภาพ / คุณสมบัติการดมกลิ่น / สถานที่ให้บริการเสียง / ความแน่น / คุณสมบัติรสชาติ / ความเค็ม / ใช้กินได้ / คุณสมบัติของร่างกาย / คุณสมบัติทางกายภาพ / คุณสมบัติทางเคมี / การพัฒนาอย่างยั่งยืน / ความแข็งแรง / สมาธิ / ความอ่อนแอ / สถานที่ให้บริการชั่วคราว / มีชีวิต / อสังหาริมทรัพย์เชิงพื้นที่ / ขนาด / ระดับ / ขนาด / ไฮโดร / ชั้นหัวกะทิ / ส่วนขยาย / 


ซึ่งเกิดขึ้นในกรุงปารีส เมืองศูนย์กลางที่สำคัญในด้านศิลปะในยุโรป สมัยนั้นนักประพันธ์ที่มีชื่อได้แก่ ชาร์ลส์ โบเดอแลร์ (Charles Baudelaire ค.ศ. 1821-67) และชาร์ลส์ ดิคเกนส์ (Charles Dickens ค.ศ. 1812-70) เขาได้ประพันธ์หนังสือหลายเล่มที่มีเนื้อเรื่องไปในทาง___สังคมของชนชั้นกลางและเน้นถึงความทุกข์ยากของพวกชาวนาและกรรมกรในประเทศอังกฤษและฝรั่งเศส โบเดอแลร์เป็นเพื่อนสนิทกับจิตรกรกลุ่มเรียลลิสม์ผู้หนึ่งชื่อ กุสตาฟ กูร์เบต์ (Gustave Courbet ค.ศ. 1819-77)
(เสียดสี)

other choices: 


ซึ่งเกิดขึ้นในกรุงปารีส เมืองศูนย์กลางที่สำคัญในด้านศิลปะในยุโรป สมัยนั้นนักประพันธ์ที่มีชื่อได้แก่ ชาร์ลส์ โบเดอแลร์ (Charles Baudelaire ค.ศ. 1821-67) และชาร์ลส์ ดิคเกนส์ (Charles Dickens ค.ศ. 1812-70) เขาได้ประพันธ์หนังสือหลายเล่มที่มีเนื้อเรื่องไปในทางเสียดสี___ของชนชั้นกลางและเน้นถึงความทุกข์ยากของพวกชาวนาและกรรมกรในประเทศอังกฤษและฝรั่งเศส โบเดอแลร์เป็นเพื่อนสนิทกับจิตรกรกลุ่มเรียลลิสม์ผู้หนึ่งชื่อ กุสตาฟ กูร์เบต์ (Gustave Courbet ค.ศ. 1819-77)
(สังคม)

other choices: การเลี้ยงและเต้นรำกัน / เต้นรำ / สวมหน้ากาก / อาหารเย็น / แผนกต้อนรับ / เปิดบ้าน / พิธีขึ้นบ้านใหม่ / งานปาร์ตี้ในสวน / ฝักบัว / ปาร์ตี้สละโสด / บุคคลไก่ / ปาร์ตี้ / งานแต่งงาน / การรวมตัวใหม่ / 


ซึ่งเกิดขึ้นในกรุงปารีส เมืองศูนย์กลางที่สำคัญในด้านศิลปะในยุโรป สมัยนั้นนักประพันธ์ที่มีชื่อได้แก่ ชาร์ลส์ โบเดอแลร์ (Charles Baudelaire ค.ศ. 1821-67) และชาร์ลส์ ดิคเกนส์ (Charles Dickens ค.ศ. 1812-70) เขาได้ประพันธ์หนังสือหลายเล่มที่มีเนื้อเรื่องไปในทางเสียดสีสังคมของ___และเน้นถึงความทุกข์ยากของพวกชาวนาและกรรมกรในประเทศอังกฤษและฝรั่งเศส โบเดอแลร์เป็นเพื่อนสนิทกับจิตรกรกลุ่มเรียลลิสม์ผู้หนึ่งชื่อ กุสตาฟ กูร์เบต์ (Gustave Courbet ค.ศ. 1819-77)
(ชนชั้นกลาง)

other choices: โลก / ระดับอายุ / การเกษตร / พี่น้อง / ทรัพย์ของอาณาจักร / แรงงาน / ชั้นต่ำ / ประชาชน / ชาวนา / พวกผู้หญิงที่อยู่นอกสงคม / นรก / กองอาสา / วรรณะ / วรรณะ / ชั้นที่สูงกว่า / นินจา / แนวยิง / ระดับผู้อพยพ / ศูนย์ / โรงเรียนเก่า / ตลาด / งานฝีมือ / ความเป็นหญิง / 


ซึ่งเกิดขึ้นในกรุงปารีส เมืองศูนย์กลางที่สำคัญในด้านศิลปะในยุโรป สมัยนั้นนักประพันธ์ที่มีชื่อได้แก่ ชาร์ลส์ โบเดอแลร์ (Charles Baudelaire ค.ศ. 1821-67) และชาร์ลส์ ดิคเกนส์ (Charles Dickens ค.ศ. 1812-70) เขาได้ประพันธ์หนังสือหลายเล่มที่มีเนื้อเรื่องไปในทางเสียดสีสังคมของชนชั้นกลางและเน้นถึง___ของพวกชาวนาและกรรมกรในประเทศอังกฤษและฝรั่งเศส โบเดอแลร์เป็นเพื่อนสนิทกับจิตรกรกลุ่มเรียลลิสม์ผู้หนึ่งชื่อ กุสตาฟ กูร์เบต์ (Gustave Courbet ค.ศ. 1819-77)
(ความทุกข์ยาก)

other choices: 


ซึ่งเกิดขึ้นในกรุงปารีส เมืองศูนย์กลางที่สำคัญในด้านศิลปะในยุโรป สมัยนั้นนักประพันธ์ที่มีชื่อได้แก่ ชาร์ลส์ โบเดอแลร์ (Charles Baudelaire ค.ศ. 1821-67) และชาร์ลส์ ดิคเกนส์ (Charles Dickens ค.ศ. 1812-70) เขาได้ประพันธ์หนังสือหลายเล่มที่มีเนื้อเรื่องไปในทางเสียดสีสังคมของชนชั้นกลางและเน้นถึงความทุกข์ยากของ___ชาวนาและกรรมกรในประเทศอังกฤษและฝรั่งเศส โบเดอแลร์เป็นเพื่อนสนิทกับจิตรกรกลุ่มเรียลลิสม์ผู้หนึ่งชื่อ กุสตาฟ กูร์เบต์ (Gustave Courbet ค.ศ. 1819-77)
(พวก)

other choices: 


ซึ่งเกิดขึ้นในกรุงปารีส เมืองศูนย์กลางที่สำคัญในด้านศิลปะในยุโรป สมัยนั้นนักประพันธ์ที่มีชื่อได้แก่ ชาร์ลส์ โบเดอแลร์ (Charles Baudelaire ค.ศ. 1821-67) และชาร์ลส์ ดิคเกนส์ (Charles Dickens ค.ศ. 1812-70) เขาได้ประพันธ์หนังสือหลายเล่มที่มีเนื้อเรื่องไปในทางเสียดสีสังคมของชนชั้นกลางและเน้นถึงความทุกข์ยากของพวก___และกรรมกรในประเทศอังกฤษและฝรั่งเศส โบเดอแลร์เป็นเพื่อนสนิทกับจิตรกรกลุ่มเรียลลิสม์ผู้หนึ่งชื่อ กุสตาฟ กูร์เบต์ (Gustave Courbet ค.ศ. 1819-77)
(ชาวนา)

other choices: สถาปนิก / ศิลปิน / ผู้ก่อสร้าง / นักออกแบบท่าเต้น / เสื้อผ้า / ช่างฝีมือ / ผู้พัฒนา / เพ้อ / นักประดิษฐ์ / ผู้สร้าง / ผู้ออกแบบเครื่องแต่งก่าย / ผู้ริเริ่ม / ผู้ผลิต / 


ซึ่งเกิดขึ้นในกรุงปารีส เมืองศูนย์กลางที่สำคัญในด้านศิลปะในยุโรป สมัยนั้นนักประพันธ์ที่มีชื่อได้แก่ ชาร์ลส์ โบเดอแลร์ (Charles Baudelaire ค.ศ. 1821-67) และชาร์ลส์ ดิคเกนส์ (Charles Dickens ค.ศ. 1812-70) เขาได้ประพันธ์หนังสือหลายเล่มที่มีเนื้อเรื่องไปในทางเสียดสีสังคมของชนชั้นกลางและเน้นถึงความทุกข์ยากของพวกชาวนาและ___ในประเทศอังกฤษและฝรั่งเศส โบเดอแลร์เป็นเพื่อนสนิทกับจิตรกรกลุ่มเรียลลิสม์ผู้หนึ่งชื่อ กุสตาฟ กูร์เบต์ (Gustave Courbet ค.ศ. 1819-77)
(กรรมกร)

other choices: โลก / ระดับอายุ / การเกษตร / พี่น้อง / ทรัพย์ของอาณาจักร / ชั้นต่ำ / ชนชั้นกลาง / ประชาชน / ชาวนา / พวกผู้หญิงที่อยู่นอกสงคม / นรก / กองอาสา / วรรณะ / วรรณะ / ชั้นที่สูงกว่า / นินจา / แนวยิง / ระดับผู้อพยพ / ศูนย์ / โรงเรียนเก่า / ตลาด / งานฝีมือ / ความเป็นหญิง / 


ซึ่งเกิดขึ้นในกรุงปารีส เมืองศูนย์กลางที่สำคัญในด้านศิลปะในยุโรป สมัยนั้นนักประพันธ์ที่มีชื่อได้แก่ ชาร์ลส์ โบเดอแลร์ (Charles Baudelaire ค.ศ. 1821-67) และชาร์ลส์ ดิคเกนส์ (Charles Dickens ค.ศ. 1812-70) เขาได้ประพันธ์หนังสือหลายเล่มที่มีเนื้อเรื่องไปในทางเสียดสีสังคมของชนชั้นกลางและเน้นถึงความทุกข์ยากของพวกชาวนาและกรรมกรในประเทศ___และฝรั่งเศส โบเดอแลร์เป็นเพื่อนสนิทกับจิตรกรกลุ่มเรียลลิสม์ผู้หนึ่งชื่อ กุสตาฟ กูร์เบต์ (Gustave Courbet ค.ศ. 1819-77)
(อังกฤษ)

other choices: แหลมบอลข่าน / สาธารณรัฐเช็ก / สโลวะเกีย / ประเทศเยอรมัน / เยอรมนีตะวันออก / เยอรมนีตะวันตก / ฟินแลนด์ / อิตาลี / โรมาเนีย / ยูโกสลาเวีย / โครเอเชีย / เซอร์เบีย / บอสเนียและเฮอร์เซโก / สโลวีเนีย / ออสเตรีย / ลานเดอร์ / เบลเยียม / ไอร์แลนด์เหนือ / ไอร์แลนด์ / ก็อตแลนด์ / ฝรั่งเศส / เนเธอร์แลนด์ / ฮังการี / ประเทศไอซ์แลนด์ / นสไตน์ / ลักเซมเบิร์ก / โมนาโก / โปแลนด์ / โปรตุเกส / ซานมารีโน / เบลารุส / มอลโดวา / อันดอร์รา / สเปน / ประเทศสวิสเซอร์แลนด์ / พระเห็น / 


ซึ่งเกิดขึ้นในกรุงปารีส เมืองศูนย์กลางที่สำคัญในด้านศิลปะในยุโรป สมัยนั้นนักประพันธ์ที่มีชื่อได้แก่ ชาร์ลส์ โบเดอแลร์ (Charles Baudelaire ค.ศ. 1821-67) และชาร์ลส์ ดิคเกนส์ (Charles Dickens ค.ศ. 1812-70) เขาได้ประพันธ์หนังสือหลายเล่มที่มีเนื้อเรื่องไปในทางเสียดสีสังคมของชนชั้นกลางและเน้นถึงความทุกข์ยากของพวกชาวนาและกรรมกรในประเทศอังกฤษและ___ โบเดอแลร์เป็นเพื่อนสนิทกับจิตรกรกลุ่มเรียลลิสม์ผู้หนึ่งชื่อ กุสตาฟ กูร์เบต์ (Gustave Courbet ค.ศ. 1819-77)
(ฝรั่งเศส)

other choices: แหลมบอลข่าน / สาธารณรัฐเช็ก / สโลวะเกีย / ประเทศเยอรมัน / เยอรมนีตะวันออก / เยอรมนีตะวันตก / ฟินแลนด์ / อิตาลี / โรมาเนีย / ยูโกสลาเวีย / โครเอเชีย / เซอร์เบีย / บอสเนียและเฮอร์เซโก / สโลวีเนีย / ออสเตรีย / ลานเดอร์ / เบลเยียม / อังกฤษ / ไอร์แลนด์เหนือ / ไอร์แลนด์ / ก็อตแลนด์ / เนเธอร์แลนด์ / ฮังการี / ประเทศไอซ์แลนด์ / นสไตน์ / ลักเซมเบิร์ก / โมนาโก / โปแลนด์ / โปรตุเกส / ซานมารีโน / เบลารุส / มอลโดวา / อันดอร์รา / สเปน / ประเทศสวิสเซอร์แลนด์ / พระเห็น / 


ซึ่งเกิดขึ้นในกรุงปารีส เมืองศูนย์กลางที่สำคัญในด้านศิลปะในยุโรป สมัยนั้นนักประพันธ์ที่มีชื่อได้แก่ ชาร์ลส์ โบเดอแลร์ (Charles Baudelaire ค.ศ. 1821-67) และชาร์ลส์ ดิคเกนส์ (Charles Dickens ค.ศ. 1812-70) เขาได้ประพันธ์หนังสือหลายเล่มที่มีเนื้อเรื่องไปในทางเสียดสีสังคมของชนชั้นกลางและเน้นถึงความทุกข์ยากของพวกชาวนาและกรรมกรในประเทศอังกฤษและฝรั่งเศส ___เดอแลร์เป็นเพื่อนสนิทกับจิตรกรกลุ่มเรียลลิสม์ผู้หนึ่งชื่อ กุสตาฟ กูร์เบต์ (Gustave Courbet ค.ศ. 1819-77)
(โบ)

other choices: ทั้งหมด / ที่ตั้ง / เสน่ห์ / ของโบราณ / วาด / ฟิล์ม / โชคไม่ดี / ของที่ระลึก / ส่วนหนึ่ง / คุณสมบัติ / งู / สิ่ง / เรื่องขี้ปะติ๋ว / การปอกเปลือก / จับ / ระลึก / ทิ้ง / คำวินิจฉัย / คนหลักลอย / ธรณีวิทยา / การเจริญเติบโต / ทักทาย / หัว / น้ำแข็ง / ที่ดิน / ที่ดิน / ดวงจันทร์ / เพื่อนบ้าน / ซากศพ / เหรียญทอง / ร่อนเร่ / ผนัง / เว็บ / 


ซึ่งเกิดขึ้นในกรุงปารีส เมืองศูนย์กลางที่สำคัญในด้านศิลปะในยุโรป สมัยนั้นนักประพันธ์ที่มีชื่อได้แก่ ชาร์ลส์ โบเดอแลร์ (Charles Baudelaire ค.ศ. 1821-67) และชาร์ลส์ ดิคเกนส์ (Charles Dickens ค.ศ. 1812-70) เขาได้ประพันธ์หนังสือหลายเล่มที่มีเนื้อเรื่องไปในทางเสียดสีสังคมของชนชั้นกลางและเน้นถึงความทุกข์ยากของพวกชาวนาและกรรมกรในประเทศอังกฤษและฝรั่งเศส โบ___แลร์เป็นเพื่อนสนิทกับจิตรกรกลุ่มเรียลลิสม์ผู้หนึ่งชื่อ กุสตาฟ กูร์เบต์ (Gustave Courbet ค.ศ. 1819-77)
(เดอ)

other choices: อลาบามา / มลรัฐอะแลสกา / อาริโซน่า / อาร์คันซอ / แคลิฟอร์เนีย / โคโลราโด / คอนเนตทิคั / ฟลอริด้า / จอร์เจีย / ฮาวาย / ไอดาโฮ / รัฐอิลลินอยส์ / อินดีแอนา / ไอโอวา / แคนซัส / เคนตั๊กกี้ / รัฐหลุยเซียนา / เมน / รัฐแมรี่แลนด์ / แมสซาชูเซต / มิชิแกน / มินนิโซตา / แม่น้ำมิสซิสซิปปี / มิสซูรี่ / มอนแทนา / เนบราสก้า / เนวาดา / นิวแฮมป์เชียร์ / นิวเจอร์ซี / นิวเม็กซิโก / นิวยอร์ก / อร์ทแคโรไลนา / ทดาโคตา / โอไฮโอ / โอกลาโฮมา / โอเรกอน / เพนซิล / โรดไอแลนด์ / เซาท์แคโรไลนา / เซาท์ดาโกตา / รัฐเทนเนสซี / เท็กซัส / รัฐยุทา / เวอร์มอนต์ / เวอร์จิเนีย / วอชิงตัน / เวสต์เวอร์จิเนีย / วิสคอนซิน / ไวโอมิง / 


ซึ่งเกิดขึ้นในกรุงปารีส เมืองศูนย์กลางที่สำคัญในด้านศิลปะในยุโรป สมัยนั้นนักประพันธ์ที่มีชื่อได้แก่ ชาร์ลส์ โบเดอแลร์ (Charles Baudelaire ค.ศ. 1821-67) และชาร์ลส์ ดิคเกนส์ (Charles Dickens ค.ศ. 1812-70) เขาได้ประพันธ์หนังสือหลายเล่มที่มีเนื้อเรื่องไปในทางเสียดสีสังคมของชนชั้นกลางและเน้นถึงความทุกข์ยากของพวกชาวนาและกรรมกรในประเทศอังกฤษและฝรั่งเศส โบเดอ___ร์เป็นเพื่อนสนิทกับจิตรกรกลุ่มเรียลลิสม์ผู้หนึ่งชื่อ กุสตาฟ กูร์เบต์ (Gustave Courbet ค.ศ. 1819-77)
(แล)

other choices: 


ซึ่งเกิดขึ้นในกรุงปารีส เมืองศูนย์กลางที่สำคัญในด้านศิลปะในยุโรป สมัยนั้นนักประพันธ์ที่มีชื่อได้แก่ ชาร์ลส์ โบเดอแลร์ (Charles Baudelaire ค.ศ. 1821-67) และชาร์ลส์ ดิคเกนส์ (Charles Dickens ค.ศ. 1812-70) เขาได้ประพันธ์หนังสือหลายเล่มที่มีเนื้อเรื่องไปในทางเสียดสีสังคมของชนชั้นกลางและเน้นถึงความทุกข์ยากของพวกชาวนาและกรรมกรในประเทศอังกฤษและฝรั่งเศส โบเดอแล___เป็นเพื่อนสนิทกับจิตรกรกลุ่มเรียลลิสม์ผู้หนึ่งชื่อ กุสตาฟ กูร์เบต์ (Gustave Courbet ค.ศ. 1819-77)
(ร์)

other choices: ดาลูเซีย / สหรัฐ / ที่ดิน Adelie / ดินแดนที่ไม่ดี / บาร์บารี / นูเบีย / ที่ดินเสื้อ / ทางทิศตะวันออก / ทิศตะวันออกเฉียงใต้ / ทิศตะวันตกเฉียงใต้ / ตะวันออกเฉียงเหนือ / ตะวันตกเฉียงเหนือ / มิดเวสต์ / ทิศตะวันตกเฉียงเหนือของมหาสมุทรแปซิฟิก / ที่ดิน Enderby / ทะเลสาบนิ้ว / โค้งขนาดใหญ่ / ที่ดินม็อดพระราชินี / ที่ดินวิกตอเรีย / ที่ดิน Wilkes / ไปทางทิศตะวันตก / แอฟริกาตะวันออก / กาลาเทีย / เจีย / พอนทัส / อล / แคริบเบียน / เบงกอล / ทุ่งหญ้า / เอเชียตะวันออกเฉียงใต้ / แมนจูเรีย / อินโดจีนฝรั่งเศส / สโลวาเกีย / โมราเวีย / ตำบลโบฮีเมีย / สแกนดิเนเวี / แซกโซนี / เรห์น / บรันเดนบู / แคว้นปรัสเซีย / ทูรินเจีย / เลีย / อีไพรุส / ลาโคเนีย / ลิเดีย / อาร์เคเดีย / ตะวันออกกลาง / เสี้ยวอันอุดมสมบูรณ์ / เวสต์แบงก์ / กาลิลี / ฉนวนกาซา / ความสูงโกลาน / ปาเลสไตน์ / ยูดาห์ / แคว้นยูเดีย / ลิสเตีย / จักรวรรดิไบเซนไทน์ / จักรวรรดิโรมันตะวันตก / เซอร์เบีย / มอนเตเนโก / ดัล / สุนัขพันธุ์หนึ่ง / ทะเลจังหวัด / ออสเตรียฮังการี / จักรวรรดิอังกฤษ / เรสต์ใหม่ / Anglia ตะวันออก / แลงคาเชียร์ / ยอร์ค / ประเทศตะวันตก / เวสเซ็กส์ / เสื้อคลุมหลวม / สกอตแลนด์ / อินเดีย / ปัญจาบ / รัฐอ่าว / อีแลม / ลิแวนต์ / มาซีโดเนีย / เทรซ / แคว้นเมซอพอเทเมีย / ประเทศแบบอิโลเนีย / เคลเดีย / สุเมเรียน / ประเทศแอสซีเรีย / ประเทศฝรั่งเศสโบราณ / ริเวียร่า / โอลิมปิกลียง / ตนเซ็โวย / กิอานา / ฟรีสลันด์ / ประเทศมองโกเลีย / ซาฮาร่าตะวันตก / แคชเมียร์ / เธีย / จ๊าซ / เชชเนีย / ไซบีเรีย / รัสเซียยุโรป / ลิโวเนีย / Donets ลุ่มน้ำ / ไอบีเรีย / ละตินอเมริกา / กาลิเซีย / ซูดาน / ยิกา / ถาน / ถานอิรัก / โยนก / ชายฝั่งตะวันออก / ชายฝั่งตะวันตก / นิวอิงแลนด์ / สหรัฐอเมริกากลางมหาสมุทรแอตแลนติก / รัฐอ่าว / การร่วมมือกัน / ทางทิศใต้ / จังหวัดชายแดนภาคใต้ / ซันเบลท์ / ฝั่งทะเล / แคโรไลนา / ดาโคตา / บลูแกรส / ประเทศต่ำ / sur ใหญ่ / หุบเขาซิลิคอน / ซีเธีย / แอฟริกาเหนือ / แอฟริกาตะวันตก / 


ซึ่งเกิดขึ้นในกรุงปารีส เมืองศูนย์กลางที่สำคัญในด้านศิลปะในยุโรป สมัยนั้นนักประพันธ์ที่มีชื่อได้แก่ ชาร์ลส์ โบเดอแลร์ (Charles Baudelaire ค.ศ. 1821-67) และชาร์ลส์ ดิคเกนส์ (Charles Dickens ค.ศ. 1812-70) เขาได้ประพันธ์หนังสือหลายเล่มที่มีเนื้อเรื่องไปในทางเสียดสีสังคมของชนชั้นกลางและเน้นถึงความทุกข์ยากของพวกชาวนาและกรรมกรในประเทศอังกฤษและฝรั่งเศส โบเดอแลร์___สนิทกับจิตรกรกลุ่มเรียลลิสม์ผู้หนึ่งชื่อ กุสตาฟ กูร์เบต์ (Gustave Courbet ค.ศ. 1819-77)
(เป็นเพื่อน)

other choices: 


ซึ่งเกิดขึ้นในกรุงปารีส เมืองศูนย์กลางที่สำคัญในด้านศิลปะในยุโรป สมัยนั้นนักประพันธ์ที่มีชื่อได้แก่ ชาร์ลส์ โบเดอแลร์ (Charles Baudelaire ค.ศ. 1821-67) และชาร์ลส์ ดิคเกนส์ (Charles Dickens ค.ศ. 1812-70) เขาได้ประพันธ์หนังสือหลายเล่มที่มีเนื้อเรื่องไปในทางเสียดสีสังคมของชนชั้นกลางและเน้นถึงความทุกข์ยากของพวกชาวนาและกรรมกรในประเทศอังกฤษและฝรั่งเศส โบเดอแลร์เป็นเพื่อน___กับจิตรกรกลุ่มเรียลลิสม์ผู้หนึ่งชื่อ กุสตาฟ กูร์เบต์ (Gustave Courbet ค.ศ. 1819-77)
(สนิท)

other choices: อัตตา / เพื่อนที่ดีที่สุด / พี่ชาย / เพื่อน / สหาย / เพื่อนห้องชุด / แฟน / เบา / เพื่อน / เพื่อนร่วมห้อง / เพื่อนร่วมชั้นเรียน / 


ซึ่งเกิดขึ้นในกรุงปารีส เมืองศูนย์กลางที่สำคัญในด้านศิลปะในยุโรป สมัยนั้นนักประพันธ์ที่มีชื่อได้แก่ ชาร์ลส์ โบเดอแลร์ (Charles Baudelaire ค.ศ. 1821-67) และชาร์ลส์ ดิคเกนส์ (Charles Dickens ค.ศ. 1812-70) เขาได้ประพันธ์หนังสือหลายเล่มที่มีเนื้อเรื่องไปในทางเสียดสีสังคมของชนชั้นกลางและเน้นถึงความทุกข์ยากของพวกชาวนาและกรรมกรในประเทศอังกฤษและฝรั่งเศส โบเดอแลร์เป็นเพื่อนสนิทกับ___กลุ่มเรียลลิสม์ผู้หนึ่งชื่อ กุสตาฟ กูร์เบต์ (Gustave Courbet ค.ศ. 1819-77)
(จิตรกร)

other choices: 


ซึ่งเกิดขึ้นในกรุงปารีส เมืองศูนย์กลางที่สำคัญในด้านศิลปะในยุโรป สมัยนั้นนักประพันธ์ที่มีชื่อได้แก่ ชาร์ลส์ โบเดอแลร์ (Charles Baudelaire ค.ศ. 1821-67) และชาร์ลส์ ดิคเกนส์ (Charles Dickens ค.ศ. 1812-70) เขาได้ประพันธ์หนังสือหลายเล่มที่มีเนื้อเรื่องไปในทางเสียดสีสังคมของชนชั้นกลางและเน้นถึงความทุกข์ยากของพวกชาวนาและกรรมกรในประเทศอังกฤษและฝรั่งเศส โบเดอแลร์เป็นเพื่อนสนิทกับจิตรกร___เรียลลิสม์ผู้หนึ่งชื่อ กุสตาฟ กูร์เบต์ (Gustave Courbet ค.ศ. 1819-77)
(กลุ่ม)

other choices: คุณลักษณะทางจิตวิทยา / คุณลักษณะ / ความสัมพันธ์ / การสื่อสาร / วัด / โลกอื่น / ชุด / 


ซึ่งเกิดขึ้นในกรุงปารีส เมืองศูนย์กลางที่สำคัญในด้านศิลปะในยุโรป สมัยนั้นนักประพันธ์ที่มีชื่อได้แก่ ชาร์ลส์ โบเดอแลร์ (Charles Baudelaire ค.ศ. 1821-67) และชาร์ลส์ ดิคเกนส์ (Charles Dickens ค.ศ. 1812-70) เขาได้ประพันธ์หนังสือหลายเล่มที่มีเนื้อเรื่องไปในทางเสียดสีสังคมของชนชั้นกลางและเน้นถึงความทุกข์ยากของพวกชาวนาและกรรมกรในประเทศอังกฤษและฝรั่งเศส โบเดอแลร์เป็นเพื่อนสนิทกับจิตรกรกลุ่ม___ผู้หนึ่งชื่อ กุสตาฟ กูร์เบต์ (Gustave Courbet ค.ศ. 1819-77)
(เรียลลิสม์)

other choices: 


ซึ่งเกิดขึ้นในกรุงปารีส เมืองศูนย์กลางที่สำคัญในด้านศิลปะในยุโรป สมัยนั้นนักประพันธ์ที่มีชื่อได้แก่ ชาร์ลส์ โบเดอแลร์ (Charles Baudelaire ค.ศ. 1821-67) และชาร์ลส์ ดิคเกนส์ (Charles Dickens ค.ศ. 1812-70) เขาได้ประพันธ์หนังสือหลายเล่มที่มีเนื้อเรื่องไปในทางเสียดสีสังคมของชนชั้นกลางและเน้นถึงความทุกข์ยากของพวกชาวนาและกรรมกรในประเทศอังกฤษและฝรั่งเศส โบเดอแลร์เป็นเพื่อนสนิทกับจิตรกรกลุ่มเรียลลิสม์ผู้หนึ่ง___ กุสตาฟ กูร์เบต์ (Gustave Courbet ค.ศ. 1819-77)
(ชื่อ)

other choices: สนทนา / คำ / พยางค์ / หน่วยคำ / ก่อเป็นรูป / การจัดระเบียบ / โทรศัพท์ / สัญญาณ / 


ซึ่งเกิดขึ้นในกรุงปารีส เมืองศูนย์กลางที่สำคัญในด้านศิลปะในยุโรป สมัยนั้นนักประพันธ์ที่มีชื่อได้แก่ ชาร์ลส์ โบเดอแลร์ (Charles Baudelaire ค.ศ. 1821-67) และชาร์ลส์ ดิคเกนส์ (Charles Dickens ค.ศ. 1812-70) เขาได้ประพันธ์หนังสือหลายเล่มที่มีเนื้อเรื่องไปในทางเสียดสีสังคมของชนชั้นกลางและเน้นถึงความทุกข์ยากของพวกชาวนาและกรรมกรในประเทศอังกฤษและฝรั่งเศส โบเดอแลร์เป็นเพื่อนสนิทกับจิตรกรกลุ่มเรียลลิสม์ผู้หนึ่งชื่อ ___สตาฟ กูร์เบต์ (Gustave Courbet ค.ศ. 1819-77)
(กุ)

other choices: นักประดาน้ำ / ผู้ทำอาวุธ / นักบิน / คนทำขนมปัง / นักขึ้นบัลลูน / คนขายเนื้อ / ค้าของเถื่อน / ช่างฝีมือ / กะลาสี / เครื่องตัด / ทันตอนามัย / คนเขียนแบบแปลน / คนย้อม / บรรณาธิการ / ช่างไฟฟ้​​า / ช่างแกะสลัก / ชาวประมง / ผู้สร้าง / เครื่องอบ / ชุบ / ด้ามจับ / ผู้พุ่งฉมวก / ผู้ล่า / ทำดัชนี / เครื่องเคลือบบัตร / ช่าง / สัปเหร่อ / เมานท์ / เป็นทางการ / นักอุตสาหกรรมน้ำมัน / ช่างแว่นตา / จิตรกร / เพอร์เฟ / เจาะเลือด / ช่างปูน / คนงานพลังงาน / เครื่องพิมพ์ / ผู้ฉายภาพ / กลั่น / คนตอกหมุด / เราเตอร์ / กะลาสี / บริกร / กรรไกรใหญ่ / คนถลกหนัง / ช่างเหล็ก / ช่างเหล็ก / ช่าง / ผู้ปรับเสียง / ช่างกลึง / 


ซึ่งเกิดขึ้นในกรุงปารีส เมืองศูนย์กลางที่สำคัญในด้านศิลปะในยุโรป สมัยนั้นนักประพันธ์ที่มีชื่อได้แก่ ชาร์ลส์ โบเดอแลร์ (Charles Baudelaire ค.ศ. 1821-67) และชาร์ลส์ ดิคเกนส์ (Charles Dickens ค.ศ. 1812-70) เขาได้ประพันธ์หนังสือหลายเล่มที่มีเนื้อเรื่องไปในทางเสียดสีสังคมของชนชั้นกลางและเน้นถึงความทุกข์ยากของพวกชาวนาและกรรมกรในประเทศอังกฤษและฝรั่งเศส โบเดอแลร์เป็นเพื่อนสนิทกับจิตรกรกลุ่มเรียลลิสม์ผู้หนึ่งชื่อ กุ___ กูร์เบต์ (Gustave Courbet ค.ศ. 1819-77)
(สตาฟ)

other choices: มีผลบังคับใช้การรบแบบกองโจร / การรับราชการทหาร / ทหาร / ทหาร / ตำรวจ / เจ้าหน้าที่รักษาความปลอดภัย / ส.ห. / กำลังทำงาน / ลาดตระเวน / บุคลากรทางทหาร / อันดับและไฟล์ / บุคลากรสาย / การบริหารงานบุคคล / 


ซึ่งเกิดขึ้นในกรุงปารีส เมืองศูนย์กลางที่สำคัญในด้านศิลปะในยุโรป สมัยนั้นนักประพันธ์ที่มีชื่อได้แก่ ชาร์ลส์ โบเดอแลร์ (Charles Baudelaire ค.ศ. 1821-67) และชาร์ลส์ ดิคเกนส์ (Charles Dickens ค.ศ. 1812-70) เขาได้ประพันธ์หนังสือหลายเล่มที่มีเนื้อเรื่องไปในทางเสียดสีสังคมของชนชั้นกลางและเน้นถึงความทุกข์ยากของพวกชาวนาและกรรมกรในประเทศอังกฤษและฝรั่งเศส โบเดอแลร์เป็นเพื่อนสนิทกับจิตรกรกลุ่มเรียลลิสม์ผู้หนึ่งชื่อ กุสตาฟ ___ร์เบต์ (Gustave Courbet ค.ศ. 1819-77)
(กู)

other choices: อัญรูป / องค์ประกอบ transuranic / ก๊าซเฉื่อย / ธาตุโลหะที่ / อโลหะ / แอกทิเนียม / อาร์กอน / สารหนู / แอสทาทีน / โบห์เรียม / โบรอน / โบรมีน / คาร์บอน / คลอรีน / ดาร์มสแตด / หรือดับเนียม / ฟลูออรีน / เจอร์เมเนียม / ฮัสเซียม / ฮีเลียม / ไฮโดรเจน / คริปทอน / ลอว์เรนเซียม / ไมต์เนเรียม / เมนเดลีเวียม / ธาตุนีอ็อน / ก๊าซไนโตรเจน / โนเบเลียม / ออกซิเจน / ฟอสฟอรัส / พลูโตเนียม / เรดอน / เรินต์เกเนียม / รัทเทอร์ฟอร์เดียม / ซีบอร์เกียม / ซีลีเนียม / ซิลิคอน / กำมะถัน / เทลลูเรียม / อูนอูนเพนเทียม / อูนอูนเทรียม / ธาตุสีน็อน / ธาตุ / 


ซึ่งเกิดขึ้นในกรุงปารีส เมืองศูนย์กลางที่สำคัญในด้านศิลปะในยุโรป สมัยนั้นนักประพันธ์ที่มีชื่อได้แก่ ชาร์ลส์ โบเดอแลร์ (Charles Baudelaire ค.ศ. 1821-67) และชาร์ลส์ ดิคเกนส์ (Charles Dickens ค.ศ. 1812-70) เขาได้ประพันธ์หนังสือหลายเล่มที่มีเนื้อเรื่องไปในทางเสียดสีสังคมของชนชั้นกลางและเน้นถึงความทุกข์ยากของพวกชาวนาและกรรมกรในประเทศอังกฤษและฝรั่งเศส โบเดอแลร์เป็นเพื่อนสนิทกับจิตรกรกลุ่มเรียลลิสม์ผู้หนึ่งชื่อ กุสตาฟ กู___ (Gustave Courbet ค.ศ. 1819-77)
(ร์เบต์)

other choices: 


ซึ่งเกิดขึ้นในกรุงปารีส เมืองศูนย์กลางที่สำคัญในด้านศิลปะในยุโรป สมัยนั้นนักประพันธ์ที่มีชื่อได้แก่ ชาร์ลส์ โบเดอแลร์ (Charles Baudelaire ค.ศ. 1821-67) และชาร์ลส์ ดิคเกนส์ (Charles Dickens ค.ศ. 1812-70) เขาได้ประพันธ์หนังสือหลายเล่มที่มีเนื้อเรื่องไปในทางเสียดสีสังคมของชนชั้นกลางและเน้นถึงความทุกข์ยากของพวกชาวนาและกรรมกรในประเทศอังกฤษและฝรั่งเศส โบเดอแลร์เป็นเพื่อนสนิทกับจิตรกรกลุ่มเรียลลิสม์ผู้หนึ่งชื่อ กุสตาฟ กูร์เบต์ (___ Courbet ค.ศ. 1819-77)
(Gustave)

other choices: 


ซึ่งเกิดขึ้นในกรุงปารีส เมืองศูนย์กลางที่สำคัญในด้านศิลปะในยุโรป สมัยนั้นนักประพันธ์ที่มีชื่อได้แก่ ชาร์ลส์ โบเดอแลร์ (Charles Baudelaire ค.ศ. 1821-67) และชาร์ลส์ ดิคเกนส์ (Charles Dickens ค.ศ. 1812-70) เขาได้ประพันธ์หนังสือหลายเล่มที่มีเนื้อเรื่องไปในทางเสียดสีสังคมของชนชั้นกลางและเน้นถึงความทุกข์ยากของพวกชาวนาและกรรมกรในประเทศอังกฤษและฝรั่งเศส โบเดอแลร์เป็นเพื่อนสนิทกับจิตรกรกลุ่มเรียลลิสม์ผู้หนึ่งชื่อ กุสตาฟ กูร์เบต์ (Gustave ___ ค.ศ. 1819-77)
(Courbet)

other choices: 


ซึ่งเกิดขึ้นในกรุงปารีส เมืองศูนย์กลางที่สำคัญในด้านศิลปะในยุโรป สมัยนั้นนักประพันธ์ที่มีชื่อได้แก่ ชาร์ลส์ โบเดอแลร์ (Charles Baudelaire ค.ศ. 1821-67) และชาร์ลส์ ดิคเกนส์ (Charles Dickens ค.ศ. 1812-70) เขาได้ประพันธ์หนังสือหลายเล่มที่มีเนื้อเรื่องไปในทางเสียดสีสังคมของชนชั้นกลางและเน้นถึงความทุกข์ยากของพวกชาวนาและกรรมกรในประเทศอังกฤษและฝรั่งเศส โบเดอแลร์เป็นเพื่อนสนิทกับจิตรกรกลุ่มเรียลลิสม์ผู้หนึ่งชื่อ กุสตาฟ กูร์เบต์ (Gustave Courbet ___ 1819-77)
(ค.ศ.)

other choices: สะสม / ประชาสัมพันธ์ / การรับรอง / การป่าวประกาศอย่างโครมคราม / พูดคุยยอดขาย / การส่งเสริมการขาย / 


ซึ่งเกิดขึ้นในกรุงปารีส เมืองศูนย์กลางที่สำคัญในด้านศิลปะในยุโรป สมัยนั้นนักประพันธ์ที่มีชื่อได้แก่ ชาร์ลส์ โบเดอแลร์ (Charles Baudelaire ค.ศ. 1821-67) และชาร์ลส์ ดิคเกนส์ (Charles Dickens ค.ศ. 1812-70) เขาได้ประพันธ์หนังสือหลายเล่มที่มีเนื้อเรื่องไปในทางเสียดสีสังคมของชนชั้นกลางและเน้นถึงความทุกข์ยากของพวกชาวนาและกรรมกรในประเทศอังกฤษและฝรั่งเศส โบเดอแลร์เป็นเพื่อนสนิทกับจิตรกรกลุ่มเรียลลิสม์ผู้หนึ่งชื่อ กุสตาฟ กูร์เบต์ (Gustave Courbet ค.ศ. ___-77)
(1819)

other choices: 


ซึ่งเกิดขึ้นในกรุงปารีส เมืองศูนย์กลางที่สำคัญในด้านศิลปะในยุโรป สมัยนั้นนักประพันธ์ที่มีชื่อได้แก่ ชาร์ลส์ โบเดอแลร์ (Charles Baudelaire ค.ศ. 1821-67) และชาร์ลส์ ดิคเกนส์ (Charles Dickens ค.ศ. 1812-70) เขาได้ประพันธ์หนังสือหลายเล่มที่มีเนื้อเรื่องไปในทางเสียดสีสังคมของชนชั้นกลางและเน้นถึงความทุกข์ยากของพวกชาวนาและกรรมกรในประเทศอังกฤษและฝรั่งเศส โบเดอแลร์เป็นเพื่อนสนิทกับจิตรกรกลุ่มเรียลลิสม์ผู้หนึ่งชื่อ กุสตาฟ กูร์เบต์ (Gustave Courbet ค.ศ. 1819-___
(77))

other choices: 


===============================

