ดาวหาง คือ วัตถุชนิดหนึ่งในระบบสุริยะที่โคจรรอบดวงอาทิตย์

===============================

___ คือ วัตถุชนิดหนึ่งในระบบสุริยะที่โคจรรอบดวงอาทิตย์
(ดาวหาง)

ดาวหาง คือ ___ชนิดหนึ่งในระบบสุริยะที่โคจรรอบดวงอาทิตย์
(วัตถุ)

ดาวหาง คือ วัตถุชนิดหนึ่งใน___ที่โคจรรอบดวงอาทิตย์
(ระบบสุริยะ)

ดาวหาง คือ วัตถุชนิดหนึ่งในระบบสุริยะที่___รอบดวงอาทิตย์
(โคจร)

ดาวหาง คือ วัตถุชนิดหนึ่งในระบบสุริยะที่โคจรรอบ___
(ดวงอาทิตย์)

===============================

มีส่วนที่ระเหิดเป็นแก๊สเมื่อเข้าใกล้ดวงอาทิตย์ ทำให้เกิดชั้นฝุ่นและแก๊สที่ฝ้ามัวล้อมรอบ และทอดเหยียดออกไปภายนอกจนดูเหมือนหาง

===============================

___ที่ระเหิดเป็นแก๊สเมื่อเข้าใกล้ดวงอาทิตย์ ทำให้เกิดชั้นฝุ่นและแก๊สที่ฝ้ามัวล้อมรอบ และทอดเหยียดออกไปภายนอกจนดูเหมือนหาง
(มีส่วน)

มีส่วนที่___เป็นแก๊สเมื่อเข้าใกล้ดวงอาทิตย์ ทำให้เกิดชั้นฝุ่นและแก๊สที่ฝ้ามัวล้อมรอบ และทอดเหยียดออกไปภายนอกจนดูเหมือนหาง
(ระเหิด)

มีส่วนที่ระเหิดเป็น___เมื่อเข้าใกล้ดวงอาทิตย์ ทำให้เกิดชั้นฝุ่นและแก๊สที่ฝ้ามัวล้อมรอบ และทอดเหยียดออกไปภายนอกจนดูเหมือนหาง
(แก๊ส)

มีส่วนที่ระเหิดเป็นแก๊สเมื่อ___ดวงอาทิตย์ ทำให้เกิดชั้นฝุ่นและแก๊สที่ฝ้ามัวล้อมรอบ และทอดเหยียดออกไปภายนอกจนดูเหมือนหาง
(เข้าใกล้)

มีส่วนที่ระเหิดเป็นแก๊สเมื่อเข้าใกล้___ ทำให้เกิดชั้นฝุ่นและแก๊สที่ฝ้ามัวล้อมรอบ และทอดเหยียดออกไปภายนอกจนดูเหมือนหาง
(ดวงอาทิตย์)

มีส่วนที่ระเหิดเป็นแก๊สเมื่อเข้าใกล้ดวงอาทิตย์ ทำให้เกิด___ฝุ่นและแก๊สที่ฝ้ามัวล้อมรอบ และทอดเหยียดออกไปภายนอกจนดูเหมือนหาง
(ชั้น)

มีส่วนที่ระเหิดเป็นแก๊สเมื่อเข้าใกล้ดวงอาทิตย์ ทำให้เกิดชั้น___และแก๊สที่ฝ้ามัวล้อมรอบ และทอดเหยียดออกไปภายนอกจนดูเหมือนหาง
(ฝุ่น)

มีส่วนที่ระเหิดเป็นแก๊สเมื่อเข้าใกล้ดวงอาทิตย์ ทำให้เกิดชั้นฝุ่นและ___ที่ฝ้ามัวล้อมรอบ และทอดเหยียดออกไปภายนอกจนดูเหมือนหาง
(แก๊ส)

มีส่วนที่ระเหิดเป็นแก๊สเมื่อเข้าใกล้ดวงอาทิตย์ ทำให้เกิดชั้นฝุ่นและแก๊สที่___ล้อมรอบ และทอดเหยียดออกไปภายนอกจนดูเหมือนหาง
(ฝ้ามัว)

มีส่วนที่ระเหิดเป็นแก๊สเมื่อเข้าใกล้ดวงอาทิตย์ ทำให้เกิดชั้นฝุ่นและแก๊สที่ฝ้ามัวล้อมรอบ และ___เหยียดออกไปภายนอกจนดูเหมือนหาง
(ทอด)

มีส่วนที่ระเหิดเป็นแก๊สเมื่อเข้าใกล้ดวงอาทิตย์ ทำให้เกิดชั้นฝุ่นและแก๊สที่ฝ้ามัวล้อมรอบ และทอด___ออกไปภายนอกจนดูเหมือนหาง
(เหยียด)

มีส่วนที่ระเหิดเป็นแก๊สเมื่อเข้าใกล้ดวงอาทิตย์ ทำให้เกิดชั้นฝุ่นและแก๊สที่ฝ้ามัวล้อมรอบ และทอดเหยียดออกไปภายนอกจนดูเหมือน___
(หาง)

===============================

ซึ่งเป็นปรากฏการณ์จากการแผ่รังสีของดวงอาทิตย์ไปบนนิวเคลียสของดาวหาง นิวเคลียสหรือใจกลางดาวหางเป็น "ก้อนหิมะสกปรก" ประกอบด้วยน้ำแข็ง คาร์บอนไดออกไซด์ มีเทน แอมโมเนีย

===============================

ซึ่งเป็น___จากการแผ่รังสีของดวงอาทิตย์ไปบนนิวเคลียสของดาวหาง นิวเคลียสหรือใจกลางดาวหางเป็น "ก้อนหิมะสกปรก" ประกอบด้วยน้ำแข็ง คาร์บอนไดออกไซด์ มีเทน แอมโมเนีย
(ปรากฏการณ์)

ซึ่งเป็นปรากฏการณ์จากการแผ่รังสีของ___ไปบนนิวเคลียสของดาวหาง นิวเคลียสหรือใจกลางดาวหางเป็น "ก้อนหิมะสกปรก" ประกอบด้วยน้ำแข็ง คาร์บอนไดออกไซด์ มีเทน แอมโมเนีย
(ดวงอาทิตย์)

ซึ่งเป็นปรากฏการณ์จากการแผ่รังสีของดวงอาทิตย์ไปบน___ของดาวหาง นิวเคลียสหรือใจกลางดาวหางเป็น "ก้อนหิมะสกปรก" ประกอบด้วยน้ำแข็ง คาร์บอนไดออกไซด์ มีเทน แอมโมเนีย
(นิวเคลียส)

ซึ่งเป็นปรากฏการณ์จากการแผ่รังสีของดวงอาทิตย์ไปบนนิวเคลียสของ___ นิวเคลียสหรือใจกลางดาวหางเป็น "ก้อนหิมะสกปรก" ประกอบด้วยน้ำแข็ง คาร์บอนไดออกไซด์ มีเทน แอมโมเนีย
(ดาวหาง)

ซึ่งเป็นปรากฏการณ์จากการแผ่รังสีของดวงอาทิตย์ไปบนนิวเคลียสของดาวหาง ___หรือใจกลางดาวหางเป็น "ก้อนหิมะสกปรก" ประกอบด้วยน้ำแข็ง คาร์บอนไดออกไซด์ มีเทน แอมโมเนีย
(นิวเคลียส)

ซึ่งเป็นปรากฏการณ์จากการแผ่รังสีของดวงอาทิตย์ไปบนนิวเคลียสของดาวหาง นิวเคลียสหรือ___ดาวหางเป็น "ก้อนหิมะสกปรก" ประกอบด้วยน้ำแข็ง คาร์บอนไดออกไซด์ มีเทน แอมโมเนีย
(ใจกลาง)

ซึ่งเป็นปรากฏการณ์จากการแผ่รังสีของดวงอาทิตย์ไปบนนิวเคลียสของดาวหาง นิวเคลียสหรือใจกลาง___เป็น "ก้อนหิมะสกปรก" ประกอบด้วยน้ำแข็ง คาร์บอนไดออกไซด์ มีเทน แอมโมเนีย
(ดาวหาง)

ซึ่งเป็นปรากฏการณ์จากการแผ่รังสีของดวงอาทิตย์ไปบนนิวเคลียสของดาวหาง นิวเคลียสหรือใจกลางดาวหางเป็น "___หิมะสกปรก" ประกอบด้วยน้ำแข็ง คาร์บอนไดออกไซด์ มีเทน แอมโมเนีย
(ก้อน)

ซึ่งเป็นปรากฏการณ์จากการแผ่รังสีของดวงอาทิตย์ไปบนนิวเคลียสของดาวหาง นิวเคลียสหรือใจกลางดาวหางเป็น "ก้อน___สกปรก" ประกอบด้วยน้ำแข็ง คาร์บอนไดออกไซด์ มีเทน แอมโมเนีย
(หิมะ)

ซึ่งเป็นปรากฏการณ์จากการแผ่รังสีของดวงอาทิตย์ไปบนนิวเคลียสของดาวหาง นิวเคลียสหรือใจกลางดาวหางเป็น "ก้อนหิมะ___" ประกอบด้วยน้ำแข็ง คาร์บอนไดออกไซด์ มีเทน แอมโมเนีย
(สกปรก)

ซึ่งเป็นปรากฏการณ์จากการแผ่รังสีของดวงอาทิตย์ไปบนนิวเคลียสของดาวหาง นิวเคลียสหรือใจกลางดาวหางเป็น "ก้อนหิมะสกปรก" ประกอบด้วย___ คาร์บอนไดออกไซด์ มีเทน แอมโมเนีย
(น้ำแข็ง)

ซึ่งเป็นปรากฏการณ์จากการแผ่รังสีของดวงอาทิตย์ไปบนนิวเคลียสของดาวหาง นิวเคลียสหรือใจกลางดาวหางเป็น "ก้อนหิมะสกปรก" ประกอบด้วยน้ำแข็ง ___ มีเทน แอมโมเนีย
(คาร์บอนไดออกไซด์)

ซึ่งเป็นปรากฏการณ์จากการแผ่รังสีของดวงอาทิตย์ไปบนนิวเคลียสของดาวหาง นิวเคลียสหรือใจกลางดาวหางเป็น "ก้อนหิมะสกปรก" ประกอบด้วยน้ำแข็ง คาร์บอนไดออกไซด์ มีเทน ___โมเนีย
(แอม)

ซึ่งเป็นปรากฏการณ์จากการแผ่รังสีของดวงอาทิตย์ไปบนนิวเคลียสของดาวหาง นิวเคลียสหรือใจกลางดาวหางเป็น "ก้อนหิมะสกปรก" ประกอบด้วยน้ำแข็ง คาร์บอนไดออกไซด์ มีเทน แอม___เนีย
(โม)

ซึ่งเป็นปรากฏการณ์จากการแผ่รังสีของดวงอาทิตย์ไปบนนิวเคลียสของดาวหาง นิวเคลียสหรือใจกลางดาวหางเป็น "ก้อนหิมะสกปรก" ประกอบด้วยน้ำแข็ง คาร์บอนไดออกไซด์ มีเทน แอมโม___
(เนีย)

===============================

และมีฝุ่นกับหินแข็งปะปนอยู่ด้วยกัน มีขนาดเส้นผ่านศูนย์กลางตั้งแต่ไม่กี่กิโลเมตรไปจนถึงหลายสิบกิโลเมตร

===============================

และมี___กับหินแข็งปะปนอยู่ด้วยกัน มีขนาดเส้นผ่านศูนย์กลางตั้งแต่ไม่กี่กิโลเมตรไปจนถึงหลายสิบกิโลเมตร
(ฝุ่น)

และมีฝุ่นกับ___แข็งปะปนอยู่ด้วยกัน มีขนาดเส้นผ่านศูนย์กลางตั้งแต่ไม่กี่กิโลเมตรไปจนถึงหลายสิบกิโลเมตร
(หิน)

และมีฝุ่นกับหินแข็งปะปนอยู่ด้วยกัน มี___เส้นผ่านศูนย์กลางตั้งแต่ไม่กี่กิโลเมตรไปจนถึงหลายสิบกิโลเมตร
(ขนาด)

และมีฝุ่นกับหินแข็งปะปนอยู่ด้วยกัน มีขนาด___ตั้งแต่ไม่กี่กิโลเมตรไปจนถึงหลายสิบกิโลเมตร
(เส้นผ่านศูนย์กลาง)

และมีฝุ่นกับหินแข็งปะปนอยู่ด้วยกัน มีขนาดเส้นผ่านศูนย์กลางตั้งแต่___กี่กิโลเมตรไปจนถึงหลายสิบกิโลเมตร
(ไม่)

และมีฝุ่นกับหินแข็งปะปนอยู่ด้วยกัน มีขนาดเส้นผ่านศูนย์กลางตั้งแต่ไม่กี่กิโลเมตร___จนถึงหลายสิบกิโลเมตร
(ไป)

===============================

