ทุเรียน เป็นไม้ผลในวงศ์ฝ้าย (Malvaceae) ในสกุลทุเรียน (Durio) (ถึงแม้ว่านักอนุกรมวิธานบางคนจัดให้อยู่ในวงศ์ทุเรียน (Bombacaceae) ก็ตาม) เป็นผลไม้ซึ่งได้ชื่อว่าเป็นราชาของผลไม้ ผลทุเรียนมีขนาดใหญ่และมีหนามแข็งปกคลุมทั่วเปลือก อาจมีขนาดยาวถึง 30 ซม.

===============================

___ เป็นไม้ผลในวงศ์ฝ้าย (Malvaceae) ในสกุลทุเรียน (Durio) (ถึงแม้ว่านักอนุกรมวิธานบางคนจัดให้อยู่ในวงศ์ทุเรียน (Bombacaceae) ก็ตาม) เป็นผลไม้ซึ่งได้ชื่อว่าเป็นราชาของผลไม้ ผลทุเรียนมีขนาดใหญ่และมีหนามแข็งปกคลุมทั่วเปลือก อาจมีขนาดยาวถึง 30 ซม.
(ทุเรียน)

other choices: น้อยหน่า / อะโวคาโด / ต้นไม้แปรงสีฟัน / ต้นโอลีฟ / ลูกแพร์แอนโชวี่ / เชอร์รี่เปรี้ยว / มะยมฝรั่ง / ชมพู่ / องุ่นบราซิล / ฝรั่ง / ฝรั่ง / Cattley ฝรั่ง / ฝรั่งบราซิล / ผลทับทิม / มังคุด / mammee แอปเปิ้ล / มะละกอ / ต้นหม่อน / สาเก / ขนุน / Marang / Coco พลัม / ผลไม้ขนาดเล็ก / loquat / ต้นแอปเปิ้ล / medlar / พลัม / plumcot / แอปริคอท / เชอร์รี่ / ต้นไม้อัลมอนด์ / พีช / ผลไม้เนกเตอริน / ลูกแพร์ / genipa / มะเฟือง / bilimbi / ไม้เช่นมะนาว / ป่ามะม่วง / Akee / ลำไย / ลิ้นจี่ / มะนาวสเปน / เงาะ / เงาะขนสั้น / มะม่วง / พลัมหมู / mombin / ลูกพลับ / มะเฟือง / ละมุด / canistel / 


ทุเรียน เป็น___ผลในวงศ์ฝ้าย (Malvaceae) ในสกุลทุเรียน (Durio) (ถึงแม้ว่านักอนุกรมวิธานบางคนจัดให้อยู่ในวงศ์ทุเรียน (Bombacaceae) ก็ตาม) เป็นผลไม้ซึ่งได้ชื่อว่าเป็นราชาของผลไม้ ผลทุเรียนมีขนาดใหญ่และมีหนามแข็งปกคลุมทั่วเปลือก อาจมีขนาดยาวถึง 30 ซม.
(ไม้)

other choices: ตัดใน / แกลบ / ไม้ก๊อก / สินค้าโรงงาน / ไขสัตว์ผัก / 


ทุเรียน เป็นไม้___ในวงศ์ฝ้าย (Malvaceae) ในสกุลทุเรียน (Durio) (ถึงแม้ว่านักอนุกรมวิธานบางคนจัดให้อยู่ในวงศ์ทุเรียน (Bombacaceae) ก็ตาม) เป็นผลไม้ซึ่งได้ชื่อว่าเป็นราชาของผลไม้ ผลทุเรียนมีขนาดใหญ่และมีหนามแข็งปกคลุมทั่วเปลือก อาจมีขนาดยาวถึง 30 ซม.
(ผล)

other choices: 


ทุเรียน เป็นไม้ผลใน___ฝ้าย (Malvaceae) ในสกุลทุเรียน (Durio) (ถึงแม้ว่านักอนุกรมวิธานบางคนจัดให้อยู่ในวงศ์ทุเรียน (Bombacaceae) ก็ตาม) เป็นผลไม้ซึ่งได้ชื่อว่าเป็นราชาของผลไม้ ผลทุเรียนมีขนาดใหญ่และมีหนามแข็งปกคลุมทั่วเปลือก อาจมีขนาดยาวถึง 30 ซม.
(วงศ์)

other choices: klavern / หน่วยการบริหาร / บริษัท / ส่งแบบธรรมดา / การใช้เป็นเครื่องมือ / แผนกผู้ป่วยหนัก / สมาชิก / กรมทหารราบ / กำลังงาน / ทีม / ห้องเล็ก / แก๊ง / การรวมกัน / พวกลูกเรือ / กองร้อย / เครื่องแต่งกาย / คอลัมน์ที่ห้า / หน่วยทางการเมือง / ด้าน / คณะทำงาน / 


ทุเรียน เป็นไม้ผลในวงศ์___ (Malvaceae) ในสกุลทุเรียน (Durio) (ถึงแม้ว่านักอนุกรมวิธานบางคนจัดให้อยู่ในวงศ์ทุเรียน (Bombacaceae) ก็ตาม) เป็นผลไม้ซึ่งได้ชื่อว่าเป็นราชาของผลไม้ ผลทุเรียนมีขนาดใหญ่และมีหนามแข็งปกคลุมทั่วเปลือก อาจมีขนาดยาวถึง 30 ซม.
(ฝ้าย)

other choices: buntal / แฟลกซ์ / กัญชา / ปอกระเจา / นุ่นของต้นนุ่น / ผ้าฝ้ายผ้าไหมสีแดง / ฟางข้าว / ต้นปา​​ล์มชนิดหนึ่ง / ป่านศรนารายณ์ / 


ทุเรียน เป็นไม้ผลในวงศ์ฝ้าย (___) ในสกุลทุเรียน (Durio) (ถึงแม้ว่านักอนุกรมวิธานบางคนจัดให้อยู่ในวงศ์ทุเรียน (Bombacaceae) ก็ตาม) เป็นผลไม้ซึ่งได้ชื่อว่าเป็นราชาของผลไม้ ผลทุเรียนมีขนาดใหญ่และมีหนามแข็งปกคลุมทั่วเปลือก อาจมีขนาดยาวถึง 30 ซม.
(Malvaceae)

other choices: capparidaceae / Cruciferae / ฝิ่น / fumariaceae / loasaceae / bombacaceae / วงศ์มุ่นดอย / STERCULIACEAE / tiliaceae / Ericaceae / clethraceae / diapensiaceae / epacridaceae / lennoaceae / pyrolaceae / monotropaceae / วงศ์ดาดตะกั่ว / วงศ์ส้าน / guttiferae / วงศ์ติ้ว / actinidiaceae / canellaceae / วงศ์มะละกอ / caryocaraceae / cistaceae / วงศ์ยางนา / วงศ์กะเบา / fouquieriaceae / วงศ์ช้างน้าว / วงศ์กะทกรก / resedaceae / tamaricaceae / violaceae / วงศ์ย่านตีเมีย / Loranthaceae / viscaceae / วงศ์ชา / 


ทุเรียน เป็นไม้ผลในวงศ์ฝ้าย (Malvaceae) ใน___ทุเรียน (Durio) (ถึงแม้ว่านักอนุกรมวิธานบางคนจัดให้อยู่ในวงศ์ทุเรียน (Bombacaceae) ก็ตาม) เป็นผลไม้ซึ่งได้ชื่อว่าเป็นราชาของผลไม้ ผลทุเรียนมีขนาดใหญ่และมีหนามแข็งปกคลุมทั่วเปลือก อาจมีขนาดยาวถึง 30 ซม.
(สกุล)

other choices: ประกวดราคา / เงิน / 


ทุเรียน เป็นไม้ผลในวงศ์ฝ้าย (Malvaceae) ในสกุล___ (Durio) (ถึงแม้ว่านักอนุกรมวิธานบางคนจัดให้อยู่ในวงศ์ทุเรียน (Bombacaceae) ก็ตาม) เป็นผลไม้ซึ่งได้ชื่อว่าเป็นราชาของผลไม้ ผลทุเรียนมีขนาดใหญ่และมีหนามแข็งปกคลุมทั่วเปลือก อาจมีขนาดยาวถึง 30 ซม.
(ทุเรียน)

other choices: น้อยหน่า / อะโวคาโด / ต้นไม้แปรงสีฟัน / ต้นโอลีฟ / ลูกแพร์แอนโชวี่ / เชอร์รี่เปรี้ยว / มะยมฝรั่ง / ชมพู่ / องุ่นบราซิล / ฝรั่ง / ฝรั่ง / Cattley ฝรั่ง / ฝรั่งบราซิล / ผลทับทิม / มังคุด / mammee แอปเปิ้ล / มะละกอ / ต้นหม่อน / สาเก / ขนุน / Marang / Coco พลัม / ผลไม้ขนาดเล็ก / loquat / ต้นแอปเปิ้ล / medlar / พลัม / plumcot / แอปริคอท / เชอร์รี่ / ต้นไม้อัลมอนด์ / พีช / ผลไม้เนกเตอริน / ลูกแพร์ / genipa / มะเฟือง / bilimbi / ไม้เช่นมะนาว / ป่ามะม่วง / Akee / ลำไย / ลิ้นจี่ / มะนาวสเปน / เงาะ / เงาะขนสั้น / มะม่วง / พลัมหมู / mombin / ลูกพลับ / มะเฟือง / ละมุด / canistel / 


ทุเรียน เป็นไม้ผลในวงศ์ฝ้าย (Malvaceae) ในสกุลทุเรียน (___) (ถึงแม้ว่านักอนุกรมวิธานบางคนจัดให้อยู่ในวงศ์ทุเรียน (Bombacaceae) ก็ตาม) เป็นผลไม้ซึ่งได้ชื่อว่าเป็นราชาของผลไม้ ผลทุเรียนมีขนาดใหญ่และมีหนามแข็งปกคลุมทั่วเปลือก อาจมีขนาดยาวถึง 30 ซม.
(Durio)

other choices: Capparis / Cleome ประเภท / crateva / polanisia / aethionema / alliaria / Alyssum / anastatica / Arabidopsis / Arabis / armoracia / barbarea / berteroa / biscutella / Brassica / cakile / camelina / capsella / cardamine / Dentaria / cheiranthus / cochlearia / crambe / descurainia / diplotaxis / Draba ประเภท / eruca / erysimum / heliophila ประเภท / Hesperis / hugueninia / Iberis / Isatis / Lepidium / lesquerella / lobularia / Lunaria / malcolmia / matthiola / ผักนัซเทอร์ฌัม / physaria / pritzelago / raphanus / rorippa / schizopetalon ประเภท / Sinapis / sisymbrium ประเภท / stanleya / stephanomeria / subularia / thlaspi / thysanocarpus / turritis / vesicaria / Papaver / argemone ประเภท / bocconia ประเภท / chelidonium / corydalis / dendromecon / eschscholtzia / glaucium / hunnemannia / Macleaya / meconopsis / platystemon / Romneya / Sanguinaria / stylomecon / stylophorum / fumaria / adlumia / Dicentra / loasa ประเภท / mentzelia / สำรอง / abelmoschus / Abutilon / alcea / Althaea ประเภท / Callirhoe / Gossypium / ชบาประเภท / hoheria / Iliamna / kosteletzya / Lavatera / malacothamnus / Malope ประเภท / ดาย / malvaviscus / napaea / พาโวเนียสกุล / plagianthus / radyera / สีดา / Sidalcea / sphaeralcea / thespesia / สกุลงิ้ว / Adansonia / นุ่น / Montezuma ประเภท / ochroma / pseudobombax / elaeocarpus / aristotelia / ตะขบฝรั่ง / sloanea / Sterculia ประเภท / brachychiton / โคล่า / dombeya ประเภท / firmiana / fremontodendron / helicteres / heritiera / hermannia / pterospermum / tarrietia / Theobroma / triplochiton / Tilia / entelea / ปอ / grewia / sparmannia / Erica ประเภท / Andromeda ประเภท / Arbutus ประเภท / arctostaphylos / bruckenthalia / bryanthus ประเภท / Calluna / cassiope / chamaedaphne / daboecia / epigaea / Gaultheria / gaylussacia / Kalmia ประเภท / Ledum / leiophyllum / leucothoe ประเภท / loiseleuria / lyonia / menziesia / oxydendrum / phyllodoce / Pieris / Rhododendron ประเภท / ชวนชม subgenus / Vaccinium / diapensia ประเภท / Galax ประเภท / pyxidanthera / shortia ประเภท / epacris ประเภท / astroloma / richea / styphelia / pyrola ประเภท / orthilia / chimaphila / moneses / monotropa / hypopitys / sarcodes / Begonia ประเภท / Dillenia ประเภท / hibbertia / Calophyllum / clusia ประเภท / การ์ซีเนีย / Hypericum / Mammea / Mesua / Actinidia / Canella ประเภท / carica / caryocar / cistus / helianthemum ประเภท / hudsonia / Shorea / flacourtia / dovyalis / hydnocarpus / idesia ประเภท / kiggelaria / xylosma ประเภท / fouquieria / ochna / Passiflora / เรซีดาสกุล / Tamarix / myricaria / ไวโอลินใหญ่ / hybanthus / hymenanthera / melicytus / Santalum / buckleya ประเภท / comandra / eucarya / pyrularia / loranthus / arceuthobium / nuytsia / viscum / phoradendron / Camellia ประเภท / 


ทุเรียน เป็นไม้ผลในวงศ์ฝ้าย (Malvaceae) ในสกุลทุเรียน (Durio) (ถึงแม้ว่านัก___วิธานบางคนจัดให้อยู่ในวงศ์ทุเรียน (Bombacaceae) ก็ตาม) เป็นผลไม้ซึ่งได้ชื่อว่าเป็นราชาของผลไม้ ผลทุเรียนมีขนาดใหญ่และมีหนามแข็งปกคลุมทั่วเปลือก อาจมีขนาดยาวถึง 30 ซม.
(อนุกรม)

other choices: เพื่อแบคทีเรีย / คำสั่ง / รหัสพันธุกรรม / จีโนม / 


ทุเรียน เป็นไม้ผลในวงศ์ฝ้าย (Malvaceae) ในสกุลทุเรียน (Durio) (ถึงแม้ว่านักอนุกรม___บางคนจัดให้อยู่ในวงศ์ทุเรียน (Bombacaceae) ก็ตาม) เป็นผลไม้ซึ่งได้ชื่อว่าเป็นราชาของผลไม้ ผลทุเรียนมีขนาดใหญ่และมีหนามแข็งปกคลุมทั่วเปลือก อาจมีขนาดยาวถึง 30 ซม.
(วิธาน)

other choices: เทศบัญญัติ / ตัวหนังสือแดง / ใบสั่ง / กฎของหลักฐาน / กฎมิแรนดา / หลัก / กฎทอง / gigo / บงการ / ศีล / มารยาท / โปรโตคอล / 


ทุเรียน เป็นไม้ผลในวงศ์ฝ้าย (Malvaceae) ในสกุลทุเรียน (Durio) (ถึงแม้ว่านักอนุกรมวิธานบางคนจัดให้อยู่ใน___ทุเรียน (Bombacaceae) ก็ตาม) เป็นผลไม้ซึ่งได้ชื่อว่าเป็นราชาของผลไม้ ผลทุเรียนมีขนาดใหญ่และมีหนามแข็งปกคลุมทั่วเปลือก อาจมีขนาดยาวถึง 30 ซม.
(วงศ์)

other choices: klavern / หน่วยการบริหาร / บริษัท / ส่งแบบธรรมดา / การใช้เป็นเครื่องมือ / แผนกผู้ป่วยหนัก / สมาชิก / กรมทหารราบ / กำลังงาน / ทีม / ห้องเล็ก / แก๊ง / การรวมกัน / พวกลูกเรือ / กองร้อย / เครื่องแต่งกาย / คอลัมน์ที่ห้า / หน่วยทางการเมือง / ด้าน / คณะทำงาน / 


ทุเรียน เป็นไม้ผลในวงศ์ฝ้าย (Malvaceae) ในสกุลทุเรียน (Durio) (ถึงแม้ว่านักอนุกรมวิธานบางคนจัดให้อยู่ในวงศ์___ (Bombacaceae) ก็ตาม) เป็นผลไม้ซึ่งได้ชื่อว่าเป็นราชาของผลไม้ ผลทุเรียนมีขนาดใหญ่และมีหนามแข็งปกคลุมทั่วเปลือก อาจมีขนาดยาวถึง 30 ซม.
(ทุเรียน)

other choices: น้อยหน่า / อะโวคาโด / ต้นไม้แปรงสีฟัน / ต้นโอลีฟ / ลูกแพร์แอนโชวี่ / เชอร์รี่เปรี้ยว / มะยมฝรั่ง / ชมพู่ / องุ่นบราซิล / ฝรั่ง / ฝรั่ง / Cattley ฝรั่ง / ฝรั่งบราซิล / ผลทับทิม / มังคุด / mammee แอปเปิ้ล / มะละกอ / ต้นหม่อน / สาเก / ขนุน / Marang / Coco พลัม / ผลไม้ขนาดเล็ก / loquat / ต้นแอปเปิ้ล / medlar / พลัม / plumcot / แอปริคอท / เชอร์รี่ / ต้นไม้อัลมอนด์ / พีช / ผลไม้เนกเตอริน / ลูกแพร์ / genipa / มะเฟือง / bilimbi / ไม้เช่นมะนาว / ป่ามะม่วง / Akee / ลำไย / ลิ้นจี่ / มะนาวสเปน / เงาะ / เงาะขนสั้น / มะม่วง / พลัมหมู / mombin / ลูกพลับ / มะเฟือง / ละมุด / canistel / 


ทุเรียน เป็นไม้ผลในวงศ์ฝ้าย (Malvaceae) ในสกุลทุเรียน (Durio) (ถึงแม้ว่านักอนุกรมวิธานบางคนจัดให้อยู่ในวงศ์ทุเรียน (___) ก็ตาม) เป็นผลไม้ซึ่งได้ชื่อว่าเป็นราชาของผลไม้ ผลทุเรียนมีขนาดใหญ่และมีหนามแข็งปกคลุมทั่วเปลือก อาจมีขนาดยาวถึง 30 ซม.
(Bombacaceae)

other choices: capparidaceae / Cruciferae / ฝิ่น / fumariaceae / loasaceae / Malvaceae / วงศ์มุ่นดอย / STERCULIACEAE / tiliaceae / Ericaceae / clethraceae / diapensiaceae / epacridaceae / lennoaceae / pyrolaceae / monotropaceae / วงศ์ดาดตะกั่ว / วงศ์ส้าน / guttiferae / วงศ์ติ้ว / actinidiaceae / canellaceae / วงศ์มะละกอ / caryocaraceae / cistaceae / วงศ์ยางนา / วงศ์กะเบา / fouquieriaceae / วงศ์ช้างน้าว / วงศ์กะทกรก / resedaceae / tamaricaceae / violaceae / วงศ์ย่านตีเมีย / Loranthaceae / viscaceae / วงศ์ชา / 


ทุเรียน เป็นไม้ผลในวงศ์ฝ้าย (Malvaceae) ในสกุลทุเรียน (Durio) (ถึงแม้ว่านักอนุกรมวิธานบางคนจัดให้อยู่ในวงศ์ทุเรียน (Bombacaceae) ก็ตาม) เป็นผล___ซึ่งได้ชื่อว่าเป็นราชาของผลไม้ ผลทุเรียนมีขนาดใหญ่และมีหนามแข็งปกคลุมทั่วเปลือก อาจมีขนาดยาวถึง 30 ซม.
(ไม้)

other choices: ตัดใน / แกลบ / ไม้ก๊อก / สินค้าโรงงาน / ไขสัตว์ผัก / 


ทุเรียน เป็นไม้ผลในวงศ์ฝ้าย (Malvaceae) ในสกุลทุเรียน (Durio) (ถึงแม้ว่านักอนุกรมวิธานบางคนจัดให้อยู่ในวงศ์ทุเรียน (Bombacaceae) ก็ตาม) เป็นผลไม้ซึ่ง___ว่าเป็นราชาของผลไม้ ผลทุเรียนมีขนาดใหญ่และมีหนามแข็งปกคลุมทั่วเปลือก อาจมีขนาดยาวถึง 30 ซม.
(ได้ชื่อ)

other choices: สนทนา / คำ / พยางค์ / lexeme / หน่วยคำ / ก่อเป็นรูป / การจัดระเบียบ / โทรศัพท์ / สัญญาณ / 


ทุเรียน เป็นไม้ผลในวงศ์ฝ้าย (Malvaceae) ในสกุลทุเรียน (Durio) (ถึงแม้ว่านักอนุกรมวิธานบางคนจัดให้อยู่ในวงศ์ทุเรียน (Bombacaceae) ก็ตาม) เป็นผลไม้ซึ่งได้ชื่อว่าเป็นรา___ของผลไม้ ผลทุเรียนมีขนาดใหญ่และมีหนามแข็งปกคลุมทั่วเปลือก อาจมีขนาดยาวถึง 30 ซม.
(ชา)

other choices: นม / ปรารถนาล้าง / มื้อ / แอลกอฮอล์ / hydromel / oenomel / เบียร์ที่อยู่ใกล้ / เบียร์ขิง / เครื่องผสม / เย็น / ทบทวน / สมูทตี้ / เดือดเป็นฟอง / เหล้าแอปเปิล / โกโก้ / น้ำผลไม้ / เครื่องดื่มผลไม้ / เพื่อน / นำ้อัดลม / กาแฟ / เครื่องดื่มชาเหมือน / น้ำดื่ม / 


ทุเรียน เป็นไม้ผลในวงศ์ฝ้าย (Malvaceae) ในสกุลทุเรียน (Durio) (ถึงแม้ว่านักอนุกรมวิธานบางคนจัดให้อยู่ในวงศ์ทุเรียน (Bombacaceae) ก็ตาม) เป็นผลไม้ซึ่งได้ชื่อว่าเป็นราชาของ___ ผลทุเรียนมีขนาดใหญ่และมีหนามแข็งปกคลุมทั่วเปลือก อาจมีขนาดยาวถึง 30 ซม.
(ผลไม้)

other choices: agamete / การออกผล / Gleba / hymenium / sporocarp / ดอกไม้ / เกสรดอกไม้ตัวผู้ / เกสรตัวผู้ของดอกไม้ / เกสรตัวเมียของดอกไม้ / สไตล์ / ปาน / รังไข่ / ไข่ / รก / placentation / Testa / endosperm / เจมม่า / รูปกรวย / basidium / antheridium / sporangium / ascus / sporophore / gametangium / gametoecium / gametophore / sorus / sorus / 


ทุเรียน เป็นไม้ผลในวงศ์ฝ้าย (Malvaceae) ในสกุลทุเรียน (Durio) (ถึงแม้ว่านักอนุกรมวิธานบางคนจัดให้อยู่ในวงศ์ทุเรียน (Bombacaceae) ก็ตาม) เป็นผลไม้ซึ่งได้ชื่อว่าเป็นราชาของผลไม้ ___ทุเรียนมีขนาดใหญ่และมีหนามแข็งปกคลุมทั่วเปลือก อาจมีขนาดยาวถึง 30 ซม.
(ผล)

other choices: 


ทุเรียน เป็นไม้ผลในวงศ์ฝ้าย (Malvaceae) ในสกุลทุเรียน (Durio) (ถึงแม้ว่านักอนุกรมวิธานบางคนจัดให้อยู่ในวงศ์ทุเรียน (Bombacaceae) ก็ตาม) เป็นผลไม้ซึ่งได้ชื่อว่าเป็นราชาของผลไม้ ผล___มีขนาดใหญ่และมีหนามแข็งปกคลุมทั่วเปลือก อาจมีขนาดยาวถึง 30 ซม.
(ทุเรียน)

other choices: น้อยหน่า / อะโวคาโด / ต้นไม้แปรงสีฟัน / ต้นโอลีฟ / ลูกแพร์แอนโชวี่ / เชอร์รี่เปรี้ยว / มะยมฝรั่ง / ชมพู่ / องุ่นบราซิล / ฝรั่ง / ฝรั่ง / Cattley ฝรั่ง / ฝรั่งบราซิล / ผลทับทิม / มังคุด / mammee แอปเปิ้ล / มะละกอ / ต้นหม่อน / สาเก / ขนุน / Marang / Coco พลัม / ผลไม้ขนาดเล็ก / loquat / ต้นแอปเปิ้ล / medlar / พลัม / plumcot / แอปริคอท / เชอร์รี่ / ต้นไม้อัลมอนด์ / พีช / ผลไม้เนกเตอริน / ลูกแพร์ / genipa / มะเฟือง / bilimbi / ไม้เช่นมะนาว / ป่ามะม่วง / Akee / ลำไย / ลิ้นจี่ / มะนาวสเปน / เงาะ / เงาะขนสั้น / มะม่วง / พลัมหมู / mombin / ลูกพลับ / มะเฟือง / ละมุด / canistel / 


ทุเรียน เป็นไม้ผลในวงศ์ฝ้าย (Malvaceae) ในสกุลทุเรียน (Durio) (ถึงแม้ว่านักอนุกรมวิธานบางคนจัดให้อยู่ในวงศ์ทุเรียน (Bombacaceae) ก็ตาม) เป็นผลไม้ซึ่งได้ชื่อว่าเป็นราชาของผลไม้ ผลทุเรียนมี___และมีหนามแข็งปกคลุมทั่วเปลือก อาจมีขนาดยาวถึง 30 ซม.
(ขนาดใหญ่)

other choices: ขนาดใหญ่พิเศษ / จำนวน / ยก / โคร่ง / เล็กกระจิดริด / ยก / ปกติ / เล็ก / อ้วน / สูง / 


ทุเรียน เป็นไม้ผลในวงศ์ฝ้าย (Malvaceae) ในสกุลทุเรียน (Durio) (ถึงแม้ว่านักอนุกรมวิธานบางคนจัดให้อยู่ในวงศ์ทุเรียน (Bombacaceae) ก็ตาม) เป็นผลไม้ซึ่งได้ชื่อว่าเป็นราชาของผลไม้ ผลทุเรียนมีขนาดใหญ่และมี___แข็งปกคลุมทั่วเปลือก อาจมีขนาดยาวถึง 30 ซม.
(หนาม)

other choices: ความรำคาญ / ภัยพิบัติ / 


ทุเรียน เป็นไม้ผลในวงศ์ฝ้าย (Malvaceae) ในสกุลทุเรียน (Durio) (ถึงแม้ว่านักอนุกรมวิธานบางคนจัดให้อยู่ในวงศ์ทุเรียน (Bombacaceae) ก็ตาม) เป็นผลไม้ซึ่งได้ชื่อว่าเป็นราชาของผลไม้ ผลทุเรียนมีขนาดใหญ่และมีหนามแข็ง___ทั่วเปลือก อาจมีขนาดยาวถึง 30 ซม.
(ปกคลุม)

other choices: ผิวหนังเทียม / การค้าของเถื่อน / ฟอง / กันสาด / ปลอก / เกียร์ chafing / ปิดบัง / ผ้าคลุม / เสื้อผ้า / เคลือบ / แผ่นปก / ผ้าม่าน / earmuff / ตะปิ้ง / นิ้ว / พนัง / ปกพื้น / โฟลเดอร์ / รองเท้า / กระโปรงหน้ารถ / กระโปรงหน้ารถ / imbrication / หลังเท้า / หน้ากาก / เครื่องปูลาด / พระที่นั่งกรุณา / กล่องไม้พาย / การปูกระดาน / ครอบคลุมการป้องกัน / swathing / นิ้วหัวแม่มือ / นิ้วเท้า / ด้านบน / เบาะ / ห่อ / 


ทุเรียน เป็นไม้ผลในวงศ์ฝ้าย (Malvaceae) ในสกุลทุเรียน (Durio) (ถึงแม้ว่านักอนุกรมวิธานบางคนจัดให้อยู่ในวงศ์ทุเรียน (Bombacaceae) ก็ตาม) เป็นผลไม้ซึ่งได้ชื่อว่าเป็นราชาของผลไม้ ผลทุเรียนมีขนาดใหญ่และมีหนามแข็งปกคลุมทั่ว___ อาจมีขนาดยาวถึง 30 ซม.
(เปลือก)

other choices: เข็มขัด / กระสุนปืน / กรณียิง / และกระสุนปืน / รอบ / ผู้ตามรอย / 


ทุเรียน เป็นไม้ผลในวงศ์ฝ้าย (Malvaceae) ในสกุลทุเรียน (Durio) (ถึงแม้ว่านักอนุกรมวิธานบางคนจัดให้อยู่ในวงศ์ทุเรียน (Bombacaceae) ก็ตาม) เป็นผลไม้ซึ่งได้ชื่อว่าเป็นราชาของผลไม้ ผลทุเรียนมีขนาดใหญ่และมีหนามแข็งปกคลุมทั่วเปลือก อาจมี___ยาวถึง 30 ซม.
(ขนาด)

other choices: โชติมาตรสัมบูรณ์ / สัดส่วน / ใบสั่ง / มิติ / ระดับ / ความกว้าง / ความมากมายหลายหลาก / triplicity / ขนาด / ขนาดใหญ่ / muchness / ความรุนแรง / จำนวน / ขอบเขต / 


===============================

และอาจมีเส้นผ่าศูนย์กลางยาวถึง 15 ซม.

===============================

และอาจมี___ยาวถึง 15 ซม.
(เส้นผ่าศูนย์กลาง)

other choices: เส้นรอบวง / รัศมี / longness / ความห้วน / 


===============================

โดยทั่วไปมีน้ำหนัก 1-3 กิโลกรัม ผลมีรูปรีถึงกลม เปลือกมีสีเขียวถึงน้ำตาล เนื้อในมีสีเหลืองซีดถึงแดง แตกต่างกันไปตามสปีชีส์

===============================

โดยทั่วไปมี___ 1-3 กิโลกรัม ผลมีรูปรีถึงกลม เปลือกมีสีเขียวถึงน้ำตาล เนื้อในมีสีเหลืองซีดถึงแดง แตกต่างกันไปตามสปีชีส์
(น้ำหนัก)

other choices: การดูดกลืนแสง / dissolubility / drippiness / การสะท้อนกลับ / โก่ง / อุณหภูมิ / เนื้อหาความร้อน / สุ่ม / perceptibility / ความไม่เห็นตัว / ความสว่างไสว / inaudibility / imperceptibility / reluctivity / ความไว / การสะกดจิต / ความยืดหยุ่น / ความอ่อน / inelasticity / unmalleability / มวล / โมเมนตัม / fugacity / ความยาว / 


โดยทั่วไปมีน้ำหนัก 1-3 กิโลกรัม ___มีรูปรีถึงกลม เปลือกมีสีเขียวถึงน้ำตาล เนื้อในมีสีเหลืองซีดถึงแดง แตกต่างกันไปตามสปีชีส์
(ผล)

other choices: 


โดยทั่วไปมีน้ำหนัก 1-3 กิโลกรัม ผลมี___รีถึงกลม เปลือกมีสีเขียวถึงน้ำตาล เนื้อในมีสีเหลืองซีดถึงแดง แตกต่างกันไปตามสปีชีส์
(รูป)

other choices: แอนนาแกรม / anaphor / คำตรงข้าม / paronym / กลับก่อตัว / คำปริศนาที่มีเงื่อนไขไว้ให้ทุกพยานค์ / คล้ายคลึงกัน / คำเนื้อหา / การหดตัว / deictic / ตราสารอนุพันธ์ / จิ๋ว / คำสกปรก / disyllable / คำสี่ตัวอักษร / คำว่าฟังก์ชั่น / คู่มือคำ / หัว / คำสำคัญที่นำหน้าข้อความ / heteronym / holonym / คำที่ออกเสียงเหมือนกัน แต่มีความหมายต่าง / hypernym / hyponym / คำสำคัญ / loanblend / คำที่ยืมมาจากภาษาอื่น / meronym / metonym / คำพยางค์เดียว / ลัทธิใหม่ / ศัพท์เฉพาะกิจ / oxytone / palindrome / ดั้งเดิม / paroxytone / ซึ่งแบ่งแยก / polysemant / คำหลายพยางค์ / proparoxytone / ปริมาณ / ปริมาณ / ซ้อน / retronym / สำคัญ / คำพ้องความหมาย / วาระ / คำศัพท์ / trisyllable / troponym / วาจา / ลักษณนาม / คำที่เขียน / syncategorem / 


โดยทั่วไปมีน้ำหนัก 1-3 กิโลกรัม ผลมีรูป___ถึงกลม เปลือกมีสีเขียวถึงน้ำตาล เนื้อในมีสีเหลืองซีดถึงแดง แตกต่างกันไปตามสปีชีส์
(รี)

other choices: รูปโค้ง / ส่วนของที่รราบของรูปกรวย / 


โดยทั่วไปมีน้ำหนัก 1-3 กิโลกรัม ผลมีรูปรีถึงกลม ___มีสีเขียวถึงน้ำตาล เนื้อในมีสีเหลืองซีดถึงแดง แตกต่างกันไปตามสปีชีส์
(เปลือก)

other choices: เข็มขัด / กระสุนปืน / กรณียิง / และกระสุนปืน / รอบ / ผู้ตามรอย / 


โดยทั่วไปมีน้ำหนัก 1-3 กิโลกรัม ผลมีรูปรีถึงกลม เปลือกมี___เขียวถึงน้ำตาล เนื้อในมีสีเหลืองซีดถึงแดง แตกต่างกันไปตามสปีชีส์
(สี)

other choices: เนื้อผ้า / เบา / ความโง่ / ความนุ่มนวล / ความเป็นทุกข์ / คุณสมบัติสี / 


โดยทั่วไปมีน้ำหนัก 1-3 กิโลกรัม ผลมีรูปรีถึงกลม เปลือกมีสีเขียวถึง___ เนื้อในมีสีเหลืองซีดถึงแดง แตกต่างกันไปตามสปีชีส์
(น้ำตาล)

other choices: 


โดยทั่วไปมีน้ำหนัก 1-3 กิโลกรัม ผลมีรูปรีถึงกลม เปลือกมีสีเขียวถึงน้ำตาล ___มีสีเหลืองซีดถึงแดง แตกต่างกันไปตามสปีชีส์
(เนื้อใน)

other choices: ของเหลือ / อาหารสด / อาหารสะดวกซื้อ / ช็อคโกแลต / ขนมอบ / ก้อน / พาสต้า / อาหารสุขภาพ / อาหารขยะ / อาหารอาหารเช้า / ก่อ / มะพร้าว / ขนมปังฎีกา / ปลา / อาหารทะเล / เนย / โยเกิร์ต / ชีส / ทำเลอะ / 


โดยทั่วไปมีน้ำหนัก 1-3 กิโลกรัม ผลมีรูปรีถึงกลม เปลือกมีสีเขียวถึงน้ำตาล เนื้อในมี___ซีดถึงแดง แตกต่างกันไปตามสปีชีส์
(สีเหลือง)

other choices: สีแดง / สีส้ม / ปลาแซลมอน / สีบลอนด์ / สีเขียว / สีน้ำเงิน / สีม่วง / สีชมพู / สีน้ำตาล / มะกอก / ดินสอสี / สีเสริม / 


โดยทั่วไปมีน้ำหนัก 1-3 กิโลกรัม ผลมีรูปรีถึงกลม เปลือกมีสีเขียวถึงน้ำตาล เนื้อในมีสีเหลือง___ถึงแดง แตกต่างกันไปตามสปีชีส์
(ซีด)

other choices: อ้วนขึ้น / พุก / ย่าง / แถบ furring / jackstraw / ไม้ระแนง / เส้นโค้ง / ไม้จิ้มฟัน / 


โดยทั่วไปมีน้ำหนัก 1-3 กิโลกรัม ผลมีรูปรีถึงกลม เปลือกมีสีเขียวถึงน้ำตาล เนื้อในมีสีเหลืองซีดถึง___ แตกต่างกันไปตามสปีชีส์
(แดง)

other choices: สีส้ม / ปลาแซลมอน / สีเหลือง / สีบลอนด์ / สีเขียว / สีน้ำเงิน / สีม่วง / สีชมพู / สีน้ำตาล / มะกอก / ดินสอสี / สีเสริม / 


โดยทั่วไปมีน้ำหนัก 1-3 กิโลกรัม ผลมีรูปรีถึงกลม เปลือกมีสีเขียวถึงน้ำตาล เนื้อในมีสีเหลืองซีดถึงแดง แตกต่างกันไปตาม___
(สปีชีส์)

other choices: adapid / omomyid / อาณาจักร / subkingdom / ความหลากหลาย / ประเภท / subphylum / superphylum / ชั้น / ประเภทรอง / superclass / ใบสั่ง / หน่วยย่อย / มหาศาล / ครอบครัว / superfamily / อนุวงศ์ / เผ่า / ประเภท / subgenus / Monotype / ช่ำชอง / ฟอร์ม / ชนิด / pteridospermae / centrospermae / amentiferae / phycomycetes / 


===============================



===============================

___
()

other choices: 


===============================

ทุเรียนเป็นผลไม้ที่มีกลิ่นเฉพาะตัว

===============================

___เป็นผลไม้ที่มีกลิ่นเฉพาะตัว
(ทุเรียน)

other choices: น้อยหน่า / อะโวคาโด / ต้นไม้แปรงสีฟัน / ต้นโอลีฟ / ลูกแพร์แอนโชวี่ / เชอร์รี่เปรี้ยว / มะยมฝรั่ง / ชมพู่ / องุ่นบราซิล / ฝรั่ง / ฝรั่ง / Cattley ฝรั่ง / ฝรั่งบราซิล / ผลทับทิม / มังคุด / mammee แอปเปิ้ล / มะละกอ / ต้นหม่อน / สาเก / ขนุน / Marang / Coco พลัม / ผลไม้ขนาดเล็ก / loquat / ต้นแอปเปิ้ล / medlar / พลัม / plumcot / แอปริคอท / เชอร์รี่ / ต้นไม้อัลมอนด์ / พีช / ผลไม้เนกเตอริน / ลูกแพร์ / genipa / มะเฟือง / bilimbi / ไม้เช่นมะนาว / ป่ามะม่วง / Akee / ลำไย / ลิ้นจี่ / มะนาวสเปน / เงาะ / เงาะขนสั้น / มะม่วง / พลัมหมู / mombin / ลูกพลับ / มะเฟือง / ละมุด / canistel / 


ทุเรียนเป็นผล___ที่มีกลิ่นเฉพาะตัว
(ไม้)

other choices: ตัดใน / แกลบ / ไม้ก๊อก / สินค้าโรงงาน / ไขสัตว์ผัก / 


ทุเรียนเป็นผลไม้ที่มี___เฉพาะตัว
(กลิ่น)

other choices: ธรณีประตู / การกำบัง / วิสัยทัศน์ / ลิ้มรส / เสียง / สาธิต / 


===============================

ซึ่งเป็นส่วนผสมของสารระเหยที่ประกอบไปด้วยเอสเทอร์ คีโตน และสารประกอบกำมะถัน บางคนบอกว่าทุเรียนมีกลิ่นหอม

===============================

ซึ่งเป็น___ของสารระเหยที่ประกอบไปด้วยเอสเทอร์ คีโตน และสารประกอบกำมะถัน บางคนบอกว่าทุเรียนมีกลิ่นหอม
(ส่วนผสม)

other choices: อุปกรณ์ / การเพิ่ม / เสียง / ชิ้นส่วนยานยนต์ / คริสตัล / ฮาร์ดแวร์ / องค์ประกอบความร้อน / อินพุต / Landside / การทำ / โมดูล / พิกเซล / ติดตั้งเพิ่มเติม / ชิ้นส่วนสำรอง / ทำให้เกิดช่องว่างจุดประกาย / 


ซึ่งเป็นส่วนผสมของ___ที่ประกอบไปด้วยเอสเทอร์ คีโตน และสารประกอบกำมะถัน บางคนบอกว่าทุเรียนมีกลิ่นหอม
(สารระเหย)

other choices: สารร่างกาย / สิ่งมีชีวิตอยู่ในเซลล์ของสัตว์และพืช / เคมี / วัสดุ / phlogiston / สารผสม / อะตอม / องค์ประกอบทางเคมี / Activator / สารตั้งต้น / ธาตุ / กลาง / กลาง / ของเหลว / แก่นแท้ / 


ซึ่งเป็นส่วนผสมของสารระเหยที่ประกอบไปด้วย___เทอร์ คีโตน และสารประกอบกำมะถัน บางคนบอกว่าทุเรียนมีกลิ่นหอม
(เอส)

other choices: วัน / กลางคืน / เวลาเฉลี่ย / เวลาบก / เดือน / วันดาวฤกษ์ / กระดิ่ง / ชั่วโมง / ครึ่งชั่วโมง / ไตรมาสชั่วโมง / นาที / ย่าน / attosecond / femtosecond / picosecond / nanosecond / หนึ่งในล้านของวินาที / มิลลิวินาที / 


ซึ่งเป็นส่วนผสมของสารระเหยที่ประกอบไปด้วยเอสเท___ คีโตน และสารประกอบกำมะถัน บางคนบอกว่าทุเรียนมีกลิ่นหอม
(อร์)

other choices: ดาลูเซีย / สหรัฐ / ที่ดิน Adelie / ดินแดนที่ไม่ดี / บาร์บารี / Bithynia / นูเบีย / Caucasia / Transcaucasia / ที่ดินเสื้อ / ทางทิศตะวันออก / ทิศตะวันออกเฉียงใต้ / ทิศตะวันตกเฉียงใต้ / ตะวันออกเฉียงเหนือ / ตะวันตกเฉียงเหนือ / มิดเวสต์ / ทิศตะวันตกเฉียงเหนือของมหาสมุทรแปซิฟิก / ที่ดิน Enderby / ทะเลสาบนิ้ว / Maghreb / โค้งขนาดใหญ่ / ที่ดินม็อดพระราชินี / ที่ดินวิกตอเรีย / ที่ดิน Wilkes / ไปทางทิศตะวันตก / แอฟริกาตะวันออก / Cappadocia / กาลาเทีย / เจีย / พอนทัส / อล / แคริบเบียน / เบงกอล / Patagonia / ทุ่งหญ้า / เอเชียตะวันออกเฉียงใต้ / แมนจูเรีย / Turkistan / อินโดจีนฝรั่งเศส / Mesoamerica / สโลวาเกีย / โมราเวีย / ตำบลโบฮีเมีย / สแกนดิเนเวี / แซกโซนี / เรห์น / บรันเดนบู / แคว้นปรัสเซีย / Ruhr / ทูรินเจีย / เลีย / อีไพรุส / ลาโคเนีย / Lycia / ลิเดีย / Thessalia / อาร์เคเดีย / ตะวันออกกลาง / เสี้ยวอันอุดมสมบูรณ์ / เวสต์แบงก์ / กาลิลี / ฉนวนกาซา / ความสูงโกลาน / ปาเลสไตน์ / ยูดาห์ / แคว้นยูเดีย / ลิสเตีย / จักรวรรดิไบเซนไทน์ / จักรวรรดิโรมันตะวันตก / เซอร์เบีย / มอนเตเนโก / ดัล / สุนัขพันธุ์หนึ่ง / ทะเลจังหวัด / Klondike / ออสเตรียฮังการี / จักรวรรดิอังกฤษ / Cumbria / เรสต์ใหม่ / Anglia ตะวันออก / แลงคาเชียร์ / ยอร์ค / Northumbria / ประเทศตะวันตก / เวสเซ็กส์ / เสื้อคลุมหลวม / สกอตแลนด์ / อินเดีย / Kanara / ปัญจาบ / รัฐอ่าว / อีแลม / ลิแวนต์ / มาซีโดเนีย / เทรซ / แคว้นเมซอพอเทเมีย / ประเทศแบบอิโลเนีย / เคลเดีย / สุเมเรียน / ประเทศแอสซีเรีย / Phenicia / ประเทศฝรั่งเศสโบราณ / ริเวียร่า / midi / Normandie / Orléanais / โอลิมปิกลียง / ตนเซ็โวย / กิอานา / ฟรีสลันด์ / Frisia / Thule / Lappland / Tartary / ประเทศมองโกเลีย / ซาฮาร่าตะวันตก / แคชเมียร์ / เธีย / Nejd / จ๊าซ / เชชเนีย / ไซบีเรีย / รัสเซียยุโรป / ลิโวเนีย / Colchis / Donets ลุ่มน้ำ / ไอบีเรีย / ละตินอเมริกา / กาลิเซีย / Leon / ซูดาน / ยิกา / ถาน / ถานอิรัก / โยนก / ชายฝั่งตะวันออก / ชายฝั่งตะวันตก / นิวอิงแลนด์ / สหรัฐอเมริกากลางมหาสมุทรแอตแลนติก / รัฐอ่าว / การร่วมมือกัน / ทางทิศใต้ / จังหวัดชายแดนภาคใต้ / ซันเบลท์ / ฝั่งทะเล / Piedmont / แคโรไลนา / ดาโคตา / บลูแกรส / ประเทศต่ำ / Lusitania / Silesia / sur ใหญ่ / หุบเขาซิลิคอน / sub-Saharan Africa / ซีเธีย / แอฟริกาเหนือ / แอฟริกาตะวันตก / 


ซึ่งเป็นส่วนผสมของสารระเหยที่ประกอบไปด้วยเอสเทอร์ ___ และสารประกอบกำมะถัน บางคนบอกว่าทุเรียนมีกลิ่นหอม
(คีโตน)

other choices: 


ซึ่งเป็นส่วนผสมของสารระเหยที่ประกอบไปด้วยเอสเทอร์ คีโตน และ___กำมะถัน บางคนบอกว่าทุเรียนมีกลิ่นหอม
(สารประกอบ)

other choices: หน่วย / ซับซ้อน / 


ซึ่งเป็นส่วนผสมของสารระเหยที่ประกอบไปด้วยเอสเทอร์ คีโตน และสารประกอบ___ บางคนบอกว่าทุเรียนมีกลิ่นหอม
(กำมะถัน)

other choices: 


ซึ่งเป็นส่วนผสมของสารระเหยที่ประกอบไปด้วยเอสเทอร์ คีโตน และสารประกอบกำมะถัน บางคนบอกว่า___มีกลิ่นหอม
(ทุเรียน)

other choices: น้อยหน่า / อะโวคาโด / ต้นไม้แปรงสีฟัน / ต้นโอลีฟ / ลูกแพร์แอนโชวี่ / เชอร์รี่เปรี้ยว / มะยมฝรั่ง / ชมพู่ / องุ่นบราซิล / ฝรั่ง / ฝรั่ง / Cattley ฝรั่ง / ฝรั่งบราซิล / ผลทับทิม / มังคุด / mammee แอปเปิ้ล / มะละกอ / ต้นหม่อน / สาเก / ขนุน / Marang / Coco พลัม / ผลไม้ขนาดเล็ก / loquat / ต้นแอปเปิ้ล / medlar / พลัม / plumcot / แอปริคอท / เชอร์รี่ / ต้นไม้อัลมอนด์ / พีช / ผลไม้เนกเตอริน / ลูกแพร์ / genipa / มะเฟือง / bilimbi / ไม้เช่นมะนาว / ป่ามะม่วง / Akee / ลำไย / ลิ้นจี่ / มะนาวสเปน / เงาะ / เงาะขนสั้น / มะม่วง / พลัมหมู / mombin / ลูกพลับ / มะเฟือง / ละมุด / canistel / 


ซึ่งเป็นส่วนผสมของสารระเหยที่ประกอบไปด้วยเอสเทอร์ คีโตน และสารประกอบกำมะถัน บางคนบอกว่าทุเรียนมี___
(กลิ่นหอม)

other choices: กลิ่น / กลิ่นเหม็น / acridity / 


===============================

ในขณะที่บางคนบอกว่ามีกลิ่นเหม็นรุนแรงจนถึงขั้นสะอิดสะเอียน

===============================

ในขณะที่บางคนบอกว่ามี___เหม็นรุนแรงจนถึงขั้นสะอิดสะเอียน
(กลิ่น)

other choices: ธรณีประตู / การกำบัง / วิสัยทัศน์ / ลิ้มรส / เสียง / สาธิต / 


ในขณะที่บางคนบอกว่ามีกลิ่นเหม็นรุนแรงจนถึง___สะอิดสะเอียน
(ขั้น)

other choices: ที่จอดรถ / เครื่อง / หลอก / ฟุตเวิร์ก / วิธีการ / เล่ห์เหลี่ยม / 


ในขณะที่บางคนบอกว่ามีกลิ่นเหม็นรุนแรงจนถึงขั้น___
(สะอิดสะเอียน)

other choices: 


===============================

ทำให้มีการห้ามนำทุเรียนเข้ามาในโรงแรมและการขนส่งสาธารณะในเอเชียตะวันออกเฉียงใต้ ทุเรียนเป็นผลไม้ที่มีน้ำตาลสูง

===============================

ทำให้มี___ห้ามนำทุเรียนเข้ามาในโรงแรมและการขนส่งสาธารณะในเอเชียตะวันออกเฉียงใต้ ทุเรียนเป็นผลไม้ที่มีน้ำตาลสูง
(การ)

other choices: 


ทำให้มีการ___นำทุเรียนเข้ามาในโรงแรมและการขนส่งสาธารณะในเอเชียตะวันออกเฉียงใต้ ทุเรียนเป็นผลไม้ที่มีน้ำตาลสูง
(ห้าม)

other choices: 


ทำให้มีการห้ามนำ___เข้ามาในโรงแรมและการขนส่งสาธารณะในเอเชียตะวันออกเฉียงใต้ ทุเรียนเป็นผลไม้ที่มีน้ำตาลสูง
(ทุเรียน)

other choices: น้อยหน่า / อะโวคาโด / ต้นไม้แปรงสีฟัน / ต้นโอลีฟ / ลูกแพร์แอนโชวี่ / เชอร์รี่เปรี้ยว / มะยมฝรั่ง / ชมพู่ / องุ่นบราซิล / ฝรั่ง / ฝรั่ง / Cattley ฝรั่ง / ฝรั่งบราซิล / ผลทับทิม / มังคุด / mammee แอปเปิ้ล / มะละกอ / ต้นหม่อน / สาเก / ขนุน / Marang / Coco พลัม / ผลไม้ขนาดเล็ก / loquat / ต้นแอปเปิ้ล / medlar / พลัม / plumcot / แอปริคอท / เชอร์รี่ / ต้นไม้อัลมอนด์ / พีช / ผลไม้เนกเตอริน / ลูกแพร์ / genipa / มะเฟือง / bilimbi / ไม้เช่นมะนาว / ป่ามะม่วง / Akee / ลำไย / ลิ้นจี่ / มะนาวสเปน / เงาะ / เงาะขนสั้น / มะม่วง / พลัมหมู / mombin / ลูกพลับ / มะเฟือง / ละมุด / canistel / 


ทำให้มีการห้ามนำทุเรียนเข้ามาใน___และการขนส่งสาธารณะในเอเชียตะวันออกเฉียงใต้ ทุเรียนเป็นผลไม้ที่มีน้ำตาลสูง
(โรงแรม)

other choices: โรงฆ่าสัตว์ / อาคารอพาร์ทเม้น / สถาปัตยกรรม / กรงนกใหญ่ / บ้านผลัดผ้าอาบน้ำ / โบว์ลิ่ง / ศูนย์ / Chapterhouse / ตึกสโมสร / หอพัก / อาคารฟาร์ม / ขุน / Firetrap / บ้านเล่นการพนัน / ศาลา / อาคารรัฐบาล / เรือนกระจก / ห้องโถง / ห้องโถง / หอเกียรติยศ / โรงแรมคาสิโน / บ้าน / บ้าน / ห้องสมุด / แพทย์อาคาร / กระทรวง / โรงเก็บศพ / หอดูดาว / อาคารสำนักงาน / แล้วฝิ่น / เรือนหลังนอก / packinghouse / เทวโลก / ท้องฟ้าจำลอง / แท่นบูชา / ร้านอาหาร / บ้านส่วนที่เหลือ / โรงสเก๊ต / อาคารโรมัน / หอกลม / ทำลาย / โรงเรียน / สนามยิงปืน / กล่องสัญญาณ / ตึกระฟ้า / สหภาพนักศึกษา / โรงเตี๊ยม / โรงแรมโทรคมนาคม / วัด / โรงละคร / ซ่อง / 


ทำให้มีการห้ามนำทุเรียนเข้ามาในโรงแรมและการขนส่ง___ในเอเชียตะวันออกเฉียงใต้ ทุเรียนเป็นผลไม้ที่มีน้ำตาลสูง
(สาธารณะ)

other choices: ประชาชน / กลุ่มอายุ / สมัย / งงงัน / ตาบอด / เลือด / กล้าหาญ / ขี้อาย / นักธุรกิจ / ชุมชน / พิลึก / ตาย / การดำรงชีวิต / หูหนวก / แพ้ / พิการ / ถึงวาระ / ศัตรู / การปกครองคณะสงฆ์โดยบิชอพ / พื้นบ้าน / ฟรี / HOMEBOUND / เริ่มต้น / uninitiate / ปัญญาอ่อน / กองทัพเครือข่าย / สัญชาติ / แกลเลอรี่ถั่วลิสง / กระเป๋าเสื้อ / ถอยกลับ / ป่วย / พ่อค้า / คนบาดเจ็บ / การโยกย้าย / ชั้น / ประเทศชาติ / คนยากจน / คนรวย / ประชากร / โคตร / ล็อบบี้ / ลูกค้า / อันดับและไฟล์ / เงินสมาร์ท / unconfessed / คนตกงาน / เพศหญิง / คนได้รับการแต่งตั้ง / คนสลาฟ / 


ทำให้มีการห้ามนำทุเรียนเข้ามาในโรงแรมและการขนส่งสาธารณะใน___ ทุเรียนเป็นผลไม้ที่มีน้ำตาลสูง
(เอเชียตะวันออกเฉียงใต้)

other choices: ดาลูเซีย / สหรัฐ / ที่ดิน Adelie / ดินแดนที่ไม่ดี / บาร์บารี / Bithynia / นูเบีย / Caucasia / Transcaucasia / ที่ดินเสื้อ / ทางทิศตะวันออก / ทิศตะวันออกเฉียงใต้ / ทิศตะวันตกเฉียงใต้ / ตะวันออกเฉียงเหนือ / ตะวันตกเฉียงเหนือ / มิดเวสต์ / ทิศตะวันตกเฉียงเหนือของมหาสมุทรแปซิฟิก / ที่ดิน Enderby / ทะเลสาบนิ้ว / Maghreb / โค้งขนาดใหญ่ / ที่ดินม็อดพระราชินี / ที่ดินวิกตอเรีย / ที่ดิน Wilkes / ไปทางทิศตะวันตก / แอฟริกาตะวันออก / Cappadocia / กาลาเทีย / เจีย / พอนทัส / อล / แคริบเบียน / เบงกอล / Patagonia / ทุ่งหญ้า / แมนจูเรีย / Turkistan / อินโดจีนฝรั่งเศส / Mesoamerica / สโลวาเกีย / โมราเวีย / ตำบลโบฮีเมีย / สแกนดิเนเวี / แซกโซนี / เรห์น / บรันเดนบู / แคว้นปรัสเซีย / Ruhr / ทูรินเจีย / เลีย / อีไพรุส / ลาโคเนีย / Lycia / ลิเดีย / Thessalia / อาร์เคเดีย / ตะวันออกกลาง / เสี้ยวอันอุดมสมบูรณ์ / เวสต์แบงก์ / กาลิลี / ฉนวนกาซา / ความสูงโกลาน / ปาเลสไตน์ / ยูดาห์ / แคว้นยูเดีย / ลิสเตีย / จักรวรรดิไบเซนไทน์ / จักรวรรดิโรมันตะวันตก / เซอร์เบีย / มอนเตเนโก / ดัล / สุนัขพันธุ์หนึ่ง / ทะเลจังหวัด / Klondike / ออสเตรียฮังการี / จักรวรรดิอังกฤษ / Cumbria / เรสต์ใหม่ / Anglia ตะวันออก / แลงคาเชียร์ / ยอร์ค / Northumbria / ประเทศตะวันตก / เวสเซ็กส์ / เสื้อคลุมหลวม / สกอตแลนด์ / อินเดีย / Kanara / ปัญจาบ / รัฐอ่าว / อีแลม / ลิแวนต์ / มาซีโดเนีย / เทรซ / แคว้นเมซอพอเทเมีย / ประเทศแบบอิโลเนีย / เคลเดีย / สุเมเรียน / ประเทศแอสซีเรีย / Phenicia / ประเทศฝรั่งเศสโบราณ / ริเวียร่า / midi / Normandie / Orléanais / โอลิมปิกลียง / ตนเซ็โวย / กิอานา / ฟรีสลันด์ / Frisia / Thule / Lappland / Tartary / ประเทศมองโกเลีย / ซาฮาร่าตะวันตก / แคชเมียร์ / เธีย / Nejd / จ๊าซ / เชชเนีย / ไซบีเรีย / รัสเซียยุโรป / ลิโวเนีย / Colchis / Donets ลุ่มน้ำ / ไอบีเรีย / ละตินอเมริกา / กาลิเซีย / Leon / ซูดาน / ยิกา / ถาน / ถานอิรัก / โยนก / ชายฝั่งตะวันออก / ชายฝั่งตะวันตก / นิวอิงแลนด์ / สหรัฐอเมริกากลางมหาสมุทรแอตแลนติก / รัฐอ่าว / การร่วมมือกัน / ทางทิศใต้ / จังหวัดชายแดนภาคใต้ / ซันเบลท์ / ฝั่งทะเล / Piedmont / ทางทิศเหนือ / แคโรไลนา / ดาโคตา / บลูแกรส / ประเทศต่ำ / Lusitania / Silesia / sur ใหญ่ / หุบเขาซิลิคอน / sub-Saharan Africa / ซีเธีย / แอฟริกาเหนือ / แอฟริกาตะวันตก / 


ทำให้มีการห้ามนำทุเรียนเข้ามาในโรงแรมและการขนส่งสาธารณะในเอเชียตะวันออกเฉียงใต้ ___เป็นผลไม้ที่มีน้ำตาลสูง
(ทุเรียน)

other choices: น้อยหน่า / อะโวคาโด / ต้นไม้แปรงสีฟัน / ต้นโอลีฟ / ลูกแพร์แอนโชวี่ / เชอร์รี่เปรี้ยว / มะยมฝรั่ง / ชมพู่ / องุ่นบราซิล / ฝรั่ง / ฝรั่ง / Cattley ฝรั่ง / ฝรั่งบราซิล / ผลทับทิม / มังคุด / mammee แอปเปิ้ล / มะละกอ / ต้นหม่อน / สาเก / ขนุน / Marang / Coco พลัม / ผลไม้ขนาดเล็ก / loquat / ต้นแอปเปิ้ล / medlar / พลัม / plumcot / แอปริคอท / เชอร์รี่ / ต้นไม้อัลมอนด์ / พีช / ผลไม้เนกเตอริน / ลูกแพร์ / genipa / มะเฟือง / bilimbi / ไม้เช่นมะนาว / ป่ามะม่วง / Akee / ลำไย / ลิ้นจี่ / มะนาวสเปน / เงาะ / เงาะขนสั้น / มะม่วง / พลัมหมู / mombin / ลูกพลับ / มะเฟือง / ละมุด / canistel / 


ทำให้มีการห้ามนำทุเรียนเข้ามาในโรงแรมและการขนส่งสาธารณะในเอเชียตะวันออกเฉียงใต้ ทุเรียนเป็นผล___ที่มีน้ำตาลสูง
(ไม้)

other choices: ตัดใน / แกลบ / ไม้ก๊อก / สินค้าโรงงาน / ไขสัตว์ผัก / 


ทำให้มีการห้ามนำทุเรียนเข้ามาในโรงแรมและการขนส่งสาธารณะในเอเชียตะวันออกเฉียงใต้ ทุเรียนเป็นผลไม้ที่มี___สูง
(น้ำตาล)

other choices: 


===============================

ทั้งยังอุดมไปด้วยกำมะถันและไขมัน จึงไม่เหมาะสำหรับผู้ป่วยเป็นเบาหวาน

===============================

ทั้งยัง___ไปด้วยกำมะถันและไขมัน จึงไม่เหมาะสำหรับผู้ป่วยเป็นเบาหวาน
(อุดม)

other choices: 


ทั้งยังอุดมไปด้วย___และไขมัน จึงไม่เหมาะสำหรับผู้ป่วยเป็นเบาหวาน
(กำมะถัน)

other choices: 


ทั้งยังอุดมไปด้วยกำมะถันและ___ จึงไม่เหมาะสำหรับผู้ป่วยเป็นเบาหวาน
(ไขมัน)

other choices: ไตรกลีเซอไรด์ / น้ำมัน / เรียม / ขี้ผึ้ง / 


ทั้งยังอุดมไปด้วยกำมะถันและไขมัน จึงไม่___ผู้ป่วยเป็นเบาหวาน
(เหมาะสำหรับ)

other choices: 


ทั้งยังอุดมไปด้วยกำมะถันและไขมัน จึงไม่เหมาะสำหรับ___เป็นเบาหวาน
(ผู้ป่วย)

other choices: ลูกค้า / การอ้างอิง / กรณีสวัสดิการ / 


===============================



===============================

___
()

other choices: 


===============================

ทุเรียนเป็นพืชพื้นเมืองของบรูไน อินโดนีเซีย และมาเลเซีย และเป็นที่รู้จักในโลกตะวันตกมาประมาณ 600 ปีมาแล้ว

===============================

___เป็นพืชพื้นเมืองของบรูไน อินโดนีเซีย และมาเลเซีย และเป็นที่รู้จักในโลกตะวันตกมาประมาณ 600 ปีมาแล้ว
(ทุเรียน)

other choices: น้อยหน่า / อะโวคาโด / ต้นไม้แปรงสีฟัน / ต้นโอลีฟ / ลูกแพร์แอนโชวี่ / เชอร์รี่เปรี้ยว / มะยมฝรั่ง / ชมพู่ / องุ่นบราซิล / ฝรั่ง / ฝรั่ง / Cattley ฝรั่ง / ฝรั่งบราซิล / ผลทับทิม / มังคุด / mammee แอปเปิ้ล / มะละกอ / ต้นหม่อน / สาเก / ขนุน / Marang / Coco พลัม / ผลไม้ขนาดเล็ก / loquat / ต้นแอปเปิ้ล / medlar / พลัม / plumcot / แอปริคอท / เชอร์รี่ / ต้นไม้อัลมอนด์ / พีช / ผลไม้เนกเตอริน / ลูกแพร์ / genipa / มะเฟือง / bilimbi / ไม้เช่นมะนาว / ป่ามะม่วง / Akee / ลำไย / ลิ้นจี่ / มะนาวสเปน / เงาะ / เงาะขนสั้น / มะม่วง / พลัมหมู / mombin / ลูกพลับ / มะเฟือง / ละมุด / canistel / 


ทุเรียนเป็น___พื้นเมืองของบรูไน อินโดนีเซีย และมาเลเซีย และเป็นที่รู้จักในโลกตะวันตกมาประมาณ 600 ปีมาแล้ว
(พืช)

other choices: วิทยาลัย / การพัฒนาริบบิ้น / 


ทุเรียนเป็นพืช___ของบรูไน อินโดนีเซีย และมาเลเซีย และเป็นที่รู้จักในโลกตะวันตกมาประมาณ 600 ปีมาแล้ว
(พื้นเมือง)

other choices: ตนเอง / ผู้ใหญ่ / นักผจญภัย / ความผิดปกติ / ความผิดสมัย / ผู้ขอ / ได้รับการแต่งตั้ง / นายทุน / ผู้จับกุม / เปลี่ยน / คนสีตาบอด / ปุถุชน / Communicator / ผู้เข้าแข่งขัน / คนขี้ขลาดตาขาว / ผู้สร้าง / คู่กรณี / วิศวกร / นักร้อง / ทดลอง / ผู้เชี่ยวชาญ / ใบหน้า / หญิง / ยิปซี / คนปลีกตัวอยู่ลำพัง / ชาวบ้าน / พื้นเมือง / ผู้บริสุทธิ์ / ทางปัญญา / เยาวชน / คนรัก / ดวงแก้ว / ผู้นำ / ชาย / จัดการเงิน / แห่งชาติ / บุคคลที่ไม่เกี่ยวข้องกับศาสนา / nonworker / มองดู / perceiver / percher / ผู้นำ / ดั้งเดิม / คนเคร่งศาสนา / คนมักมากในกาม / นักท่องเที่ยว / โชคร้าย / บุคคลที่ไม่พึงปรารถนา / คนไร้ฝีมือ / ผู้ปฏิบัติงาน / แอฟริกัน / คนที่มีสี / สีดำ / ขาว / Amerindian / ชาวสลาฟ / เกี่ยวกับคนที่ไม่ใช่ยิว / ชาวยิว / ราศีเมษ / ราศีพฤษภ / เมถุน / โรคมะเร็ง / สิงห์ / ราศีกันย์ / ราศีตุล / ราศีพิจิก / ราศีธนู / มังกร / ราศีกุมภ์ / ราศีมีน / abator / abjurer / สิ่งที่น่ารังเกียจ / ผู้อด / ผลการเรียน / คนรู้จัก / ซื้อ / คล่องแคล่ว / นักแสดงชาย / ตัดสิน / แฟน / บุ ณ ธรรม / ฝ่ายตรงข้าม / advisee / สนับสนุน / คู่ตุนาหงัน / ไม่เชื่อเรื่องพระเจ้า / คนเผือก / มือสมัครเล่น / โบราณ / ต่อต้าน / ต่อต้านอเมริกัน / apprehender / appreciator / archaist / arrogator / assessee / เกี่ยวกับโรคหืด / ผู้มีอำนาจ / autodidact / หุ่นยนต์ / boomer ทารก / มือปราบทารก / คนเลว / คนเลว / หัวล้าน / Balker / มาทาดอร์ / คนอาบน้ำ / เครา / ภรรยา / ปลิดชีพ / ดีที่สุด / กำเนิด / กัด / บล็อกเกอร์ / สีบลอนด์ / อด / นักเพาะกาย / เครื่องบินทิ้งระเบิด / ผมสีน้ำตาลเข้ม / มือปราบ / ผู้สมัคร / กรณี / แคชเชียร์ / พิธี / ตรวจข่าว / กิ้งก่า / คนเจ้าเสน่ห์ / เด็ก / chutzpanik / ใกล้ชิด / คนเงอะงะ / นักสะสม / ทหาร / complexifier / ซึ่งต้องกระทำ / ผู้ใช้คอมพิวเตอร์ / ซึ่งไตร่ตรอง / แปลง / เลียนแบบ / เคาน์เตอร์ / counterterrorist / ตีนตะขาบ / สัตว์ / เจ้าหนี้ / คนพิการ / นาฏ / ผู้ล่วงลับ / คนหูหนวก / Debaser / ลูกหนี้ / defecator / delayer / ช่วยให้พ้น / demander / Dieter / ความแตกต่าง / disentangler / ผู้คัดค้าน / divider / ประเทศหุ้นส่วน / สอง / โต๊ะทำกับข้าว / dribbler / ผู้ใช้ยาเสพติด / dyslectic / แหกคอก / ectomorph / effecter / ลิซาเบ ธ / คนเจ้าอารมณ์ / endomorph / enjoyer / ผู้สมัคร / ชาติพันธุ์ / สำรวจ / คนพาหิรวัฒน์ / บ้า / ตกลง / สปริง / ความไว้วางใจ / ครั้งแรกที่ผู้ประเมิน / ลูกศิษย์ / ฟรีเอเย่นต์ / เพื่อน / ผู้ลี้ภัย / Gainer / Gainer / นักการพนัน / ยาม / คนที่รวบรวม / คนดี / คนดี / granter / รู้ตัว / Grinner / groaner / สุงของ Grunter / เดา / คนพิการ / ผู้เกลียดชัง / กับเพศตรงข้าม / รักร่วมเพศ / homunculus / หวัง / hoper / Huddler / Hugger / ภูมิคุ้มกัน / มีประกัน / ล่าม / คนเก็บตัว / จัท / อัญมณี / สิ่งที่กระโดด / อนุ / นักฆ่า / ญาติ / หงิกงอ / kneeler / ผู้ทำให้ล้มลง / ปราชญ์ / Kook / คนที่มีขนาดใหญ่ / ละติน / ผู้ที่หัวเราะ / ผู้เรียน / คนนัดมือซ้าย / ชีวิต / สายล่อฟ้า / นักภาษาศาสตร์ / มีความรู้ / ตับ / อีกต่อไป / ปืนใหญ่ / เครื่อง / จดหมาย / ไม่พอใจ / ชาย / ผู้จัดทำ / แจ็คคน / แต่งงาน / ผู้สำเร็จความใคร่ด้วยตนเอง / Measurer / nonmember / mesomorph / ลูกครึ่ง / middlebrow / มนุษย์มหัศจรรย์ / ไม่เหมาะ / ผู้ที่เกลียดชังการแต่งงาน / ผสมเลือด / ทันสมัย / เดียว / แม่ไก่ / เม้าส์ / พิการ / Namer / ชื่อ / neglecter / เพื่อนบ้าน / เป็นกลาง / อึมครึม / ไม่มีส่วนร่วม / กลาง / nonperson / ไม่อยู่ประจำ / คนซึ่งไม่สูบบุหรี่ / เปลือย / Nurser / ลึกลับ / ผู้มองในแง่ดี / เด็กกำพร้า / นกกระจอกเทศ / การขับไล่ / จัณฑาล / outdoorsman / เจ้าของ / pamperer / pansexual / ผู้ให้อภัย / หุ้นส่วน / พรรค / ผู้สัญจร / บุคคลสำคัญ / บุคลาธิษฐาน / perspirer / นักปรัชญา / ขโมย / pisser / ผู้วางแผน / ผู้เล่น / posturer / powderer / ผู้ปกปักรักษา / propositus / คนประชาสัมพันธ์ / ผู้ติดตาม / แมวเหมียว / ย่าน / quitter / รุนแรง / นกหายาก / ผู้นิยมความจริง / เครื่องปรับ / มีผมสีแดง / จดทะเบียน / ปลดปล่อย / ทวน / ผู้ช่วยชีวิต / Rester / สายคาด / ผัว / ผู้มั่งคั่ง / ถนัดมือขวา / ผู้ลุกขึ้น / romper / Roundhead / ไม้บรรทัด / rusher / นักวิทยาศาสตร์ / scratcher / สองผู้ประเมิน / Seeder / นักแสวงหา / แยก / ผู้มีอารมณ์อ่อนไหว / วัตถุทางเพศ / สัญลักษณ์ทางเพศ / เครื่องปั่น / นักแสดง / ฝ่ายที่ลงนาม / คนโง่ / หกท้าย / Skidder / ทาส / ทาส / คนขี้เซา / sloucher / คนตัวเล็ก ๆ / การตีอย่างแรง / Smiler / sneezer / ดมกลิ่น / sniffler / กรรไกรตัดเทียน / snuffler / Socializer / ประเภท / ประกาศคณะกรรมการ / บุคคลลึกลับ / spitter / กีฬา / sprawler / spurner / squinter / Stifler / มีมลทิน / stooper / คนแปลกหน้า / struggler / เรื่อง / เกิน / surrenderer / ความอยู่รอด / ผู้รอดชีวิต / สงสัย / Tagger / Tagger / Tapper / ผู้ล่อลวงยั่วยวน / termer / ความหวาดกลัว / ผู้ทำพินัยกรรม / กระสือดูด / สามผู้ประเมิน / ผู้ขว้างปา / เสือ / totemist / Toucher / โอน / ผู้ถูกเปลี่ยนเพศ / ผู้ถูกเปลี่ยนเพศ / ตุ๊ด / ผู้ทดสอบ / ช่างกลึง / เผด็จการ / ลูกเป็ดขี้เหร่ / undoer / ผู้ใช้งาน / หายไป / เหยื่อ / วิคตอเรีย / จินตนาการ / คนพิการทางสายตา / บริกร / ผิน / เดินเข้า / wanter / ท้องที่ / นักรบ / กะลาสี / คนอ่อนแอ / พังพอน / wiggler / ไฟกะพริบ / withholder / พยาน / worldling / yawner / 


ทุเรียนเป็นพืชพื้นเมืองของ___ อินโดนีเซีย และมาเลเซีย และเป็นที่รู้จักในโลกตะวันตกมาประมาณ 600 ปีมาแล้ว
(บรูไน)

other choices: ตรังกานู / 


ทุเรียนเป็นพืชพื้นเมืองของบรูไน ___ และมาเลเซีย และเป็นที่รู้จักในโลกตะวันตกมาประมาณ 600 ปีมาแล้ว
(อินโดนีเซีย)

other choices: แอนติกาและบาร์บูดา / เคปเวิร์ด / ศรีลังกา / คอโมโรส / คิวบา / ไฮติ / สาธารณรัฐโดมินิกัน / เกาะจาเมกา / บาร์เบโดส / ตรินิแดดและโตเบโก / ประเทศไซปรัส / โดมินิกา / ติมอร์ตะวันออก / ฟิจิ / อิสราเอล / ปรโลก / ออสเตรเลีย / ไมโครนีเซีย / หมู่เกาะมาร์แชลล์ / ตูวาลู / ประเทศคิริบาส / ประเทศนาอูรู / ปาปัวนิวกินี / บาฮามาส / Burkina Faso / เกรเนดา / มัลดีฟส์ / เกาะมอลตา / มอริเชียส / นิวซีแลนด์ / ปาเลา / ฟิลิปปินส์ / คิตส์และเนวิสนักบุญ / เซนต์ลูเซีย / เซนต์วินเซนต์และเกรนาดีน / ซามัว / Sao Tome Principe และ / เซเชลส์ / หมู่เกาะโซโลมอน / มาตุภูมิ / สหภาพโซเวียต / รัสเซีย / ยูเครน / เติร์กเมนิสถาน / ตองกา / ตุรกี / วานูอาตู / 


ทุเรียนเป็นพืชพื้นเมืองของบรูไน อินโดนีเซีย และ___ และเป็นที่รู้จักในโลกตะวันตกมาประมาณ 600 ปีมาแล้ว
(มาเลเซีย)

other choices: อัฟกานิสถาน / พม่า / กัมพูชา / ประเทศจีน / บาห์เรน / บังคลาเทศ / ภูฏาน / อินเดีย / ประเทศเนปาล / ประเทศธิเบต / อิหร่าน / อิรัก / ประเทศญี่ปุ่น / จอร์แดน / คูเวต / เกาหลีเหนือ / เกาหลีใต้ / ลาว / เลบานอน / ประเทศมองโกเลีย / โอมาน / ปากีสถาน / กาตาร์ / ซาอุดิอาราเบีย / สิงคโปร์ / อาร์เมเนีย / อาเซอร์ไบจาน / จอร์เจีย / คาซัคสถาน / คีร์กีสถาน / ทาจิกิสถาน / อุซเบกิ / ซีเรีย / ประเทศไทย / สหรัฐอาหรับเอมิเรตส์ / เวียดนาม / เวียดนามเหนือ / เวียดนามใต้ / เยเมน / 


ทุเรียนเป็นพืชพื้นเมืองของบรูไน อินโดนีเซีย และมาเลเซีย และเป็นที่รู้จักใน___ตะวันตกมาประมาณ 600 ปีมาแล้ว
(โลก)

other choices: ดาวอังคาร / ปรอท / ดาวศุกร์ / 


ทุเรียนเป็นพืชพื้นเมืองของบรูไน อินโดนีเซีย และมาเลเซีย และเป็นที่รู้จักในโลก___มาประมาณ 600 ปีมาแล้ว
(ตะวันตก)

other choices: โลกเก่า / ตะวันออกอันไกลโพ้น / หมู่เกาะอินเดียตะวันตกของฝรั่งเศส / 


ทุเรียนเป็นพืชพื้นเมืองของบรูไน อินโดนีเซีย และมาเลเซีย และเป็นที่รู้จักในโลกตะวันตกมาประมาณ 600 ___มาแล้ว
(ปี)

other choices: ระยะเวลาการทดลอง / กรอบเวลา / ความสง่างาม / ชั่วโมง / หยุดทำงาน / uptime / เวลางาน / เวลาปิด / การแข่งขัน / รักษาในโรงพยาบาล / เวลาเที่ยว / ครั้ง / เวลา / เวลาที่ผ่านไป / ระยะเวลา / สัปดาห์ / กลางสัปดาห์ / วันเขต / ชีวิต / ชีวิต / ชีวิต / สหัสวรรษ / bimillennium / อาชีพ / อดีต / อายุการเก็บรักษา / ระยะหลังคลอด / การให้น้ำนม / เวลาในชีวิต / วันตามปฏิทิน / งานเทศกาล / วัน / ตอนเช้า / กลางคืน / กลางคืน / กลางคืน / กลางคืน / วันก่อนวันหยุด / ตอนเย็น / สัปดาห์ / ปักษ์ / สุดสัปดาห์ / ฤดูร้อนของอินเดีย / ปี / โรงเรียน / ปี / เทอม / bimester / โอลิมปิก / lustrum / ทศวรรษ / ศตวรรษ / quadrennium / ครบห้าปี / ครึ่งศตวรรษ / ไตรมาสศตวรรษ / ย่าน / ขั้นตอนของดวงจันทร์ / วัน / เดือนปฏิทิน / ช่วงกลางเดือนมกราคม / กลางเดือนกุมภาพันธ์ / ช่วงกลางเดือนมีนาคม / ช่วงกลางเดือนเมษายน / ช่วงกลางเดือนพฤษภาคม / กลางเดือนมิถุนายน / กลางเดือนกรกฎาคม / ช่วงกลางเดือนสิงหาคม / กลางเดือนกันยายน / ช่วงกลางเดือนตุลาคม / ช่วงกลางเดือนพฤศจิกายน / ช่วงกลางเดือนธันวาคม / เวลาที่ จำกัด / วาระ / การตั้งครรภ์ / ชั่วโมง / ฤดูกาลโง่ / วัยทอง / สีเงินอายุ / ยุคสำริด / ยุคเหล็ก / ปีที่ดี / เวลาการควบคุม / ล่วงเวลา / ฤดู / วันสุนัข / กลางฤดูหนาว / ฤดู / ฤดู / เวลานาน / ระยะยาว / ภัยแล้ง / ยุค / รุ่น / ประวัติศาสตร์ / รัชกาล / วิ่ง / หนุ่ม / รุ่งอรุณ / ตอนเย็น / เวลา / นอน / เช่า / ครึ่งชีวิต / น้ำขึ้นน้ำลง / ระยะ / หลายขั้นตอน / ดู / เวลาสงบ / เวลาทำสงคราม / การเกณฑ์ / ดื่มน้ำผึ้งพระจันทร์ / indiction / ข้อห้าม / ระยะฟักตัว / วันที่ฝนตก / ช่วงที่เป็นสามเณร / ดอกไม้ / เวลาทำงาน / เวลาแข็งตัว / แจ้งเตือนทางอากาศ / เวลาคำถาม / เวลาจริง / เวลาจริง / ศึกษาในห้องโถง / Usance / หน้าต่าง / 


===============================

ในคริสต์ศตวรรษที่ 19 นักธรรมชาติวิทยาชาวอังกฤษ อัลเฟรด รัสเซล วอลเลซ ได้พรรณนาถึงทุเรียนว่า "เนื้อในมันเหมือนคัสตาร์ดอย่างมาก รสชาติคล้ายอาลมอนด์" เนื้อในของทุเรียนกินได้หลากหลายไม่ว่าจะห่าม หรือสุกงอม ในเอเชียตะวันออกเฉียงใต้มีการนำทุเรียนมาทำอาหารได้หลายอย่าง

===============================

ใน___ศตวรรษที่ 19 นักธรรมชาติวิทยาชาวอังกฤษ อัลเฟรด รัสเซล วอลเลซ ได้พรรณนาถึงทุเรียนว่า "เนื้อในมันเหมือนคัสตาร์ดอย่างมาก รสชาติคล้ายอาลมอนด์" เนื้อในของทุเรียนกินได้หลากหลายไม่ว่าจะห่าม หรือสุกงอม ในเอเชียตะวันออกเฉียงใต้มีการนำทุเรียนมาทำอาหารได้หลายอย่าง
(คริสต์)

other choices: พระคริสต์ / 


ในคริสต์___ที่ 19 นักธรรมชาติวิทยาชาวอังกฤษ อัลเฟรด รัสเซล วอลเลซ ได้พรรณนาถึงทุเรียนว่า "เนื้อในมันเหมือนคัสตาร์ดอย่างมาก รสชาติคล้ายอาลมอนด์" เนื้อในของทุเรียนกินได้หลากหลายไม่ว่าจะห่าม หรือสุกงอม ในเอเชียตะวันออกเฉียงใต้มีการนำทุเรียนมาทำอาหารได้หลายอย่าง
(ศตวรรษ)

other choices: ระยะเวลาการทดลอง / กรอบเวลา / ความสง่างาม / ชั่วโมง / หยุดทำงาน / uptime / เวลางาน / เวลาปิด / การแข่งขัน / รักษาในโรงพยาบาล / เวลาเที่ยว / ครั้ง / เวลา / เวลาที่ผ่านไป / ระยะเวลา / สัปดาห์ / กลางสัปดาห์ / วันเขต / ชีวิต / ชีวิต / ชีวิต / สหัสวรรษ / bimillennium / อาชีพ / อดีต / อายุการเก็บรักษา / ระยะหลังคลอด / การให้น้ำนม / เวลาในชีวิต / วันตามปฏิทิน / งานเทศกาล / วัน / ตอนเช้า / กลางคืน / กลางคืน / กลางคืน / กลางคืน / วันก่อนวันหยุด / ตอนเย็น / สัปดาห์ / ปักษ์ / สุดสัปดาห์ / ฤดูร้อนของอินเดีย / ปี / โรงเรียน / ปี / ปี / เทอม / bimester / โอลิมปิก / lustrum / ทศวรรษ / quadrennium / ครบห้าปี / ครึ่งศตวรรษ / ไตรมาสศตวรรษ / ย่าน / ขั้นตอนของดวงจันทร์ / วัน / เดือนปฏิทิน / ช่วงกลางเดือนมกราคม / กลางเดือนกุมภาพันธ์ / ช่วงกลางเดือนมีนาคม / ช่วงกลางเดือนเมษายน / ช่วงกลางเดือนพฤษภาคม / กลางเดือนมิถุนายน / กลางเดือนกรกฎาคม / ช่วงกลางเดือนสิงหาคม / กลางเดือนกันยายน / ช่วงกลางเดือนตุลาคม / ช่วงกลางเดือนพฤศจิกายน / ช่วงกลางเดือนธันวาคม / เวลาที่ จำกัด / วาระ / การตั้งครรภ์ / ชั่วโมง / ฤดูกาลโง่ / วัยทอง / สีเงินอายุ / ยุคสำริด / ยุคเหล็ก / ปีที่ดี / เวลาการควบคุม / ล่วงเวลา / ฤดู / วันสุนัข / กลางฤดูหนาว / ฤดู / ฤดู / เวลานาน / ระยะยาว / ภัยแล้ง / ยุค / รุ่น / ประวัติศาสตร์ / รัชกาล / วิ่ง / หนุ่ม / รุ่งอรุณ / ตอนเย็น / เวลา / นอน / เช่า / ครึ่งชีวิต / น้ำขึ้นน้ำลง / ระยะ / หลายขั้นตอน / ดู / เวลาสงบ / เวลาทำสงคราม / การเกณฑ์ / ดื่มน้ำผึ้งพระจันทร์ / indiction / ข้อห้าม / ระยะฟักตัว / วันที่ฝนตก / ช่วงที่เป็นสามเณร / ดอกไม้ / เวลาทำงาน / เวลาแข็งตัว / แจ้งเตือนทางอากาศ / เวลาคำถาม / เวลาจริง / เวลาจริง / ศึกษาในห้องโถง / Usance / หน้าต่าง / 


ในคริสต์ศตวรรษที่ 19 ___ชาติวิทยาชาวอังกฤษ อัลเฟรด รัสเซล วอลเลซ ได้พรรณนาถึงทุเรียนว่า "เนื้อในมันเหมือนคัสตาร์ดอย่างมาก รสชาติคล้ายอาลมอนด์" เนื้อในของทุเรียนกินได้หลากหลายไม่ว่าจะห่าม หรือสุกงอม ในเอเชียตะวันออกเฉียงใต้มีการนำทุเรียนมาทำอาหารได้หลายอย่าง
(นักธรรม)

other choices: นักวิชาการ / ศิษย์เก่า / Arabist / บรรณารักษ์ / คนรักหนังสือ / cabalist / คุณหมอ / goliard / นักประวัติศาสตร์ / นักศึกษาเรื่องมนุษยชาติ / เริ่มต้น / Islamist / Licentiate / masorete / เจ้านาย / mujtihad / นักดนตรี / คนอวดรู้ / PHILOMATH / นักปรัชญา / postdoc / ผู้อ่าน / คนยุคฟื้นฟูศิลปวิทยา / คนยุคฟื้นฟูศิลปวิทยา / ดีเยี่ยม / scholiast / schoolman / กสเปียร์ / ฟันยื่น / ภาคเรียน / vedist / 


ในคริสต์ศตวรรษที่ 19 นักธรรม___วิทยาชาวอังกฤษ อัลเฟรด รัสเซล วอลเลซ ได้พรรณนาถึงทุเรียนว่า "เนื้อในมันเหมือนคัสตาร์ดอย่างมาก รสชาติคล้ายอาลมอนด์" เนื้อในของทุเรียนกินได้หลากหลายไม่ว่าจะห่าม หรือสุกงอม ในเอเชียตะวันออกเฉียงใต้มีการนำทุเรียนมาทำอาหารได้หลายอย่าง
(ชาติ)

other choices: น่าสนใจเป็นพิเศษ / จักรวรรดิโรมันอันศักดิ์สิทธิ์ / สหภาพ / อำนาจแห่งชาติปาเลสไตน์ / เซลล์ / amphictyony / คนบ้าริม / คณะมนตรีความมั่นคง / 


ในคริสต์ศตวรรษที่ 19 นักธรรมชาติ___ชาวอังกฤษ อัลเฟรด รัสเซล วอลเลซ ได้พรรณนาถึงทุเรียนว่า "เนื้อในมันเหมือนคัสตาร์ดอย่างมาก รสชาติคล้ายอาลมอนด์" เนื้อในของทุเรียนกินได้หลากหลายไม่ว่าจะห่าม หรือสุกงอม ในเอเชียตะวันออกเฉียงใต้มีการนำทุเรียนมาทำอาหารได้หลายอย่าง
(วิทยา)

other choices: ไสยเวท / คมนาคม / สำคัญ / ชายแดน / การลำดับวงศ์ตระกูล / allometry / bibliotics / ology / สถาปัตยกรรม / ภูมิสถาปัตยกรรม / วิศวกรรม / การสำหรับแสดงความรู้สึก / วินัยเห็นอกเห็นใจ / เทววิทยา / วิทยาศาสตร์ทหาร / escapology / วิซาที่เกี่ยวกับลายมือ / Numerology / protology / Theogony / 


ในคริสต์ศตวรรษที่ 19 นักธรรมชาติวิทยา___ อัลเฟรด รัสเซล วอลเลซ ได้พรรณนาถึงทุเรียนว่า "เนื้อในมันเหมือนคัสตาร์ดอย่างมาก รสชาติคล้ายอาลมอนด์" เนื้อในของทุเรียนกินได้หลากหลายไม่ว่าจะห่าม หรือสุกงอม ในเอเชียตะวันออกเฉียงใต้มีการนำทุเรียนมาทำอาหารได้หลายอย่าง
(ชาวอังกฤษ)

other choices: ดัตช์ / อังกฤษ / ไอริช / ฝรั่งเศส / สเปน / สวิส / 


ในคริสต์ศตวรรษที่ 19 นักธรรมชาติวิทยาชาวอังกฤษ ___ รัสเซล วอลเลซ ได้พรรณนาถึงทุเรียนว่า "เนื้อในมันเหมือนคัสตาร์ดอย่างมาก รสชาติคล้ายอาลมอนด์" เนื้อในของทุเรียนกินได้หลากหลายไม่ว่าจะห่าม หรือสุกงอม ในเอเชียตะวันออกเฉียงใต้มีการนำทุเรียนมาทำอาหารได้หลายอย่าง
(อัลเฟรด)

other choices: พระคริสต์ / อาหับ / Akhenaton / Alaric / Artaxerxes ฉัน / Artaxerxes II / Ashurbanipal / Athelstan / Attila / บรูซ / คาร์ลกุสตาฟเจ้าพระยา / โคลวิส / โครซัส / Cyrus II / Darius ฉัน / Darius III / เดวิด / เอ๊ดมันด์ผม / เอ๊ดมันด์ II / เอ็ดเวิร์ดผู้สูงอายุ / เอ็ดวิน / เอ็กเบิร์ / Ethelbert / สมเด็จพระเจ้าเอเธ / สมเด็จพระเจ้าเอเธ / Fahd / Faisal / Farouk ฉัน / เฟอร์ดินานด์ผม / เฟอร์ดินานด์ / เฟรเดอริฉัน / Frederick II / เฟรดเดอวิลเลี่ยมผม / เฟรดเดอวิลเลียม ii / เฟรดเดอวิลเลียม / เฟรดเดอวิลเลียม iv / genseric / Gilgamesh / gordius / กัสตาวัส / กัสตาวัส / กัสตาวัส / กัสตาวัส / กัสตาวัส / กัสตาวัส / ฮัมมูราบี / เฮโรด / เฮเซคียา / ฮุสเซน / เจมส์ / เยโรโบอัม / Juan Carlos / Kamehameha ฉัน / Leonidas / ก็อตแลนด์ / เดทส์ / Nebuchadnezzar / โอลาฟ II / Pepin / ฟิลิป / ฟิลิป / ฟิลิป / ฟิลิป v / ฟิลิป vi / ปโตเลมีฉัน / ปโตเลมีครั้งที่สอง / ไพรัส / ฟาโรห์รามเสส / ซาอูล / เชอ / ซาโลมอน / ทาร์ควิน / วิคเตอร์เอ็มมานู II / วิคเตอร์เอ็มมานู III / Xerxes ฉัน / 


ในคริสต์ศตวรรษที่ 19 นักธรรมชาติวิทยาชาวอังกฤษ อัลเฟรด ___เซล วอลเลซ ได้พรรณนาถึงทุเรียนว่า "เนื้อในมันเหมือนคัสตาร์ดอย่างมาก รสชาติคล้ายอาลมอนด์" เนื้อในของทุเรียนกินได้หลากหลายไม่ว่าจะห่าม หรือสุกงอม ในเอเชียตะวันออกเฉียงใต้มีการนำทุเรียนมาทำอาหารได้หลายอย่าง
(รัส)

other choices: 


ในคริสต์ศตวรรษที่ 19 นักธรรมชาติวิทยาชาวอังกฤษ อัลเฟรด รัส___ล วอลเลซ ได้พรรณนาถึงทุเรียนว่า "เนื้อในมันเหมือนคัสตาร์ดอย่างมาก รสชาติคล้ายอาลมอนด์" เนื้อในของทุเรียนกินได้หลากหลายไม่ว่าจะห่าม หรือสุกงอม ในเอเชียตะวันออกเฉียงใต้มีการนำทุเรียนมาทำอาหารได้หลายอย่าง
(เซ)

other choices: กระสุน / factoid / ข้อมูลที่ผิด / วัสดุ / รายละเอียด / ความจริง / รูป / Gen / ฐานข้อมูล / ข่าว / ถั่วและ bolts / สติปัญญา / ปรับปรุง / การยืนยัน / การใช้ข้อมูลภายใน / ลับ / ลับ / การโฆษณาชวนเชื่อ / หลักสูตรการศึกษา / ข่าว / หลักฐาน / อ่านออกเสียง / การจัดระเบียบ / ผอม / สิ่ง / บัตรรายงาน / 


ในคริสต์ศตวรรษที่ 19 นักธรรมชาติวิทยาชาวอังกฤษ อัลเฟรด รัสเซ___ วอลเลซ ได้พรรณนาถึงทุเรียนว่า "เนื้อในมันเหมือนคัสตาร์ดอย่างมาก รสชาติคล้ายอาลมอนด์" เนื้อในของทุเรียนกินได้หลากหลายไม่ว่าจะห่าม หรือสุกงอม ในเอเชียตะวันออกเฉียงใต้มีการนำทุเรียนมาทำอาหารได้หลายอย่าง
(ล)

other choices: 


ในคริสต์ศตวรรษที่ 19 นักธรรมชาติวิทยาชาวอังกฤษ อัลเฟรด รัสเซล ___ลเลซ ได้พรรณนาถึงทุเรียนว่า "เนื้อในมันเหมือนคัสตาร์ดอย่างมาก รสชาติคล้ายอาลมอนด์" เนื้อในของทุเรียนกินได้หลากหลายไม่ว่าจะห่าม หรือสุกงอม ในเอเชียตะวันออกเฉียงใต้มีการนำทุเรียนมาทำอาหารได้หลายอย่าง
(วอ)

other choices: รถพยาบาล / ชายหาดเกวียน / รถบัส / แท็กซี่ / กะทัดรัด / แปลงสภาพ / รถกูบ / คนแล่นเรือเที่ยว / ไฟฟ้า / ดื่มอย่างตะกละตะกลามก๊าซ / hardtop / แฮทช์แบค / สายการบินที่ไม่มีม้า / แกนร้อน / รถจี๊ป / รถลีมูซีน / ยืม / minicar / รถมินิแวน / รุ่น T / รถก้าว / ผู้แข่ง / รถยนต์เปิดประทน / รถสปอร์ต / ยูทิลิตี้กีฬา / สแตนเลย์เรือกลไฟ / รถสต็อก / subcompact / รถท่องเที่ยว / ใช้รถ / 


ในคริสต์ศตวรรษที่ 19 นักธรรมชาติวิทยาชาวอังกฤษ อัลเฟรด รัสเซล วอ___ ได้พรรณนาถึงทุเรียนว่า "เนื้อในมันเหมือนคัสตาร์ดอย่างมาก รสชาติคล้ายอาลมอนด์" เนื้อในของทุเรียนกินได้หลากหลายไม่ว่าจะห่าม หรือสุกงอม ในเอเชียตะวันออกเฉียงใต้มีการนำทุเรียนมาทำอาหารได้หลายอย่าง
(ลเลซ)

other choices: ช่างกลึง / Vesey / 


ในคริสต์ศตวรรษที่ 19 นักธรรมชาติวิทยาชาวอังกฤษ อัลเฟรด รัสเซล วอลเลซ ได้___ถึงทุเรียนว่า "เนื้อในมันเหมือนคัสตาร์ดอย่างมาก รสชาติคล้ายอาลมอนด์" เนื้อในของทุเรียนกินได้หลากหลายไม่ว่าจะห่าม หรือสุกงอม ในเอเชียตะวันออกเฉียงใต้มีการนำทุเรียนมาทำอาหารได้หลายอย่าง
(พรรณนา)

other choices: 


ในคริสต์ศตวรรษที่ 19 นักธรรมชาติวิทยาชาวอังกฤษ อัลเฟรด รัสเซล วอลเลซ ได้พรรณนาถึง___ว่า "เนื้อในมันเหมือนคัสตาร์ดอย่างมาก รสชาติคล้ายอาลมอนด์" เนื้อในของทุเรียนกินได้หลากหลายไม่ว่าจะห่าม หรือสุกงอม ในเอเชียตะวันออกเฉียงใต้มีการนำทุเรียนมาทำอาหารได้หลายอย่าง
(ทุเรียน)

other choices: น้อยหน่า / อะโวคาโด / ต้นไม้แปรงสีฟัน / ต้นโอลีฟ / ลูกแพร์แอนโชวี่ / เชอร์รี่เปรี้ยว / มะยมฝรั่ง / ชมพู่ / องุ่นบราซิล / ฝรั่ง / ฝรั่ง / Cattley ฝรั่ง / ฝรั่งบราซิล / ผลทับทิม / มังคุด / mammee แอปเปิ้ล / มะละกอ / ต้นหม่อน / สาเก / ขนุน / Marang / Coco พลัม / ผลไม้ขนาดเล็ก / loquat / ต้นแอปเปิ้ล / medlar / พลัม / plumcot / แอปริคอท / เชอร์รี่ / ต้นไม้อัลมอนด์ / พีช / ผลไม้เนกเตอริน / ลูกแพร์ / genipa / มะเฟือง / bilimbi / ไม้เช่นมะนาว / ป่ามะม่วง / Akee / ลำไย / ลิ้นจี่ / มะนาวสเปน / เงาะ / เงาะขนสั้น / มะม่วง / พลัมหมู / mombin / ลูกพลับ / มะเฟือง / ละมุด / canistel / 


ในคริสต์ศตวรรษที่ 19 นักธรรมชาติวิทยาชาวอังกฤษ อัลเฟรด รัสเซล วอลเลซ ได้พรรณนาถึงทุเรียนว่า "___มันเหมือนคัสตาร์ดอย่างมาก รสชาติคล้ายอาลมอนด์" เนื้อในของทุเรียนกินได้หลากหลายไม่ว่าจะห่าม หรือสุกงอม ในเอเชียตะวันออกเฉียงใต้มีการนำทุเรียนมาทำอาหารได้หลายอย่าง
(เนื้อใน)

other choices: ของเหลือ / อาหารสด / อาหารสะดวกซื้อ / ช็อคโกแลต / ขนมอบ / ก้อน / พาสต้า / อาหารสุขภาพ / อาหารขยะ / อาหารอาหารเช้า / ก่อ / มะพร้าว / ขนมปังฎีกา / ปลา / อาหารทะเล / เนย / โยเกิร์ต / ชีส / ทำเลอะ / 


ในคริสต์ศตวรรษที่ 19 นักธรรมชาติวิทยาชาวอังกฤษ อัลเฟรด รัสเซล วอลเลซ ได้พรรณนาถึงทุเรียนว่า "เนื้อในมัน___มือนคัสตาร์ดอย่างมาก รสชาติคล้ายอาลมอนด์" เนื้อในของทุเรียนกินได้หลากหลายไม่ว่าจะห่าม หรือสุกงอม ในเอเชียตะวันออกเฉียงใต้มีการนำทุเรียนมาทำอาหารได้หลายอย่าง
(เห)

other choices: 


ในคริสต์ศตวรรษที่ 19 นักธรรมชาติวิทยาชาวอังกฤษ อัลเฟรด รัสเซล วอลเลซ ได้พรรณนาถึงทุเรียนว่า "เนื้อในมันเห___นคัสตาร์ดอย่างมาก รสชาติคล้ายอาลมอนด์" เนื้อในของทุเรียนกินได้หลากหลายไม่ว่าจะห่าม หรือสุกงอม ในเอเชียตะวันออกเฉียงใต้มีการนำทุเรียนมาทำอาหารได้หลายอย่าง
(มือ)

other choices: เท้าของสัตว์มีกระดูกสันหลัง / นิ้ว / นิ้วเท้า / 


ในคริสต์ศตวรรษที่ 19 นักธรรมชาติวิทยาชาวอังกฤษ อัลเฟรด รัสเซล วอลเลซ ได้พรรณนาถึงทุเรียนว่า "เนื้อในมันเหมือ___ดอย่างมาก รสชาติคล้ายอาลมอนด์" เนื้อในของทุเรียนกินได้หลากหลายไม่ว่าจะห่าม หรือสุกงอม ในเอเชียตะวันออกเฉียงใต้มีการนำทุเรียนมาทำอาหารได้หลายอย่าง
(นคัสตาร์)

other choices: 


ในคริสต์ศตวรรษที่ 19 นักธรรมชาติวิทยาชาวอังกฤษ อัลเฟรด รัสเซล วอลเลซ ได้พรรณนาถึงทุเรียนว่า "เนื้อในมันเหมือนคัสตาร์___งมาก รสชาติคล้ายอาลมอนด์" เนื้อในของทุเรียนกินได้หลากหลายไม่ว่าจะห่าม หรือสุกงอม ในเอเชียตะวันออกเฉียงใต้มีการนำทุเรียนมาทำอาหารได้หลายอย่าง
(ดอย่า)

other choices: 


ในคริสต์ศตวรรษที่ 19 นักธรรมชาติวิทยาชาวอังกฤษ อัลเฟรด รัสเซล วอลเลซ ได้พรรณนาถึงทุเรียนว่า "เนื้อในมันเหมือนคัสตาร์ดอย่า___ รสชาติคล้ายอาลมอนด์" เนื้อในของทุเรียนกินได้หลากหลายไม่ว่าจะห่าม หรือสุกงอม ในเอเชียตะวันออกเฉียงใต้มีการนำทุเรียนมาทำอาหารได้หลายอย่าง
(งมาก)

other choices: 


ในคริสต์ศตวรรษที่ 19 นักธรรมชาติวิทยาชาวอังกฤษ อัลเฟรด รัสเซล วอลเลซ ได้พรรณนาถึงทุเรียนว่า "เนื้อในมันเหมือนคัสตาร์ดอย่างมาก ___คล้ายอาลมอนด์" เนื้อในของทุเรียนกินได้หลากหลายไม่ว่าจะห่าม หรือสุกงอม ในเอเชียตะวันออกเฉียงใต้มีการนำทุเรียนมาทำอาหารได้หลายอย่าง
(รสชาติ)

other choices: 


ในคริสต์ศตวรรษที่ 19 นักธรรมชาติวิทยาชาวอังกฤษ อัลเฟรด รัสเซล วอลเลซ ได้พรรณนาถึงทุเรียนว่า "เนื้อในมันเหมือนคัสตาร์ดอย่างมาก รสชาติคล้าย___ลมอนด์" เนื้อในของทุเรียนกินได้หลากหลายไม่ว่าจะห่าม หรือสุกงอม ในเอเชียตะวันออกเฉียงใต้มีการนำทุเรียนมาทำอาหารได้หลายอย่าง
(อา)

other choices: 


ในคริสต์ศตวรรษที่ 19 นักธรรมชาติวิทยาชาวอังกฤษ อัลเฟรด รัสเซล วอลเลซ ได้พรรณนาถึงทุเรียนว่า "เนื้อในมันเหมือนคัสตาร์ดอย่างมาก รสชาติคล้ายอา___อนด์" เนื้อในของทุเรียนกินได้หลากหลายไม่ว่าจะห่าม หรือสุกงอม ในเอเชียตะวันออกเฉียงใต้มีการนำทุเรียนมาทำอาหารได้หลายอย่าง
(ลม)

other choices: สภาพอากาศหนาวเย็น / สภาพอากาศที่เป็นธรรม / สภาพอากาศร้อน / การละลาย / การเร่งรัด / คลื่น / องค์ประกอบ / บรรยากาศ / อากาศดี / อากาศไม่ดี / 


ในคริสต์ศตวรรษที่ 19 นักธรรมชาติวิทยาชาวอังกฤษ อัลเฟรด รัสเซล วอลเลซ ได้พรรณนาถึงทุเรียนว่า "เนื้อในมันเหมือนคัสตาร์ดอย่างมาก รสชาติคล้ายอาลม___" เนื้อในของทุเรียนกินได้หลากหลายไม่ว่าจะห่าม หรือสุกงอม ในเอเชียตะวันออกเฉียงใต้มีการนำทุเรียนมาทำอาหารได้หลายอย่าง
(อนด์)

other choices: 


ในคริสต์ศตวรรษที่ 19 นักธรรมชาติวิทยาชาวอังกฤษ อัลเฟรด รัสเซล วอลเลซ ได้พรรณนาถึงทุเรียนว่า "เนื้อในมันเหมือนคัสตาร์ดอย่างมาก รสชาติคล้ายอาลมอนด์" ___ของทุเรียนกินได้หลากหลายไม่ว่าจะห่าม หรือสุกงอม ในเอเชียตะวันออกเฉียงใต้มีการนำทุเรียนมาทำอาหารได้หลายอย่าง
(เนื้อใน)

other choices: ของเหลือ / อาหารสด / อาหารสะดวกซื้อ / ช็อคโกแลต / ขนมอบ / ก้อน / พาสต้า / อาหารสุขภาพ / อาหารขยะ / อาหารอาหารเช้า / ก่อ / มะพร้าว / ขนมปังฎีกา / ปลา / อาหารทะเล / เนย / โยเกิร์ต / ชีส / ทำเลอะ / 


ในคริสต์ศตวรรษที่ 19 นักธรรมชาติวิทยาชาวอังกฤษ อัลเฟรด รัสเซล วอลเลซ ได้พรรณนาถึงทุเรียนว่า "เนื้อในมันเหมือนคัสตาร์ดอย่างมาก รสชาติคล้ายอาลมอนด์" เนื้อในของ___กินได้หลากหลายไม่ว่าจะห่าม หรือสุกงอม ในเอเชียตะวันออกเฉียงใต้มีการนำทุเรียนมาทำอาหารได้หลายอย่าง
(ทุเรียน)

other choices: น้อยหน่า / อะโวคาโด / ต้นไม้แปรงสีฟัน / ต้นโอลีฟ / ลูกแพร์แอนโชวี่ / เชอร์รี่เปรี้ยว / มะยมฝรั่ง / ชมพู่ / องุ่นบราซิล / ฝรั่ง / ฝรั่ง / Cattley ฝรั่ง / ฝรั่งบราซิล / ผลทับทิม / มังคุด / mammee แอปเปิ้ล / มะละกอ / ต้นหม่อน / สาเก / ขนุน / Marang / Coco พลัม / ผลไม้ขนาดเล็ก / loquat / ต้นแอปเปิ้ล / medlar / พลัม / plumcot / แอปริคอท / เชอร์รี่ / ต้นไม้อัลมอนด์ / พีช / ผลไม้เนกเตอริน / ลูกแพร์ / genipa / มะเฟือง / bilimbi / ไม้เช่นมะนาว / ป่ามะม่วง / Akee / ลำไย / ลิ้นจี่ / มะนาวสเปน / เงาะ / เงาะขนสั้น / มะม่วง / พลัมหมู / mombin / ลูกพลับ / มะเฟือง / ละมุด / canistel / 


ในคริสต์ศตวรรษที่ 19 นักธรรมชาติวิทยาชาวอังกฤษ อัลเฟรด รัสเซล วอลเลซ ได้พรรณนาถึงทุเรียนว่า "เนื้อในมันเหมือนคัสตาร์ดอย่างมาก รสชาติคล้ายอาลมอนด์" เนื้อในของทุเรียนกินได้หลากหลายไม่ว่าจะ___ หรือสุกงอม ในเอเชียตะวันออกเฉียงใต้มีการนำทุเรียนมาทำอาหารได้หลายอย่าง
(ห่าม)

other choices: 


ในคริสต์ศตวรรษที่ 19 นักธรรมชาติวิทยาชาวอังกฤษ อัลเฟรด รัสเซล วอลเลซ ได้พรรณนาถึงทุเรียนว่า "เนื้อในมันเหมือนคัสตาร์ดอย่างมาก รสชาติคล้ายอาลมอนด์" เนื้อในของทุเรียนกินได้หลากหลายไม่ว่าจะห่าม หรือ___ ในเอเชียตะวันออกเฉียงใต้มีการนำทุเรียนมาทำอาหารได้หลายอย่าง
(สุกงอม)

other choices: 


ในคริสต์ศตวรรษที่ 19 นักธรรมชาติวิทยาชาวอังกฤษ อัลเฟรด รัสเซล วอลเลซ ได้พรรณนาถึงทุเรียนว่า "เนื้อในมันเหมือนคัสตาร์ดอย่างมาก รสชาติคล้ายอาลมอนด์" เนื้อในของทุเรียนกินได้หลากหลายไม่ว่าจะห่าม หรือสุกงอม ใน___มีการนำทุเรียนมาทำอาหารได้หลายอย่าง
(เอเชียตะวันออกเฉียงใต้)

other choices: ดาลูเซีย / สหรัฐ / ที่ดิน Adelie / ดินแดนที่ไม่ดี / บาร์บารี / Bithynia / นูเบีย / Caucasia / Transcaucasia / ที่ดินเสื้อ / ทางทิศตะวันออก / ทิศตะวันออกเฉียงใต้ / ทิศตะวันตกเฉียงใต้ / ตะวันออกเฉียงเหนือ / ตะวันตกเฉียงเหนือ / มิดเวสต์ / ทิศตะวันตกเฉียงเหนือของมหาสมุทรแปซิฟิก / ที่ดิน Enderby / ทะเลสาบนิ้ว / Maghreb / โค้งขนาดใหญ่ / ที่ดินม็อดพระราชินี / ที่ดินวิกตอเรีย / ที่ดิน Wilkes / ไปทางทิศตะวันตก / แอฟริกาตะวันออก / Cappadocia / กาลาเทีย / เจีย / พอนทัส / อล / แคริบเบียน / เบงกอล / Patagonia / ทุ่งหญ้า / แมนจูเรีย / Turkistan / อินโดจีนฝรั่งเศส / Mesoamerica / สโลวาเกีย / โมราเวีย / ตำบลโบฮีเมีย / สแกนดิเนเวี / แซกโซนี / เรห์น / บรันเดนบู / แคว้นปรัสเซีย / Ruhr / ทูรินเจีย / เลีย / อีไพรุส / ลาโคเนีย / Lycia / ลิเดีย / Thessalia / อาร์เคเดีย / ตะวันออกกลาง / เสี้ยวอันอุดมสมบูรณ์ / เวสต์แบงก์ / กาลิลี / ฉนวนกาซา / ความสูงโกลาน / ปาเลสไตน์ / ยูดาห์ / แคว้นยูเดีย / ลิสเตีย / จักรวรรดิไบเซนไทน์ / จักรวรรดิโรมันตะวันตก / เซอร์เบีย / มอนเตเนโก / ดัล / สุนัขพันธุ์หนึ่ง / ทะเลจังหวัด / Klondike / ออสเตรียฮังการี / จักรวรรดิอังกฤษ / Cumbria / เรสต์ใหม่ / Anglia ตะวันออก / แลงคาเชียร์ / ยอร์ค / Northumbria / ประเทศตะวันตก / เวสเซ็กส์ / เสื้อคลุมหลวม / สกอตแลนด์ / อินเดีย / Kanara / ปัญจาบ / รัฐอ่าว / อีแลม / ลิแวนต์ / มาซีโดเนีย / เทรซ / แคว้นเมซอพอเทเมีย / ประเทศแบบอิโลเนีย / เคลเดีย / สุเมเรียน / ประเทศแอสซีเรีย / Phenicia / ประเทศฝรั่งเศสโบราณ / ริเวียร่า / midi / Normandie / Orléanais / โอลิมปิกลียง / ตนเซ็โวย / กิอานา / ฟรีสลันด์ / Frisia / Thule / Lappland / Tartary / ประเทศมองโกเลีย / ซาฮาร่าตะวันตก / แคชเมียร์ / เธีย / Nejd / จ๊าซ / เชชเนีย / ไซบีเรีย / รัสเซียยุโรป / ลิโวเนีย / Colchis / Donets ลุ่มน้ำ / ไอบีเรีย / ละตินอเมริกา / กาลิเซีย / Leon / ซูดาน / ยิกา / ถาน / ถานอิรัก / โยนก / ชายฝั่งตะวันออก / ชายฝั่งตะวันตก / นิวอิงแลนด์ / สหรัฐอเมริกากลางมหาสมุทรแอตแลนติก / รัฐอ่าว / การร่วมมือกัน / ทางทิศใต้ / จังหวัดชายแดนภาคใต้ / ซันเบลท์ / ฝั่งทะเล / Piedmont / ทางทิศเหนือ / แคโรไลนา / ดาโคตา / บลูแกรส / ประเทศต่ำ / Lusitania / Silesia / sur ใหญ่ / หุบเขาซิลิคอน / sub-Saharan Africa / ซีเธีย / แอฟริกาเหนือ / แอฟริกาตะวันตก / 


ในคริสต์ศตวรรษที่ 19 นักธรรมชาติวิทยาชาวอังกฤษ อัลเฟรด รัสเซล วอลเลซ ได้พรรณนาถึงทุเรียนว่า "เนื้อในมันเหมือนคัสตาร์ดอย่างมาก รสชาติคล้ายอาลมอนด์" เนื้อในของทุเรียนกินได้หลากหลายไม่ว่าจะห่าม หรือสุกงอม ในเอเชียตะวันออกเฉียงใต้มี___ทุเรียนมาทำอาหารได้หลายอย่าง
(การนำ)

other choices: ปรับปรุง / การเปลี่ยนแปลง / พื้นที่เดิน / นิสัยชอบบ้าน / การดำเนินการ / การดำเนินการ / การปฏิบัติ / นันทนาการ / ถ้วยชา / ติดตาม / เกม / กลับ / เพลง / การแสดง / ความคึกคัก / ระเบิด / งาน / โรงงาน / บริการ / อาชีพ / อาชีพ / การเขียน / บทบาท / การกระทำผิดกฎหมาย / ของเสีย / พยายาม / ควบคุม / การป้องกัน / กิจกรรมทางประสาทสัมผัส / การศึกษา / การอบรม / การแสดง / การสร้าง / การรื้อ / เจาะ / ค้นหา / ใช้ / การดำเนินการ / การวัด / การสอบเทียบ / องค์กร / หมวดหมู่ / สนับสนุน / ความต่อเนื่อง / ขั้นตอน / พิธี / พิธี / นมัสการ / พลัง / การปกปิด / การวาง / บทบัญญัติ / ความต้องการ / ความสุข / ความรื่นรมย์ / ความเศร้าโศก / เสียงหัวเราะ / ตลาด / การเมือง / การจัดเตรียม / ช่วยเหลือ / สนับสนุน / พฤติกรรม / พฤติกรรม / precession / เดียว / ฉวัดเฉวียน / สนุก / ปล่อย / สุดท้าย / ความลึกลับ / การเจรจาต่อรอง / บอกกล่าวด้วยวาจา / การก่อกวน / การจับเวลา / 


ในคริสต์ศตวรรษที่ 19 นักธรรมชาติวิทยาชาวอังกฤษ อัลเฟรด รัสเซล วอลเลซ ได้พรรณนาถึงทุเรียนว่า "เนื้อในมันเหมือนคัสตาร์ดอย่างมาก รสชาติคล้ายอาลมอนด์" เนื้อในของทุเรียนกินได้หลากหลายไม่ว่าจะห่าม หรือสุกงอม ในเอเชียตะวันออกเฉียงใต้มีการนำ___มาทำอาหารได้หลายอย่าง
(ทุเรียน)

other choices: น้อยหน่า / อะโวคาโด / ต้นไม้แปรงสีฟัน / ต้นโอลีฟ / ลูกแพร์แอนโชวี่ / เชอร์รี่เปรี้ยว / มะยมฝรั่ง / ชมพู่ / องุ่นบราซิล / ฝรั่ง / ฝรั่ง / Cattley ฝรั่ง / ฝรั่งบราซิล / ผลทับทิม / มังคุด / mammee แอปเปิ้ล / มะละกอ / ต้นหม่อน / สาเก / ขนุน / Marang / Coco พลัม / ผลไม้ขนาดเล็ก / loquat / ต้นแอปเปิ้ล / medlar / พลัม / plumcot / แอปริคอท / เชอร์รี่ / ต้นไม้อัลมอนด์ / พีช / ผลไม้เนกเตอริน / ลูกแพร์ / genipa / มะเฟือง / bilimbi / ไม้เช่นมะนาว / ป่ามะม่วง / Akee / ลำไย / ลิ้นจี่ / มะนาวสเปน / เงาะ / เงาะขนสั้น / มะม่วง / พลัมหมู / mombin / ลูกพลับ / มะเฟือง / ละมุด / canistel / 


ในคริสต์ศตวรรษที่ 19 นักธรรมชาติวิทยาชาวอังกฤษ อัลเฟรด รัสเซล วอลเลซ ได้พรรณนาถึงทุเรียนว่า "เนื้อในมันเหมือนคัสตาร์ดอย่างมาก รสชาติคล้ายอาลมอนด์" เนื้อในของทุเรียนกินได้หลากหลายไม่ว่าจะห่าม หรือสุกงอม ในเอเชียตะวันออกเฉียงใต้มีการนำทุเรียนมา___ได้หลายอย่าง
(ทำอาหาร)

other choices: 


===============================

ทั้งเป็นอาหารคาวและอาหารหวาน

===============================

ทั้งเป็น___และอาหารหวาน
(อาหารคาว)

other choices: 


ทั้งเป็นอาหารคาวและ___
(อาหารหวาน)

other choices: การเข้า / อาหารจานหลัก / 


===============================

แม้แต่เมล็ดก็ยังรับประทานได้เมื่อทำให้สุก

===============================

แม้แต่___ก็ยังรับประทานได้เมื่อทำให้สุก
(เมล็ด)

other choices: 


แม้แต่เมล็ดก็ยังรับประทานได้เมื่อทำให้___
(สุก)

other choices: 


===============================



===============================

___
()

other choices: 


===============================

ทุเรียนมีมากกว่า 30 ชนิด มีอย่างน้อย 9 ชนิดที่รับประทานได้

===============================

___มีมากกว่า 30 ชนิด มีอย่างน้อย 9 ชนิดที่รับประทานได้
(ทุเรียน)

other choices: น้อยหน่า / อะโวคาโด / ต้นไม้แปรงสีฟัน / ต้นโอลีฟ / ลูกแพร์แอนโชวี่ / เชอร์รี่เปรี้ยว / มะยมฝรั่ง / ชมพู่ / องุ่นบราซิล / ฝรั่ง / ฝรั่ง / Cattley ฝรั่ง / ฝรั่งบราซิล / ผลทับทิม / มังคุด / mammee แอปเปิ้ล / มะละกอ / ต้นหม่อน / สาเก / ขนุน / Marang / Coco พลัม / ผลไม้ขนาดเล็ก / loquat / ต้นแอปเปิ้ล / medlar / พลัม / plumcot / แอปริคอท / เชอร์รี่ / ต้นไม้อัลมอนด์ / พีช / ผลไม้เนกเตอริน / ลูกแพร์ / genipa / มะเฟือง / bilimbi / ไม้เช่นมะนาว / ป่ามะม่วง / Akee / ลำไย / ลิ้นจี่ / มะนาวสเปน / เงาะ / เงาะขนสั้น / มะม่วง / พลัมหมู / mombin / ลูกพลับ / มะเฟือง / ละมุด / canistel / 


ทุเรียนมีมากกว่า 30 ___ มีอย่างน้อย 9 ชนิดที่รับประทานได้
(ชนิด)

other choices: ลักษณะ / antitype / รูปแบบศิลปะ / สไตล์ / รส / สี / สายพันธุ์ / ประเภท / ยี่ห้อ / ประเภท / ชอบ / ลักษณะ / แบบ / ริ้ว / ชอบ / 


ทุเรียนมีมากกว่า 30 ชนิด มีอย่างน้อย 9 ___ที่รับประทานได้
(ชนิด)

other choices: ลักษณะ / antitype / รูปแบบศิลปะ / สไตล์ / รส / สี / สายพันธุ์ / ประเภท / ยี่ห้อ / ประเภท / ชอบ / ลักษณะ / แบบ / ริ้ว / ชอบ / 


===============================

แต่มีเพียง Durio zibethinus เพียงชนิดเดียวเท่านั้น ที่ได้รับความนิยมทั่วโลก

===============================

แต่มีเพียง ___ zibethinus เพียงชนิดเดียวเท่านั้น ที่ได้รับความนิยมทั่วโลก
(Durio)

other choices: Capparis / Cleome ประเภท / crateva / polanisia / aethionema / alliaria / Alyssum / anastatica / Arabidopsis / Arabis / armoracia / barbarea / berteroa / biscutella / Brassica / cakile / camelina / capsella / cardamine / Dentaria / cheiranthus / cochlearia / crambe / descurainia / diplotaxis / Draba ประเภท / eruca / erysimum / heliophila ประเภท / Hesperis / hugueninia / Iberis / Isatis / Lepidium / lesquerella / lobularia / Lunaria / malcolmia / matthiola / ผักนัซเทอร์ฌัม / physaria / pritzelago / raphanus / rorippa / schizopetalon ประเภท / Sinapis / sisymbrium ประเภท / stanleya / stephanomeria / subularia / thlaspi / thysanocarpus / turritis / vesicaria / Papaver / argemone ประเภท / bocconia ประเภท / chelidonium / corydalis / dendromecon / eschscholtzia / glaucium / hunnemannia / Macleaya / meconopsis / platystemon / Romneya / Sanguinaria / stylomecon / stylophorum / fumaria / adlumia / Dicentra / loasa ประเภท / mentzelia / สำรอง / abelmoschus / Abutilon / alcea / Althaea ประเภท / Callirhoe / Gossypium / ชบาประเภท / hoheria / Iliamna / kosteletzya / Lavatera / malacothamnus / Malope ประเภท / ดาย / malvaviscus / napaea / พาโวเนียสกุล / plagianthus / radyera / สีดา / Sidalcea / sphaeralcea / thespesia / สกุลงิ้ว / Adansonia / นุ่น / Montezuma ประเภท / ochroma / pseudobombax / elaeocarpus / aristotelia / ตะขบฝรั่ง / sloanea / Sterculia ประเภท / brachychiton / โคล่า / dombeya ประเภท / firmiana / fremontodendron / helicteres / heritiera / hermannia / pterospermum / tarrietia / Theobroma / triplochiton / Tilia / entelea / ปอ / grewia / sparmannia / Erica ประเภท / Andromeda ประเภท / Arbutus ประเภท / arctostaphylos / bruckenthalia / bryanthus ประเภท / Calluna / cassiope / chamaedaphne / daboecia / epigaea / Gaultheria / gaylussacia / Kalmia ประเภท / Ledum / leiophyllum / leucothoe ประเภท / loiseleuria / lyonia / menziesia / oxydendrum / phyllodoce / Pieris / Rhododendron ประเภท / ชวนชม subgenus / Vaccinium / diapensia ประเภท / Galax ประเภท / pyxidanthera / shortia ประเภท / epacris ประเภท / astroloma / richea / styphelia / pyrola ประเภท / orthilia / chimaphila / moneses / monotropa / hypopitys / sarcodes / Begonia ประเภท / Dillenia ประเภท / hibbertia / Calophyllum / clusia ประเภท / การ์ซีเนีย / Hypericum / Mammea / Mesua / Actinidia / Canella ประเภท / carica / caryocar / cistus / helianthemum ประเภท / hudsonia / Shorea / flacourtia / dovyalis / hydnocarpus / idesia ประเภท / kiggelaria / xylosma ประเภท / fouquieria / ochna / Passiflora / เรซีดาสกุล / Tamarix / myricaria / ไวโอลินใหญ่ / hybanthus / hymenanthera / melicytus / Santalum / buckleya ประเภท / comandra / eucarya / pyrularia / loranthus / arceuthobium / nuytsia / viscum / phoradendron / Camellia ประเภท / 


แต่มีเพียง Durio ___ เพียงชนิดเดียวเท่านั้น ที่ได้รับความนิยมทั่วโลก
(zibethinus)

other choices: 


===============================

จนมีตลาดเป็นสากล ในขณะทุเรียนชนิดที่เหลือมีขายแค่ในท้องถิ่นเท่านั้น

===============================

จน___ลาดเป็นสากล ในขณะทุเรียนชนิดที่เหลือมีขายแค่ในท้องถิ่นเท่านั้น
(มีต)

other choices: 


จนมีต___เป็นสากล ในขณะทุเรียนชนิดที่เหลือมีขายแค่ในท้องถิ่นเท่านั้น
(ลาด)

other choices: น้ำแข็ง / ชายหาด / ถ้ำ / หน้าผา / สันดอน / diapir / Folium / ที่ชายฝั่งระหว่างน้ำขึ้น / มวลน้ำแข็ง / ฟร้อนท์ / เทือกเขา / Monocline / ปาก / ภาวะซึมเศร้าตามธรรมชาติ / ระดับความสูงจากธรรมชาติ / ริมทะเล / พิสัย / แม่ม่าย / สันเขา / สันเขา / ฝั่งทะเล / ฤดูใบไม้ผลิ / เท้า / หลอดเลือดดำ / ปล่องภูเขาไฟ / ผนัง / ตารางน้ำ / 


จนมีตลาดเป็น___ ในขณะทุเรียนชนิดที่เหลือมีขายแค่ในท้องถิ่นเท่านั้น
(สากล)

other choices: คอมมิวนิสต์ / นาซีนิยม / 


จนมีตลาดเป็นสากล ใน___ทุเรียนชนิดที่เหลือมีขายแค่ในท้องถิ่นเท่านั้น
(ขณะ)

other choices: วัน / ตาย / เวลาที่ยากลำบาก / ชาติ / กระจ้อยร่อย / ขณะ / แมลงเม่า / ยุคอวกาศ / 


จนมีตลาดเป็นสากล ในขณะ___ชนิดที่เหลือมีขายแค่ในท้องถิ่นเท่านั้น
(ทุเรียน)

other choices: น้อยหน่า / อะโวคาโด / ต้นไม้แปรงสีฟัน / ต้นโอลีฟ / ลูกแพร์แอนโชวี่ / เชอร์รี่เปรี้ยว / มะยมฝรั่ง / ชมพู่ / องุ่นบราซิล / ฝรั่ง / ฝรั่ง / Cattley ฝรั่ง / ฝรั่งบราซิล / ผลทับทิม / มังคุด / mammee แอปเปิ้ล / มะละกอ / ต้นหม่อน / สาเก / ขนุน / Marang / Coco พลัม / ผลไม้ขนาดเล็ก / loquat / ต้นแอปเปิ้ล / medlar / พลัม / plumcot / แอปริคอท / เชอร์รี่ / ต้นไม้อัลมอนด์ / พีช / ผลไม้เนกเตอริน / ลูกแพร์ / genipa / มะเฟือง / bilimbi / ไม้เช่นมะนาว / ป่ามะม่วง / Akee / ลำไย / ลิ้นจี่ / มะนาวสเปน / เงาะ / เงาะขนสั้น / มะม่วง / พลัมหมู / mombin / ลูกพลับ / มะเฟือง / ละมุด / canistel / 


จนมีตลาดเป็นสากล ในขณะทุเรียน___ที่เหลือมีขายแค่ในท้องถิ่นเท่านั้น
(ชนิด)

other choices: ลักษณะ / antitype / รูปแบบศิลปะ / สไตล์ / รส / สี / สายพันธุ์ / ประเภท / ยี่ห้อ / ประเภท / ชอบ / ลักษณะ / แบบ / ริ้ว / ชอบ / 


จนมีตลาดเป็นสากล ในขณะทุเรียนชนิดที่เหลือมีขายแค่ใน___เท่านั้น
(ท้องถิ่น)

other choices: รถบัส / deadhead / ด่วน / รถรับส่ง / รถไฟ / 


===============================

ทุเรียนมีสายพันธุ์ประมาณ 100 สายพันธุ์ให้ผู้บริโภคเลือกรับประทาน

===============================

___มีสายพันธุ์ประมาณ 100 สายพันธุ์ให้ผู้บริโภคเลือกรับประทาน
(ทุเรียน)

other choices: น้อยหน่า / อะโวคาโด / ต้นไม้แปรงสีฟัน / ต้นโอลีฟ / ลูกแพร์แอนโชวี่ / เชอร์รี่เปรี้ยว / มะยมฝรั่ง / ชมพู่ / องุ่นบราซิล / ฝรั่ง / ฝรั่ง / Cattley ฝรั่ง / ฝรั่งบราซิล / ผลทับทิม / มังคุด / mammee แอปเปิ้ล / มะละกอ / ต้นหม่อน / สาเก / ขนุน / Marang / Coco พลัม / ผลไม้ขนาดเล็ก / loquat / ต้นแอปเปิ้ล / medlar / พลัม / plumcot / แอปริคอท / เชอร์รี่ / ต้นไม้อัลมอนด์ / พีช / ผลไม้เนกเตอริน / ลูกแพร์ / genipa / มะเฟือง / bilimbi / ไม้เช่นมะนาว / ป่ามะม่วง / Akee / ลำไย / ลิ้นจี่ / มะนาวสเปน / เงาะ / เงาะขนสั้น / มะม่วง / พลัมหมู / mombin / ลูกพลับ / มะเฟือง / ละมุด / canistel / 


ทุเรียนมี___ประมาณ 100 สายพันธุ์ให้ผู้บริโภคเลือกรับประทาน
(สายพันธุ์)

other choices: พันธุ์ / 


ทุเรียนมีสายพันธุ์ประมาณ 100 ___ให้ผู้บริโภคเลือกรับประทาน
(สายพันธุ์)

other choices: พันธุ์ / 


ทุเรียนมีสายพันธุ์ประมาณ 100 สายพันธุ์ให้___เลือกรับประทาน
(ผู้บริโภค)

other choices: Chewer / คอนเสิร์ตคนที่ออกไป / ผู้ดื่ม / ผู้ดื่ม / ที่รับประทาน / ฟุ่มเฟือย / ผู้สูบบุหรี่ / กรรไกรตัดเทียน / 


===============================

นอกจากนี้ยังมีราคาสูงอีกด้วย

===============================

นอกจากนี้ยัง___สูงอีกด้วย
(มีราคา)

other choices: ค่าใช้จ่าย / เงินโอน / 


===============================

ส่วนในประเทศไทยพบทุเรียนอยู่ 5 ชนิด

===============================

___ในประเทศไทยพบทุเรียนอยู่ 5 ชนิด
(ส่วน)

other choices: สมบัติ / ความสัมพันธ์ทางสังคม / ตำแหน่ง / ความเป็นเจ้าของ / เวรกรรม / ความสัมพันธ์ / ฟังก์ชัน / สมาคม / ความสัมพันธ์เชิงตรรกะ / ความสัมพันธ์ทางคณิตศาสตร์ / มูลนิธิ / สัมพันธ์ / unconnectedness / ความสัมพันธ์ทางภาษา / ความเป็นพี่น้องกัน / ระบบเครือญาติ / ความสัมพันธ์ขนาด / ควบคุม / ความสัมพันธ์ทางธุรกิจ / reciprocality / การข้องกัน / ความสัมพันธ์ชั่วขณะ / การเปรียบเทียบ / ฝ่ายค้าน / เปลี่ยนแปลง / 


ส่วนในประเทศ___พบทุเรียนอยู่ 5 ชนิด
(ไทย)

other choices: อัฟกานิสถาน / พม่า / กัมพูชา / ประเทศจีน / บาห์เรน / บังคลาเทศ / ภูฏาน / อินเดีย / ประเทศเนปาล / ประเทศธิเบต / อิหร่าน / อิรัก / ประเทศญี่ปุ่น / จอร์แดน / คูเวต / เกาหลีเหนือ / เกาหลีใต้ / ลาว / เลบานอน / ประเทศมาเลเซีย / ประเทศมองโกเลีย / โอมาน / ปากีสถาน / กาตาร์ / ซาอุดิอาราเบีย / สิงคโปร์ / อาร์เมเนีย / อาเซอร์ไบจาน / จอร์เจีย / คาซัคสถาน / คีร์กีสถาน / ทาจิกิสถาน / อุซเบกิ / ซีเรีย / สหรัฐอาหรับเอมิเรตส์ / เวียดนาม / เวียดนามเหนือ / เวียดนามใต้ / เยเมน / 


ส่วนในประเทศไทยพบ___อยู่ 5 ชนิด
(ทุเรียน)

other choices: น้อยหน่า / อะโวคาโด / ต้นไม้แปรงสีฟัน / ต้นโอลีฟ / ลูกแพร์แอนโชวี่ / เชอร์รี่เปรี้ยว / มะยมฝรั่ง / ชมพู่ / องุ่นบราซิล / ฝรั่ง / ฝรั่ง / Cattley ฝรั่ง / ฝรั่งบราซิล / ผลทับทิม / มังคุด / mammee แอปเปิ้ล / มะละกอ / ต้นหม่อน / สาเก / ขนุน / Marang / Coco พลัม / ผลไม้ขนาดเล็ก / loquat / ต้นแอปเปิ้ล / medlar / พลัม / plumcot / แอปริคอท / เชอร์รี่ / ต้นไม้อัลมอนด์ / พีช / ผลไม้เนกเตอริน / ลูกแพร์ / genipa / มะเฟือง / bilimbi / ไม้เช่นมะนาว / ป่ามะม่วง / Akee / ลำไย / ลิ้นจี่ / มะนาวสเปน / เงาะ / เงาะขนสั้น / มะม่วง / พลัมหมู / mombin / ลูกพลับ / มะเฟือง / ละมุด / canistel / 


===============================

