มันสำปะหลังเป็นไม้พุ่มขนาดเล็ก ชอบขึ้นในพื้นที่ที่มีอากาศร้อน

===============================

___เป็นไม้พุ่มขนาดเล็ก ชอบขึ้นในพื้นที่ที่มีอากาศร้อน
(มันสำปะหลัง)

other choices: แป้งเท้ายายม่อม / แป้งข้าวโพด / สาคู / แป้งเท้ายายม่อม otaheite / 


มันสำปะหลังเป็น___ขนาดเล็ก ชอบขึ้นในพื้นที่ที่มีอากาศร้อน
(ไม้พุ่ม)

other choices: สะแก / ต้นไม้ของผู้เดินทาง / รัฐควีนส์แลนด์ของพืชหญ้าผ้า / เถานม / ครามป่า / พุ่มไม้จำพวกถั่ว / โหดร้าย / ราตรี / พืช arborescent / ต้นไม้ / พุ่มไม้ / 


มันสำปะหลังเป็นไม้พุ่ม___ ชอบขึ้นในพื้นที่ที่มีอากาศร้อน
(ขนาดเล็ก)

other choices: อาน / หลังม้า / ท่าเรือ / ตะโหงกม้า / ปืนใหญ่ / เนื้อซี่โครง / ส่วนหลังของสัตว์เท้า / ปีก / ทรวงอก / อุปกรณ์ / ส่วนประกอบ / พื้นที่ / ร่อง / กั้น / ส่วนหนึ่งของร่างกายภายนอก / โครงสร้าง / ระบบ / เนื้อเยื่อ / อวัยวะ / กระบวนการ / กลีบ / ไส้ตรง / ไหล่ / เนื้อตัว / ทรวงอก / ทรวงอก / สะโพก / บั้นท้าย / ท้อง / กลับ / ก้น / สะโพก / ตอไม้ / ก้าน / หน้าแข้ง / นิ้วเท้า / ร่วมกัน / เอว / ลักษณะ / ขั้นต้น / 


มันสำปะหลังเป็นไม้พุ่มขนาดเล็ก ชอบขึ้นใน___ที่มีอากาศร้อน
(พื้นที่)

other choices: น้ำนิ่ง / อู่ข้าวอู่น้ำ / โรงละครแห่งสงคราม / สนาม / โซนของการตกแต่งภายใน / ตำบล / โดเมน / เมืองเหนือ / สนาม / พื้นที่ทางภูมิศาสตร์ / ภูมิภาค biogeographical / ตำบลที่สำคัญมาก / สิ่งที่ตรงข้ามกัน / ไม่ทราบ / สนามทดสอบ / 


มันสำปะหลังเป็นไม้พุ่มขนาดเล็ก ชอบขึ้นในพื้นที่ที่มี___ร้อน
(อากาศ)

other choices: บรรยากาศ / ก๊าซเฉื่อย / คลอรีน / ฟลูออรีน / ไฮโดรเจน / ก๊าซไนโตรเจน / ออกซิเจน / บิวเทน / โพรเพน / ไนโตรเจนไดออกไซด์ / ไนตริกออกไซด์ / ก๊าซระเบิด / ไซยานอยิน / ไอเสีย / บีบอัดก๊าซ / เอทิลีน / ผลิตก๊าซ / ฟอร์มาล​​ดีไฮด์ / ก๊าซเรือนกระจก / ก๊าซปิโตรเลียมเหลว / ก๊าซน้ำ / แก๊สอุดมคติ / ดม / มีเทน / โอโซน / ฟอสจีน / ฟอสฟีน / ก๊าซพิษ / โพรพิลีน / กลิ่นไอ / ก๊าซท่อระบายน้ำ / ระเหิด / ก๊าซซัลเฟอร์ไดออกไซด์ / แก๊สน้ำตา / 


===============================

ดังนั้นประเทศไทยจึงเหมาะสำหรับการปลูกมันสำปะหลัง หัวมันสำปะหลังคือรากของมัน แป้งที่ทำมาจากมันสำปะหลัง เรียกว่า แป้งมัน เราขยายพันธุ์มันสำปะหลังโดยการใช้ลำต้นตัดเป็นท่อนปักชำ มันสำปะหลังสามารถนำมาทำเป็นอาหารต่างๆ ได้มากมาย

===============================

ดังนั้น___จึงเหมาะสำหรับการปลูกมันสำปะหลัง หัวมันสำปะหลังคือรากของมัน แป้งที่ทำมาจากมันสำปะหลัง เรียกว่า แป้งมัน เราขยายพันธุ์มันสำปะหลังโดยการใช้ลำต้นตัดเป็นท่อนปักชำ มันสำปะหลังสามารถนำมาทำเป็นอาหารต่างๆ ได้มากมาย
(ประเทศไทย)

other choices: อัฟกานิสถาน / พม่า / กัมพูชา / ประเทศจีน / บาห์เรน / บังคลาเทศ / ภูฏาน / อินเดีย / ประเทศเนปาล / ประเทศธิเบต / อิหร่าน / อิรัก / ประเทศญี่ปุ่น / จอร์แดน / คูเวต / เกาหลีเหนือ / เกาหลีใต้ / ลาว / เลบานอน / ประเทศมาเลเซีย / ประเทศมองโกเลีย / โอมาน / ปากีสถาน / กาตาร์ / ซาอุดิอาราเบีย / สิงคโปร์ / อาร์เมเนีย / อาเซอร์ไบจาน / จอร์เจีย / คาซัคสถาน / คีร์กีสถาน / ทาจิกิสถาน / อุซเบกิ / ซีเรีย / สหรัฐอาหรับเอมิเรตส์ / เวียดนาม / เวียดนามเหนือ / เวียดนามใต้ / เยเมน / 


ดังนั้นประเทศไทยจึง___การปลูกมันสำปะหลัง หัวมันสำปะหลังคือรากของมัน แป้งที่ทำมาจากมันสำปะหลัง เรียกว่า แป้งมัน เราขยายพันธุ์มันสำปะหลังโดยการใช้ลำต้นตัดเป็นท่อนปักชำ มันสำปะหลังสามารถนำมาทำเป็นอาหารต่างๆ ได้มากมาย
(เหมาะสำหรับ)

other choices: 


ดังนั้นประเทศไทยจึงเหมาะสำหรับการปลูก___ หัวมันสำปะหลังคือรากของมัน แป้งที่ทำมาจากมันสำปะหลัง เรียกว่า แป้งมัน เราขยายพันธุ์มันสำปะหลังโดยการใช้ลำต้นตัดเป็นท่อนปักชำ มันสำปะหลังสามารถนำมาทำเป็นอาหารต่างๆ ได้มากมาย
(มันสำปะหลัง)

other choices: แป้งเท้ายายม่อม / แป้งข้าวโพด / สาคู / แป้งเท้ายายม่อม otaheite / 


ดังนั้นประเทศไทยจึงเหมาะสำหรับการปลูกมันสำปะหลัง ___มันสำปะหลังคือรากของมัน แป้งที่ทำมาจากมันสำปะหลัง เรียกว่า แป้งมัน เราขยายพันธุ์มันสำปะหลังโดยการใช้ลำต้นตัดเป็นท่อนปักชำ มันสำปะหลังสามารถนำมาทำเป็นอาหารต่างๆ ได้มากมาย
(หัว)

other choices: เต้านม / ลำคอ / กระโปรงหน้ารถ / ฝีปาก / ริมฝีปาก / คอ / ครุย / เต้านม / ปลายสุด / ปลายสุด / ใบหน้า / ใบหน้า / 


ดังนั้นประเทศไทยจึงเหมาะสำหรับการปลูกมันสำปะหลัง หัว___คือรากของมัน แป้งที่ทำมาจากมันสำปะหลัง เรียกว่า แป้งมัน เราขยายพันธุ์มันสำปะหลังโดยการใช้ลำต้นตัดเป็นท่อนปักชำ มันสำปะหลังสามารถนำมาทำเป็นอาหารต่างๆ ได้มากมาย
(มันสำปะหลัง)

other choices: แป้งเท้ายายม่อม / แป้งข้าวโพด / สาคู / แป้งเท้ายายม่อม otaheite / 


ดังนั้นประเทศไทยจึงเหมาะสำหรับการปลูกมันสำปะหลัง หัวมันสำปะหลังคือ___ของมัน แป้งที่ทำมาจากมันสำปะหลัง เรียกว่า แป้งมัน เราขยายพันธุ์มันสำปะหลังโดยการใช้ลำต้นตัดเป็นท่อนปักชำ มันสำปะหลังสามารถนำมาทำเป็นอาหารต่างๆ ได้มากมาย
(ราก)

other choices: โครงสร้างสืบพันธุ์ / กะบัง / ปุ่ม mescal / ถ้วย / ลำธาร / ดอกเห็ด / หมวกราก / รากผม / ก้าน / ดอก / ใบไม้ / ต้นกล้า / 


ดังนั้นประเทศไทยจึงเหมาะสำหรับการปลูกมันสำปะหลัง หัวมันสำปะหลังคือรากของมัน ___ที่ทำมาจากมันสำปะหลัง เรียกว่า แป้งมัน เราขยายพันธุ์มันสำปะหลังโดยการใช้ลำต้นตัดเป็นท่อนปักชำ มันสำปะหลังสามารถนำมาทำเป็นอาหารต่างๆ ได้มากมาย
(แป้ง)

other choices: แป้ง / การระบายสี / ตั้งสมาธิ / อาหาร / วัตถุที่สาก / อาหารแช่แข็ง / อาหารกระป๋อง / อาหารแห้ง / มันสำปะหลัง / โกโก้ / เมล็ดข้าว / ส่วนผสม / ไข่ / ผลิตภัณฑ์นม / นม / นมเปรี้ยว / การทำครัว / น้ำผลไม้ / เน่าเปื่อยง่าย / 


ดังนั้นประเทศไทยจึงเหมาะสำหรับการปลูกมันสำปะหลัง หัวมันสำปะหลังคือรากของมัน แป้งที่ทำ___มันสำปะหลัง เรียกว่า แป้งมัน เราขยายพันธุ์มันสำปะหลังโดยการใช้ลำต้นตัดเป็นท่อนปักชำ มันสำปะหลังสามารถนำมาทำเป็นอาหารต่างๆ ได้มากมาย
(มาจาก)

other choices: 


ดังนั้นประเทศไทยจึงเหมาะสำหรับการปลูกมันสำปะหลัง หัวมันสำปะหลังคือรากของมัน แป้งที่ทำมาจาก___ เรียกว่า แป้งมัน เราขยายพันธุ์มันสำปะหลังโดยการใช้ลำต้นตัดเป็นท่อนปักชำ มันสำปะหลังสามารถนำมาทำเป็นอาหารต่างๆ ได้มากมาย
(มันสำปะหลัง)

other choices: แป้งเท้ายายม่อม / แป้งข้าวโพด / สาคู / แป้งเท้ายายม่อม otaheite / 


ดังนั้นประเทศไทยจึงเหมาะสำหรับการปลูกมันสำปะหลัง หัวมันสำปะหลังคือรากของมัน แป้งที่ทำมาจากมันสำปะหลัง เรียกว่า ___ เราขยายพันธุ์มันสำปะหลังโดยการใช้ลำต้นตัดเป็นท่อนปักชำ มันสำปะหลังสามารถนำมาทำเป็นอาหารต่างๆ ได้มากมาย
(แป้งมัน)

other choices: 


ดังนั้นประเทศไทยจึงเหมาะสำหรับการปลูกมันสำปะหลัง หัวมันสำปะหลังคือรากของมัน แป้งที่ทำมาจากมันสำปะหลัง เรียกว่า แป้งมัน เรา___มันสำปะหลังโดยการใช้ลำต้นตัดเป็นท่อนปักชำ มันสำปะหลังสามารถนำมาทำเป็นอาหารต่างๆ ได้มากมาย
(ขยายพันธุ์)

other choices: 


ดังนั้นประเทศไทยจึงเหมาะสำหรับการปลูกมันสำปะหลัง หัวมันสำปะหลังคือรากของมัน แป้งที่ทำมาจากมันสำปะหลัง เรียกว่า แป้งมัน เราขยายพันธุ์___โดยการใช้ลำต้นตัดเป็นท่อนปักชำ มันสำปะหลังสามารถนำมาทำเป็นอาหารต่างๆ ได้มากมาย
(มันสำปะหลัง)

other choices: แป้งเท้ายายม่อม / แป้งข้าวโพด / สาคู / แป้งเท้ายายม่อม otaheite / 


ดังนั้นประเทศไทยจึงเหมาะสำหรับการปลูกมันสำปะหลัง หัวมันสำปะหลังคือรากของมัน แป้งที่ทำมาจากมันสำปะหลัง เรียกว่า แป้งมัน เราขยายพันธุ์มันสำปะหลังโดยการใช้___ตัดเป็นท่อนปักชำ มันสำปะหลังสามารถนำมาทำเป็นอาหารต่างๆ ได้มากมาย
(ลำต้น)

other choices: ใย / อ้อย / ตัด / หัวใต้ดินของพืช / แง่ง / แกน / โขด / ฝักถั่ว / หุ้น / ไทป์ / ก้านใบ / กระเปาะ / หัว / สาขา / ลำต้น / ลำต้น / 


ดังนั้นประเทศไทยจึงเหมาะสำหรับการปลูกมันสำปะหลัง หัวมันสำปะหลังคือรากของมัน แป้งที่ทำมาจากมันสำปะหลัง เรียกว่า แป้งมัน เราขยายพันธุ์มันสำปะหลังโดยการใช้ลำต้นตัดเป็น___ปักชำ มันสำปะหลังสามารถนำมาทำเป็นอาหารต่างๆ ได้มากมาย
(ท่อน)

other choices: รยางค์ / บิต / คอขวด / กระเปาะ / ชน / ส่วนประกอบ / ตัดออก / ข้อบกพร่อง / ขอบข้างหน้า / มือขวา / เศษ / ส้น / ดุม / สิ่งของที่ถูกโยนทิ้ง / กิ่ง / คอ / ปลายค้อนด้านตรงข้ามกับหัว / การกด / ที่นั่ง / มาตรา / ก้าน / กระดูกสันหลัง / นิ้วเท้า / ผลิตภัณฑ์ / หลังฉาก / ชั้นบน / ซากปรักหักพัง / 


ดังนั้นประเทศไทยจึงเหมาะสำหรับการปลูกมันสำปะหลัง หัวมันสำปะหลังคือรากของมัน แป้งที่ทำมาจากมันสำปะหลัง เรียกว่า แป้งมัน เราขยายพันธุ์มันสำปะหลังโดยการใช้ลำต้นตัดเป็นท่อน___ มันสำปะหลังสามารถนำมาทำเป็นอาหารต่างๆ ได้มากมาย
(ปักชำ)

other choices: 


ดังนั้นประเทศไทยจึงเหมาะสำหรับการปลูกมันสำปะหลัง หัวมันสำปะหลังคือรากของมัน แป้งที่ทำมาจากมันสำปะหลัง เรียกว่า แป้งมัน เราขยายพันธุ์มันสำปะหลังโดยการใช้ลำต้นตัดเป็นท่อนปักชำ ___สามารถนำมาทำเป็นอาหารต่างๆ ได้มากมาย
(มันสำปะหลัง)

other choices: แป้งเท้ายายม่อม / แป้งข้าวโพด / สาคู / แป้งเท้ายายม่อม otaheite / 


ดังนั้นประเทศไทยจึงเหมาะสำหรับการปลูกมันสำปะหลัง หัวมันสำปะหลังคือรากของมัน แป้งที่ทำมาจากมันสำปะหลัง เรียกว่า แป้งมัน เราขยายพันธุ์มันสำปะหลังโดยการใช้ลำต้นตัดเป็นท่อนปักชำ มันสำปะหลังสามารถนำมาทำเป็น___ต่างๆ ได้มากมาย
(อาหาร)

other choices: สารอาหาร / หินของนักปรัชญา / สารก่อภูมิแพ้ / การทดสอบ / ไฮโดรคอลลอยด์ / เจือปน / เชื้อเพลิงจรวด / ตัวยับยั้ง / หมัก / ตัวแทน / สารก่อมะเร็ง / เกี่ยวกับการย่อย / เชื้อเพลิง / น้ำมันหล่อลื่น / วุ้น / ส่าเหล้า / สารทำความเย็น / ยาพิษ / สารเคมีระคายเคือง / แอนติเจน / แกนด์ / พาหนะ / 


===============================

เช่น มันต้ม มันเชื่อม มันเผา

===============================

เช่น มัน___ มันเชื่อม มันเผา
(ต้ม)

other choices: 


===============================

