ความโน้มถ่วง เป็นปรากฏการณ์ธรรมชาติซึ่งทำให้วัตถุกายภาพทั้งหมดดึงดูดเข้าหากัน

===============================

ความโน้มถ่วง เป็น___ธรรมชาติซึ่งทำให้วัตถุกายภาพทั้งหมดดึงดูดเข้าหากัน
(ปรากฏการณ์)

other choices: chelation / dealignment / ลดลง / การเสื่อมสภาพ / พัฒนาการ / กระบวนการทางเศรษฐกิจ / encapsulation / การกระทำ / กระบวนการของมนุษย์ / เพิ่ม / กระบวนการทางอุตสาหกรรม / กระบวนการกลับไม่ได้ / การย้ำ / การย้ำ / กระบวนการทางธรรมชาติ / การดำเนินการ / กระบวนการอินทรีย์ / การถ่ายภาพ / การประมวลผล / กระบวนการพลิกกลับ / อาการแพ้ / การสร้าง / การเปลี่ยนแปลง / 


ความโน้มถ่วง เป็นปรากฏการณ์___ซึ่งทำให้วัตถุกายภาพทั้งหมดดึงดูดเข้าหากัน
(ธรรมชาติ)

other choices: การปรากฏ / เสน่ห์ / ความชัดเจน / ความทึบแสง / หาร / ความสะดวก / ความยาก / ติดไฟ / ความเหมาะสม / arability / ประทับใจ / ความสามารถเดินเรือได้ / ความยากจน / ความรวดร้าว / ความน่าสนใจ / การเผยแพร่ / spinnability / ความไม่เหมาะสม / ปกป้อง / เป็นมนุษย์ / อากาศ / ความเป็นเลิศ / ที่สุด / ลักษณะเฉพาะ / ความเหมาะที่จะขาย / changeableness / changelessness / ความเหมือนกัน / ข้อแตกต่าง / ความเชื่อมั่น / ความน่าจะเป็น / ความไม่แน่นอน / factuality / counterfactuality / ความสำคัญ / ไม่มีสาระสำคัญ / ความพิลึก / สภาพทั่วไป / ความง่าย / ความซับซ้อน / ความสม่ำเสมอ / ความผิดปกติ / การเคลื่อนไหว / การไม่สามารถเคลื่อน / ความรื่นรมย์ / ความไม่ราบรื่น / ความน่าเชื่อถือ / สิ่งเหลือเชื่อ / logicality / การไม่สมเหตุผล / ความธรรมดา / unnaturalness / Virtu / ความบริสุทธ์ / บาปอกุศล / satisfactoriness / unsatisfactoriness / ความตามปกติ / extraordinariness / เชื้อชาติ / foreignness / nativeness / ความคิดริเริ่ม / unoriginality / ความถูกต้อง / ความไม่ถูกต้อง / ความถูกต้อง / ความถูกต้อง / ความไม่แน่นอน / ความนิยม / ความไม่แพร่หลาย / การปฏิบัติตามกฎหมาย / ฟ้อง / ความงดงาม / ความงดงาม / ความไม่ประณีต / ความอ่อนโยน / ความสามารถเข้าใจ / ลึกซึ้ง / incomprehensibility / ความเป็นมนุษย์ / inhumaneness / ศีลธรรม / การผิดศีลธรรม / แจง / เทพบุตร / ความศักดิ์สิทธิ์ / และจุดเด่นที่ / unholiness / คุณภาพของผู้ปกครอง / ความจงรักภักดี / ความไม่ซื่อสัตย์ / ความซับซ้อน / ความไร้เดียงสา / ความแข็ง / penetrability / การไม่ยอมรับ / soapiness / fibrosity / ทิศทาง / extremeness / ความโอหัง / ความพอเพียง / คุ้มค่า / ความเหลวแหลก / ดี / ไม่ดี / บรรลุผล / การเป็นหมัน / ประโยชน์ / inutility / สินทรัพย์ / constructiveness / การทำลายล้าง / positivity / ความเป็นการปฏิเสธ / occidentalism / Orientalism / อำนาจ / ความสามารถ / ความปราศจากอำนาจ / การไร้ความสามารถ / แนวโรแมนติก / นิสัยชอบบ้าน / infiniteness / ความมิเขฅ จำกัด / quantifiability / สามารถในการละลาย / ความแก้ไม่ตก / สิ่ง / สิ่งที่ร้อน / อารมณ์ขัน / สิ่งที่น่าสมเพช / น้ำเสียง / brachycephaly / dolichocephaly / ความสัมพันธ์ / การตอบสนอง / ไม่ตอบสนอง / subjectivism / ความบ้าเห่อ / ulteriority / memorability / woodiness / waxiness / 


ความโน้มถ่วง เป็นปรากฏการณ์ธรรมชาติซึ่งทำให้___กายภาพทั้งหมดดึงดูดเข้าหากัน
(วัตถุ)

other choices: สิ่ง / สาเหตุ / เรื่อง / กระบวนการ / สสาร / 


ความโน้มถ่วง เป็นปรากฏการณ์ธรรมชาติซึ่งทำให้วัตถุ___ทั้งหมดดึงดูดเข้าหากัน
(กายภาพ)

other choices: 


===============================

ความโน้มถ่วงทำให้วัตถุกายภาพมีน้ำหนักและทำให้วัตถุตกสู่พื้นเมื่อปล่อย แรงโน้มถ่วงเป็นหนึ่งในสี่แรงหลัก

===============================

ความโน้มถ่วงทำให้___กายภาพมีน้ำหนักและทำให้วัตถุตกสู่พื้นเมื่อปล่อย แรงโน้มถ่วงเป็นหนึ่งในสี่แรงหลัก
(วัตถุ)

other choices: สิ่ง / สาเหตุ / เรื่อง / กระบวนการ / สสาร / 


ความโน้มถ่วงทำให้วัตถุ___มีน้ำหนักและทำให้วัตถุตกสู่พื้นเมื่อปล่อย แรงโน้มถ่วงเป็นหนึ่งในสี่แรงหลัก
(กายภาพ)

other choices: 


ความโน้มถ่วงทำให้วัตถุกายภาพมี___และทำให้วัตถุตกสู่พื้นเมื่อปล่อย แรงโน้มถ่วงเป็นหนึ่งในสี่แรงหลัก
(น้ำหนัก)

other choices: การดูดกลืนแสง / dissolubility / drippiness / การสะท้อนกลับ / โก่ง / อุณหภูมิ / เนื้อหาความร้อน / สุ่ม / perceptibility / ความไม่เห็นตัว / ความสว่างไสว / inaudibility / imperceptibility / reluctivity / ความไว / การสะกดจิต / ความยืดหยุ่น / ความอ่อน / inelasticity / unmalleability / มวล / โมเมนตัม / fugacity / ความยาว / 


ความโน้มถ่วงทำให้วัตถุกายภาพมีน้ำหนักและทำให้___ตกสู่พื้นเมื่อปล่อย แรงโน้มถ่วงเป็นหนึ่งในสี่แรงหลัก
(วัตถุ)

other choices: สิ่ง / สาเหตุ / เรื่อง / กระบวนการ / สสาร / 


ความโน้มถ่วงทำให้วัตถุกายภาพมีน้ำหนักและทำให้วัตถุตกสู่___เมื่อปล่อย แรงโน้มถ่วงเป็นหนึ่งในสี่แรงหลัก
(พื้น)

other choices: พื้นผิวลาดยาง / เวที / 


ความโน้มถ่วงทำให้วัตถุกายภาพมีน้ำหนักและทำให้วัตถุตกสู่พื้นเมื่อปล่อย แรงโน้มถ่วงเป็นหนึ่งใน___แรงหลัก
(สี่)

other choices: เลขฐานสอง / หลักฐานแปด / หลักทศนิยม / ส่วนที่สิบสองบาท / หลักเลขฐานสิบหก / หลักสำคัญ / ศูนย์ / หนึ่ง / สอง / สาม / ห้า / หก / เจ็ด / แปด / เก้า / 


===============================

ซึ่งประกอบด้วย แรงโน้มถ่วง แรงแม่เหล็กไฟฟ้า แรงนิวเคลียร์แบบอ่อน

===============================

ซึ่งประกอบด้วย ___ แรงแม่เหล็กไฟฟ้า แรงนิวเคลียร์แบบอ่อน
(แรงโน้มถ่วง)

other choices: ความเป็นพี่น้องกัน / พันธะเคมี / อำนาจแม่เหล็ก / กองกำลังฟานเดอ Waal ของ / 


ซึ่งประกอบด้วย แรงโน้มถ่วง ___แม่เหล็กไฟฟ้า แรงนิวเคลียร์แบบอ่อน
(แรง)

other choices: มือตาย / ด้ามจับ / 


ซึ่งประกอบด้วย แรงโน้มถ่วง แรง___ไฟฟ้า แรงนิวเคลียร์แบบอ่อน
(แม่เหล็ก)

other choices: อุปกรณ์อะคูสติก / อะแดปเตอร์ / กระตือรือร้น / agglomerator / airfoil / สัญญาณเตือนภัย / เครื่องใช้ / applicator / aspergill / หม้อแปลงไฟฟ้​​า / เหยื่อ / เครื่องหมายบิลเลียด / คนให้อาหารนก / เครื่องเป่า / Bootjack / Breathalyzer / อุปกรณ์การหายใจ / bubbler / กันชน / หนังสติ๊ก / ชาร์จ / clip-on / หวี / ผ้าพันคอ / ตัวนำ / ยาคุมกำเนิด / แปลง / corer / แก้ไข / บด / cryptograph / ตัด / dampener / สิ่งที่ทำให้ชื้น / ดัน / ทันตกรรม / เพรส / เครื่องตรวจจับ / diestock / ขับรถ / ปลอมลดลง / อุปกรณ์ที่มีความยืดหยุ่น / อุปกรณ์ไฟฟ้า / อุปกรณ์อิเล็กทรอนิกส์ / Energizer / อุปกรณ์ออกกำลังกาย / อุปกรณ์ระเบิด / แฟน / กรอง / เครื่องดับเพลิง / เปลวไฟ / เครื่องอบ / อุปกรณ์ติดตั้งก๊าซ / Groover / ยาม / เครื่องทำความร้อน / แลกเปลี่ยนความร้อน / อุปกรณ์การถือครอง / เขา / ปีกติดกับข้างเรือให้แฉลบน้ำ / ประทับ / ตัวบ่งชี้ / ตราสาร / เชื่อมต่อกัน / ผู้ขัดขวาง / จิ๊ก / สำคัญ / แป้นพิมพ์ / Kinetoscope / ผู้ทำให้ล้มลง / ยก / อุปกรณ์ยก / น้ำหนักเบา / เครื่อง / กลไก / อุปกรณ์หน่วยความจำ / เครื่องดนตรี / ไข่รองรังสำหรับให้แม่ไก่กลับมาไข่ / Noisemaker / อุปกรณ์ออปติคอล / แทนที่ / ป้อนกระดาษ / เครื่องปอก / เลือก / สนามบินอำนาจ / แยง / ต้นบท / ดึง / กล้องส่องทางไกล / ปล่อย / รีโมท / รีเซ็ต / ความยับยั้งชั่งใจ / เราเตอร์ / ทางวิ่ง / scratcher / ช้อนรองเท้า / shoetree / ติดการถ่ายภาพ / เครื่องหั่นกระดาษ / อุปกรณ์ส่งสัญญาณ / Snowshoe / SOUNDER / แหล่งที่มาของการส่องสว่าง / โคลง / Stemmer / เครื่องหนีบผม / strengthener / เหล็กจาร / ถ้วยดูด / สนับสนุน / sweatbox / synchroflash / take-up / ทีเซอร์ / ติดขว้างปา / tilter / แหนบ / ของเล่น / กับดัก / ไก / วาล์ว / เครื่องเกิดไอ / ช่องระบายอากาศ / อ่างล้างหน้า / น้ำเย็น / แผนภูมิสไลด์ / 


ซึ่งประกอบด้วย แรงโน้มถ่วง แรงแม่เหล็ก___ แรงนิวเคลียร์แบบอ่อน
(ไฟฟ้า)

other choices: ปรากฏการณ์อะคูสติก / ปรากฏการณ์ในชั้นบรรยากาศ / ชั้นขอบเขต / ความสับสนวุ่นวาย / เมฆ / decalescence / ปรากฏการณ์ไฟฟ้า / พลังงาน / พลังงาน / อำนาจ / เหตุการณ์ / สนาม / บังคับ / hysteresis / เสียงสะท้อน / ปรากฏการณ์ทางกล / ความทึบแสง / ปรากฏการณ์แสง / ความกดดัน / การสะท้อนกลับ / การหักเห / การแก้ปัญหาพลังงาน / ความละเอียด / การนำ / การเผยแผ่ / ปฏิสัมพันธ์ / แรงตึงผิว / จิ / ความโปร่งใส / ความวุ่นวาย / สับ / ลอยอยู่ในน้ำ / 


ซึ่งประกอบด้วย แรงโน้มถ่วง แรงแม่เหล็กไฟฟ้า ___นิวเคลียร์แบบอ่อน
(แรง)

other choices: มือตาย / ด้ามจับ / 


ซึ่งประกอบด้วย แรงโน้มถ่วง แรงแม่เหล็กไฟฟ้า แรง___แบบอ่อน
(นิวเคลียร์)

other choices: 


ซึ่งประกอบด้วย แรงโน้มถ่วง แรงแม่เหล็กไฟฟ้า แรงนิวเคลียร์___อ่อน
(แบบ)

other choices: น่าสงสัย / gemmule / การเก็งกำไร / การสันนิษฐาน / historicism / 


===============================

และ แรงนิวเคลียร์แบบเข้ม ในจำนวนแรงทั้งสี่แรงหลัก แรงโน้มถ่วงมีค่าน้อยที่สุด

===============================

และ ___นิวเคลียร์แบบเข้ม ในจำนวนแรงทั้งสี่แรงหลัก แรงโน้มถ่วงมีค่าน้อยที่สุด
(แรง)

other choices: มือตาย / ด้ามจับ / 


และ แรง___แบบเข้ม ในจำนวนแรงทั้งสี่แรงหลัก แรงโน้มถ่วงมีค่าน้อยที่สุด
(นิวเคลียร์)

other choices: 


และ แรงนิวเคลียร์___เข้ม ในจำนวนแรงทั้งสี่แรงหลัก แรงโน้มถ่วงมีค่าน้อยที่สุด
(แบบ)

other choices: น่าสงสัย / gemmule / การเก็งกำไร / การสันนิษฐาน / historicism / 


และ แรงนิวเคลียร์แบบเข้ม ใน___แรงทั้งสี่แรงหลัก แรงโน้มถ่วงมีค่าน้อยที่สุด
(จำนวน)

other choices: positivity / ความเป็นการปฏิเสธ / มวลที่สำคัญ / ปริมาณ / เพิ่ม / ลดลง / การเป็นจิ๋ว / ความไม่เพียงพอ / ขอบ / 


และ แรงนิวเคลียร์แบบเข้ม ในจำนวนแรงทั้ง___แรงหลัก แรงโน้มถ่วงมีค่าน้อยที่สุด
(สี่)

other choices: เลขฐานสอง / หลักฐานแปด / หลักทศนิยม / ส่วนที่สิบสองบาท / หลักเลขฐานสิบหก / หลักสำคัญ / ศูนย์ / หนึ่ง / สอง / สาม / ห้า / หก / เจ็ด / แปด / เก้า / 


===============================

ถึงแม้ว่าแรงโน้มถ่วงจะเป็นแรงที่เราไม่สามารถรับรู้ได้มากนักเพราะความเบาบางของแรงที่กระทำต่อเรา

===============================

ถึงแม้ว่าแรงโน้มถ่วงจะเป็น___ที่เราไม่สามารถรับรู้ได้มากนักเพราะความเบาบางของแรงที่กระทำต่อเรา
(แรง)

other choices: มือตาย / ด้ามจับ / 


ถึงแม้ว่าแรงโน้มถ่วงจะเป็นแรงที่เราไม่สามารถรับรู้ได้มากนักเพราะความเบาบางของ___ที่กระทำต่อเรา
(แรง)

other choices: มือตาย / ด้ามจับ / 


===============================

แต่ก็เป็นแรงเดียวที่ยึดเหนี่ยวเราไว้กับพื้นโลก แรงโน้มถ่วงมีความแรงแปรผันตรงกับมวล และแปรผกผันกับระยะทางยกกำลังสอง ไม่มีการลดทอนหรือถูกดูดซับเนื่องจากมวลใดๆ ทำให้แรงโน้มถ่วงเป็นแรงที่สำคัญมากในการยึดเหนี่ยวเอกภพไว้ด้วยกัน

===============================

แต่ก็เป็น___เดียวที่ยึดเหนี่ยวเราไว้กับพื้นโลก แรงโน้มถ่วงมีความแรงแปรผันตรงกับมวล และแปรผกผันกับระยะทางยกกำลังสอง ไม่มีการลดทอนหรือถูกดูดซับเนื่องจากมวลใดๆ ทำให้แรงโน้มถ่วงเป็นแรงที่สำคัญมากในการยึดเหนี่ยวเอกภพไว้ด้วยกัน
(แรง)

other choices: มือตาย / ด้ามจับ / 


แต่ก็เป็นแรงเดียวที่ยึดเหนี่ยวเราไว้กับ___ แรงโน้มถ่วงมีความแรงแปรผันตรงกับมวล และแปรผกผันกับระยะทางยกกำลังสอง ไม่มีการลดทอนหรือถูกดูดซับเนื่องจากมวลใดๆ ทำให้แรงโน้มถ่วงเป็นแรงที่สำคัญมากในการยึดเหนี่ยวเอกภพไว้ด้วยกัน
(พื้นโลก)

other choices: ดาวอังคาร / ปรอท / ดาวศุกร์ / 


แต่ก็เป็นแรงเดียวที่ยึดเหนี่ยวเราไว้กับพื้นโลก แรงโน้มถ่วงมีความแรงแปรผันตรงกับ___ และแปรผกผันกับระยะทางยกกำลังสอง ไม่มีการลดทอนหรือถูกดูดซับเนื่องจากมวลใดๆ ทำให้แรงโน้มถ่วงเป็นแรงที่สำคัญมากในการยึดเหนี่ยวเอกภพไว้ด้วยกัน
(มวล)

other choices: อุณหภูมิ / ความยาว / ช่วงเวลา / 


แต่ก็เป็นแรงเดียวที่ยึดเหนี่ยวเราไว้กับพื้นโลก แรงโน้มถ่วงมีความแรงแปรผันตรงกับมวล และแปรผกผันกับ___ยกกำลังสอง ไม่มีการลดทอนหรือถูกดูดซับเนื่องจากมวลใดๆ ทำให้แรงโน้มถ่วงเป็นแรงที่สำคัญมากในการยึดเหนี่ยวเอกภพไว้ด้วยกัน
(ระยะทาง)

other choices: ความใจกว้าง / การกระจาย / สมาธิ / 


แต่ก็เป็นแรงเดียวที่ยึดเหนี่ยวเราไว้กับพื้นโลก แรงโน้มถ่วงมีความแรงแปรผันตรงกับมวล และแปรผกผันกับระยะทาง___สอง ไม่มีการลดทอนหรือถูกดูดซับเนื่องจากมวลใดๆ ทำให้แรงโน้มถ่วงเป็นแรงที่สำคัญมากในการยึดเหนี่ยวเอกภพไว้ด้วยกัน
(ยกกำลัง)

other choices: การปรากฏ / เสน่ห์ / ความชัดเจน / ความทึบแสง / หาร / ความสะดวก / ความยาก / ติดไฟ / ความเหมาะสม / arability / ประทับใจ / ความสามารถเดินเรือได้ / ความยากจน / ความรวดร้าว / ความน่าสนใจ / การเผยแพร่ / spinnability / ความไม่เหมาะสม / ปกป้อง / ธรรมชาติ / เป็นมนุษย์ / อากาศ / ความเป็นเลิศ / ที่สุด / ลักษณะเฉพาะ / ความเหมาะที่จะขาย / changeableness / changelessness / ความเหมือนกัน / ข้อแตกต่าง / ความเชื่อมั่น / ความน่าจะเป็น / ความไม่แน่นอน / factuality / counterfactuality / ความสำคัญ / ไม่มีสาระสำคัญ / ความพิลึก / สภาพทั่วไป / ความง่าย / ความซับซ้อน / ความสม่ำเสมอ / ความผิดปกติ / การเคลื่อนไหว / การไม่สามารถเคลื่อน / ความรื่นรมย์ / ความไม่ราบรื่น / ความน่าเชื่อถือ / สิ่งเหลือเชื่อ / logicality / การไม่สมเหตุผล / ความธรรมดา / unnaturalness / Virtu / ความบริสุทธ์ / บาปอกุศล / satisfactoriness / unsatisfactoriness / ความตามปกติ / extraordinariness / เชื้อชาติ / foreignness / nativeness / ความคิดริเริ่ม / unoriginality / ความถูกต้อง / ความไม่ถูกต้อง / ความถูกต้อง / ความถูกต้อง / ความไม่แน่นอน / ความนิยม / ความไม่แพร่หลาย / การปฏิบัติตามกฎหมาย / ฟ้อง / ความงดงาม / ความงดงาม / ความไม่ประณีต / ความอ่อนโยน / ความสามารถเข้าใจ / ลึกซึ้ง / incomprehensibility / ความเป็นมนุษย์ / inhumaneness / ศีลธรรม / การผิดศีลธรรม / แจง / เทพบุตร / ความศักดิ์สิทธิ์ / และจุดเด่นที่ / unholiness / คุณภาพของผู้ปกครอง / ความจงรักภักดี / ความไม่ซื่อสัตย์ / ความซับซ้อน / ความไร้เดียงสา / ความแข็ง / penetrability / การไม่ยอมรับ / soapiness / fibrosity / ทิศทาง / extremeness / ความโอหัง / ความพอเพียง / คุ้มค่า / ความเหลวแหลก / ดี / ไม่ดี / บรรลุผล / การเป็นหมัน / ประโยชน์ / inutility / สินทรัพย์ / constructiveness / การทำลายล้าง / positivity / ความเป็นการปฏิเสธ / occidentalism / Orientalism / ความสามารถ / ความปราศจากอำนาจ / การไร้ความสามารถ / แนวโรแมนติก / นิสัยชอบบ้าน / infiniteness / ความมิเขฅ จำกัด / quantifiability / สามารถในการละลาย / ความแก้ไม่ตก / สิ่ง / สิ่งที่ร้อน / อารมณ์ขัน / สิ่งที่น่าสมเพช / น้ำเสียง / brachycephaly / dolichocephaly / ความสัมพันธ์ / การตอบสนอง / ไม่ตอบสนอง / subjectivism / ความบ้าเห่อ / ulteriority / memorability / woodiness / waxiness / 


แต่ก็เป็นแรงเดียวที่ยึดเหนี่ยวเราไว้กับพื้นโลก แรงโน้มถ่วงมีความแรงแปรผันตรงกับมวล และแปรผกผันกับระยะทางยกกำลังสอง ไม่มีการลดทอนหรือถูกดูดซับเนื่องจาก___ใดๆ ทำให้แรงโน้มถ่วงเป็นแรงที่สำคัญมากในการยึดเหนี่ยวเอกภพไว้ด้วยกัน
(มวล)

other choices: อุณหภูมิ / ความยาว / ช่วงเวลา / 


แต่ก็เป็นแรงเดียวที่ยึดเหนี่ยวเราไว้กับพื้นโลก แรงโน้มถ่วงมีความแรงแปรผันตรงกับมวล และแปรผกผันกับระยะทางยกกำลังสอง ไม่มีการลดทอนหรือถูกดูดซับเนื่องจากมวลใดๆ ทำให้แรงโน้มถ่วงเป็นแรงที่สำคัญมากในการยึดเหนี่ยว___ไว้ด้วยกัน
(เอกภพ)

other choices: รังไหมดิบ / ร่างกาย / ร่างกาย / ดาวเรียง / ตัวสีดำ / ร่างกาย / พรม / เทห์ฟากฟ้า / การรวบรวม / นักษัตร / ครอบคลุม / วัตถุนอกโลก / กลไก / รัง / หม้อน้ำรถยนต์ / หิน / ตัวอย่าง / ยุ่งเหยิง / ส่วนพืช / 


===============================

