แรดชวา หรือ ระมาด หรือ แรดซุนดา เป็นสัตว์เลี้ยงลูกด้วยนมขนาดใหญ่ในอันดับสัตว์กีบคี่ในวงศ์แรด อยู่ในสกุลเดียวกันกับแรดอินเดีย เป็นหนึ่งในห้าชนิดของแรดที่ยังเหลืออยู่ ลำตัวยาว 3.1–3.2  ม.สูง 1.4–1.7 ม.มีขนาดใกล้เคียงกับแรดดำ เหนือจมูกมีนอสั้น ๆ หนึ่งนอมีขนาดเล็กกว่าแรดทุกชนิด จึงได้อีกชื่อว่า แรดนอเดียว

===============================

___ชวา หรือ ระมาด หรือ แรดซุนดา เป็นสัตว์เลี้ยงลูกด้วยนมขนาดใหญ่ในอันดับสัตว์กีบคี่ในวงศ์แรด อยู่ในสกุลเดียวกันกับแรดอินเดีย เป็นหนึ่งในห้าชนิดของแรดที่ยังเหลืออยู่ ลำตัวยาว 3.1–3.2  ม.สูง 1.4–1.7 ม.มีขนาดใกล้เคียงกับแรดดำ เหนือจมูกมีนอสั้น ๆ หนึ่งนอมีขนาดเล็กกว่าแรดทุกชนิด จึงได้อีกชื่อว่า แรดนอเดียว
(แรด)

other choices: ม้า / สมเสร็จ / 


แรด___ หรือ ระมาด หรือ แรดซุนดา เป็นสัตว์เลี้ยงลูกด้วยนมขนาดใหญ่ในอันดับสัตว์กีบคี่ในวงศ์แรด อยู่ในสกุลเดียวกันกับแรดอินเดีย เป็นหนึ่งในห้าชนิดของแรดที่ยังเหลืออยู่ ลำตัวยาว 3.1–3.2  ม.สูง 1.4–1.7 ม.มีขนาดใกล้เคียงกับแรดดำ เหนือจมูกมีนอสั้น ๆ หนึ่งนอมีขนาดเล็กกว่าแรดทุกชนิด จึงได้อีกชื่อว่า แรดนอเดียว
(ชวา)

other choices: แองกวิลลา / เกาะ Aran / แอนติกา / บาร์บูดา / Redonda / เบอร์มิวดา / เกาะบูเวต / มอนต์เซอร์รัต / เกาะ Sao Tiago / หมู่เกาะฟอล์คแลนด์ / ประเทศศรีลังกา / ชิโอเล / ไต้หวัน / ไต้หวัน / เกาะ Guadalupe / เนเธอร์แลนด์ / อารูบา / โบแนร์ / Curacao / สะบ้า / นักบุญ Eustatius / Saint Martin / คิวบา / ลุป / Hispaniola / เปอร์โตริโก้ / Culebra / Vieques / เกาะจาเมกา / หมู่เกาะเวอร์จิน / บาร์เบโดส / ตรินิแดด / โตเบโก / ประเทศไซปรัส / นิวซีแลนด์ / โดมินิกา / Bioko / Spitsbergen / หมู่เกาะกาลาปากอส / หมู่เกาะฟิจิ / นาดิ / Vanua Levu / ครีต / Ithaca / เกาะ egadi / มนอส / กางเกงรัดรูปผู้หญิง / Ischia / เกาะซาร์ดิเนีย / เกาะซีซิลิ / เกาะกรีนแลนด์ / Baffin เกาะ / เกาะแวนคูเวอร์ / นิวฟันด์แลนด์ / เกาะ Cape Breton / แทสมาเนีย / เกาะนอร์โฟล์ค / ไซปัน / กวม / เกาะเวค / ประเทศนาอูรู / เกาะบอนิโอ / สมรภูมิ / คานา / สหราชอาณาจักรใหม่ / แคลิโดเนียใหม่ / นิวกินี / ใหม่ไอร์แลนด์ / บาห์เรน / เกาะอังกฤษ / บริเตนใหญ่ / ไอร์แลนด์ / เกาะช่องทาง / ชาย / Isle of Skye / อิส / mull / Staffa / แองเกิล / บาหลี / ติมอร์ / เกาะสุมาตรา / เซเลเบส / โมลุกกะ / ฮอกไกโด / ฮอนชู / คิวชู / ชิโกกุ / โอกินาว่า / อิโวจิมา / Ile-ST-หลุยส์ / Corse / มาร์ตินีก / หมู่เกาะแฟโร / ประเทศไอซ์แลนด์ / มาดากัสการ์ / มัลดีฟส์ / เกาะมอลตา / มอริเชียส / นิวซีแลนด์ / เกาะเหนือ / เกาะใต้ / เซบู / เกาะลูซอน / มินดาเนา / Mindoro / หมู่เกาะวิซายัน / อะซอเรส / เกาะมะดีระ / นักบุญคริสโตเฟอร์ / เนวิส / หมวกปีกกว้าง / เซนต์ลูเซีย / เซนต์วินเซนต์ / ตาฮิติ / ซามัว / Principe / เซเชลส์ / สิงคโปร์ / Novaya Zemlya / มายอร์ก้า / หมู่เกาะคานารี / เตเนริเฟ่ / แซนซิบาร์ / เกาะทหารเรือ / santa Catalina / ฮาวาย / Kahoolawe / Kauai / ติดหลังคา / เมา / Molokai / nihau / โออาฮู / ไร่องุ่นของมาร์ธา / Nantucket / เกาะเสรีภาพ / เกาะแมนฮัตตัน / เกาะเอลลิส / ในลองไอแลนด์ / เกาะกัลเวสตัน / Krakatau / เกาะไซบีเรียใหม่ / เกาะ / หมี / 


แรดชวา หรือ ระ___ หรือ แรดซุนดา เป็นสัตว์เลี้ยงลูกด้วยนมขนาดใหญ่ในอันดับสัตว์กีบคี่ในวงศ์แรด อยู่ในสกุลเดียวกันกับแรดอินเดีย เป็นหนึ่งในห้าชนิดของแรดที่ยังเหลืออยู่ ลำตัวยาว 3.1–3.2  ม.สูง 1.4–1.7 ม.มีขนาดใกล้เคียงกับแรดดำ เหนือจมูกมีนอสั้น ๆ หนึ่งนอมีขนาดเล็กกว่าแรดทุกชนิด จึงได้อีกชื่อว่า แรดนอเดียว
(มาด)

other choices: ความขวยเขิน / ความเป็นที่รัก / 


แรดชวา หรือ ระมาด หรือ ___ซุนดา เป็นสัตว์เลี้ยงลูกด้วยนมขนาดใหญ่ในอันดับสัตว์กีบคี่ในวงศ์แรด อยู่ในสกุลเดียวกันกับแรดอินเดีย เป็นหนึ่งในห้าชนิดของแรดที่ยังเหลืออยู่ ลำตัวยาว 3.1–3.2  ม.สูง 1.4–1.7 ม.มีขนาดใกล้เคียงกับแรดดำ เหนือจมูกมีนอสั้น ๆ หนึ่งนอมีขนาดเล็กกว่าแรดทุกชนิด จึงได้อีกชื่อว่า แรดนอเดียว
(แรด)

other choices: ม้า / สมเสร็จ / 


แรดชวา หรือ ระมาด หรือ แรด___ดา เป็นสัตว์เลี้ยงลูกด้วยนมขนาดใหญ่ในอันดับสัตว์กีบคี่ในวงศ์แรด อยู่ในสกุลเดียวกันกับแรดอินเดีย เป็นหนึ่งในห้าชนิดของแรดที่ยังเหลืออยู่ ลำตัวยาว 3.1–3.2  ม.สูง 1.4–1.7 ม.มีขนาดใกล้เคียงกับแรดดำ เหนือจมูกมีนอสั้น ๆ หนึ่งนอมีขนาดเล็กกว่าแรดทุกชนิด จึงได้อีกชื่อว่า แรดนอเดียว
(ซุน)

other choices: Islamist / jihadist / ไอท์ / มัวร์ / ฆาตกร / เจ้าหญิงแขก / พระเจ้ากาหลิบ / แต / นักปราชญ์ / นักปราชญ์ / อิหม่าม / Mujahid / mujtihad / ผู้ที่รอบรู้ในธรรมะของอิสลาม / Muslimah / ชาวแซระเซ็น / Sufi / Wahhabi / 


แรดชวา หรือ ระมาด หรือ แรดซุน___ เป็นสัตว์เลี้ยงลูกด้วยนมขนาดใหญ่ในอันดับสัตว์กีบคี่ในวงศ์แรด อยู่ในสกุลเดียวกันกับแรดอินเดีย เป็นหนึ่งในห้าชนิดของแรดที่ยังเหลืออยู่ ลำตัวยาว 3.1–3.2  ม.สูง 1.4–1.7 ม.มีขนาดใกล้เคียงกับแรดดำ เหนือจมูกมีนอสั้น ๆ หนึ่งนอมีขนาดเล็กกว่าแรดทุกชนิด จึงได้อีกชื่อว่า แรดนอเดียว
(ดา)

other choices: ทนายความของรัฐ / 


แรดชวา หรือ ระมาด หรือ แรดซุนดา เป็น___ขนาดใหญ่ในอันดับสัตว์กีบคี่ในวงศ์แรด อยู่ในสกุลเดียวกันกับแรดอินเดีย เป็นหนึ่งในห้าชนิดของแรดที่ยังเหลืออยู่ ลำตัวยาว 3.1–3.2  ม.สูง 1.4–1.7 ม.มีขนาดใกล้เคียงกับแรดดำ เหนือจมูกมีนอสั้น ๆ หนึ่งนอมีขนาดเล็กกว่าแรดทุกชนิด จึงได้อีกชื่อว่า แรดนอเดียว
(สัตว์เลี้ยงลูกด้วยนม)

other choices: ลูกอ่อนในครรภ์ / amniota / amniote / เลี้ยงลูกด้วยนมสัตว์น้ำ / gnathostome / นก / สัตว์ครึ่งบกครึ่งน้ำ / สัตว์เลื้อยคลาน / สัตว์มีกระดูกสันหลังที่มี 4 ขา / 


แรดชวา หรือ ระมาด หรือ แรดซุนดา เป็นสัตว์เลี้ยงลูกด้วยนม___ในอันดับสัตว์กีบคี่ในวงศ์แรด อยู่ในสกุลเดียวกันกับแรดอินเดีย เป็นหนึ่งในห้าชนิดของแรดที่ยังเหลืออยู่ ลำตัวยาว 3.1–3.2  ม.สูง 1.4–1.7 ม.มีขนาดใกล้เคียงกับแรดดำ เหนือจมูกมีนอสั้น ๆ หนึ่งนอมีขนาดเล็กกว่าแรดทุกชนิด จึงได้อีกชื่อว่า แรดนอเดียว
(ขนาดใหญ่)

other choices: ขนาดใหญ่พิเศษ / จำนวน / ยก / โคร่ง / เล็กกระจิดริด / ยก / ปกติ / เล็ก / อ้วน / สูง / 


แรดชวา หรือ ระมาด หรือ แรดซุนดา เป็นสัตว์เลี้ยงลูกด้วยนมขนาดใหญ่ใน___สัตว์กีบคี่ในวงศ์แรด อยู่ในสกุลเดียวกันกับแรดอินเดีย เป็นหนึ่งในห้าชนิดของแรดที่ยังเหลืออยู่ ลำตัวยาว 3.1–3.2  ม.สูง 1.4–1.7 ม.มีขนาดใกล้เคียงกับแรดดำ เหนือจมูกมีนอสั้น ๆ หนึ่งนอมีขนาดเล็กกว่าแรดทุกชนิด จึงได้อีกชื่อว่า แรดนอเดียว
(อันดับ)

other choices: การประเมินที่สำคัญ / การทดสอบ / ทดสอบกรด / ความพิจารณาใหม่ / underevaluation / 


แรดชวา หรือ ระมาด หรือ แรดซุนดา เป็นสัตว์เลี้ยงลูกด้วยนมขนาดใหญ่ในอันดับ___กีบคี่ในวงศ์แรด อยู่ในสกุลเดียวกันกับแรดอินเดีย เป็นหนึ่งในห้าชนิดของแรดที่ยังเหลืออยู่ ลำตัวยาว 3.1–3.2  ม.สูง 1.4–1.7 ม.มีขนาดใกล้เคียงกับแรดดำ เหนือจมูกมีนอสั้น ๆ หนึ่งนอมีขนาดเล็กกว่าแรดทุกชนิด จึงได้อีกชื่อว่า แรดนอเดียว
(สัตว์)

other choices: สัตว์หน้าดิน / แคระ / เฮเทโรทรอพ / ผู้ปกครอง / คน / ปลูก / พื้นเมือง / recombinant / ชนิดเดียวกัน / ผู้ให้บริการ / ผู้อยู่ / amphidiploid / ซ้ำ / เดี่ยว / heteroploid / โพลีพลอย / จุลินทรีย์ / จุลินทรีย์ / เป็นพิษ / บัคเตรีจำพวกที่ไม่ต้องการออากาศหายใจ / เป็นลูกผสม / polymorph / ญาติ / แปลงกตอน / Nekton / ปรสิต / เจ้าภาพ / commensal / myrmecophile / eukaryote / โปรคารีโอ / zooid / โคลน / Atavist / รายบุคคล / มิ่งขวัญ / กลายพันธุ์ / postdiluvian / ผู้นั่ง / stander / utterer / รา / ชีวิต nonvascular / แม่ม่าย / saprophyte / saprobe / katharobe / 


แรดชวา หรือ ระมาด หรือ แรดซุนดา เป็นสัตว์เลี้ยงลูกด้วยนมขนาดใหญ่ในอันดับสัตว์___คี่ในวงศ์แรด อยู่ในสกุลเดียวกันกับแรดอินเดีย เป็นหนึ่งในห้าชนิดของแรดที่ยังเหลืออยู่ ลำตัวยาว 3.1–3.2  ม.สูง 1.4–1.7 ม.มีขนาดใกล้เคียงกับแรดดำ เหนือจมูกมีนอสั้น ๆ หนึ่งนอมีขนาดเล็กกว่าแรดทุกชนิด จึงได้อีกชื่อว่า แรดนอเดียว
(กีบ)

other choices: เท้า fossorial / เท้าของนก / webfoot / สัตว์ที่เหยาะย่าง / เท้าหน้า / hindfoot / ตีน / 


แรดชวา หรือ ระมาด หรือ แรดซุนดา เป็นสัตว์เลี้ยงลูกด้วยนมขนาดใหญ่ในอันดับสัตว์กีบคี่ใน___แรด อยู่ในสกุลเดียวกันกับแรดอินเดีย เป็นหนึ่งในห้าชนิดของแรดที่ยังเหลืออยู่ ลำตัวยาว 3.1–3.2  ม.สูง 1.4–1.7 ม.มีขนาดใกล้เคียงกับแรดดำ เหนือจมูกมีนอสั้น ๆ หนึ่งนอมีขนาดเล็กกว่าแรดทุกชนิด จึงได้อีกชื่อว่า แรดนอเดียว
(วงศ์)

other choices: klavern / หน่วยการบริหาร / บริษัท / ส่งแบบธรรมดา / การใช้เป็นเครื่องมือ / แผนกผู้ป่วยหนัก / สมาชิก / กรมทหารราบ / กำลังงาน / ทีม / ห้องเล็ก / แก๊ง / การรวมกัน / พวกลูกเรือ / กองร้อย / เครื่องแต่งกาย / คอลัมน์ที่ห้า / หน่วยทางการเมือง / ด้าน / คณะทำงาน / 


แรดชวา หรือ ระมาด หรือ แรดซุนดา เป็นสัตว์เลี้ยงลูกด้วยนมขนาดใหญ่ในอันดับสัตว์กีบคี่ในวงศ์___ อยู่ในสกุลเดียวกันกับแรดอินเดีย เป็นหนึ่งในห้าชนิดของแรดที่ยังเหลืออยู่ ลำตัวยาว 3.1–3.2  ม.สูง 1.4–1.7 ม.มีขนาดใกล้เคียงกับแรดดำ เหนือจมูกมีนอสั้น ๆ หนึ่งนอมีขนาดเล็กกว่าแรดทุกชนิด จึงได้อีกชื่อว่า แรดนอเดียว
(แรด)

other choices: ม้า / สมเสร็จ / 


แรดชวา หรือ ระมาด หรือ แรดซุนดา เป็นสัตว์เลี้ยงลูกด้วยนมขนาดใหญ่ในอันดับสัตว์กีบคี่ในวงศ์แรด อยู่ใน___เดียวกันกับแรดอินเดีย เป็นหนึ่งในห้าชนิดของแรดที่ยังเหลืออยู่ ลำตัวยาว 3.1–3.2  ม.สูง 1.4–1.7 ม.มีขนาดใกล้เคียงกับแรดดำ เหนือจมูกมีนอสั้น ๆ หนึ่งนอมีขนาดเล็กกว่าแรดทุกชนิด จึงได้อีกชื่อว่า แรดนอเดียว
(สกุล)

other choices: ประกวดราคา / เงิน / 


แรดชวา หรือ ระมาด หรือ แรดซุนดา เป็นสัตว์เลี้ยงลูกด้วยนมขนาดใหญ่ในอันดับสัตว์กีบคี่ในวงศ์แรด อยู่ในสกุลเดียวกันกับ___อินเดีย เป็นหนึ่งในห้าชนิดของแรดที่ยังเหลืออยู่ ลำตัวยาว 3.1–3.2  ม.สูง 1.4–1.7 ม.มีขนาดใกล้เคียงกับแรดดำ เหนือจมูกมีนอสั้น ๆ หนึ่งนอมีขนาดเล็กกว่าแรดทุกชนิด จึงได้อีกชื่อว่า แรดนอเดียว
(แรด)

other choices: ม้า / สมเสร็จ / 


แรดชวา หรือ ระมาด หรือ แรดซุนดา เป็นสัตว์เลี้ยงลูกด้วยนมขนาดใหญ่ในอันดับสัตว์กีบคี่ในวงศ์แรด อยู่ในสกุลเดียวกันกับแรด___ เป็นหนึ่งในห้าชนิดของแรดที่ยังเหลืออยู่ ลำตัวยาว 3.1–3.2  ม.สูง 1.4–1.7 ม.มีขนาดใกล้เคียงกับแรดดำ เหนือจมูกมีนอสั้น ๆ หนึ่งนอมีขนาดเล็กกว่าแรดทุกชนิด จึงได้อีกชื่อว่า แรดนอเดียว
(อินเดีย)

other choices: อัฟกานิสถาน / พม่า / กัมพูชา / ประเทศจีน / บาห์เรน / บังคลาเทศ / ภูฏาน / ประเทศเนปาล / ประเทศธิเบต / อิหร่าน / อิรัก / ประเทศญี่ปุ่น / จอร์แดน / คูเวต / เกาหลีเหนือ / เกาหลีใต้ / ลาว / เลบานอน / ประเทศมาเลเซีย / ประเทศมองโกเลีย / โอมาน / ปากีสถาน / กาตาร์ / ซาอุดิอาราเบีย / สิงคโปร์ / อาร์เมเนีย / อาเซอร์ไบจาน / จอร์เจีย / คาซัคสถาน / คีร์กีสถาน / ทาจิกิสถาน / อุซเบกิ / ซีเรีย / ประเทศไทย / สหรัฐอาหรับเอมิเรตส์ / เวียดนาม / เวียดนามเหนือ / เวียดนามใต้ / เยเมน / 


แรดชวา หรือ ระมาด หรือ แรดซุนดา เป็นสัตว์เลี้ยงลูกด้วยนมขนาดใหญ่ในอันดับสัตว์กีบคี่ในวงศ์แรด อยู่ในสกุลเดียวกันกับแรดอินเดีย เป็นหนึ่งในห้าชนิดของ___ที่ยังเหลืออยู่ ลำตัวยาว 3.1–3.2  ม.สูง 1.4–1.7 ม.มีขนาดใกล้เคียงกับแรดดำ เหนือจมูกมีนอสั้น ๆ หนึ่งนอมีขนาดเล็กกว่าแรดทุกชนิด จึงได้อีกชื่อว่า แรดนอเดียว
(แรด)

other choices: ม้า / สมเสร็จ / 


แรดชวา หรือ ระมาด หรือ แรดซุนดา เป็นสัตว์เลี้ยงลูกด้วยนมขนาดใหญ่ในอันดับสัตว์กีบคี่ในวงศ์แรด อยู่ในสกุลเดียวกันกับแรดอินเดีย เป็นหนึ่งในห้าชนิดของแรดที่ยังเหลืออยู่ ___ยาว 3.1–3.2  ม.สูง 1.4–1.7 ม.มีขนาดใกล้เคียงกับแรดดำ เหนือจมูกมีนอสั้น ๆ หนึ่งนอมีขนาดเล็กกว่าแรดทุกชนิด จึงได้อีกชื่อว่า แรดนอเดียว
(ลำตัว)

other choices: รังไหมดิบ / ร่างกาย / ดาวเรียง / ตัวสีดำ / ร่างกาย / พรม / เทห์ฟากฟ้า / การรวบรวม / นักษัตร / ครอบคลุม / วัตถุนอกโลก / กลไก / รัง / หม้อน้ำรถยนต์ / หิน / ตัวอย่าง / ยุ่งเหยิง / จักรวาล / ส่วนพืช / 


แรดชวา หรือ ระมาด หรือ แรดซุนดา เป็นสัตว์เลี้ยงลูกด้วยนมขนาดใหญ่ในอันดับสัตว์กีบคี่ในวงศ์แรด อยู่ในสกุลเดียวกันกับแรดอินเดีย เป็นหนึ่งในห้าชนิดของแรดที่ยังเหลืออยู่ ลำตัวยาว 3.1___3.2  ม.สูง 1.4–1.7 ม.มีขนาดใกล้เคียงกับแรดดำ เหนือจมูกมีนอสั้น ๆ หนึ่งนอมีขนาดเล็กกว่าแรดทุกชนิด จึงได้อีกชื่อว่า แรดนอเดียว
(–)

other choices: 


แรดชวา หรือ ระมาด หรือ แรดซุนดา เป็นสัตว์เลี้ยงลูกด้วยนมขนาดใหญ่ในอันดับสัตว์กีบคี่ในวงศ์แรด อยู่ในสกุลเดียวกันกับแรดอินเดีย เป็นหนึ่งในห้าชนิดของแรดที่ยังเหลืออยู่ ลำตัวยาว 3.1–3.2  ม.สูง 1.4___1.7 ม.มีขนาดใกล้เคียงกับแรดดำ เหนือจมูกมีนอสั้น ๆ หนึ่งนอมีขนาดเล็กกว่าแรดทุกชนิด จึงได้อีกชื่อว่า แรดนอเดียว
(–)

other choices: 


แรดชวา หรือ ระมาด หรือ แรดซุนดา เป็นสัตว์เลี้ยงลูกด้วยนมขนาดใหญ่ในอันดับสัตว์กีบคี่ในวงศ์แรด อยู่ในสกุลเดียวกันกับแรดอินเดีย เป็นหนึ่งในห้าชนิดของแรดที่ยังเหลืออยู่ ลำตัวยาว 3.1–3.2  ม.สูง 1.4–1.7 ม.มี___ใกล้เคียงกับแรดดำ เหนือจมูกมีนอสั้น ๆ หนึ่งนอมีขนาดเล็กกว่าแรดทุกชนิด จึงได้อีกชื่อว่า แรดนอเดียว
(ขนาด)

other choices: โชติมาตรสัมบูรณ์ / สัดส่วน / ใบสั่ง / มิติ / ระดับ / ความกว้าง / ความมากมายหลายหลาก / triplicity / ขนาด / ขนาดใหญ่ / muchness / ความรุนแรง / จำนวน / ขอบเขต / 


แรดชวา หรือ ระมาด หรือ แรดซุนดา เป็นสัตว์เลี้ยงลูกด้วยนมขนาดใหญ่ในอันดับสัตว์กีบคี่ในวงศ์แรด อยู่ในสกุลเดียวกันกับแรดอินเดีย เป็นหนึ่งในห้าชนิดของแรดที่ยังเหลืออยู่ ลำตัวยาว 3.1–3.2  ม.สูง 1.4–1.7 ม.มีขนาดใกล้เคียงกับ___ดำ เหนือจมูกมีนอสั้น ๆ หนึ่งนอมีขนาดเล็กกว่าแรดทุกชนิด จึงได้อีกชื่อว่า แรดนอเดียว
(แรด)

other choices: ม้า / สมเสร็จ / 


แรดชวา หรือ ระมาด หรือ แรดซุนดา เป็นสัตว์เลี้ยงลูกด้วยนมขนาดใหญ่ในอันดับสัตว์กีบคี่ในวงศ์แรด อยู่ในสกุลเดียวกันกับแรดอินเดีย เป็นหนึ่งในห้าชนิดของแรดที่ยังเหลืออยู่ ลำตัวยาว 3.1–3.2  ม.สูง 1.4–1.7 ม.มีขนาดใกล้เคียงกับแรดดำ เหนือ___มีนอสั้น ๆ หนึ่งนอมีขนาดเล็กกว่าแรดทุกชนิด จึงได้อีกชื่อว่า แรดนอเดียว
(จมูก)

other choices: ตุ่มรับรส / ร่างกาย carotid / 


แรดชวา หรือ ระมาด หรือ แรดซุนดา เป็นสัตว์เลี้ยงลูกด้วยนมขนาดใหญ่ในอันดับสัตว์กีบคี่ในวงศ์แรด อยู่ในสกุลเดียวกันกับแรดอินเดีย เป็นหนึ่งในห้าชนิดของแรดที่ยังเหลืออยู่ ลำตัวยาว 3.1–3.2  ม.สูง 1.4–1.7 ม.มีขนาดใกล้เคียงกับแรดดำ เหนือจมูกมี___สั้น ๆ หนึ่งนอมีขนาดเล็กกว่าแรดทุกชนิด จึงได้อีกชื่อว่า แรดนอเดียว
(นอ)

other choices: ดาลูเซีย / สหรัฐ / ที่ดิน Adelie / ดินแดนที่ไม่ดี / บาร์บารี / Bithynia / นูเบีย / Caucasia / Transcaucasia / ที่ดินเสื้อ / ทางทิศตะวันออก / ทิศตะวันออกเฉียงใต้ / ทิศตะวันตกเฉียงใต้ / ตะวันออกเฉียงเหนือ / ตะวันตกเฉียงเหนือ / มิดเวสต์ / ทิศตะวันตกเฉียงเหนือของมหาสมุทรแปซิฟิก / ที่ดิน Enderby / ทะเลสาบนิ้ว / Maghreb / โค้งขนาดใหญ่ / ที่ดินม็อดพระราชินี / ที่ดินวิกตอเรีย / ที่ดิน Wilkes / ไปทางทิศตะวันตก / แอฟริกาตะวันออก / Cappadocia / กาลาเทีย / เจีย / พอนทัส / อล / แคริบเบียน / เบงกอล / Patagonia / ทุ่งหญ้า / เอเชียตะวันออกเฉียงใต้ / แมนจูเรีย / Turkistan / อินโดจีนฝรั่งเศส / Mesoamerica / สโลวาเกีย / โมราเวีย / ตำบลโบฮีเมีย / สแกนดิเนเวี / แซกโซนี / เรห์น / บรันเดนบู / แคว้นปรัสเซีย / Ruhr / ทูรินเจีย / เลีย / อีไพรุส / ลาโคเนีย / Lycia / ลิเดีย / Thessalia / อาร์เคเดีย / ตะวันออกกลาง / เสี้ยวอันอุดมสมบูรณ์ / เวสต์แบงก์ / กาลิลี / ฉนวนกาซา / ความสูงโกลาน / ปาเลสไตน์ / ยูดาห์ / แคว้นยูเดีย / ลิสเตีย / จักรวรรดิไบเซนไทน์ / จักรวรรดิโรมันตะวันตก / เซอร์เบีย / มอนเตเนโก / ดัล / สุนัขพันธุ์หนึ่ง / ทะเลจังหวัด / Klondike / ออสเตรียฮังการี / จักรวรรดิอังกฤษ / Cumbria / เรสต์ใหม่ / Anglia ตะวันออก / แลงคาเชียร์ / ยอร์ค / Northumbria / ประเทศตะวันตก / เวสเซ็กส์ / เสื้อคลุมหลวม / สกอตแลนด์ / อินเดีย / Kanara / ปัญจาบ / รัฐอ่าว / อีแลม / ลิแวนต์ / มาซีโดเนีย / เทรซ / แคว้นเมซอพอเทเมีย / ประเทศแบบอิโลเนีย / เคลเดีย / สุเมเรียน / ประเทศแอสซีเรีย / Phenicia / ประเทศฝรั่งเศสโบราณ / ริเวียร่า / midi / Normandie / Orléanais / โอลิมปิกลียง / ตนเซ็โวย / กิอานา / ฟรีสลันด์ / Frisia / Thule / Lappland / Tartary / ประเทศมองโกเลีย / ซาฮาร่าตะวันตก / แคชเมียร์ / เธีย / Nejd / จ๊าซ / เชชเนีย / ไซบีเรีย / รัสเซียยุโรป / ลิโวเนีย / Colchis / Donets ลุ่มน้ำ / ไอบีเรีย / ละตินอเมริกา / กาลิเซีย / Leon / ซูดาน / ยิกา / ถาน / ถานอิรัก / โยนก / ชายฝั่งตะวันออก / ชายฝั่งตะวันตก / นิวอิงแลนด์ / สหรัฐอเมริกากลางมหาสมุทรแอตแลนติก / รัฐอ่าว / การร่วมมือกัน / ทางทิศใต้ / จังหวัดชายแดนภาคใต้ / ซันเบลท์ / ฝั่งทะเล / Piedmont / แคโรไลนา / ดาโคตา / บลูแกรส / ประเทศต่ำ / Lusitania / Silesia / sur ใหญ่ / หุบเขาซิลิคอน / sub-Saharan Africa / ซีเธีย / แอฟริกาเหนือ / แอฟริกาตะวันตก / 


แรดชวา หรือ ระมาด หรือ แรดซุนดา เป็นสัตว์เลี้ยงลูกด้วยนมขนาดใหญ่ในอันดับสัตว์กีบคี่ในวงศ์แรด อยู่ในสกุลเดียวกันกับแรดอินเดีย เป็นหนึ่งในห้าชนิดของแรดที่ยังเหลืออยู่ ลำตัวยาว 3.1–3.2  ม.สูง 1.4–1.7 ม.มีขนาดใกล้เคียงกับแรดดำ เหนือจมูกมีนอสั้น ๆ หนึ่ง___มีขนาดเล็กกว่าแรดทุกชนิด จึงได้อีกชื่อว่า แรดนอเดียว
(นอ)

other choices: ดาลูเซีย / สหรัฐ / ที่ดิน Adelie / ดินแดนที่ไม่ดี / บาร์บารี / Bithynia / นูเบีย / Caucasia / Transcaucasia / ที่ดินเสื้อ / ทางทิศตะวันออก / ทิศตะวันออกเฉียงใต้ / ทิศตะวันตกเฉียงใต้ / ตะวันออกเฉียงเหนือ / ตะวันตกเฉียงเหนือ / มิดเวสต์ / ทิศตะวันตกเฉียงเหนือของมหาสมุทรแปซิฟิก / ที่ดิน Enderby / ทะเลสาบนิ้ว / Maghreb / โค้งขนาดใหญ่ / ที่ดินม็อดพระราชินี / ที่ดินวิกตอเรีย / ที่ดิน Wilkes / ไปทางทิศตะวันตก / แอฟริกาตะวันออก / Cappadocia / กาลาเทีย / เจีย / พอนทัส / อล / แคริบเบียน / เบงกอล / Patagonia / ทุ่งหญ้า / เอเชียตะวันออกเฉียงใต้ / แมนจูเรีย / Turkistan / อินโดจีนฝรั่งเศส / Mesoamerica / สโลวาเกีย / โมราเวีย / ตำบลโบฮีเมีย / สแกนดิเนเวี / แซกโซนี / เรห์น / บรันเดนบู / แคว้นปรัสเซีย / Ruhr / ทูรินเจีย / เลีย / อีไพรุส / ลาโคเนีย / Lycia / ลิเดีย / Thessalia / อาร์เคเดีย / ตะวันออกกลาง / เสี้ยวอันอุดมสมบูรณ์ / เวสต์แบงก์ / กาลิลี / ฉนวนกาซา / ความสูงโกลาน / ปาเลสไตน์ / ยูดาห์ / แคว้นยูเดีย / ลิสเตีย / จักรวรรดิไบเซนไทน์ / จักรวรรดิโรมันตะวันตก / เซอร์เบีย / มอนเตเนโก / ดัล / สุนัขพันธุ์หนึ่ง / ทะเลจังหวัด / Klondike / ออสเตรียฮังการี / จักรวรรดิอังกฤษ / Cumbria / เรสต์ใหม่ / Anglia ตะวันออก / แลงคาเชียร์ / ยอร์ค / Northumbria / ประเทศตะวันตก / เวสเซ็กส์ / เสื้อคลุมหลวม / สกอตแลนด์ / อินเดีย / Kanara / ปัญจาบ / รัฐอ่าว / อีแลม / ลิแวนต์ / มาซีโดเนีย / เทรซ / แคว้นเมซอพอเทเมีย / ประเทศแบบอิโลเนีย / เคลเดีย / สุเมเรียน / ประเทศแอสซีเรีย / Phenicia / ประเทศฝรั่งเศสโบราณ / ริเวียร่า / midi / Normandie / Orléanais / โอลิมปิกลียง / ตนเซ็โวย / กิอานา / ฟรีสลันด์ / Frisia / Thule / Lappland / Tartary / ประเทศมองโกเลีย / ซาฮาร่าตะวันตก / แคชเมียร์ / เธีย / Nejd / จ๊าซ / เชชเนีย / ไซบีเรีย / รัสเซียยุโรป / ลิโวเนีย / Colchis / Donets ลุ่มน้ำ / ไอบีเรีย / ละตินอเมริกา / กาลิเซีย / Leon / ซูดาน / ยิกา / ถาน / ถานอิรัก / โยนก / ชายฝั่งตะวันออก / ชายฝั่งตะวันตก / นิวอิงแลนด์ / สหรัฐอเมริกากลางมหาสมุทรแอตแลนติก / รัฐอ่าว / การร่วมมือกัน / ทางทิศใต้ / จังหวัดชายแดนภาคใต้ / ซันเบลท์ / ฝั่งทะเล / Piedmont / แคโรไลนา / ดาโคตา / บลูแกรส / ประเทศต่ำ / Lusitania / Silesia / sur ใหญ่ / หุบเขาซิลิคอน / sub-Saharan Africa / ซีเธีย / แอฟริกาเหนือ / แอฟริกาตะวันตก / 


แรดชวา หรือ ระมาด หรือ แรดซุนดา เป็นสัตว์เลี้ยงลูกด้วยนมขนาดใหญ่ในอันดับสัตว์กีบคี่ในวงศ์แรด อยู่ในสกุลเดียวกันกับแรดอินเดีย เป็นหนึ่งในห้าชนิดของแรดที่ยังเหลืออยู่ ลำตัวยาว 3.1–3.2  ม.สูง 1.4–1.7 ม.มีขนาดใกล้เคียงกับแรดดำ เหนือจมูกมีนอสั้น ๆ หนึ่งนอมี___กว่าแรดทุกชนิด จึงได้อีกชื่อว่า แรดนอเดียว
(ขนาดเล็ก)

other choices: อาน / underpart / หลังม้า / ท่าเรือ / ambulacrum / ตะโหงกม้า / ปืนใหญ่ / เนื้อซี่โครง / ส่วนหลังของสัตว์เท้า / Gaskin / ปีก / ทรวงอก / อุปกรณ์ / ส่วนประกอบ / พื้นที่ / dilator / ร่อง / กั้น / ส่วนหนึ่งของร่างกายภายนอก / โครงสร้าง / FORNIX / ระบบ / ampulla / เนื้อเยื่อ / mentum / อวัยวะ / Venter / energid / กระบวนการ / กลีบ / ไส้ตรง / ไหล่ / เนื้อตัว / ทรวงอก / ทรวงอก / สะโพก / บั้นท้าย / ท้อง / dorsum / กลับ / ก้น / สะโพก / ตอไม้ / ก้าน / หน้าแข้ง / นิ้วเท้า / ร่วมกัน / เอว / ลักษณะ / ขั้นต้น / 


แรดชวา หรือ ระมาด หรือ แรดซุนดา เป็นสัตว์เลี้ยงลูกด้วยนมขนาดใหญ่ในอันดับสัตว์กีบคี่ในวงศ์แรด อยู่ในสกุลเดียวกันกับแรดอินเดีย เป็นหนึ่งในห้าชนิดของแรดที่ยังเหลืออยู่ ลำตัวยาว 3.1–3.2  ม.สูง 1.4–1.7 ม.มีขนาดใกล้เคียงกับแรดดำ เหนือจมูกมีนอสั้น ๆ หนึ่งนอมีขนาดเล็กกว่า___ทุกชนิด จึงได้อีกชื่อว่า แรดนอเดียว
(แรด)

other choices: ม้า / สมเสร็จ / 


แรดชวา หรือ ระมาด หรือ แรดซุนดา เป็นสัตว์เลี้ยงลูกด้วยนมขนาดใหญ่ในอันดับสัตว์กีบคี่ในวงศ์แรด อยู่ในสกุลเดียวกันกับแรดอินเดีย เป็นหนึ่งในห้าชนิดของแรดที่ยังเหลืออยู่ ลำตัวยาว 3.1–3.2  ม.สูง 1.4–1.7 ม.มีขนาดใกล้เคียงกับแรดดำ เหนือจมูกมีนอสั้น ๆ หนึ่งนอมีขนาดเล็กกว่าแรดทุกชนิด จึงได้อีก___ แรดนอเดียว
(ชื่อว่า)

other choices: 


แรดชวา หรือ ระมาด หรือ แรดซุนดา เป็นสัตว์เลี้ยงลูกด้วยนมขนาดใหญ่ในอันดับสัตว์กีบคี่ในวงศ์แรด อยู่ในสกุลเดียวกันกับแรดอินเดีย เป็นหนึ่งในห้าชนิดของแรดที่ยังเหลืออยู่ ลำตัวยาว 3.1–3.2  ม.สูง 1.4–1.7 ม.มีขนาดใกล้เคียงกับแรดดำ เหนือจมูกมีนอสั้น ๆ หนึ่งนอมีขนาดเล็กกว่าแรดทุกชนิด จึงได้อีกชื่อว่า ___นอเดียว
(แรด)

other choices: ม้า / สมเสร็จ / 


แรดชวา หรือ ระมาด หรือ แรดซุนดา เป็นสัตว์เลี้ยงลูกด้วยนมขนาดใหญ่ในอันดับสัตว์กีบคี่ในวงศ์แรด อยู่ในสกุลเดียวกันกับแรดอินเดีย เป็นหนึ่งในห้าชนิดของแรดที่ยังเหลืออยู่ ลำตัวยาว 3.1–3.2  ม.สูง 1.4–1.7 ม.มีขนาดใกล้เคียงกับแรดดำ เหนือจมูกมีนอสั้น ๆ หนึ่งนอมีขนาดเล็กกว่าแรดทุกชนิด จึงได้อีกชื่อว่า แรด___เดียว
(นอ)

other choices: ดาลูเซีย / สหรัฐ / ที่ดิน Adelie / ดินแดนที่ไม่ดี / บาร์บารี / Bithynia / นูเบีย / Caucasia / Transcaucasia / ที่ดินเสื้อ / ทางทิศตะวันออก / ทิศตะวันออกเฉียงใต้ / ทิศตะวันตกเฉียงใต้ / ตะวันออกเฉียงเหนือ / ตะวันตกเฉียงเหนือ / มิดเวสต์ / ทิศตะวันตกเฉียงเหนือของมหาสมุทรแปซิฟิก / ที่ดิน Enderby / ทะเลสาบนิ้ว / Maghreb / โค้งขนาดใหญ่ / ที่ดินม็อดพระราชินี / ที่ดินวิกตอเรีย / ที่ดิน Wilkes / ไปทางทิศตะวันตก / แอฟริกาตะวันออก / Cappadocia / กาลาเทีย / เจีย / พอนทัส / อล / แคริบเบียน / เบงกอล / Patagonia / ทุ่งหญ้า / เอเชียตะวันออกเฉียงใต้ / แมนจูเรีย / Turkistan / อินโดจีนฝรั่งเศส / Mesoamerica / สโลวาเกีย / โมราเวีย / ตำบลโบฮีเมีย / สแกนดิเนเวี / แซกโซนี / เรห์น / บรันเดนบู / แคว้นปรัสเซีย / Ruhr / ทูรินเจีย / เลีย / อีไพรุส / ลาโคเนีย / Lycia / ลิเดีย / Thessalia / อาร์เคเดีย / ตะวันออกกลาง / เสี้ยวอันอุดมสมบูรณ์ / เวสต์แบงก์ / กาลิลี / ฉนวนกาซา / ความสูงโกลาน / ปาเลสไตน์ / ยูดาห์ / แคว้นยูเดีย / ลิสเตีย / จักรวรรดิไบเซนไทน์ / จักรวรรดิโรมันตะวันตก / เซอร์เบีย / มอนเตเนโก / ดัล / สุนัขพันธุ์หนึ่ง / ทะเลจังหวัด / Klondike / ออสเตรียฮังการี / จักรวรรดิอังกฤษ / Cumbria / เรสต์ใหม่ / Anglia ตะวันออก / แลงคาเชียร์ / ยอร์ค / Northumbria / ประเทศตะวันตก / เวสเซ็กส์ / เสื้อคลุมหลวม / สกอตแลนด์ / อินเดีย / Kanara / ปัญจาบ / รัฐอ่าว / อีแลม / ลิแวนต์ / มาซีโดเนีย / เทรซ / แคว้นเมซอพอเทเมีย / ประเทศแบบอิโลเนีย / เคลเดีย / สุเมเรียน / ประเทศแอสซีเรีย / Phenicia / ประเทศฝรั่งเศสโบราณ / ริเวียร่า / midi / Normandie / Orléanais / โอลิมปิกลียง / ตนเซ็โวย / กิอานา / ฟรีสลันด์ / Frisia / Thule / Lappland / Tartary / ประเทศมองโกเลีย / ซาฮาร่าตะวันตก / แคชเมียร์ / เธีย / Nejd / จ๊าซ / เชชเนีย / ไซบีเรีย / รัสเซียยุโรป / ลิโวเนีย / Colchis / Donets ลุ่มน้ำ / ไอบีเรีย / ละตินอเมริกา / กาลิเซีย / Leon / ซูดาน / ยิกา / ถาน / ถานอิรัก / โยนก / ชายฝั่งตะวันออก / ชายฝั่งตะวันตก / นิวอิงแลนด์ / สหรัฐอเมริกากลางมหาสมุทรแอตแลนติก / รัฐอ่าว / การร่วมมือกัน / ทางทิศใต้ / จังหวัดชายแดนภาคใต้ / ซันเบลท์ / ฝั่งทะเล / Piedmont / แคโรไลนา / ดาโคตา / บลูแกรส / ประเทศต่ำ / Lusitania / Silesia / sur ใหญ่ / หุบเขาซิลิคอน / sub-Saharan Africa / ซีเธีย / แอฟริกาเหนือ / แอฟริกาตะวันตก / 


===============================

