ดาวหาง คือ วัตถุชนิดหนึ่งในระบบสุริยะที่โคจรรอบดวงอาทิตย์ มีส่วนที่ระเหิดเป็นแก๊สเมื่อเข้าใกล้ดวงอาทิตย์ ทำให้เกิดชั้นฝุ่นและแก๊สที่ฝ้ามัวล้อมรอบ และทอดเหยียดออกไปภายนอกจนดูเหมือนหาง

===============================

___ คือ วัตถุชนิดหนึ่งในระบบสุริยะที่โคจรรอบดวงอาทิตย์ มีส่วนที่ระเหิดเป็นแก๊สเมื่อเข้าใกล้ดวงอาทิตย์ ทำให้เกิดชั้นฝุ่นและแก๊สที่ฝ้ามัวล้อมรอบ และทอดเหยียดออกไปภายนอกจนดูเหมือนหาง
(ดาวหาง)

ดาวหาง คือ ___ชนิดหนึ่งในระบบสุริยะที่โคจรรอบดวงอาทิตย์ มีส่วนที่ระเหิดเป็นแก๊สเมื่อเข้าใกล้ดวงอาทิตย์ ทำให้เกิดชั้นฝุ่นและแก๊สที่ฝ้ามัวล้อมรอบ และทอดเหยียดออกไปภายนอกจนดูเหมือนหาง
(วัตถุ)

ดาวหาง คือ วัตถุชนิดหนึ่งใน___ที่โคจรรอบดวงอาทิตย์ มีส่วนที่ระเหิดเป็นแก๊สเมื่อเข้าใกล้ดวงอาทิตย์ ทำให้เกิดชั้นฝุ่นและแก๊สที่ฝ้ามัวล้อมรอบ และทอดเหยียดออกไปภายนอกจนดูเหมือนหาง
(ระบบสุริยะ)

ดาวหาง คือ วัตถุชนิดหนึ่งในระบบสุริยะที่___รอบดวงอาทิตย์ มีส่วนที่ระเหิดเป็นแก๊สเมื่อเข้าใกล้ดวงอาทิตย์ ทำให้เกิดชั้นฝุ่นและแก๊สที่ฝ้ามัวล้อมรอบ และทอดเหยียดออกไปภายนอกจนดูเหมือนหาง
(โคจร)

ดาวหาง คือ วัตถุชนิดหนึ่งในระบบสุริยะที่โคจรรอบ___ มีส่วนที่ระเหิดเป็นแก๊สเมื่อเข้าใกล้ดวงอาทิตย์ ทำให้เกิดชั้นฝุ่นและแก๊สที่ฝ้ามัวล้อมรอบ และทอดเหยียดออกไปภายนอกจนดูเหมือนหาง
(ดวงอาทิตย์)

ดาวหาง คือ วัตถุชนิดหนึ่งในระบบสุริยะที่โคจรรอบดวงอาทิตย์ มีส่วนที่___เป็นแก๊สเมื่อเข้าใกล้ดวงอาทิตย์ ทำให้เกิดชั้นฝุ่นและแก๊สที่ฝ้ามัวล้อมรอบ และทอดเหยียดออกไปภายนอกจนดูเหมือนหาง
(ระเหิด)

ดาวหาง คือ วัตถุชนิดหนึ่งในระบบสุริยะที่โคจรรอบดวงอาทิตย์ มีส่วนที่ระเหิดเป็น___เมื่อเข้าใกล้ดวงอาทิตย์ ทำให้เกิดชั้นฝุ่นและแก๊สที่ฝ้ามัวล้อมรอบ และทอดเหยียดออกไปภายนอกจนดูเหมือนหาง
(แก๊ส)

ดาวหาง คือ วัตถุชนิดหนึ่งในระบบสุริยะที่โคจรรอบดวงอาทิตย์ มีส่วนที่ระเหิดเป็นแก๊สเมื่อ___ดวงอาทิตย์ ทำให้เกิดชั้นฝุ่นและแก๊สที่ฝ้ามัวล้อมรอบ และทอดเหยียดออกไปภายนอกจนดูเหมือนหาง
(เข้าใกล้)

ดาวหาง คือ วัตถุชนิดหนึ่งในระบบสุริยะที่โคจรรอบดวงอาทิตย์ มีส่วนที่ระเหิดเป็นแก๊สเมื่อเข้าใกล้___ ทำให้เกิดชั้นฝุ่นและแก๊สที่ฝ้ามัวล้อมรอบ และทอดเหยียดออกไปภายนอกจนดูเหมือนหาง
(ดวงอาทิตย์)

ดาวหาง คือ วัตถุชนิดหนึ่งในระบบสุริยะที่โคจรรอบดวงอาทิตย์ มีส่วนที่ระเหิดเป็นแก๊สเมื่อเข้าใกล้ดวงอาทิตย์ ทำให้เกิด___ฝุ่นและแก๊สที่ฝ้ามัวล้อมรอบ และทอดเหยียดออกไปภายนอกจนดูเหมือนหาง
(ชั้น)

ดาวหาง คือ วัตถุชนิดหนึ่งในระบบสุริยะที่โคจรรอบดวงอาทิตย์ มีส่วนที่ระเหิดเป็นแก๊สเมื่อเข้าใกล้ดวงอาทิตย์ ทำให้เกิดชั้น___และแก๊สที่ฝ้ามัวล้อมรอบ และทอดเหยียดออกไปภายนอกจนดูเหมือนหาง
(ฝุ่น)

ดาวหาง คือ วัตถุชนิดหนึ่งในระบบสุริยะที่โคจรรอบดวงอาทิตย์ มีส่วนที่ระเหิดเป็นแก๊สเมื่อเข้าใกล้ดวงอาทิตย์ ทำให้เกิดชั้นฝุ่นและ___ที่ฝ้ามัวล้อมรอบ และทอดเหยียดออกไปภายนอกจนดูเหมือนหาง
(แก๊ส)

ดาวหาง คือ วัตถุชนิดหนึ่งในระบบสุริยะที่โคจรรอบดวงอาทิตย์ มีส่วนที่ระเหิดเป็นแก๊สเมื่อเข้าใกล้ดวงอาทิตย์ ทำให้เกิดชั้นฝุ่นและแก๊สที่___ล้อมรอบ และทอดเหยียดออกไปภายนอกจนดูเหมือนหาง
(ฝ้ามัว)

ดาวหาง คือ วัตถุชนิดหนึ่งในระบบสุริยะที่โคจรรอบดวงอาทิตย์ มีส่วนที่ระเหิดเป็นแก๊สเมื่อเข้าใกล้ดวงอาทิตย์ ทำให้เกิดชั้นฝุ่นและแก๊สที่ฝ้ามัวล้อมรอบ และ___เหยียดออกไปภายนอกจนดูเหมือนหาง
(ทอด)

ดาวหาง คือ วัตถุชนิดหนึ่งในระบบสุริยะที่โคจรรอบดวงอาทิตย์ มีส่วนที่ระเหิดเป็นแก๊สเมื่อเข้าใกล้ดวงอาทิตย์ ทำให้เกิดชั้นฝุ่นและแก๊สที่ฝ้ามัวล้อมรอบ และทอด___ออกไปภายนอกจนดูเหมือนหาง
(เหยียด)

ดาวหาง คือ วัตถุชนิดหนึ่งในระบบสุริยะที่โคจรรอบดวงอาทิตย์ มีส่วนที่ระเหิดเป็นแก๊สเมื่อเข้าใกล้ดวงอาทิตย์ ทำให้เกิดชั้นฝุ่นและแก๊สที่ฝ้ามัวล้อมรอบ และทอดเหยียดออกไปภายนอกจนดูเหมือน___
(หาง)

===============================

ซึ่งเป็นปรากฏการณ์จากการแผ่รังสีของดวงอาทิตย์ไปบนนิวเคลียสของดาวหาง นิวเคลียสหรือใจกลางดาวหางเป็น "ก้อนหิมะสกปรก" ประกอบด้วยน้ำแข็ง คาร์บอนไดออกไซด์ มีเทน แอมโมเนีย และมีฝุ่นกับหินแข็งปะปนอยู่ด้วยกัน

===============================

ซึ่งเป็น___จากการแผ่รังสีของดวงอาทิตย์ไปบนนิวเคลียสของดาวหาง นิวเคลียสหรือใจกลางดาวหางเป็น "ก้อนหิมะสกปรก" ประกอบด้วยน้ำแข็ง คาร์บอนไดออกไซด์ มีเทน แอมโมเนีย และมีฝุ่นกับหินแข็งปะปนอยู่ด้วยกัน
(ปรากฏการณ์)

ซึ่งเป็นปรากฏการณ์จาก___ของดวงอาทิตย์ไปบนนิวเคลียสของดาวหาง นิวเคลียสหรือใจกลางดาวหางเป็น "ก้อนหิมะสกปรก" ประกอบด้วยน้ำแข็ง คาร์บอนไดออกไซด์ มีเทน แอมโมเนีย และมีฝุ่นกับหินแข็งปะปนอยู่ด้วยกัน
(การแผ่รังสี)

ซึ่งเป็นปรากฏการณ์จากการแผ่รังสีของ___ไปบนนิวเคลียสของดาวหาง นิวเคลียสหรือใจกลางดาวหางเป็น "ก้อนหิมะสกปรก" ประกอบด้วยน้ำแข็ง คาร์บอนไดออกไซด์ มีเทน แอมโมเนีย และมีฝุ่นกับหินแข็งปะปนอยู่ด้วยกัน
(ดวงอาทิตย์)

ซึ่งเป็นปรากฏการณ์จากการแผ่รังสีของดวงอาทิตย์ไปบน___ของดาวหาง นิวเคลียสหรือใจกลางดาวหางเป็น "ก้อนหิมะสกปรก" ประกอบด้วยน้ำแข็ง คาร์บอนไดออกไซด์ มีเทน แอมโมเนีย และมีฝุ่นกับหินแข็งปะปนอยู่ด้วยกัน
(นิวเคลียส)

ซึ่งเป็นปรากฏการณ์จากการแผ่รังสีของดวงอาทิตย์ไปบนนิวเคลียสของ___ นิวเคลียสหรือใจกลางดาวหางเป็น "ก้อนหิมะสกปรก" ประกอบด้วยน้ำแข็ง คาร์บอนไดออกไซด์ มีเทน แอมโมเนีย และมีฝุ่นกับหินแข็งปะปนอยู่ด้วยกัน
(ดาวหาง)

ซึ่งเป็นปรากฏการณ์จากการแผ่รังสีของดวงอาทิตย์ไปบนนิวเคลียสของดาวหาง ___หรือใจกลางดาวหางเป็น "ก้อนหิมะสกปรก" ประกอบด้วยน้ำแข็ง คาร์บอนไดออกไซด์ มีเทน แอมโมเนีย และมีฝุ่นกับหินแข็งปะปนอยู่ด้วยกัน
(นิวเคลียส)

ซึ่งเป็นปรากฏการณ์จากการแผ่รังสีของดวงอาทิตย์ไปบนนิวเคลียสของดาวหาง นิวเคลียสหรือ___ดาวหางเป็น "ก้อนหิมะสกปรก" ประกอบด้วยน้ำแข็ง คาร์บอนไดออกไซด์ มีเทน แอมโมเนีย และมีฝุ่นกับหินแข็งปะปนอยู่ด้วยกัน
(ใจกลาง)

ซึ่งเป็นปรากฏการณ์จากการแผ่รังสีของดวงอาทิตย์ไปบนนิวเคลียสของดาวหาง นิวเคลียสหรือใจกลาง___เป็น "ก้อนหิมะสกปรก" ประกอบด้วยน้ำแข็ง คาร์บอนไดออกไซด์ มีเทน แอมโมเนีย และมีฝุ่นกับหินแข็งปะปนอยู่ด้วยกัน
(ดาวหาง)

ซึ่งเป็นปรากฏการณ์จากการแผ่รังสีของดวงอาทิตย์ไปบนนิวเคลียสของดาวหาง นิวเคลียสหรือใจกลางดาวหางเป็น "___หิมะสกปรก" ประกอบด้วยน้ำแข็ง คาร์บอนไดออกไซด์ มีเทน แอมโมเนีย และมีฝุ่นกับหินแข็งปะปนอยู่ด้วยกัน
(ก้อน)

ซึ่งเป็นปรากฏการณ์จากการแผ่รังสีของดวงอาทิตย์ไปบนนิวเคลียสของดาวหาง นิวเคลียสหรือใจกลางดาวหางเป็น "ก้อน___สกปรก" ประกอบด้วยน้ำแข็ง คาร์บอนไดออกไซด์ มีเทน แอมโมเนีย และมีฝุ่นกับหินแข็งปะปนอยู่ด้วยกัน
(หิมะ)

ซึ่งเป็นปรากฏการณ์จากการแผ่รังสีของดวงอาทิตย์ไปบนนิวเคลียสของดาวหาง นิวเคลียสหรือใจกลางดาวหางเป็น "ก้อนหิมะ___" ประกอบด้วยน้ำแข็ง คาร์บอนไดออกไซด์ มีเทน แอมโมเนีย และมีฝุ่นกับหินแข็งปะปนอยู่ด้วยกัน
(สกปรก)

ซึ่งเป็นปรากฏการณ์จากการแผ่รังสีของดวงอาทิตย์ไปบนนิวเคลียสของดาวหาง นิวเคลียสหรือใจกลางดาวหางเป็น "ก้อนหิมะสกปรก" ประกอบด้วย___ คาร์บอนไดออกไซด์ มีเทน แอมโมเนีย และมีฝุ่นกับหินแข็งปะปนอยู่ด้วยกัน
(น้ำแข็ง)

ซึ่งเป็นปรากฏการณ์จากการแผ่รังสีของดวงอาทิตย์ไปบนนิวเคลียสของดาวหาง นิวเคลียสหรือใจกลางดาวหางเป็น "ก้อนหิมะสกปรก" ประกอบด้วยน้ำแข็ง ___ มีเทน แอมโมเนีย และมีฝุ่นกับหินแข็งปะปนอยู่ด้วยกัน
(คาร์บอนไดออกไซด์)

ซึ่งเป็นปรากฏการณ์จากการแผ่รังสีของดวงอาทิตย์ไปบนนิวเคลียสของดาวหาง นิวเคลียสหรือใจกลางดาวหางเป็น "ก้อนหิมะสกปรก" ประกอบด้วยน้ำแข็ง คาร์บอนไดออกไซด์ มีเทน ___โมเนีย และมีฝุ่นกับหินแข็งปะปนอยู่ด้วยกัน
(แอม)

ซึ่งเป็นปรากฏการณ์จากการแผ่รังสีของดวงอาทิตย์ไปบนนิวเคลียสของดาวหาง นิวเคลียสหรือใจกลางดาวหางเป็น "ก้อนหิมะสกปรก" ประกอบด้วยน้ำแข็ง คาร์บอนไดออกไซด์ มีเทน แอม___เนีย และมีฝุ่นกับหินแข็งปะปนอยู่ด้วยกัน
(โม)

ซึ่งเป็นปรากฏการณ์จากการแผ่รังสีของดวงอาทิตย์ไปบนนิวเคลียสของดาวหาง นิวเคลียสหรือใจกลางดาวหางเป็น "ก้อนหิมะสกปรก" ประกอบด้วยน้ำแข็ง คาร์บอนไดออกไซด์ มีเทน แอมโม___ และมีฝุ่นกับหินแข็งปะปนอยู่ด้วยกัน
(เนีย)

ซึ่งเป็นปรากฏการณ์จากการแผ่รังสีของดวงอาทิตย์ไปบนนิวเคลียสของดาวหาง นิวเคลียสหรือใจกลางดาวหางเป็น "ก้อนหิมะสกปรก" ประกอบด้วยน้ำแข็ง คาร์บอนไดออกไซด์ มีเทน แอมโมเนีย และมี___กับหินแข็งปะปนอยู่ด้วยกัน
(ฝุ่น)

ซึ่งเป็นปรากฏการณ์จากการแผ่รังสีของดวงอาทิตย์ไปบนนิวเคลียสของดาวหาง นิวเคลียสหรือใจกลางดาวหางเป็น "ก้อนหิมะสกปรก" ประกอบด้วยน้ำแข็ง คาร์บอนไดออกไซด์ มีเทน แอมโมเนีย และมีฝุ่นกับ___แข็งปะปนอยู่ด้วยกัน
(หิน)

===============================

มีขนาดเส้นผ่านศูนย์กลางตั้งแต่ไม่กี่กิโลเมตรไปจนถึงหลายสิบกิโลเมตร

===============================

มี___เส้นผ่านศูนย์กลางตั้งแต่ไม่กี่กิโลเมตรไปจนถึงหลายสิบกิโลเมตร
(ขนาด)

มีขนาด___ตั้งแต่ไม่กี่กิโลเมตรไปจนถึงหลายสิบกิโลเมตร
(เส้นผ่านศูนย์กลาง)

===============================

