ดวงอาทิตย์ เป็นดาวฤกษ์ที่เป็นศูนย์กลางของระบบสุริยะของเรา ดาวเคราะห์ ดาวเคราะห์แคระ ดาวเคราะห์น้อย

===============================

___ เป็นดาวฤกษ์ที่เป็นศูนย์กลางของระบบสุริยะของเรา ดาวเคราะห์ ดาวเคราะห์แคระ ดาวเคราะห์น้อย
(ดวงอาทิตย์)

other choices: ฺสอัลฟา / Centauri เบต้า / ฺสเบต้า / เน็บ / denebola / พอลลักซ์ / เรกูลัส / Spica / sterope / 


ดวงอาทิตย์ เป็น___ที่เป็นศูนย์กลางของระบบสุริยะของเรา ดาวเคราะห์ ดาวเคราะห์แคระ ดาวเคราะห์น้อย
(ดาวฤกษ์)

other choices: บริบท / นิเวศวิทยา / การตั้งค่า / บ้าน / สภาพแวดล้อม / ถนน / 


ดวงอาทิตย์ เป็นดาวฤกษ์ที่เป็น___ของระบบสุริยะของเรา ดาวเคราะห์ ดาวเคราะห์แคระ ดาวเคราะห์น้อย
(ศูนย์กลาง)

other choices: เบเกอรี่ / รัง / นายหน้าบ้าน / บ่อถ่านหิน / ร้านขายนม / เว็บไซต์เจาะ / แลกเปลี่ยน / ฟาร์ม / ประมง / ฟาร์มปลา / ปลอม / โรงงานผลิตแก๊ส / โรงทำเครื่องแก้ว / โรงทำเหล็ก / งาน / ห้องปฏิบัติการ / ซักรีด / ที่ตั้ง / ลานเก็บไม้ขายป / เตียงหอยนางรม / พื้นดินพิสูจน์ / การไต่ลวด / ควง / อู่เรือ / ร้านค้าชั้น / สตูดิโอ / สตูดิโอ / โรงฟอกหนัง / ทดสอบ / การประปา / โรงงาน / 


ดวงอาทิตย์ เป็นดาวฤกษ์ที่เป็นศูนย์กลางของ___ของเรา ดาวเคราะห์ ดาวเคราะห์แคระ ดาวเคราะห์น้อย
(ระบบสุริยะ)

other choices: ระบบภาษา / ตุลาการ / เศรษฐกิจ / ระบบนิเวศ / โครงสร้างสังคม / ไล่ล่า / เครื่องจักรกล / เครือข่าย / ระบบไม่เชิงเส้น / ระบบย่อย / สิ่งมีชีวิต / วากยสัมพันธ์ / ร่างกาย / shebang / ระบบน้ำ / rootage / 


ดวงอาทิตย์ เป็นดาวฤกษ์ที่เป็นศูนย์กลางของระบบสุริยะของเรา ___ ดาวเคราะห์แคระ ดาวเคราะห์น้อย
(ดาวเคราะห์)

other choices: ดาวเคราะห์น้อย / ดาวเคราะห์ / planetesimal / ประถม / ดวงดาวที่ห่างจากโลกสีร้อยสิบพันปีแสง / ดาวเทียม / ดาว / ดาว / 


ดวงอาทิตย์ เป็นดาวฤกษ์ที่เป็นศูนย์กลางของระบบสุริยะของเรา ดาวเคราะห์ ___แคระ ดาวเคราะห์น้อย
(ดาวเคราะห์)

other choices: ดาวเคราะห์น้อย / ดาวเคราะห์ / planetesimal / ประถม / ดวงดาวที่ห่างจากโลกสีร้อยสิบพันปีแสง / ดาวเทียม / ดาว / ดาว / 


ดวงอาทิตย์ เป็นดาวฤกษ์ที่เป็นศูนย์กลางของระบบสุริยะของเรา ดาวเคราะห์ ดาวเคราะห์___ ดาวเคราะห์น้อย
(แคระ)

other choices: ซึ่งเป็็นเลก ๆ / หุ่น / ขจิริด / ขจิริด / แคระ / นิ้วหัวแม่มือทอม / กำมือ / 


ดวงอาทิตย์ เป็นดาวฤกษ์ที่เป็นศูนย์กลางของระบบสุริยะของเรา ดาวเคราะห์ ดาวเคราะห์แคระ ___น้อย
(ดาวเคราะห์)

other choices: ดาวเคราะห์น้อย / ดาวเคราะห์ / planetesimal / ประถม / ดวงดาวที่ห่างจากโลกสีร้อยสิบพันปีแสง / ดาวเทียม / ดาว / ดาว / 


===============================

และดาวหาง ล้วนแล้วแต่โคจรรอบดวงอาทิตย์ทั้งสิ้น ดวงอาทิตย์เป็นดาวฤกษ์ที่สำคัญยิ่งต่อโลก เช่น ให้พลังงานแก่พืชในรูปของแสง และพืชก็เปลี่ยนแสงให้เป็นพลังงานในการตรึงแก๊สคาร์บอนไดออกไซด์ให้เป็นน้ำตาล ตลอดจนทำให้โลกมีสภาวะอากาศหลากหลาย เอื้อต่อการดำรงชีวิต

===============================

และ___ ล้วนแล้วแต่โคจรรอบดวงอาทิตย์ทั้งสิ้น ดวงอาทิตย์เป็นดาวฤกษ์ที่สำคัญยิ่งต่อโลก เช่น ให้พลังงานแก่พืชในรูปของแสง และพืชก็เปลี่ยนแสงให้เป็นพลังงานในการตรึงแก๊สคาร์บอนไดออกไซด์ให้เป็นน้ำตาล ตลอดจนทำให้โลกมีสภาวะอากาศหลากหลาย เอื้อต่อการดำรงชีวิต
(ดาวหาง)

other choices: ดาวน้อย ๆ / 


และดาวหาง ___โคจรรอบดวงอาทิตย์ทั้งสิ้น ดวงอาทิตย์เป็นดาวฤกษ์ที่สำคัญยิ่งต่อโลก เช่น ให้พลังงานแก่พืชในรูปของแสง และพืชก็เปลี่ยนแสงให้เป็นพลังงานในการตรึงแก๊สคาร์บอนไดออกไซด์ให้เป็นน้ำตาล ตลอดจนทำให้โลกมีสภาวะอากาศหลากหลาย เอื้อต่อการดำรงชีวิต
(ล้วนแล้วแต่)

other choices: ตารางนิ้ว / ตารางฟุต / ตร.ว. / ตารางเมตร / ตารางไมล์ / ส่วนไตรมาส / เอเคอร์ / เฮกตาร์ / arpent / ยุ้งฉาง / dessiatine / Morgen / คอน / em / สายโมรา / คอลัมน์นิ้ว / 


และดาวหาง ล้วนแล้วแต่___รอบดวงอาทิตย์ทั้งสิ้น ดวงอาทิตย์เป็นดาวฤกษ์ที่สำคัญยิ่งต่อโลก เช่น ให้พลังงานแก่พืชในรูปของแสง และพืชก็เปลี่ยนแสงให้เป็นพลังงานในการตรึงแก๊สคาร์บอนไดออกไซด์ให้เป็นน้ำตาล ตลอดจนทำให้โลกมีสภาวะอากาศหลากหลาย เอื้อต่อการดำรงชีวิต
(โคจร)

other choices: สายป้อน / สายหลัก / ลู่ / ช่องทางอากาศ / รูปแบบการจราจร / เส้นทางการบิน / ตี / เส้นทางรถเมล์ / สายการบิน / บรรทัดของเดือนมีนาคม / โคจร / เส้นทางกระดาษ / เส้นตรง / วงจรไฟฟ้า / ขวาง / เส้นอุปทาน / สายไฟ / เส้นทางการอพยพย้ายถิ่น / ทางเรียบ / ทิศทาง / เส้นทางการค้า / 


และดาวหาง ล้วนแล้วแต่โคจรรอบ___ทั้งสิ้น ดวงอาทิตย์เป็นดาวฤกษ์ที่สำคัญยิ่งต่อโลก เช่น ให้พลังงานแก่พืชในรูปของแสง และพืชก็เปลี่ยนแสงให้เป็นพลังงานในการตรึงแก๊สคาร์บอนไดออกไซด์ให้เป็นน้ำตาล ตลอดจนทำให้โลกมีสภาวะอากาศหลากหลาย เอื้อต่อการดำรงชีวิต
(ดวงอาทิตย์)

other choices: ฺสอัลฟา / Centauri เบต้า / ฺสเบต้า / เน็บ / denebola / พอลลักซ์ / เรกูลัส / Spica / sterope / 


และดาวหาง ล้วนแล้วแต่โคจรรอบดวงอาทิตย์ทั้งสิ้น ___เป็นดาวฤกษ์ที่สำคัญยิ่งต่อโลก เช่น ให้พลังงานแก่พืชในรูปของแสง และพืชก็เปลี่ยนแสงให้เป็นพลังงานในการตรึงแก๊สคาร์บอนไดออกไซด์ให้เป็นน้ำตาล ตลอดจนทำให้โลกมีสภาวะอากาศหลากหลาย เอื้อต่อการดำรงชีวิต
(ดวงอาทิตย์)

other choices: ฺสอัลฟา / Centauri เบต้า / ฺสเบต้า / เน็บ / denebola / พอลลักซ์ / เรกูลัส / Spica / sterope / 


และดาวหาง ล้วนแล้วแต่โคจรรอบดวงอาทิตย์ทั้งสิ้น ดวงอาทิตย์เป็น___ที่สำคัญยิ่งต่อโลก เช่น ให้พลังงานแก่พืชในรูปของแสง และพืชก็เปลี่ยนแสงให้เป็นพลังงานในการตรึงแก๊สคาร์บอนไดออกไซด์ให้เป็นน้ำตาล ตลอดจนทำให้โลกมีสภาวะอากาศหลากหลาย เอื้อต่อการดำรงชีวิต
(ดาวฤกษ์)

other choices: บริบท / นิเวศวิทยา / การตั้งค่า / บ้าน / สภาพแวดล้อม / ถนน / 


และดาวหาง ล้วนแล้วแต่โคจรรอบดวงอาทิตย์ทั้งสิ้น ดวงอาทิตย์เป็นดาวฤกษ์ที่สำคัญยิ่งต่อ___ เช่น ให้พลังงานแก่พืชในรูปของแสง และพืชก็เปลี่ยนแสงให้เป็นพลังงานในการตรึงแก๊สคาร์บอนไดออกไซด์ให้เป็นน้ำตาล ตลอดจนทำให้โลกมีสภาวะอากาศหลากหลาย เอื้อต่อการดำรงชีวิต
(โลก)

other choices: ดาวอังคาร / ปรอท / ดาวศุกร์ / 


และดาวหาง ล้วนแล้วแต่โคจรรอบดวงอาทิตย์ทั้งสิ้น ดวงอาทิตย์เป็นดาวฤกษ์ที่สำคัญยิ่งต่อโลก เช่น ให้___แก่พืชในรูปของแสง และพืชก็เปลี่ยนแสงให้เป็นพลังงานในการตรึงแก๊สคาร์บอนไดออกไซด์ให้เป็นน้ำตาล ตลอดจนทำให้โลกมีสภาวะอากาศหลากหลาย เอื้อต่อการดำรงชีวิต
(พลังงาน)

other choices: ปรากฏการณ์อะคูสติก / ปรากฏการณ์ในชั้นบรรยากาศ / ชั้นขอบเขต / ความสับสนวุ่นวาย / เมฆ / decalescence / ปรากฏการณ์ไฟฟ้า / ไฟฟ้า / พลังงาน / อำนาจ / เหตุการณ์ / สนาม / บังคับ / hysteresis / เสียงสะท้อน / ปรากฏการณ์ทางกล / ความทึบแสง / ปรากฏการณ์แสง / ความกดดัน / การสะท้อนกลับ / การหักเห / การแก้ปัญหาพลังงาน / ความละเอียด / การนำ / การเผยแผ่ / ปฏิสัมพันธ์ / แรงตึงผิว / จิ / ความโปร่งใส / ความวุ่นวาย / สับ / ลอยอยู่ในน้ำ / 


และดาวหาง ล้วนแล้วแต่โคจรรอบดวงอาทิตย์ทั้งสิ้น ดวงอาทิตย์เป็นดาวฤกษ์ที่สำคัญยิ่งต่อโลก เช่น ให้พลังงานแก่___ในรูปของแสง และพืชก็เปลี่ยนแสงให้เป็นพลังงานในการตรึงแก๊สคาร์บอนไดออกไซด์ให้เป็นน้ำตาล ตลอดจนทำให้โลกมีสภาวะอากาศหลากหลาย เอื้อต่อการดำรงชีวิต
(พืช)

other choices: วิทยาลัย / การพัฒนาริบบิ้น / 


และดาวหาง ล้วนแล้วแต่โคจรรอบดวงอาทิตย์ทั้งสิ้น ดวงอาทิตย์เป็นดาวฤกษ์ที่สำคัญยิ่งต่อโลก เช่น ให้พลังงานแก่พืชใน___ของแสง และพืชก็เปลี่ยนแสงให้เป็นพลังงานในการตรึงแก๊สคาร์บอนไดออกไซด์ให้เป็นน้ำตาล ตลอดจนทำให้โลกมีสภาวะอากาศหลากหลาย เอื้อต่อการดำรงชีวิต
(รูป)

other choices: แอนนาแกรม / anaphor / คำตรงข้าม / paronym / กลับก่อตัว / คำปริศนาที่มีเงื่อนไขไว้ให้ทุกพยานค์ / คล้ายคลึงกัน / คำเนื้อหา / การหดตัว / deictic / ตราสารอนุพันธ์ / จิ๋ว / คำสกปรก / disyllable / คำสี่ตัวอักษร / คำว่าฟังก์ชั่น / คู่มือคำ / หัว / คำสำคัญที่นำหน้าข้อความ / heteronym / holonym / คำที่ออกเสียงเหมือนกัน แต่มีความหมายต่าง / hypernym / hyponym / คำสำคัญ / loanblend / คำที่ยืมมาจากภาษาอื่น / meronym / metonym / คำพยางค์เดียว / ลัทธิใหม่ / ศัพท์เฉพาะกิจ / oxytone / palindrome / ดั้งเดิม / paroxytone / ซึ่งแบ่งแยก / polysemant / คำหลายพยางค์ / proparoxytone / ปริมาณ / ปริมาณ / ซ้อน / retronym / สำคัญ / คำพ้องความหมาย / วาระ / คำศัพท์ / trisyllable / troponym / วาจา / ลักษณนาม / คำที่เขียน / syncategorem / 


และดาวหาง ล้วนแล้วแต่โคจรรอบดวงอาทิตย์ทั้งสิ้น ดวงอาทิตย์เป็นดาวฤกษ์ที่สำคัญยิ่งต่อโลก เช่น ให้พลังงานแก่พืชในรูปของ___ และพืชก็เปลี่ยนแสงให้เป็นพลังงานในการตรึงแก๊สคาร์บอนไดออกไซด์ให้เป็นน้ำตาล ตลอดจนทำให้โลกมีสภาวะอากาศหลากหลาย เอื้อต่อการดำรงชีวิต
(แสง)

other choices: อินฟราเรด / อัลตราไวโอเลต / 


และดาวหาง ล้วนแล้วแต่โคจรรอบดวงอาทิตย์ทั้งสิ้น ดวงอาทิตย์เป็นดาวฤกษ์ที่สำคัญยิ่งต่อโลก เช่น ให้พลังงานแก่พืชในรูปของแสง และ___ก็เปลี่ยนแสงให้เป็นพลังงานในการตรึงแก๊สคาร์บอนไดออกไซด์ให้เป็นน้ำตาล ตลอดจนทำให้โลกมีสภาวะอากาศหลากหลาย เอื้อต่อการดำรงชีวิต
(พืช)

other choices: วิทยาลัย / การพัฒนาริบบิ้น / 


และดาวหาง ล้วนแล้วแต่โคจรรอบดวงอาทิตย์ทั้งสิ้น ดวงอาทิตย์เป็นดาวฤกษ์ที่สำคัญยิ่งต่อโลก เช่น ให้พลังงานแก่พืชในรูปของแสง และพืชก็เปลี่ยน___ให้เป็นพลังงานในการตรึงแก๊สคาร์บอนไดออกไซด์ให้เป็นน้ำตาล ตลอดจนทำให้โลกมีสภาวะอากาศหลากหลาย เอื้อต่อการดำรงชีวิต
(แสง)

other choices: อินฟราเรด / อัลตราไวโอเลต / 


และดาวหาง ล้วนแล้วแต่โคจรรอบดวงอาทิตย์ทั้งสิ้น ดวงอาทิตย์เป็นดาวฤกษ์ที่สำคัญยิ่งต่อโลก เช่น ให้พลังงานแก่พืชในรูปของแสง และพืชก็เปลี่ยนแสงให้เป็น___ในการตรึงแก๊สคาร์บอนไดออกไซด์ให้เป็นน้ำตาล ตลอดจนทำให้โลกมีสภาวะอากาศหลากหลาย เอื้อต่อการดำรงชีวิต
(พลังงาน)

other choices: ปรากฏการณ์อะคูสติก / ปรากฏการณ์ในชั้นบรรยากาศ / ชั้นขอบเขต / ความสับสนวุ่นวาย / เมฆ / decalescence / ปรากฏการณ์ไฟฟ้า / ไฟฟ้า / พลังงาน / อำนาจ / เหตุการณ์ / สนาม / บังคับ / hysteresis / เสียงสะท้อน / ปรากฏการณ์ทางกล / ความทึบแสง / ปรากฏการณ์แสง / ความกดดัน / การสะท้อนกลับ / การหักเห / การแก้ปัญหาพลังงาน / ความละเอียด / การนำ / การเผยแผ่ / ปฏิสัมพันธ์ / แรงตึงผิว / จิ / ความโปร่งใส / ความวุ่นวาย / สับ / ลอยอยู่ในน้ำ / 


และดาวหาง ล้วนแล้วแต่โคจรรอบดวงอาทิตย์ทั้งสิ้น ดวงอาทิตย์เป็นดาวฤกษ์ที่สำคัญยิ่งต่อโลก เช่น ให้พลังงานแก่พืชในรูปของแสง และพืชก็เปลี่ยนแสงให้เป็นพลังงานในการตรึง___คาร์บอนไดออกไซด์ให้เป็นน้ำตาล ตลอดจนทำให้โลกมีสภาวะอากาศหลากหลาย เอื้อต่อการดำรงชีวิต
(แก๊ส)

other choices: ระยะ / ของเหลว / ของแข็ง / พลาสมา / 


และดาวหาง ล้วนแล้วแต่โคจรรอบดวงอาทิตย์ทั้งสิ้น ดวงอาทิตย์เป็นดาวฤกษ์ที่สำคัญยิ่งต่อโลก เช่น ให้พลังงานแก่พืชในรูปของแสง และพืชก็เปลี่ยนแสงให้เป็นพลังงานในการตรึงแก๊ส___ให้เป็นน้ำตาล ตลอดจนทำให้โลกมีสภาวะอากาศหลากหลาย เอื้อต่อการดำรงชีวิต
(คาร์บอนไดออกไซด์)

other choices: ไนโตรเจนไดออกไซด์ / คลอรีนไดออกไซด์ / ก๊าซซัลเฟอร์ไดออกไซด์ / 


และดาวหาง ล้วนแล้วแต่โคจรรอบดวงอาทิตย์ทั้งสิ้น ดวงอาทิตย์เป็นดาวฤกษ์ที่สำคัญยิ่งต่อโลก เช่น ให้พลังงานแก่พืชในรูปของแสง และพืชก็เปลี่ยนแสงให้เป็นพลังงานในการตรึงแก๊สคาร์บอนไดออกไซด์ให้___ตาล ตลอดจนทำให้โลกมีสภาวะอากาศหลากหลาย เอื้อต่อการดำรงชีวิต
(เป็นน้ำ)

other choices: 


และดาวหาง ล้วนแล้วแต่โคจรรอบดวงอาทิตย์ทั้งสิ้น ดวงอาทิตย์เป็นดาวฤกษ์ที่สำคัญยิ่งต่อโลก เช่น ให้พลังงานแก่พืชในรูปของแสง และพืชก็เปลี่ยนแสงให้เป็นพลังงานในการตรึงแก๊สคาร์บอนไดออกไซด์ให้เป็นน้ำ___ ตลอดจนทำให้โลกมีสภาวะอากาศหลากหลาย เอื้อต่อการดำรงชีวิต
(ตาล)

other choices: 


และดาวหาง ล้วนแล้วแต่โคจรรอบดวงอาทิตย์ทั้งสิ้น ดวงอาทิตย์เป็นดาวฤกษ์ที่สำคัญยิ่งต่อโลก เช่น ให้พลังงานแก่พืชในรูปของแสง และพืชก็เปลี่ยนแสงให้เป็นพลังงานในการตรึงแก๊สคาร์บอนไดออกไซด์ให้เป็นน้ำตาล ตลอดจนทำให้___มีสภาวะอากาศหลากหลาย เอื้อต่อการดำรงชีวิต
(โลก)

other choices: ดาวอังคาร / ปรอท / ดาวศุกร์ / 


และดาวหาง ล้วนแล้วแต่โคจรรอบดวงอาทิตย์ทั้งสิ้น ดวงอาทิตย์เป็นดาวฤกษ์ที่สำคัญยิ่งต่อโลก เช่น ให้พลังงานแก่พืชในรูปของแสง และพืชก็เปลี่ยนแสงให้เป็นพลังงานในการตรึงแก๊สคาร์บอนไดออกไซด์ให้เป็นน้ำตาล ตลอดจนทำให้โลกมี___อากาศหลากหลาย เอื้อต่อการดำรงชีวิต
(สภาวะ)

other choices: เมือง / ตำบล / เมือง / จังหวัด / ประเทศ / เขต / ในราชสำนักเขต / แผนก / อำเภอของรัฐบาลกลาง / การสำรองห้องพัก / เขตการศึกษา / มณฑล / เขตเทศบาล / อำเภอ / เมืองเล็ก ๆ / ท้องที่ / 


และดาวหาง ล้วนแล้วแต่โคจรรอบดวงอาทิตย์ทั้งสิ้น ดวงอาทิตย์เป็นดาวฤกษ์ที่สำคัญยิ่งต่อโลก เช่น ให้พลังงานแก่พืชในรูปของแสง และพืชก็เปลี่ยนแสงให้เป็นพลังงานในการตรึงแก๊สคาร์บอนไดออกไซด์ให้เป็นน้ำตาล ตลอดจนทำให้โลกมีสภาวะ___หลากหลาย เอื้อต่อการดำรงชีวิต
(อากาศ)

other choices: บรรยากาศ / ก๊าซเฉื่อย / คลอรีน / ฟลูออรีน / ไฮโดรเจน / ก๊าซไนโตรเจน / ออกซิเจน / บิวเทน / โพรเพน / afterdamp / firedamp / arsine / ไนโตรเจนไดออกไซด์ / ไนตริกออกไซด์ / ก๊าซระเบิด / butylene / ไซยานอยิน / ไอเสีย / บีบอัดก๊าซ / เอทิลีน / ผลิตก๊าซ / ฟอร์มาล​​ดีไฮด์ / ก๊าซเรือนกระจก / ก๊าซปิโตรเลียมเหลว / ก๊าซน้ำ / แก๊สอุดมคติ / ดม / มีเทน / โอโซน / ฟอสจีน / ฟอสฟีน / ก๊าซพิษ / โพรพิลีน / กลิ่นไอ / ก๊าซท่อระบายน้ำ / ระเหิด / ก๊าซซัลเฟอร์ไดออกไซด์ / แก๊สน้ำตา / 


===============================

