เดอะซิมป์สันส์ เป็นรายการการ์ตูนซิตคอมในสหรัฐอเมริกา สร้างโดย แม็ตต์ เกรนิง

===============================

___ซิมป์สันส์ เป็นรายการการ์ตูนซิตคอมในสหรัฐอเมริกา สร้างโดย แม็ตต์ เกรนิง
(เดอะ)

เดอะ___ป์สันส์ เป็นรายการการ์ตูนซิตคอมในสหรัฐอเมริกา สร้างโดย แม็ตต์ เกรนิง
(ซิม)

เดอะซิม___สันส์ เป็นรายการการ์ตูนซิตคอมในสหรัฐอเมริกา สร้างโดย แม็ตต์ เกรนิง
(ป์)

เดอะซิมป์___ส์ เป็นรายการการ์ตูนซิตคอมในสหรัฐอเมริกา สร้างโดย แม็ตต์ เกรนิง
(สัน)

เดอะซิมป์สัน___ เป็นรายการการ์ตูนซิตคอมในสหรัฐอเมริกา สร้างโดย แม็ตต์ เกรนิง
(ส์)

เดอะซิมป์สันส์ เป็น___การ์ตูนซิตคอมในสหรัฐอเมริกา สร้างโดย แม็ตต์ เกรนิง
(รายการ)

เดอะซิมป์สันส์ เป็นรายการ___ซิตคอมในสหรัฐอเมริกา สร้างโดย แม็ตต์ เกรนิง
(การ์ตูน)

เดอะซิมป์สันส์ เป็นรายการการ์ตูน___ตคอมในสหรัฐอเมริกา สร้างโดย แม็ตต์ เกรนิง
(ซิ)

เดอะซิมป์สันส์ เป็นรายการการ์ตูนซิ___คอมในสหรัฐอเมริกา สร้างโดย แม็ตต์ เกรนิง
(ต)

เดอะซิมป์สันส์ เป็นรายการการ์ตูนซิต___ในสหรัฐอเมริกา สร้างโดย แม็ตต์ เกรนิง
(คอม)

เดอะซิมป์สันส์ เป็นรายการการ์ตูนซิตคอมใน___ สร้างโดย แม็ตต์ เกรนิง
(สหรัฐอเมริกา)

เดอะซิมป์สันส์ เป็นรายการการ์ตูนซิตคอมในสหรัฐอเมริกา สร้างโดย ___ เกรนิง
(แม็ตต์)

เดอะซิมป์สันส์ เป็นรายการการ์ตูนซิตคอมในสหรัฐอเมริกา สร้างโดย แม็ตต์ ___รนิง
(เก)

เดอะซิมป์สันส์ เป็นรายการการ์ตูนซิตคอมในสหรัฐอเมริกา สร้างโดย แม็ตต์ เก___
(รนิง)

===============================

สำหรับ บริษัทฟ็อกซ์บรอดแคสติง มีเนื้อเรื่องตลกเสียดสีวิถีชีวิตชนชั้นกลางของชาวอเมริกัน

===============================

สำหรับ ___ฟ็อกซ์บรอดแคสติง มีเนื้อเรื่องตลกเสียดสีวิถีชีวิตชนชั้นกลางของชาวอเมริกัน
(บริษัท)

สำหรับ บริษัท___อกซ์บรอดแคสติง มีเนื้อเรื่องตลกเสียดสีวิถีชีวิตชนชั้นกลางของชาวอเมริกัน
(ฟ็)

สำหรับ บริษัทฟ็___ซ์บรอดแคสติง มีเนื้อเรื่องตลกเสียดสีวิถีชีวิตชนชั้นกลางของชาวอเมริกัน
(อก)

สำหรับ บริษัทฟ็อก___รอดแคสติง มีเนื้อเรื่องตลกเสียดสีวิถีชีวิตชนชั้นกลางของชาวอเมริกัน
(ซ์บ)

สำหรับ บริษัทฟ็อกซ์บรอด___สติง มีเนื้อเรื่องตลกเสียดสีวิถีชีวิตชนชั้นกลางของชาวอเมริกัน
(แค)

สำหรับ บริษัทฟ็อกซ์บรอดแค___ง มีเนื้อเรื่องตลกเสียดสีวิถีชีวิตชนชั้นกลางของชาวอเมริกัน
(สติ)

สำหรับ บริษัทฟ็อกซ์บรอดแคสติ___ มีเนื้อเรื่องตลกเสียดสีวิถีชีวิตชนชั้นกลางของชาวอเมริกัน
(ง)

สำหรับ บริษัทฟ็อกซ์บรอดแคสติง มี___ตลกเสียดสีวิถีชีวิตชนชั้นกลางของชาวอเมริกัน
(เนื้อเรื่อง)

สำหรับ บริษัทฟ็อกซ์บรอดแคสติง มีเนื้อเรื่อง___เสียดสีวิถีชีวิตชนชั้นกลางของชาวอเมริกัน
(ตลก)

สำหรับ บริษัทฟ็อกซ์บรอดแคสติง มีเนื้อเรื่องตลก___วิถีชีวิตชนชั้นกลางของชาวอเมริกัน
(เสียดสี)

สำหรับ บริษัทฟ็อกซ์บรอดแคสติง มีเนื้อเรื่องตลกเสียดสี___ชนชั้นกลางของชาวอเมริกัน
(วิถีชีวิต)

สำหรับ บริษัทฟ็อกซ์บรอดแคสติง มีเนื้อเรื่องตลกเสียดสีวิถีชีวิต___ของชาวอเมริกัน
(ชนชั้นกลาง)

สำหรับ บริษัทฟ็อกซ์บรอดแคสติง มีเนื้อเรื่องตลกเสียดสีวิถีชีวิตชนชั้นกลางของ___
(ชาวอเมริกัน)

===============================

โดยผ่านตัวละครในครอบครัวคือ โฮเมอร์, มาร์จ, บาร์ต, ลิซา และ แม็กกี

===============================

โดยผ่าน___ในครอบครัวคือ โฮเมอร์, มาร์จ, บาร์ต, ลิซา และ แม็กกี
(ตัวละคร)

โดยผ่านตัวละครใน___คือ โฮเมอร์, มาร์จ, บาร์ต, ลิซา และ แม็กกี
(ครอบครัว)

โดยผ่านตัวละครในครอบครัวคือ ___เมอร์, มาร์จ, บาร์ต, ลิซา และ แม็กกี
(โฮ)

โดยผ่านตัวละครในครอบครัวคือ โฮ___, มาร์จ, บาร์ต, ลิซา และ แม็กกี
(เมอร์)

โดยผ่านตัวละครในครอบครัวคือ โฮเมอร์, ___, บาร์ต, ลิซา และ แม็กกี
(มาร์จ)

โดยผ่านตัวละครในครอบครัวคือ โฮเมอร์, มาร์จ, ___ต, ลิซา และ แม็กกี
(บาร์)

โดยผ่านตัวละครในครอบครัวคือ โฮเมอร์, มาร์จ, บาร์___, ลิซา และ แม็กกี
(ต)

โดยผ่านตัวละครในครอบครัวคือ โฮเมอร์, มาร์จ, บาร์ต, ___ซา และ แม็กกี
(ลิ)

โดยผ่านตัวละครในครอบครัวคือ โฮเมอร์, มาร์จ, บาร์ต, ลิ___ และ แม็กกี
(ซา)

โดยผ่านตัวละครในครอบครัวคือ โฮเมอร์, มาร์จ, บาร์ต, ลิซา และ ___กี
(แม็ก)

โดยผ่านตัวละครในครอบครัวคือ โฮเมอร์, มาร์จ, บาร์ต, ลิซา และ แม็ก___
(กี)

===============================

โดยมีเนื้อหาเกิดที่เมืองที่ชื่อ สปริงฟิลด์ ที่ถากถางมุมมองของสังคมมนุษย์ วัฒนธรรมอเมริกัน สังคมทั้งหมดและวงการโทรทัศน์

===============================

โดยมี___เกิดที่เมืองที่ชื่อ สปริงฟิลด์ ที่ถากถางมุมมองของสังคมมนุษย์ วัฒนธรรมอเมริกัน สังคมทั้งหมดและวงการโทรทัศน์
(เนื้อหา)

โดยมีเนื้อหาเกิดที่___ที่ชื่อ สปริงฟิลด์ ที่ถากถางมุมมองของสังคมมนุษย์ วัฒนธรรมอเมริกัน สังคมทั้งหมดและวงการโทรทัศน์
(เมือง)

โดยมีเนื้อหาเกิดที่เมืองที่ชื่อ ___ฟิลด์ ที่ถากถางมุมมองของสังคมมนุษย์ วัฒนธรรมอเมริกัน สังคมทั้งหมดและวงการโทรทัศน์
(สปริง)

โดยมีเนื้อหาเกิดที่เมืองที่ชื่อ สปริง___ลด์ ที่ถากถางมุมมองของสังคมมนุษย์ วัฒนธรรมอเมริกัน สังคมทั้งหมดและวงการโทรทัศน์
(ฟิ)

โดยมีเนื้อหาเกิดที่เมืองที่ชื่อ สปริงฟิ___ ที่ถากถางมุมมองของสังคมมนุษย์ วัฒนธรรมอเมริกัน สังคมทั้งหมดและวงการโทรทัศน์
(ลด์)

โดยมีเนื้อหาเกิดที่เมืองที่ชื่อ สปริงฟิลด์ ที่___มุมมองของสังคมมนุษย์ วัฒนธรรมอเมริกัน สังคมทั้งหมดและวงการโทรทัศน์
(ถากถาง)

โดยมีเนื้อหาเกิดที่เมืองที่ชื่อ สปริงฟิลด์ ที่ถากถาง___ของสังคมมนุษย์ วัฒนธรรมอเมริกัน สังคมทั้งหมดและวงการโทรทัศน์
(มุมมอง)

โดยมีเนื้อหาเกิดที่เมืองที่ชื่อ สปริงฟิลด์ ที่ถากถางมุมมองของ___มนุษย์ วัฒนธรรมอเมริกัน สังคมทั้งหมดและวงการโทรทัศน์
(สังคม)

โดยมีเนื้อหาเกิดที่เมืองที่ชื่อ สปริงฟิลด์ ที่ถากถางมุมมองของสังคม___ วัฒนธรรมอเมริกัน สังคมทั้งหมดและวงการโทรทัศน์
(มนุษย์)

โดยมีเนื้อหาเกิดที่เมืองที่ชื่อ สปริงฟิลด์ ที่ถากถางมุมมองของสังคมมนุษย์ ___อเมริกัน สังคมทั้งหมดและวงการโทรทัศน์
(วัฒนธรรม)

โดยมีเนื้อหาเกิดที่เมืองที่ชื่อ สปริงฟิลด์ ที่ถากถางมุมมองของสังคมมนุษย์ วัฒนธรรม___ สังคมทั้งหมดและวงการโทรทัศน์
(อเมริกัน)

โดยมีเนื้อหาเกิดที่เมืองที่ชื่อ สปริงฟิลด์ ที่ถากถางมุมมองของสังคมมนุษย์ วัฒนธรรมอเมริกัน ___ทั้งหมดและวงการโทรทัศน์
(สังคม)

โดยมีเนื้อหาเกิดที่เมืองที่ชื่อ สปริงฟิลด์ ที่ถากถางมุมมองของสังคมมนุษย์ วัฒนธรรมอเมริกัน สังคมทั้งหมดและ___โทรทัศน์
(วงการ)

โดยมีเนื้อหาเกิดที่เมืองที่ชื่อ สปริงฟิลด์ ที่ถากถางมุมมองของสังคมมนุษย์ วัฒนธรรมอเมริกัน สังคมทั้งหมดและวงการ___
(โทรทัศน์)

===============================

