เต่า คือ สัตว์จำพวกหนึ่งในอันดับ Testudines จัดอยู่ในจำพวกสัตว์เลือดเย็น ในชั้นสัตว์เลื้อยคลาน

===============================

___ คือ สัตว์จำพวกหนึ่งในอันดับ Testudines จัดอยู่ในจำพวกสัตว์เลือดเย็น ในชั้นสัตว์เลื้อยคลาน
(เต่า)

other choices: เสื้อสเวตเตอร์ถัก / เสื้อสวมหัว / 


เต่า คือ ___จำพวกหนึ่งในอันดับ Testudines จัดอยู่ในจำพวกสัตว์เลือดเย็น ในชั้นสัตว์เลื้อยคลาน
(สัตว์)

other choices: สัตว์หน้าดิน / แคระ / เฮเทโรทรอพ / ผู้ปกครอง / คน / ปลูก / พื้นเมือง / recombinant / ชนิดเดียวกัน / ผู้ให้บริการ / ผู้อยู่ / amphidiploid / ซ้ำ / เดี่ยว / heteroploid / โพลีพลอย / จุลินทรีย์ / จุลินทรีย์ / เป็นพิษ / บัคเตรีจำพวกที่ไม่ต้องการออากาศหายใจ / เป็นลูกผสม / polymorph / ญาติ / แปลงกตอน / Nekton / ปรสิต / เจ้าภาพ / commensal / myrmecophile / eukaryote / โปรคารีโอ / zooid / โคลน / Atavist / รายบุคคล / มิ่งขวัญ / กลายพันธุ์ / postdiluvian / ผู้นั่ง / stander / utterer / รา / ชีวิต nonvascular / แม่ม่าย / saprophyte / saprobe / katharobe / 


เต่า คือ สัตว์จำพวกหนึ่งใน___ Testudines จัดอยู่ในจำพวกสัตว์เลือดเย็น ในชั้นสัตว์เลื้อยคลาน
(อันดับ)

other choices: การประเมินที่สำคัญ / การทดสอบ / ทดสอบกรด / ความพิจารณาใหม่ / underevaluation / 


เต่า คือ สัตว์จำพวกหนึ่งในอันดับ ___ จัดอยู่ในจำพวกสัตว์เลือดเย็น ในชั้นสัตว์เลื้อยคลาน
(Testudines)

other choices: eubacteriales / pseudomonadales / rickettsiales / mycoplasmatales / actinomycetales / ไมโซแบคทีเรียเพื่อ / spirochaetales / heliozoa / radiolaria / amoebida / foraminifera / testacea / fucales / zygnematales / ไดโนแฟลกเจลเลต / hypermastigina / polymastigina / Coccidia / gregarinida / haemosporidia / sarcosporidia / haplosporidia / actinomyxidia / mycrosporidia / myxosporidia / malacopterygii / ปรินิฟอร์ม / berycomorphi / zeomorphi / solenichthyes / ออสตราโคเดิร์ม / heterostraci / osteostraci / anaspida / conodonta / cyclostomata / petromyzoniformes / myxiniformes / torpediniformes / อันดับปลาโรนัน / ratitae / struthioniformes / casuariiformes / apterygiformes / rheiformes / aepyorniformes / dinornithiformes / insessores / พาส / oscines / menurae / eurylaimi / tyranni / clamatores / raptores / ฟอร์มส์ / Strigiformes / urodella / salientia / gymnophiona / labyrinthodontia / stereospondyli / stegocephalia / temnospondyli / อันดับทัวทารา / วิมา / sauria / อันดับจระเข้ / loricata / ออร์นิทิสเชีย / thyreophora / marginocephalia / แพคิเซอฟาโลซอรัสหน่วยย่อย / ceratopsia / euronithopoda / ซอริสเชีย / sauropodomorpha / Prosauropoda / ซอโรพอด / เธโรโพดา / ceratosaura หน่วยย่อย / carnosaura / ornithomimida / Maniraptora / therapsida / ictodosauria / pelycosauria / pterosauria / thecodontia / ichthyosauria / sauropterygia / plesiosauria / nothosauria / serpentes / phalangida / scorpionida / chelonethida / pedipalpi / Araneae / acarina / geophilomorpha / pycnogonida / ไซโฟซูรา / eurypterida / รอม / tinamiformes / Columbiformes / Psittaciformes / Cuculiformes / Coraciiformes / picariae / apodiformes / caprimulgiformes / Piciformes / trogoniformes / ฟอร์ม / anseres / monotremata / marsupialia / รูบิเดียม / lipotyphla / menotyphla / siphonophora / actiniaria / alcyonaria / alcyonacea / gorgonacea / madreporaria / cydippida / platyctenea / เคสทิดา / lobata / nudibranchia / pulmonata / pectinibranchia / solenogastres / myaceae / octopoda / Decapoda / belemnoidea / Decapoda / brachyura / reptantia / natantia / schizopoda / euphausiacea / mysidacea / stomatopoda / ไอโซพอด / Amphipoda / anostraca / notostraca / branchiura / สีสัน / Gruiformes / otides / Charadriiformes / charadrii / limicolae / ลารี่ / gaviiformes / podicipitiformes / Pelecaniformes / sphenisciformes / Procellariiformes / โลมา / Mysticeti / Odontoceti / Sirenia / เนื้อ / Pinnipedia / Tubulidentata / Chiroptera / megachiroptera / Microchiroptera / mantophasmatodea / mecoptera / collembola / protura / Coleoptera / embioptera / anoplura / mallophaga / siphonaptera / Diptera / nematocera / Hymenoptera / isoptera / Orthoptera / phasmida / ฤทธิ / blattodea / manteodea / Hemiptera / ตองกา / Homoptera / psocoptera / ephemeroptera / Plecoptera / neuroptera / megaloptera / นาตา / anisoptera / zygoptera / Trichoptera / thysanura / thysanoptera / Dermaptera / จำพวกผีเสื้อ / exocycloida / spatangoida / Lagomorpha / Rodentia / myomorpha / hystricomorpha / sciuromorpha / dinocerata / hyracoidea / Perissodactyla / Artiodactyla / อันดับย่อยสัตว์เคี้ยวเอื้อง / edentata / Xenarthra / pholidota / บิชอพ / anthropoidea / scandentia / prosimii / lemuroidea / Strepsirhini / tarsioidea / dermoptera / อันดับช้าง / Siluriformes / gadiformes / anacanthini / anguilliformes / isospondyli / อันดับปลาลิ้นกระดูก / pediculati / synentognathi / acanthopterygii / เพอซิ / percoidea / discocephali / mugiloidea / blennioidea / scombroidea / ganoidei / scleroparei / scorpaenoidea / plectognathi / heterosomata / 


เต่า คือ สัตว์จำพวกหนึ่งในอันดับ Testudines จัดอยู่ใน___สัตว์เลือดเย็น ในชั้นสัตว์เลื้อยคลาน
(จำพวก)

other choices: 


เต่า คือ สัตว์จำพวกหนึ่งในอันดับ Testudines จัดอยู่ในจำพวก___ ในชั้นสัตว์เลื้อยคลาน
(สัตว์เลือดเย็น)

other choices: 


เต่า คือ สัตว์จำพวกหนึ่งในอันดับ Testudines จัดอยู่ในจำพวกสัตว์เลือดเย็น ใน___สัตว์เลื้อยคลาน
(ชั้น)

other choices: ขบวน / ตำรับยา / เชือก / ตู้เสื้อผ้า / ตู้เสื้อผ้า / ประชากร / armamentarium / สะสมงานศิลปะ / สิ่งที่ค้าง / แบตเตอรี่ / กลุ่ม / หนังสือ / หนังสือ / คอลเลกชันขวด / พวง / เก็บเหรียญ / การจับแพะชนแกะ / เนื้อหา / ทั้งมวล / คอร์ปัส / พืชผล / ความเป็นผู้เช่า / ผลการวิจัย / หย่อนยาน / Flinders / ซอง / มือ / ชุดยาว / การเก็บรวบรวมสมุนไพร / คอลเลกชันแสตมป์ / รูปปั้น / รวม / การรวมตัวกัน / gimmickry / สโมสรอาวุธนิวเคลียร์ / กอง / มวล / การรวมกัน / การชุมนุม / ขบวนแห่ตี / ยิว / kludge / ห้องสมุด / ห้องสมุด / ตำนาน / สิ่งมีชีวิต / สัตว์ / ลูบคลำสวนสัตว์ / ชุด / Victoriana / งานจำนวนมาก / บรรจุภัณฑ์ / ป้องกัน / การฟ้องร้อง / การเพาะปลูก / ป้าย / ได้รับการยอมรับโดยทั่วไปหลักการบัญชี / โบสถ์ของเทพเจ้าทั้งหลาย / โลกเสรี / โลกที่สาม / ยุโรป / เอเชีย / อเมริกาเหนือ / อเมริกากลาง / อเมริกาใต้ / เมฆออร์ต / กาแล็กซี / กาแล็กซี / กองทัพเรือ / กองทัพเรือ / กองทัพเรือ / รายการละคร / รายการละคร / การแบ่งประเภท / ชุด / ชุด / แกลเลอรี่โกงของ / งานแสดงนิทรรศการ / ขบวนเรือสินค้า / การจราจร / การบิน / พืชพันธุ์ / กฎหมาย / โรงละครสัตว์ / ข้อมูล / Ana / อีเมล / สมบัติ / ขุมสมบัติ / trinketry / troponymy / smithereens / 


เต่า คือ สัตว์จำพวกหนึ่งในอันดับ Testudines จัดอยู่ในจำพวกสัตว์เลือดเย็น ในชั้น___
(สัตว์เลื้อยคลาน)

other choices: ลูกอ่อนในครรภ์ / amniota / amniote / เลี้ยงลูกด้วยนมสัตว์น้ำ / gnathostome / นก / สัตว์ครึ่งบกครึ่งน้ำ / เลี้ยงลูกด้วยนม / สัตว์มีกระดูกสันหลังที่มี 4 ขา / 


===============================

ซึ่งเต่านั้นถือเป็นสัตว์ที่มีอายุยืนมากที่สุดชนิดหนึ่ง โดยเต่าจะมีกระดูกที่แข็งคลุมบริเวณหลังที่เรียกว่า "กระดอง"

===============================

ซึ่ง___นั้นถือเป็นสัตว์ที่มีอายุยืนมากที่สุดชนิดหนึ่ง โดยเต่าจะมีกระดูกที่แข็งคลุมบริเวณหลังที่เรียกว่า "กระดอง"
(เต่า)

other choices: เสื้อสเวตเตอร์ถัก / เสื้อสวมหัว / 


ซึ่งเต่านั้นถือเป็น___ที่มีอายุยืนมากที่สุดชนิดหนึ่ง โดยเต่าจะมีกระดูกที่แข็งคลุมบริเวณหลังที่เรียกว่า "กระดอง"
(สัตว์)

other choices: สัตว์หน้าดิน / แคระ / เฮเทโรทรอพ / ผู้ปกครอง / คน / ปลูก / พื้นเมือง / recombinant / ชนิดเดียวกัน / ผู้ให้บริการ / ผู้อยู่ / amphidiploid / ซ้ำ / เดี่ยว / heteroploid / โพลีพลอย / จุลินทรีย์ / จุลินทรีย์ / เป็นพิษ / บัคเตรีจำพวกที่ไม่ต้องการออากาศหายใจ / เป็นลูกผสม / polymorph / ญาติ / แปลงกตอน / Nekton / ปรสิต / เจ้าภาพ / commensal / myrmecophile / eukaryote / โปรคารีโอ / zooid / โคลน / Atavist / รายบุคคล / มิ่งขวัญ / กลายพันธุ์ / postdiluvian / ผู้นั่ง / stander / utterer / รา / ชีวิต nonvascular / แม่ม่าย / saprophyte / saprobe / katharobe / 


ซึ่งเต่านั้นถือเป็นสัตว์ที่___ยืนมากที่สุดชนิดหนึ่ง โดยเต่าจะมีกระดูกที่แข็งคลุมบริเวณหลังที่เรียกว่า "กระดอง"
(มีอายุ)

other choices: หนุ่มสาว / 


ซึ่งเต่านั้นถือเป็นสัตว์ที่มีอายุยืนมากที่สุดชนิดหนึ่ง โดย___จะมีกระดูกที่แข็งคลุมบริเวณหลังที่เรียกว่า "กระดอง"
(เต่า)

other choices: เสื้อสเวตเตอร์ถัก / เสื้อสวมหัว / 


ซึ่งเต่านั้นถือเป็นสัตว์ที่มีอายุยืนมากที่สุดชนิดหนึ่ง โดยเต่าจะมี___ที่แข็งคลุมบริเวณหลังที่เรียกว่า "กระดอง"
(กระดูก)

other choices: ผิว / เนื้อเยื่อ areolar / ไขกระดูก / เนื้อเยื่อยืดหยุ่น / endoneurium / เอ็น / perineurium / perimysium / เส้นเอ็น / submucosa / กิโลมกะ / เนื้อเยื่อแผลเป็น / การทำให้เป็นเมล็ด / 


ซึ่งเต่านั้นถือเป็นสัตว์ที่มีอายุยืนมากที่สุดชนิดหนึ่ง โดยเต่าจะมีกระดูกที่แข็ง___บริเวณหลังที่เรียกว่า "กระดอง"
(คลุม)

other choices: ผิวหนังเทียม / การค้าของเถื่อน / ฟอง / กันสาด / ปลอก / เกียร์ chafing / ปิดบัง / ผ้าคลุม / เสื้อผ้า / เคลือบ / แผ่นปก / ผ้าม่าน / earmuff / ตะปิ้ง / นิ้ว / พนัง / ปกพื้น / โฟลเดอร์ / รองเท้า / กระโปรงหน้ารถ / กระโปรงหน้ารถ / imbrication / หลังเท้า / หน้ากาก / เครื่องปูลาด / พระที่นั่งกรุณา / กล่องไม้พาย / การปูกระดาน / ครอบคลุมการป้องกัน / swathing / นิ้วหัวแม่มือ / นิ้วเท้า / ด้านบน / เบาะ / ห่อ / 


ซึ่งเต่านั้นถือเป็นสัตว์ที่มีอายุยืนมากที่สุดชนิดหนึ่ง โดยเต่าจะมีกระดูกที่แข็งคลุม___หลังที่เรียกว่า "กระดอง"
(บริเวณ)

other choices: น้ำนิ่ง / อู่ข้าวอู่น้ำ / โรงละครแห่งสงคราม / สนาม / โซนของการตกแต่งภายใน / ตำบล / โดเมน / เมืองเหนือ / Southland / สนาม / พื้นที่ทางภูมิศาสตร์ / ภูมิภาค biogeographical / ตำบลที่สำคัญมาก / irredenta / สิ่งที่ตรงข้ามกัน / ไม่ทราบ / สนามทดสอบ / 


ซึ่งเต่านั้นถือเป็นสัตว์ที่มีอายุยืนมากที่สุดชนิดหนึ่ง โดยเต่าจะมีกระดูกที่แข็งคลุมบริเวณหลังที่เรียกว่า "___"
(กระดอง)

other choices: ขดลวด astatic / ตัน / ขดลวดฟิลด์ / ขดลวดเหนี่ยวนำ / ขดลวดหลัก / อ่าน / เขียนหัว / ขดลวดทุติยภูมิ / ขดลวดแม่เหล็กไฟฟ้า / ขดลวด Tickler / 


===============================

ซึ่งประกอบด้วยแคลเซียมเป็นส่วนใหญ่

===============================

ซึ่งประกอบด้วย___เป็นส่วนใหญ่
(แคลเซียม)

other choices: โลหะหนัก / โลหะพื้นฐาน / โลหะมีเกียรติ / อลูมิเนียม / อะเมริเซียม / พลวง / แบเรียม / เบอร์คีเลียม / เบริลเลียม / บิสมัท / แคดเมียม / แคลิฟอร์เนียม / ซีเรียม / ซีเซียม / โครเมียม / โคบอลต์ / ทองแดง / คูเรียม / ดิสโพรเซียม / ไอน์สไตเนียม / เออร์เบียม / ยูโรเพียม / เฟอร์เมียม / แฟรนเซียม / แกโดลิเนียม / แกลเลียม / แฮฟเนียม / ชื่อธาตุชนิดหนึ่ง / อินเดียม / อิริเดียม / เหล็ก / แลนทานัม / นำ / ลิเธียม / ธาตุโลหะชนิดหนึ่ง / แมกนีเซียม / แมงกานีส / ปรอท / โมลิบดีนัม / นีโอดิเมียม / ธาตุเนพทยูนเอียม / นิกเกิล / วัตถุไนไอเบียม / ออสเมียม / แพลเลเดียม / พอโลเนียม / โพแทสเซียม / praseodymium / โพรมีเทียม / โพรโทแอกทิเนียม / แร่เรเดียม / รีเนียม / โรเดียม / รูบิเดียม / รูทีเนียม / ซาแมเรียม / แคน / โซเดียม / ธาตุโลหะชนิดหนึ่ง / แทนทาลัม / เทคนีเชียม / เทอร์เบียม / แทลเลียม / ทอเรียม / thulium / ดีบุก / ไทเทเนียม / ทังสเตน / ยูเรเนียม / วานาเดียม / อิตเทอร์เบียม / อิตเทรียม / สังกะสี / เซอร์โคเนียม / โลหะอัลคาไล / แผ่นดินอัลคาไลน์ / 


===============================

ซึ่งจะสามารถหดหัว ขา และหางเข้าในกระดองเพื่อป้องกันตัวได้

===============================

ซึ่งจะสามารถ___ ขา และหางเข้าในกระดองเพื่อป้องกันตัวได้
(หดหัว)

other choices: ต่อต้านการก่อการร้าย / เกมวางแผน / เกมวางแผน / บ้านของการ์ด / PlayBook / พล็อต / โครงการปิรามิด / รอเกม / เสียงฮืด ๆ / โปรแกรมแรงจูงใจ / 


ซึ่งจะสามารถหดหัว ___ และหางเข้าในกระดองเพื่อป้องกันตัวได้
(ขา)

other choices: ขาหลัง / ขา / ตีนกบ / แข้ง / ขา / ต้นขา / แขน / Cubitus / ปลายแขน / 


ซึ่งจะสามารถหดหัว ขา และ___เข้าในกระดองเพื่อป้องกันตัวได้
(หาง)

other choices: เขา / เขา / ยอด / Pseudopod / เฆี่ยน / ผม / Cirrus / กระดูกสันหลัง / aculea / สไตล์ / villus / ข้อเท้าม้า / กิ่งก้านสาขา / เมล็ดข้าว / ไหปลาร้า / Ala / ซุ้มถุง / ฐานกรณ์ / acrosome / caruncle / condyle / กระบวนการ coronoid / epicondyle / fimbria / apophysis / spicule / osteophyte / ตุ่ม / ตุ่ม / ภาคผนวก / ขมับ / กระบวนการ styloid / กระบวนการ pterygoid / tuberosity / กระบวนการโหนกแก้ม / trochanter / กระบวนการตามขวาง / กระบวนการ odontoid / metaphysis / olecranon / สันเขา / ติ่ง / ตุ่ม / กระบวนการพืช / 


ซึ่งจะสามารถหดหัว ขา และหางเข้าใน___เพื่อป้องกันตัวได้
(กระดอง)

other choices: ขดลวด astatic / ตัน / ขดลวดฟิลด์ / ขดลวดเหนี่ยวนำ / ขดลวดหลัก / อ่าน / เขียนหัว / ขดลวดทุติยภูมิ / ขดลวดแม่เหล็กไฟฟ้า / ขดลวด Tickler / 


===============================

แต่เต่าบางชนิดก็ไม่อาจจะทำได้ เต่าเป็นสัตว์ที่ไม่มีฟัน แต่มีริมฝีปากที่แข็งแรงและคม ใช้ขบกัดอาหารแทนฟัน

===============================

แต่___บางชนิดก็ไม่อาจจะทำได้ เต่าเป็นสัตว์ที่ไม่มีฟัน แต่มีริมฝีปากที่แข็งแรงและคม ใช้ขบกัดอาหารแทนฟัน
(เต่า)

other choices: เสื้อสเวตเตอร์ถัก / เสื้อสวมหัว / 


แต่เต่าบางชนิดก็ไม่อาจจะทำได้ ___เป็นสัตว์ที่ไม่มีฟัน แต่มีริมฝีปากที่แข็งแรงและคม ใช้ขบกัดอาหารแทนฟัน
(เต่า)

other choices: เสื้อสเวตเตอร์ถัก / เสื้อสวมหัว / 


แต่เต่าบางชนิดก็ไม่อาจจะทำได้ เต่าเป็น___ที่ไม่มีฟัน แต่มีริมฝีปากที่แข็งแรงและคม ใช้ขบกัดอาหารแทนฟัน
(สัตว์)

other choices: สัตว์หน้าดิน / แคระ / เฮเทโรทรอพ / ผู้ปกครอง / คน / ปลูก / พื้นเมือง / recombinant / ชนิดเดียวกัน / ผู้ให้บริการ / ผู้อยู่ / amphidiploid / ซ้ำ / เดี่ยว / heteroploid / โพลีพลอย / จุลินทรีย์ / จุลินทรีย์ / เป็นพิษ / บัคเตรีจำพวกที่ไม่ต้องการออากาศหายใจ / เป็นลูกผสม / polymorph / ญาติ / แปลงกตอน / Nekton / ปรสิต / เจ้าภาพ / commensal / myrmecophile / eukaryote / โปรคารีโอ / zooid / โคลน / Atavist / รายบุคคล / มิ่งขวัญ / กลายพันธุ์ / postdiluvian / ผู้นั่ง / stander / utterer / รา / ชีวิต nonvascular / แม่ม่าย / saprophyte / saprobe / katharobe / 


แต่เต่าบางชนิดก็ไม่อาจจะทำได้ เต่าเป็นสัตว์ที่ไม่มี___ แต่มีริมฝีปากที่แข็งแรงและคม ใช้ขบกัดอาหารแทนฟัน
(ฟัน)

other choices: เดี่ยว / คู่ / ไตรยางศ์ / สี่ / กลุ่มห้าคน / หกเกลอ / Septet / octet / ชุดหมากรุก / ชุดแต่งเล็บ / สหภาพ / การตัด / สนาม / สนาม / สนาม / วงเล็บ / การเชื่อมต่อกัน / ชุด / คายกคณะ / แกน / พอร์ตโฟลิโอ / คะแนน / หกสิบ / synset / 


แต่เต่าบางชนิดก็ไม่อาจจะทำได้ เต่าเป็นสัตว์ที่ไม่มีฟัน แต่มี___ที่แข็งแรงและคม ใช้ขบกัดอาหารแทนฟัน
(ริมฝีปาก)

other choices: 


แต่เต่าบางชนิดก็ไม่อาจจะทำได้ เต่าเป็นสัตว์ที่ไม่มีฟัน แต่มีริมฝีปากที่แข็งแรงและ___ ใช้ขบกัดอาหารแทนฟัน
(คม)

other choices: เส้นบาร์ / tablature / ขนาด / ระยะห่าง / บุคลากร / กุญแจเสียง / ลายเซ็นที่สำคัญ / สำคัญ / atonality / ลายมือชื่อเวลา / วัด / ส่วนที่เหลือ / บันทึก / ร้องทอดเสียง / แบน / โดยธรรมชาติ / โดยบังเอิญ / Fermata / solmization / Segno / Sforzando / 


แต่เต่าบางชนิดก็ไม่อาจจะทำได้ เต่าเป็นสัตว์ที่ไม่มีฟัน แต่มีริมฝีปากที่แข็งแรงและคม ใช้ขบกัด___แทนฟัน
(อาหาร)

other choices: สารอาหาร / หินของนักปรัชญา / สารก่อภูมิแพ้ / การทดสอบ / pyrogen / pyrogen / ไฮโดรคอลลอยด์ / เจือปน / เชื้อเพลิงจรวด / denaturant / ตัวยับยั้ง / หมัก / ตัวแทน / สารก่อมะเร็ง / เกี่ยวกับการย่อย / fomentation / เชื้อเพลิง / น้ำมันหล่อลื่น / humectant / inoculant / วุ้น / ส่าเหล้า / สารทำความเย็น / lysin / ยาพิษ / สารเคมีระคายเคือง / แอนติเจน / แกนด์ / metabolite / พาหนะ / 


แต่เต่าบางชนิดก็ไม่อาจจะทำได้ เต่าเป็นสัตว์ที่ไม่มีฟัน แต่มีริมฝีปากที่แข็งแรงและคม ใช้ขบกัดอาหารแทน___
(ฟัน)

other choices: เดี่ยว / คู่ / ไตรยางศ์ / สี่ / กลุ่มห้าคน / หกเกลอ / Septet / octet / ชุดหมากรุก / ชุดแต่งเล็บ / สหภาพ / การตัด / สนาม / สนาม / สนาม / วงเล็บ / การเชื่อมต่อกัน / ชุด / คายกคณะ / แกน / พอร์ตโฟลิโอ / คะแนน / หกสิบ / synset / 


===============================

